2019-09-16 01:05:19,418 - INFO - register_ru.py[:128] - 正在设置用户的基本信息...
2019-09-16 01:06:52,003 - INFO - register_ru.py[:204] - 点击提交个人信息的设置!
2019-09-16 01:07:02,051 - INFO - register_ru.py[:95] - 个人信息设置成功！success!
2019-09-16 01:08:01,467 - INFO - register_ru.py[:209] - BallardaAndresa782@aukey.net.cn用户注册成功！
2019-09-16 01:08:02,313 - INFO - register_ru.py[:242] - 注册信息已成功入库！
2019-09-16 01:08:05,549 - WARNING - connectionpool.py[:662] - Retrying (Retry(total=2, connect=None, read=None, redirect=None, status=None)) after connection broken by 'NewConnectionError('<urllib3.connection.HTTPConnection object at 0x000000E624CC1630>: Failed to establish a new connection: [WinError 10061] No connection could be made because the target machine actively refused it',)': /session/580ce4055702e1c1491345ec45134866/source
2019-09-16 01:08:06,549 - WARNING - connectionpool.py[:662] - Retrying (Retry(total=1, connect=None, read=None, redirect=None, status=None)) after connection broken by 'NewConnectionError('<urllib3.connection.HTTPConnection object at 0x000000E624CC1C18>: Failed to establish a new connection: [WinError 10061] No connection could be made because the target machine actively refused it',)': /session/580ce4055702e1c1491345ec45134866/source
2019-09-16 01:08:07,581 - WARNING - connectionpool.py[:662] - Retrying (Retry(total=0, connect=None, read=None, redirect=None, status=None)) after connection broken by 'NewConnectionError('<urllib3.connection.HTTPConnection object at 0x000000E6250C8240>: Failed to establish a new connection: [WinError 10061] No connection could be made because the target machine actively refused it',)': /session/580ce4055702e1c1491345ec45134866/source
2019-09-16 01:12:43,291 - INFO - register_ru.py[:119] - 注册出错，程序结束！
2019-09-16 01:16:25,427 - INFO - register_ru.py[:128] - 正在设置用户的基本信息...
2019-09-16 01:18:26,281 - INFO - register_ru.py[:204] - 点击提交个人信息的设置!
2019-09-16 01:18:36,303 - INFO - register_ru.py[:95] - 个人信息设置成功！success!
2019-09-16 01:19:21,761 - INFO - register_ru.py[:209] - WatsoncIwdaele639@aukey.mobi用户注册成功！
2019-09-16 01:19:24,157 - INFO - register_ru.py[:242] - 注册信息已成功入库！
2019-09-16 01:19:27,329 - WARNING - connectionpool.py[:662] - Retrying (Retry(total=2, connect=None, read=None, redirect=None, status=None)) after connection broken by 'NewConnectionError('<urllib3.connection.HTTPConnection object at 0x000000E624CB26A0>: Failed to establish a new connection: [WinError 10061] No connection could be made because the target machine actively refused it',)': /session/f97ff0102d9fdfb1c6d87046a40cd183/source
2019-09-16 01:19:28,346 - WARNING - connectionpool.py[:662] - Retrying (Retry(total=1, connect=None, read=None, redirect=None, status=None)) after connection broken by 'NewConnectionError('<urllib3.connection.HTTPConnection object at 0x000000E624CB2630>: Failed to establish a new connection: [WinError 10061] No connection could be made because the target machine actively refused it',)': /session/f97ff0102d9fdfb1c6d87046a40cd183/source
2019-09-16 01:19:29,362 - WARNING - connectionpool.py[:662] - Retrying (Retry(total=0, connect=None, read=None, redirect=None, status=None)) after connection broken by 'NewConnectionError('<urllib3.connection.HTTPConnection object at 0x000000E624CB2438>: Failed to establish a new connection: [WinError 10061] No connection could be made because the target machine actively refused it',)': /session/f97ff0102d9fdfb1c6d87046a40cd183/source
2019-09-16 01:20:40,012 - INFO - register_ru.py[:123] - 等待超时，程序终止！
2019-09-16 01:21:50,600 - INFO - register_ru.py[:123] - 等待超时，程序终止！
2019-09-16 01:23:02,857 - INFO - register_ru.py[:123] - 等待超时，程序终止！
2019-09-16 01:24:11,736 - INFO - register_ru.py[:123] - 等待超时，程序终止！
2019-09-16 01:25:56,362 - INFO - register_ru.py[:123] - 等待超时，程序终止！
2019-09-16 01:27:47,853 - INFO - register_ru.py[:128] - 正在设置用户的基本信息...
2019-09-16 01:28:38,950 - INFO - register_ru.py[:204] - 点击提交个人信息的设置!
2019-09-16 01:28:48,982 - INFO - register_ru.py[:95] - 个人信息设置成功！success!
2019-09-16 01:29:13,719 - INFO - register_ru.py[:209] - VaileaUsbeornc438@nineboys.co用户注册成功！
2019-09-16 01:29:14,722 - INFO - register_ru.py[:242] - 注册信息已成功入库！
2019-09-16 01:29:17,920 - WARNING - connectionpool.py[:662] - Retrying (Retry(total=2, connect=None, read=None, redirect=None, status=None)) after connection broken by 'NewConnectionError('<urllib3.connection.HTTPConnection object at 0x000000E624C73748>: Failed to establish a new connection: [WinError 10061] No connection could be made because the target machine actively refused it',)': /session/e9ea45459a7eca36ff1f1f771fcc9f0f/source
2019-09-16 01:29:18,915 - WARNING - connectionpool.py[:662] - Retrying (Retry(total=1, connect=None, read=None, redirect=None, status=None)) after connection broken by 'NewConnectionError('<urllib3.connection.HTTPConnection object at 0x000000E625178320>: Failed to establish a new connection: [WinError 10061] No connection could be made because the target machine actively refused it',)': /session/e9ea45459a7eca36ff1f1f771fcc9f0f/source
2019-09-16 01:29:19,916 - WARNING - connectionpool.py[:662] - Retrying (Retry(total=0, connect=None, read=None, redirect=None, status=None)) after connection broken by 'NewConnectionError('<urllib3.connection.HTTPConnection object at 0x000000E625178AC8>: Failed to establish a new connection: [WinError 10061] No connection could be made because the target machine actively refused it',)': /session/e9ea45459a7eca36ff1f1f771fcc9f0f/source
2019-09-16 01:30:04,065 - INFO - register_ru.py[:123] - 等待超时，程序终止！
2019-09-16 01:31:17,437 - INFO - register_ru.py[:123] - 等待超时，程序终止！
2019-09-16 01:32:28,499 - INFO - register_ru.py[:123] - 等待超时，程序终止！
2019-09-16 01:37:35,493 - INFO - register_ru.py[:119] - 注册出错，程序结束！
2019-09-16 01:40:38,620 - INFO - register_ru.py[:123] - 等待超时，程序终止！
2019-09-16 01:45:04,542 - INFO - register_ru.py[:119] - 注册出错，程序结束！
2019-09-16 01:46:14,586 - INFO - register_ru.py[:123] - 等待超时，程序终止！
2019-09-16 01:47:41,821 - INFO - register_ru.py[:123] - 等待超时，程序终止！
2019-09-16 01:48:54,021 - INFO - register_ru.py[:123] - 等待超时，程序终止！
2019-09-16 01:49:53,721 - INFO - register_ru.py[:128] - 正在设置用户的基本信息...
2019-09-16 01:50:49,246 - INFO - register_ru.py[:204] - 点击提交个人信息的设置!
2019-09-16 01:50:59,293 - INFO - register_ru.py[:95] - 个人信息设置成功！success!
2019-09-16 01:51:16,875 - INFO - register_ru.py[:209] - MatrikaeMckennac140@nineboys.store用户注册成功！
2019-09-16 01:51:17,952 - INFO - register_ru.py[:242] - 注册信息已成功入库！
2019-09-16 01:51:21,221 - WARNING - connectionpool.py[:662] - Retrying (Retry(total=2, connect=None, read=None, redirect=None, status=None)) after connection broken by 'NewConnectionError('<urllib3.connection.HTTPConnection object at 0x000000E624EFFC88>: Failed to establish a new connection: [WinError 10061] No connection could be made because the target machine actively refused it',)': /session/2b77ab0dcd064f91ea32a56aa3608140/source
2019-09-16 01:51:22,222 - WARNING - connectionpool.py[:662] - Retrying (Retry(total=1, connect=None, read=None, redirect=None, status=None)) after connection broken by 'NewConnectionError('<urllib3.connection.HTTPConnection object at 0x000000E624F07550>: Failed to establish a new connection: [WinError 10061] No connection could be made because the target machine actively refused it',)': /session/2b77ab0dcd064f91ea32a56aa3608140/source
2019-09-16 01:51:23,230 - WARNING - connectionpool.py[:662] - Retrying (Retry(total=0, connect=None, read=None, redirect=None, status=None)) after connection broken by 'NewConnectionError('<urllib3.connection.HTTPConnection object at 0x000000E624F072E8>: Failed to establish a new connection: [WinError 10061] No connection could be made because the target machine actively refused it',)': /session/2b77ab0dcd064f91ea32a56aa3608140/source
2019-09-16 01:52:32,968 - INFO - register_ru.py[:123] - 等待超时，程序终止！
2019-09-16 01:53:44,866 - INFO - register_ru.py[:123] - 等待超时，程序终止！
2019-09-16 01:55:09,756 - INFO - register_ru.py[:128] - 正在设置用户的基本信息...
2019-09-16 01:55:54,497 - INFO - register_ru.py[:204] - 点击提交个人信息的设置!
2019-09-16 01:56:04,526 - INFO - register_ru.py[:95] - 个人信息设置成功！success!
2019-09-16 01:56:25,597 - INFO - register_ru.py[:209] - EnoseRoxanna216@nineboys.art用户注册成功！
2019-09-16 01:56:26,564 - INFO - register_ru.py[:242] - 注册信息已成功入库！
2019-09-16 01:56:29,765 - WARNING - connectionpool.py[:662] - Retrying (Retry(total=2, connect=None, read=None, redirect=None, status=None)) after connection broken by 'NewConnectionError('<urllib3.connection.HTTPConnection object at 0x000000E624EF95F8>: Failed to establish a new connection: [WinError 10061] No connection could be made because the target machine actively refused it',)': /session/01ccc088eb8b4101b65f5d9d83223303/source
2019-09-16 01:56:30,769 - WARNING - connectionpool.py[:662] - Retrying (Retry(total=1, connect=None, read=None, redirect=None, status=None)) after connection broken by 'NewConnectionError('<urllib3.connection.HTTPConnection object at 0x000000E624F0FBA8>: Failed to establish a new connection: [WinError 10061] No connection could be made because the target machine actively refused it',)': /session/01ccc088eb8b4101b65f5d9d83223303/source
2019-09-16 01:56:31,773 - WARNING - connectionpool.py[:662] - Retrying (Retry(total=0, connect=None, read=None, redirect=None, status=None)) after connection broken by 'NewConnectionError('<urllib3.connection.HTTPConnection object at 0x000000E624F0F198>: Failed to establish a new connection: [WinError 10061] No connection could be made because the target machine actively refused it',)': /session/01ccc088eb8b4101b65f5d9d83223303/source
2019-09-16 02:00:36,578 - INFO - register_ru.py[:123] - 等待超时，程序终止！
2019-09-16 02:02:51,488 - INFO - register_ru.py[:128] - 正在设置用户的基本信息...
2019-09-16 02:04:06,058 - INFO - register_ru.py[:204] - 点击提交个人信息的设置!
2019-09-16 02:04:16,332 - INFO - register_ru.py[:95] - 个人信息设置成功！success!
2019-09-16 02:04:37,414 - INFO - register_ru.py[:209] - ZayleyaAlennaa615@nineboys.site用户注册成功！
2019-09-16 02:04:38,336 - INFO - register_ru.py[:242] - 注册信息已成功入库！
2019-09-16 02:04:41,503 - WARNING - connectionpool.py[:662] - Retrying (Retry(total=2, connect=None, read=None, redirect=None, status=None)) after connection broken by 'NewConnectionError('<urllib3.connection.HTTPConnection object at 0x000000E624F271D0>: Failed to establish a new connection: [WinError 10061] No connection could be made because the target machine actively refused it',)': /session/91e4175a7ec841e852bd289a8c78574e/source
2019-09-16 02:04:42,498 - WARNING - connectionpool.py[:662] - Retrying (Retry(total=1, connect=None, read=None, redirect=None, status=None)) after connection broken by 'NewConnectionError('<urllib3.connection.HTTPConnection object at 0x000000E624F0F588>: Failed to establish a new connection: [WinError 10061] No connection could be made because the target machine actively refused it',)': /session/91e4175a7ec841e852bd289a8c78574e/source
2019-09-16 02:04:43,500 - WARNING - connectionpool.py[:662] - Retrying (Retry(total=0, connect=None, read=None, redirect=None, status=None)) after connection broken by 'NewConnectionError('<urllib3.connection.HTTPConnection object at 0x000000E624F0FBE0>: Failed to establish a new connection: [WinError 10061] No connection could be made because the target machine actively refused it',)': /session/91e4175a7ec841e852bd289a8c78574e/source
2019-09-16 02:06:26,693 - INFO - register_ru.py[:128] - 正在设置用户的基本信息...
2019-09-16 02:07:22,295 - INFO - register_ru.py[:204] - 点击提交个人信息的设置!
2019-09-16 02:07:32,326 - INFO - register_ru.py[:95] - 个人信息设置成功！success!
2019-09-16 02:07:52,295 - INFO - register_ru.py[:209] - IvalynaLakeishac915@nineboys.pro用户注册成功！
2019-09-16 02:07:54,401 - INFO - register_ru.py[:242] - 注册信息已成功入库！
2019-09-16 02:07:57,557 - WARNING - connectionpool.py[:662] - Retrying (Retry(total=2, connect=None, read=None, redirect=None, status=None)) after connection broken by 'NewConnectionError('<urllib3.connection.HTTPConnection object at 0x000000E62514AAC8>: Failed to establish a new connection: [WinError 10061] No connection could be made because the target machine actively refused it',)': /session/d9c1b7b31459420f609f6eb1e9808d3f/source
2019-09-16 02:07:58,560 - WARNING - connectionpool.py[:662] - Retrying (Retry(total=1, connect=None, read=None, redirect=None, status=None)) after connection broken by 'NewConnectionError('<urllib3.connection.HTTPConnection object at 0x000000E624F1ECF8>: Failed to establish a new connection: [WinError 10061] No connection could be made because the target machine actively refused it',)': /session/d9c1b7b31459420f609f6eb1e9808d3f/source
2019-09-16 02:07:59,566 - WARNING - connectionpool.py[:662] - Retrying (Retry(total=0, connect=None, read=None, redirect=None, status=None)) after connection broken by 'NewConnectionError('<urllib3.connection.HTTPConnection object at 0x000000E624F1EB38>: Failed to establish a new connection: [WinError 10061] No connection could be made because the target machine actively refused it',)': /session/d9c1b7b31459420f609f6eb1e9808d3f/source
2019-09-16 02:10:45,118 - INFO - register_ru.py[:119] - 注册出错，程序结束！
2019-09-16 02:13:54,432 - INFO - register_ru.py[:119] - 注册出错，程序结束！
2019-09-16 02:15:22,627 - INFO - register_ru.py[:123] - 等待超时，程序终止！
2019-09-16 02:18:38,519 - INFO - register_ru.py[:128] - 正在设置用户的基本信息...
2019-09-16 02:20:34,708 - INFO - register_ru.py[:204] - 点击提交个人信息的设置!
2019-09-16 02:20:44,746 - INFO - register_ru.py[:95] - 个人信息设置成功！success!
2019-09-16 02:21:36,172 - INFO - register_ru.py[:209] - GeoffeOceane708@nineboys.org用户注册成功！
2019-09-16 02:21:37,070 - INFO - register_ru.py[:242] - 注册信息已成功入库！
2019-09-16 02:21:41,259 - WARNING - connectionpool.py[:662] - Retrying (Retry(total=2, connect=None, read=None, redirect=None, status=None)) after connection broken by 'NewConnectionError('<urllib3.connection.HTTPConnection object at 0x000000E624F147B8>: Failed to establish a new connection: [WinError 10061] No connection could be made because the target machine actively refused it',)': /session/fc4291e4e6e994c1d8d12b8c4f1666b1/source
2019-09-16 02:21:42,275 - WARNING - connectionpool.py[:662] - Retrying (Retry(total=1, connect=None, read=None, redirect=None, status=None)) after connection broken by 'NewConnectionError('<urllib3.connection.HTTPConnection object at 0x000000E624F0F080>: Failed to establish a new connection: [WinError 10061] No connection could be made because the target machine actively refused it',)': /session/fc4291e4e6e994c1d8d12b8c4f1666b1/source
2019-09-16 02:21:43,307 - WARNING - connectionpool.py[:662] - Retrying (Retry(total=0, connect=None, read=None, redirect=None, status=None)) after connection broken by 'NewConnectionError('<urllib3.connection.HTTPConnection object at 0x000000E624F0FDA0>: Failed to establish a new connection: [WinError 10061] No connection could be made because the target machine actively refused it',)': /session/fc4291e4e6e994c1d8d12b8c4f1666b1/source
2019-09-16 02:23:02,170 - INFO - register_ru.py[:128] - 正在设置用户的基本信息...
2019-09-16 02:23:45,439 - INFO - register_ru.py[:204] - 点击提交个人信息的设置!
2019-09-16 02:23:55,479 - INFO - register_ru.py[:95] - 个人信息设置成功！success!
2019-09-16 02:24:15,800 - INFO - register_ru.py[:209] - HughettaaBrucea435@nineboys.info用户注册成功！
2019-09-16 02:24:16,907 - INFO - register_ru.py[:242] - 注册信息已成功入库！
2019-09-16 02:24:20,065 - WARNING - connectionpool.py[:662] - Retrying (Retry(total=2, connect=None, read=None, redirect=None, status=None)) after connection broken by 'NewConnectionError('<urllib3.connection.HTTPConnection object at 0x000000E624F0FDD8>: Failed to establish a new connection: [WinError 10061] No connection could be made because the target machine actively refused it',)': /session/bb0d33375cdd9770ab1aef1139446dc1/source
2019-09-16 02:24:21,097 - WARNING - connectionpool.py[:662] - Retrying (Retry(total=1, connect=None, read=None, redirect=None, status=None)) after connection broken by 'NewConnectionError('<urllib3.connection.HTTPConnection object at 0x000000E624F14E80>: Failed to establish a new connection: [WinError 10061] No connection could be made because the target machine actively refused it',)': /session/bb0d33375cdd9770ab1aef1139446dc1/source
2019-09-16 02:24:22,113 - WARNING - connectionpool.py[:662] - Retrying (Retry(total=0, connect=None, read=None, redirect=None, status=None)) after connection broken by 'NewConnectionError('<urllib3.connection.HTTPConnection object at 0x000000E624F140F0>: Failed to establish a new connection: [WinError 10061] No connection could be made because the target machine actively refused it',)': /session/bb0d33375cdd9770ab1aef1139446dc1/source
2019-09-16 02:25:30,271 - INFO - register_ru.py[:123] - 等待超时，程序终止！
2019-09-16 02:27:04,118 - INFO - register_ru.py[:128] - 正在设置用户的基本信息...
2019-09-16 02:27:49,292 - INFO - register_ru.py[:204] - 点击提交个人信息的设置!
2019-09-16 02:27:59,328 - INFO - register_ru.py[:98] - 个人信息设置失败！failed,Quit!
2019-09-16 02:29:11,097 - INFO - register_ru.py[:123] - 等待超时，程序终止！
2019-09-16 02:30:21,275 - INFO - register_ru.py[:123] - 等待超时，程序终止！
2019-09-16 02:31:31,638 - INFO - register_ru.py[:123] - 等待超时，程序终止！
2019-09-16 02:32:42,104 - INFO - register_ru.py[:123] - 等待超时，程序终止！
2019-09-16 02:33:52,506 - INFO - register_ru.py[:123] - 等待超时，程序终止！
2019-09-16 02:35:35,084 - INFO - register_ru.py[:123] - 等待超时，程序终止！
2019-09-16 02:39:52,895 - INFO - register_ru.py[:119] - 注册出错，程序结束！
2019-09-16 02:44:08,872 - INFO - register_ru.py[:119] - 注册出错，程序结束！
2019-09-16 02:47:40,788 - INFO - register_ru.py[:119] - 注册出错，程序结束！
2019-09-16 02:48:52,739 - INFO - register_ru.py[:123] - 等待超时，程序终止！
2019-09-16 02:50:03,216 - INFO - register_ru.py[:123] - 等待超时，程序终止！
2019-09-16 02:51:15,219 - INFO - register_ru.py[:123] - 等待超时，程序终止！
2019-09-16 02:54:32,111 - INFO - register_ru.py[:119] - 注册出错，程序结束！
2019-09-16 02:55:45,650 - INFO - register_ru.py[:123] - 等待超时，程序终止！
2019-09-16 02:57:06,175 - INFO - register_ru.py[:128] - 正在设置用户的基本信息...
2019-09-16 02:57:55,131 - INFO - register_ru.py[:204] - 点击提交个人信息的设置!
2019-09-16 02:58:05,163 - INFO - register_ru.py[:98] - 个人信息设置失败！failed,Quit!
2019-09-16 03:02:16,495 - INFO - register_ru.py[:119] - 注册出错，程序结束！
2019-09-16 03:03:37,458 - INFO - register_ru.py[:123] - 等待超时，程序终止！
2019-09-16 03:04:54,058 - INFO - register_ru.py[:123] - 等待超时，程序终止！
2019-09-16 03:06:06,552 - INFO - register_ru.py[:123] - 等待超时，程序终止！
2019-09-16 03:07:15,846 - INFO - register_ru.py[:123] - 等待超时，程序终止！
2019-09-16 03:08:29,476 - INFO - register_ru.py[:128] - 正在设置用户的基本信息...
2019-09-16 03:09:14,499 - INFO - register_ru.py[:204] - 点击提交个人信息的设置!
2019-09-16 03:09:24,535 - INFO - register_ru.py[:98] - 个人信息设置失败！failed,Quit!
2019-09-16 03:10:42,212 - INFO - register_ru.py[:123] - 等待超时，程序终止！
2019-09-16 03:11:53,560 - INFO - register_ru.py[:123] - 等待超时，程序终止！
2019-09-16 03:13:03,922 - INFO - register_ru.py[:123] - 等待超时，程序终止！
2019-09-16 03:15:21,485 - INFO - register_ru.py[:123] - 等待超时，程序终止！
2019-09-16 03:16:48,703 - INFO - register_ru.py[:123] - 等待超时，程序终止！
2019-09-16 03:18:13,258 - INFO - register_ru.py[:123] - 等待超时，程序终止！
2019-09-16 03:19:43,267 - INFO - register_ru.py[:123] - 等待超时，程序终止！
2019-09-16 03:22:46,643 - INFO - register_ru.py[:102] - 注册出错，程序结束！
2019-09-16 03:26:07,968 - INFO - register_ru.py[:119] - 注册出错，程序结束！
2019-09-16 03:27:18,853 - INFO - register_ru.py[:123] - 等待超时，程序终止！
2019-09-16 03:28:30,312 - INFO - register_ru.py[:123] - 等待超时，程序终止！
2019-09-16 03:29:40,464 - INFO - register_ru.py[:123] - 等待超时，程序终止！
2019-09-16 03:33:31,319 - INFO - register_ru.py[:119] - 注册出错，程序结束！
2019-09-16 03:36:33,861 - INFO - register_ru.py[:119] - 注册出错，程序结束！
2019-09-16 03:39:42,645 - INFO - register_ru.py[:119] - 注册出错，程序结束！
2019-09-16 03:41:30,308 - INFO - register_ru.py[:123] - 等待超时，程序终止！
2019-09-16 03:45:36,810 - INFO - register_ru.py[:119] - 注册出错，程序结束！
2019-09-16 03:46:54,626 - INFO - register_ru.py[:128] - 正在设置用户的基本信息...
2019-09-16 03:47:37,569 - INFO - register_ru.py[:204] - 点击提交个人信息的设置!
2019-09-16 03:47:47,604 - INFO - register_ru.py[:98] - 个人信息设置失败！failed,Quit!
2019-09-16 03:48:59,730 - INFO - register_ru.py[:123] - 等待超时，程序终止！
2019-09-16 03:50:11,787 - INFO - register_ru.py[:123] - 等待超时，程序终止！
2019-09-16 03:52:28,331 - INFO - register_ru.py[:119] - 注册出错，程序结束！
2019-09-16 03:53:38,132 - INFO - register_ru.py[:123] - 等待超时，程序终止！
2019-09-16 03:57:06,118 - INFO - register_ru.py[:119] - 注册出错，程序结束！
2019-09-16 03:59:16,011 - INFO - register_ru.py[:123] - 等待超时，程序终止！
2019-09-16 04:00:25,827 - INFO - register_ru.py[:123] - 等待超时，程序终止！
2019-09-16 04:01:36,354 - INFO - register_ru.py[:123] - 等待超时，程序终止！
2019-09-16 04:03:04,719 - INFO - register_ru.py[:123] - 等待超时，程序终止！
2019-09-16 04:04:31,860 - INFO - register_ru.py[:123] - 等待超时，程序终止！
2019-09-16 04:05:41,308 - INFO - register_ru.py[:123] - 等待超时，程序终止！
2019-09-16 04:06:50,907 - INFO - register_ru.py[:123] - 等待超时，程序终止！
2019-09-16 04:10:23,837 - INFO - register_ru.py[:119] - 注册出错，程序结束！
2019-09-16 04:11:33,051 - INFO - register_ru.py[:123] - 等待超时，程序终止！
2019-09-16 04:15:04,187 - INFO - register_ru.py[:119] - 注册出错，程序结束！
2019-09-16 04:16:30,872 - INFO - register_ru.py[:128] - 正在设置用户的基本信息...
2019-09-16 04:17:26,721 - INFO - register_ru.py[:204] - 点击提交个人信息的设置!
2019-09-16 04:17:36,758 - INFO - register_ru.py[:98] - 个人信息设置失败！failed,Quit!
2019-09-16 04:19:04,115 - INFO - register_ru.py[:123] - 等待超时，程序终止！
2019-09-16 04:19:12,754 - INFO - register_ru.py[:317] - 当前无注册任务，程序[sleep 10m]...
2019-09-16 04:30:21,333 - INFO - register_ru.py[:123] - 等待超时，程序终止！
2019-09-16 04:31:30,877 - INFO - register_ru.py[:123] - 等待超时，程序终止！
2019-09-16 04:34:48,878 - INFO - register_ru.py[:119] - 注册出错，程序结束！
2019-09-16 04:36:17,892 - INFO - register_ru.py[:123] - 等待超时，程序终止！
2019-09-16 04:37:28,146 - INFO - register_ru.py[:123] - 等待超时，程序终止！
2019-09-16 04:39:20,223 - INFO - register_ru.py[:123] - 等待超时，程序终止！
2019-09-16 04:43:49,365 - INFO - register_ru.py[:119] - 注册出错，程序结束！
2019-09-16 04:45:27,406 - INFO - register_ru.py[:123] - 等待超时，程序终止！
2019-09-16 04:46:38,499 - INFO - register_ru.py[:123] - 等待超时，程序终止！
2019-09-16 04:48:06,558 - INFO - register_ru.py[:123] - 等待超时，程序终止！
2019-09-16 04:49:16,144 - INFO - register_ru.py[:123] - 等待超时，程序终止！
2019-09-16 04:51:04,810 - INFO - register_ru.py[:119] - 注册出错，程序结束！
2019-09-16 04:54:11,978 - INFO - register_ru.py[:119] - 注册出错，程序结束！
2019-09-16 04:55:23,002 - INFO - register_ru.py[:123] - 等待超时，程序终止！
2019-09-16 04:56:48,738 - INFO - register_ru.py[:128] - 正在设置用户的基本信息...
2019-09-16 04:57:44,214 - INFO - register_ru.py[:204] - 点击提交个人信息的设置!
2019-09-16 04:57:54,250 - INFO - register_ru.py[:98] - 个人信息设置失败！failed,Quit!
2019-09-16 05:00:27,321 - INFO - register_ru.py[:119] - 注册出错，程序结束！
2019-09-16 05:01:36,855 - INFO - register_ru.py[:123] - 等待超时，程序终止！
2019-09-16 05:04:35,507 - INFO - register_ru.py[:119] - 注册出错，程序结束！
2019-09-16 05:05:47,955 - INFO - register_ru.py[:123] - 等待超时，程序终止！
2019-09-16 05:07:19,727 - INFO - register_ru.py[:123] - 等待超时，程序终止！
2019-09-16 05:10:08,582 - INFO - register_ru.py[:128] - 正在设置用户的基本信息...
2019-09-16 05:10:57,470 - INFO - register_ru.py[:204] - 点击提交个人信息的设置!
2019-09-16 05:11:07,509 - INFO - register_ru.py[:98] - 个人信息设置失败！failed,Quit!
2019-09-16 05:13:37,978 - INFO - register_ru.py[:123] - 等待超时，程序终止！
2019-09-16 05:15:21,919 - INFO - register_ru.py[:123] - 等待超时，程序终止！
2019-09-16 05:19:33,493 - INFO - register_ru.py[:119] - 注册出错，程序结束！
2019-09-16 05:21:02,444 - INFO - register_ru.py[:123] - 等待超时，程序终止！
2019-09-16 05:22:22,110 - INFO - register_ru.py[:123] - 等待超时，程序终止！
2019-09-16 05:25:36,178 - INFO - register_ru.py[:119] - 注册出错，程序结束！
2019-09-16 05:27:26,267 - INFO - register_ru.py[:128] - 正在设置用户的基本信息...
2019-09-16 05:28:18,674 - INFO - register_ru.py[:204] - 点击提交个人信息的设置!
2019-09-16 05:28:28,708 - INFO - register_ru.py[:98] - 个人信息设置失败！failed,Quit!
2019-09-16 05:30:25,194 - INFO - register_ru.py[:128] - 正在设置用户的基本信息...
2019-09-16 05:31:11,000 - INFO - register_ru.py[:204] - 点击提交个人信息的设置!
2019-09-16 05:31:21,036 - INFO - register_ru.py[:98] - 个人信息设置失败！failed,Quit!
2019-09-16 05:33:09,221 - INFO - register_ru.py[:128] - 正在设置用户的基本信息...
2019-09-16 05:33:50,925 - INFO - register_ru.py[:204] - 点击提交个人信息的设置!
2019-09-16 05:34:00,962 - INFO - register_ru.py[:98] - 个人信息设置失败！failed,Quit!
2019-09-16 05:35:12,246 - INFO - register_ru.py[:123] - 等待超时，程序终止！
2019-09-16 05:39:31,743 - INFO - register_ru.py[:119] - 注册出错，程序结束！
2019-09-16 05:42:13,236 - INFO - register_ru.py[:128] - 正在设置用户的基本信息...
2019-09-16 05:43:00,619 - INFO - register_ru.py[:204] - 点击提交个人信息的设置!
2019-09-16 05:43:10,655 - INFO - register_ru.py[:98] - 个人信息设置失败！failed,Quit!
2019-09-16 05:44:24,699 - INFO - register_ru.py[:123] - 等待超时，程序终止！
2019-09-16 05:45:34,823 - INFO - register_ru.py[:123] - 等待超时，程序终止！
2019-09-16 05:46:50,250 - INFO - register_ru.py[:123] - 等待超时，程序终止！
2019-09-16 05:48:00,547 - INFO - register_ru.py[:123] - 等待超时，程序终止！
2019-09-16 05:49:11,859 - INFO - register_ru.py[:123] - 等待超时，程序终止！
2019-09-16 05:50:22,761 - INFO - register_ru.py[:123] - 等待超时，程序终止！
2019-09-16 05:51:38,876 - INFO - register_ru.py[:123] - 等待超时，程序终止！
2019-09-16 05:52:50,013 - INFO - register_ru.py[:123] - 等待超时，程序终止！
2019-09-16 05:54:03,207 - INFO - register_ru.py[:123] - 等待超时，程序终止！
2019-09-16 05:55:14,101 - INFO - register_ru.py[:123] - 等待超时，程序终止！
2019-09-18 09:05:58,837 - INFO - register_ru.py[:119] - 等待超时，程序终止！
2019-09-18 09:07:13,905 - INFO - register_ru.py[:119] - 等待超时，程序终止！
2019-09-18 09:08:33,421 - INFO - register_ru.py[:119] - 等待超时，程序终止！
2019-09-18 09:10:06,092 - INFO - register_ru.py[:124] - 正在设置用户的基本信息...
2019-09-18 09:10:51,467 - INFO - register_ru.py[:200] - 点击提交个人信息的设置!
2019-09-18 09:11:01,497 - INFO - register_ru.py[:94] - 个人信息设置失败！failed,Quit!
2019-09-18 09:12:15,038 - INFO - register_ru.py[:119] - 等待超时，程序终止！
2019-09-18 09:13:49,762 - INFO - register_ru.py[:119] - 等待超时，程序终止！
2019-09-18 09:17:49,074 - INFO - register_ru.py[:115] - 注册出错，程序结束！
2019-09-18 09:19:10,357 - INFO - register_ru.py[:119] - 等待超时，程序终止！
2019-09-18 09:20:22,182 - INFO - register_ru.py[:119] - 等待超时，程序终止！
2019-09-18 09:24:20,769 - INFO - register_ru.py[:115] - 注册出错，程序结束！
2019-09-18 09:25:30,118 - INFO - register_ru.py[:119] - 等待超时，程序终止！
2019-09-18 09:27:17,903 - INFO - register_ru.py[:309] - 任务系统出错，程序[sleep 10m]...
2019-09-18 09:41:04,740 - INFO - register_ru.py[:124] - 正在设置用户的基本信息...
2019-09-18 09:43:17,751 - INFO - register_ru.py[:200] - 点击提交个人信息的设置!
2019-09-18 09:43:27,781 - INFO - register_ru.py[:94] - 个人信息设置失败！failed,Quit!
2019-09-18 09:46:24,368 - INFO - register_ru.py[:115] - 注册出错，程序结束！
2019-09-18 09:49:27,284 - INFO - register_ru.py[:115] - 注册出错，程序结束！
2019-09-18 09:50:38,660 - INFO - register_ru.py[:119] - 等待超时，程序终止！
2019-09-18 09:52:11,303 - INFO - register_ru.py[:119] - 等待超时，程序终止！
2019-09-18 09:53:25,842 - INFO - register_ru.py[:119] - 等待超时，程序终止！
2019-09-18 09:54:56,941 - INFO - register_ru.py[:124] - 正在设置用户的基本信息...
2019-09-18 09:55:49,822 - INFO - register_ru.py[:200] - 点击提交个人信息的设置!
2019-09-18 09:55:59,858 - INFO - register_ru.py[:94] - 个人信息设置失败！failed,Quit!
2019-09-18 09:57:16,743 - INFO - register_ru.py[:119] - 等待超时，程序终止！
2019-09-18 09:58:40,526 - INFO - register_ru.py[:124] - 正在设置用户的基本信息...
2019-09-18 09:59:25,730 - INFO - register_ru.py[:200] - 点击提交个人信息的设置!
2019-09-18 09:59:35,764 - INFO - register_ru.py[:94] - 个人信息设置失败！failed,Quit!
2019-09-18 10:00:48,761 - INFO - register_ru.py[:119] - 等待超时，程序终止！
2019-09-18 10:06:15,036 - INFO - register_ru.py[:115] - 注册出错，程序结束！
2019-09-18 10:07:32,360 - INFO - register_ru.py[:119] - 等待超时，程序终止！
2019-09-18 10:08:44,264 - INFO - register_ru.py[:119] - 等待超时，程序终止！
2019-09-18 10:11:04,984 - INFO - register_ru.py[:119] - 等待超时，程序终止！
2019-09-18 10:12:15,966 - INFO - register_ru.py[:119] - 等待超时，程序终止！
2019-09-18 10:13:31,734 - INFO - register_ru.py[:119] - 等待超时，程序终止！
2019-09-18 10:14:46,006 - INFO - register_ru.py[:119] - 等待超时，程序终止！
2019-09-18 10:15:55,918 - INFO - register_ru.py[:119] - 等待超时，程序终止！
2019-09-18 10:17:13,875 - INFO - register_ru.py[:124] - 正在设置用户的基本信息...
2019-09-18 10:17:58,180 - INFO - register_ru.py[:200] - 点击提交个人信息的设置!
2019-09-18 10:18:08,218 - INFO - register_ru.py[:94] - 个人信息设置失败！failed,Quit!
2019-09-18 10:19:19,423 - INFO - register_ru.py[:119] - 等待超时，程序终止！
2019-09-18 10:21:06,710 - INFO - register_ru.py[:119] - 等待超时，程序终止！
2019-09-18 10:22:35,885 - INFO - register_ru.py[:124] - 正在设置用户的基本信息...
2019-09-18 10:23:21,555 - INFO - register_ru.py[:200] - 点击提交个人信息的设置!
2019-09-18 10:23:31,588 - INFO - register_ru.py[:94] - 个人信息设置失败！failed,Quit!
2019-09-18 10:24:42,620 - INFO - register_ru.py[:119] - 等待超时，程序终止！
2019-09-18 10:26:08,496 - INFO - register_ru.py[:124] - 正在设置用户的基本信息...
2019-09-18 10:26:56,244 - INFO - register_ru.py[:200] - 点击提交个人信息的设置!
2019-09-18 10:27:06,282 - INFO - register_ru.py[:94] - 个人信息设置失败！failed,Quit!
2019-09-18 10:30:49,516 - INFO - register_ru.py[:115] - 注册出错，程序结束！
2019-09-18 10:32:06,484 - INFO - register_ru.py[:119] - 等待超时，程序终止！
2019-09-18 10:33:19,378 - INFO - register_ru.py[:119] - 等待超时，程序终止！
2019-09-18 10:34:35,564 - INFO - register_ru.py[:124] - 正在设置用户的基本信息...
2019-09-18 10:35:20,072 - INFO - register_ru.py[:200] - 点击提交个人信息的设置!
2019-09-18 10:35:30,106 - INFO - register_ru.py[:94] - 个人信息设置失败！failed,Quit!
2019-09-18 10:36:41,970 - INFO - register_ru.py[:119] - 等待超时，程序终止！
2019-09-18 10:39:33,198 - INFO - register_ru.py[:115] - 注册出错，程序结束！
2019-09-18 10:42:10,865 - INFO - register_ru.py[:124] - 正在设置用户的基本信息...
2019-09-18 10:43:04,687 - INFO - register_ru.py[:200] - 点击提交个人信息的设置!
2019-09-18 10:43:14,723 - INFO - register_ru.py[:94] - 个人信息设置失败！failed,Quit!
2019-09-18 10:44:31,104 - INFO - register_ru.py[:119] - 等待超时，程序终止！
2019-09-18 10:46:15,878 - INFO - register_ru.py[:124] - 正在设置用户的基本信息...
2019-09-18 10:47:14,835 - INFO - register_ru.py[:200] - 点击提交个人信息的设置!
2019-09-18 10:47:24,875 - INFO - register_ru.py[:94] - 个人信息设置失败！failed,Quit!
2019-09-18 10:48:51,764 - INFO - register_ru.py[:119] - 等待超时，程序终止！
2019-09-18 10:51:53,035 - INFO - register_ru.py[:115] - 注册出错，程序结束！
2019-09-18 10:54:55,456 - INFO - register_ru.py[:115] - 注册出错，程序结束！
2019-09-18 10:56:12,501 - INFO - register_ru.py[:124] - 正在设置用户的基本信息...
2019-09-18 10:56:56,304 - INFO - register_ru.py[:200] - 点击提交个人信息的设置!
2019-09-18 10:57:06,337 - INFO - register_ru.py[:94] - 个人信息设置失败！failed,Quit!
2019-09-18 10:58:16,618 - INFO - register_ru.py[:119] - 等待超时，程序终止！
2019-09-18 10:59:26,908 - INFO - register_ru.py[:119] - 等待超时，程序终止！
2019-09-18 11:01:20,024 - INFO - register_ru.py[:124] - 正在设置用户的基本信息...
2019-09-18 11:02:16,573 - INFO - register_ru.py[:200] - 点击提交个人信息的设置!
2019-09-18 11:02:26,614 - INFO - register_ru.py[:94] - 个人信息设置失败！failed,Quit!
2019-09-18 11:04:17,744 - INFO - register_ru.py[:119] - 等待超时，程序终止！
2019-09-18 11:05:29,655 - INFO - register_ru.py[:119] - 等待超时，程序终止！
2019-09-18 11:06:40,218 - INFO - register_ru.py[:119] - 等待超时，程序终止！
2019-09-18 11:08:07,064 - INFO - register_ru.py[:119] - 等待超时，程序终止！
2019-09-18 11:12:54,823 - INFO - register_ru.py[:115] - 注册出错，程序结束！
2019-09-18 11:14:05,661 - INFO - register_ru.py[:119] - 等待超时，程序终止！
2019-09-18 11:19:13,386 - INFO - register_ru.py[:115] - 注册出错，程序结束！
2019-09-18 11:20:34,003 - INFO - register_ru.py[:119] - 等待超时，程序终止！
2019-09-18 11:23:07,226 - INFO - register_ru.py[:119] - 等待超时，程序终止！
2019-09-18 11:24:35,122 - INFO - register_ru.py[:119] - 等待超时，程序终止！
2019-09-18 11:25:44,895 - INFO - register_ru.py[:119] - 等待超时，程序终止！
2019-09-18 11:26:54,117 - INFO - register_ru.py[:119] - 等待超时，程序终止！
2019-09-18 11:30:15,796 - INFO - register_ru.py[:115] - 注册出错，程序结束！
2019-09-18 11:31:27,028 - INFO - register_ru.py[:119] - 等待超时，程序终止！
2019-09-18 11:34:08,037 - INFO - register_ru.py[:124] - 正在设置用户的基本信息...
2019-09-18 11:36:40,120 - INFO - register_ru.py[:115] - 注册出错，程序结束！
2019-09-18 11:37:52,703 - INFO - register_ru.py[:119] - 等待超时，程序终止！
2019-09-18 11:39:39,956 - INFO - register_ru.py[:124] - 正在设置用户的基本信息...
2019-09-18 11:40:21,945 - INFO - register_ru.py[:200] - 点击提交个人信息的设置!
2019-09-18 11:40:31,975 - INFO - register_ru.py[:94] - 个人信息设置失败！failed,Quit!
2019-09-18 11:41:42,807 - INFO - register_ru.py[:119] - 等待超时，程序终止！
2019-09-18 11:43:29,743 - INFO - register_ru.py[:119] - 等待超时，程序终止！
2019-09-18 11:47:16,579 - INFO - register_ru.py[:115] - 注册出错，程序结束！
2019-09-18 11:48:35,053 - INFO - register_ru.py[:124] - 正在设置用户的基本信息...
2019-09-18 11:49:17,371 - INFO - register_ru.py[:200] - 点击提交个人信息的设置!
2019-09-18 11:49:27,406 - INFO - register_ru.py[:94] - 个人信息设置失败！failed,Quit!
2019-09-18 11:51:40,709 - INFO - register_ru.py[:124] - 正在设置用户的基本信息...
2019-09-18 11:52:39,377 - INFO - register_ru.py[:200] - 点击提交个人信息的设置!
2019-09-18 11:52:49,407 - INFO - register_ru.py[:94] - 个人信息设置失败！failed,Quit!
2019-09-18 11:57:57,877 - INFO - register_ru.py[:115] - 注册出错，程序结束！
2019-09-18 11:59:08,118 - INFO - register_ru.py[:119] - 等待超时，程序终止！
2019-09-18 12:00:17,157 - INFO - register_ru.py[:119] - 等待超时，程序终止！
2019-09-18 12:04:51,785 - INFO - register_ru.py[:115] - 注册出错，程序结束！
2019-09-18 12:06:03,503 - INFO - register_ru.py[:119] - 等待超时，程序终止！
2019-09-18 12:07:24,302 - INFO - register_ru.py[:119] - 等待超时，程序终止！
2019-09-18 12:11:13,156 - INFO - register_ru.py[:98] - 注册出错，程序结束！
2019-09-18 12:12:45,558 - INFO - register_ru.py[:124] - 正在设置用户的基本信息...
2019-09-18 12:13:33,697 - INFO - register_ru.py[:200] - 点击提交个人信息的设置!
2019-09-18 12:13:43,733 - INFO - register_ru.py[:94] - 个人信息设置失败！failed,Quit!
2019-09-18 12:16:19,548 - INFO - register_ru.py[:115] - 注册出错，程序结束！
2019-09-18 12:17:29,009 - INFO - register_ru.py[:119] - 等待超时，程序终止！
2019-09-18 12:22:35,294 - INFO - register_ru.py[:115] - 注册出错，程序结束！
2019-09-18 12:23:46,168 - INFO - register_ru.py[:119] - 等待超时，程序终止！
2019-09-18 12:24:57,201 - INFO - register_ru.py[:119] - 等待超时，程序终止！
2019-09-18 12:26:14,625 - INFO - register_ru.py[:119] - 等待超时，程序终止！
2019-09-18 12:28:02,285 - INFO - register_ru.py[:119] - 等待超时，程序终止！
2019-09-18 12:29:50,182 - INFO - register_ru.py[:124] - 正在设置用户的基本信息...
2019-09-18 12:30:39,017 - INFO - register_ru.py[:200] - 点击提交个人信息的设置!
2019-09-18 12:30:49,052 - INFO - register_ru.py[:94] - 个人信息设置失败！failed,Quit!
2019-09-18 12:32:00,278 - INFO - register_ru.py[:119] - 等待超时，程序终止！
2019-09-18 12:33:13,902 - INFO - register_ru.py[:119] - 等待超时，程序终止！
2019-09-18 12:34:24,711 - INFO - register_ru.py[:119] - 等待超时，程序终止！
2019-09-18 12:35:53,872 - INFO - register_ru.py[:119] - 等待超时，程序终止！
2019-09-18 12:37:05,115 - INFO - register_ru.py[:119] - 等待超时，程序终止！
2019-09-18 12:41:17,002 - INFO - register_ru.py[:115] - 注册出错，程序结束！
2019-09-18 12:45:21,734 - INFO - register_ru.py[:115] - 注册出错，程序结束！
2019-09-18 12:46:31,451 - INFO - register_ru.py[:119] - 等待超时，程序终止！
2019-09-18 12:47:40,891 - INFO - register_ru.py[:119] - 等待超时，程序终止！
2019-09-18 12:48:59,043 - INFO - register_ru.py[:98] - 注册出错，程序结束！
2019-09-18 12:50:12,758 - INFO - register_ru.py[:119] - 等待超时，程序终止！
2019-09-18 12:51:21,821 - INFO - register_ru.py[:119] - 等待超时，程序终止！
2019-09-18 12:56:20,887 - INFO - register_ru.py[:98] - 注册出错，程序结束！
2019-09-18 12:57:36,405 - INFO - register_ru.py[:119] - 等待超时，程序终止！
2019-09-18 13:01:20,088 - INFO - register_ru.py[:115] - 注册出错，程序结束！
2019-09-18 13:02:30,865 - INFO - register_ru.py[:119] - 等待超时，程序终止！
2019-09-18 13:05:16,314 - INFO - register_ru.py[:124] - 正在设置用户的基本信息...
2019-09-18 13:06:32,364 - INFO - register_ru.py[:200] - 点击提交个人信息的设置!
2019-09-18 13:06:42,395 - INFO - register_ru.py[:94] - 个人信息设置失败！failed,Quit!
2019-09-18 13:07:57,389 - INFO - register_ru.py[:119] - 等待超时，程序终止！
2019-09-18 13:10:03,565 - INFO - register_ru.py[:124] - 正在设置用户的基本信息...
2019-09-18 13:11:18,604 - INFO - register_ru.py[:200] - 点击提交个人信息的设置!
2019-09-18 13:11:28,642 - INFO - register_ru.py[:94] - 个人信息设置失败！failed,Quit!
2019-09-18 13:12:55,226 - INFO - register_ru.py[:124] - 正在设置用户的基本信息...
2019-09-18 13:13:43,735 - INFO - register_ru.py[:200] - 点击提交个人信息的设置!
2019-09-18 13:13:53,771 - INFO - register_ru.py[:94] - 个人信息设置失败！failed,Quit!
2019-09-18 13:17:02,042 - INFO - register_ru.py[:115] - 注册出错，程序结束！
2019-09-18 13:18:30,890 - INFO - register_ru.py[:119] - 等待超时，程序终止！
2019-09-18 13:20:00,115 - INFO - register_ru.py[:119] - 等待超时，程序终止！
2019-09-18 13:24:05,823 - INFO - register_ru.py[:115] - 注册出错，程序结束！
2019-09-18 13:25:16,454 - INFO - register_ru.py[:119] - 等待超时，程序终止！
2019-09-18 13:26:30,611 - INFO - register_ru.py[:119] - 等待超时，程序终止！
2019-09-18 13:27:43,129 - INFO - register_ru.py[:119] - 等待超时，程序终止！
2019-09-18 13:29:03,015 - INFO - register_ru.py[:119] - 等待超时，程序终止！
2019-09-18 13:30:44,915 - INFO - register_ru.py[:124] - 正在设置用户的基本信息...
2019-09-18 13:31:29,712 - INFO - register_ru.py[:200] - 点击提交个人信息的设置!
2019-09-18 13:31:39,749 - INFO - register_ru.py[:94] - 个人信息设置失败！failed,Quit!
2019-09-18 13:33:11,635 - INFO - register_ru.py[:124] - 正在设置用户的基本信息...
2019-09-18 13:33:53,208 - INFO - register_ru.py[:200] - 点击提交个人信息的设置!
2019-09-18 13:34:03,245 - INFO - register_ru.py[:94] - 个人信息设置失败！failed,Quit!
2019-09-18 13:35:12,699 - INFO - register_ru.py[:119] - 等待超时，程序终止！
2019-09-18 13:37:01,037 - INFO - register_ru.py[:124] - 正在设置用户的基本信息...
2019-09-18 13:37:59,534 - INFO - register_ru.py[:200] - 点击提交个人信息的设置!
2019-09-18 13:38:09,572 - INFO - register_ru.py[:94] - 个人信息设置失败！failed,Quit!
2019-09-18 13:40:18,643 - INFO - register_ru.py[:124] - 正在设置用户的基本信息...
2019-09-18 13:41:13,817 - INFO - register_ru.py[:200] - 点击提交个人信息的设置!
2019-09-18 13:41:23,853 - INFO - register_ru.py[:94] - 个人信息设置失败！failed,Quit!
2019-09-18 13:42:43,339 - INFO - register_ru.py[:124] - 正在设置用户的基本信息...
2019-09-18 13:43:27,499 - INFO - register_ru.py[:200] - 点击提交个人信息的设置!
2019-09-18 13:43:37,533 - INFO - register_ru.py[:94] - 个人信息设置失败！failed,Quit!
2019-09-18 13:45:39,224 - INFO - register_ru.py[:115] - 注册出错，程序结束！
2019-09-18 13:47:15,471 - INFO - register_ru.py[:119] - 等待超时，程序终止！
2019-09-18 13:52:04,988 - INFO - register_ru.py[:98] - 注册出错，程序结束！
2019-09-18 13:53:16,870 - INFO - register_ru.py[:119] - 等待超时，程序终止！
2019-09-18 13:54:26,529 - INFO - register_ru.py[:119] - 等待超时，程序终止！
2019-09-18 14:01:07,665 - INFO - register_ru.py[:115] - 注册出错，程序结束！
2019-09-18 14:01:58,745 - INFO - register_ru.py[:119] - 等待超时，程序终止！
2019-09-18 14:03:14,229 - INFO - register_ru.py[:98] - 注册出错，程序结束！
2019-09-18 14:07:26,707 - INFO - register_ru.py[:115] - 注册出错，程序结束！
2019-09-18 14:08:54,958 - INFO - register_ru.py[:119] - 等待超时，程序终止！
2019-09-18 14:10:41,903 - INFO - register_ru.py[:115] - 注册出错，程序结束！
2019-09-18 14:11:53,325 - INFO - register_ru.py[:119] - 等待超时，程序终止！
2019-09-18 14:13:09,525 - INFO - register_ru.py[:124] - 正在设置用户的基本信息...
2019-09-18 14:13:55,431 - INFO - register_ru.py[:200] - 点击提交个人信息的设置!
2019-09-18 14:14:05,462 - INFO - register_ru.py[:94] - 个人信息设置失败！failed,Quit!
2019-09-18 14:15:45,996 - INFO - register_ru.py[:115] - 注册出错，程序结束！
2019-09-18 14:18:14,384 - INFO - register_ru.py[:124] - 正在设置用户的基本信息...
2019-09-18 14:19:31,167 - INFO - register_ru.py[:200] - 点击提交个人信息的设置!
2019-09-18 14:19:41,203 - INFO - register_ru.py[:94] - 个人信息设置失败！failed,Quit!
2019-09-18 14:21:06,059 - INFO - register_ru.py[:124] - 正在设置用户的基本信息...
2019-09-18 14:21:46,862 - INFO - register_ru.py[:200] - 点击提交个人信息的设置!
2019-09-18 14:21:56,900 - INFO - register_ru.py[:94] - 个人信息设置失败！failed,Quit!
2019-09-18 14:23:22,278 - INFO - register_ru.py[:124] - 正在设置用户的基本信息...
2019-09-18 14:24:07,779 - INFO - register_ru.py[:200] - 点击提交个人信息的设置!
2019-09-18 14:24:17,815 - INFO - register_ru.py[:94] - 个人信息设置失败！failed,Quit!
2019-09-18 14:25:41,992 - INFO - register_ru.py[:124] - 正在设置用户的基本信息...
2019-09-18 14:26:26,353 - INFO - register_ru.py[:200] - 点击提交个人信息的设置!
2019-09-18 14:26:36,387 - INFO - register_ru.py[:94] - 个人信息设置失败！failed,Quit!
2019-09-18 14:28:14,913 - INFO - register_ru.py[:124] - 正在设置用户的基本信息...
2019-09-18 14:29:06,034 - INFO - register_ru.py[:200] - 点击提交个人信息的设置!
2019-09-18 14:29:16,065 - INFO - register_ru.py[:94] - 个人信息设置失败！failed,Quit!
2019-09-18 14:30:50,273 - INFO - register_ru.py[:124] - 正在设置用户的基本信息...
2019-09-18 14:31:40,145 - INFO - register_ru.py[:200] - 点击提交个人信息的设置!
2019-09-18 14:31:50,183 - INFO - register_ru.py[:94] - 个人信息设置失败！failed,Quit!
2019-09-18 14:33:33,942 - INFO - register_ru.py[:124] - 正在设置用户的基本信息...
2019-09-18 14:34:30,583 - INFO - register_ru.py[:200] - 点击提交个人信息的设置!
2019-09-18 14:34:40,624 - INFO - register_ru.py[:94] - 个人信息设置失败！failed,Quit!
2019-09-18 14:36:33,785 - INFO - register_ru.py[:115] - 注册出错，程序结束！
2019-09-18 14:38:12,832 - INFO - register_ru.py[:124] - 正在设置用户的基本信息...
2019-09-18 14:38:57,422 - INFO - register_ru.py[:200] - 点击提交个人信息的设置!
2019-09-18 14:39:07,459 - INFO - register_ru.py[:94] - 个人信息设置失败！failed,Quit!
2019-09-18 14:42:23,917 - INFO - register_ru.py[:115] - 注册出错，程序结束！
2019-09-18 14:46:39,921 - INFO - register_ru.py[:115] - 注册出错，程序结束！
2019-09-18 14:48:53,346 - INFO - register_ru.py[:124] - 正在设置用户的基本信息...
2019-09-18 14:49:58,870 - INFO - register_ru.py[:200] - 点击提交个人信息的设置!
2019-09-18 14:50:08,906 - INFO - register_ru.py[:94] - 个人信息设置失败！failed,Quit!
2019-09-18 14:51:53,058 - INFO - register_ru.py[:115] - 注册出错，程序结束！
2019-09-18 14:55:51,750 - INFO - register_ru.py[:115] - 注册出错，程序结束！
2019-09-18 14:57:06,513 - INFO - register_ru.py[:119] - 等待超时，程序终止！
2019-09-18 14:58:16,686 - INFO - register_ru.py[:119] - 等待超时，程序终止！
2019-09-18 14:59:26,534 - INFO - register_ru.py[:119] - 等待超时，程序终止！
2019-09-18 15:03:26,607 - INFO - register_ru.py[:115] - 注册出错，程序结束！
2019-09-18 15:06:15,626 - INFO - register_ru.py[:115] - 注册出错，程序结束！
2019-09-18 15:07:24,850 - INFO - register_ru.py[:119] - 等待超时，程序终止！
2019-09-18 15:08:36,069 - INFO - register_ru.py[:119] - 等待超时，程序终止！
2019-09-18 15:09:45,401 - INFO - register_ru.py[:119] - 等待超时，程序终止！
2019-09-18 15:11:04,967 - INFO - register_ru.py[:124] - 正在设置用户的基本信息...
2019-09-18 15:11:48,343 - INFO - register_ru.py[:200] - 点击提交个人信息的设置!
2019-09-18 15:11:58,378 - INFO - register_ru.py[:94] - 个人信息设置失败！failed,Quit!
2019-09-18 15:15:23,868 - INFO - register_ru.py[:115] - 注册出错，程序结束！
2019-09-18 15:18:55,091 - INFO - register_ru.py[:115] - 注册出错，程序结束！
2019-09-18 15:20:09,311 - INFO - register_ru.py[:119] - 等待超时，程序终止！
2019-09-18 15:23:23,897 - INFO - register_ru.py[:115] - 注册出错，程序结束！
2019-09-18 15:24:33,849 - INFO - register_ru.py[:119] - 等待超时，程序终止！
2019-09-18 15:25:44,598 - INFO - register_ru.py[:119] - 等待超时，程序终止！
2019-09-18 15:27:45,897 - INFO - register_ru.py[:119] - 等待超时，程序终止！
2019-09-18 15:29:23,023 - INFO - register_ru.py[:124] - 正在设置用户的基本信息...
2019-09-18 15:30:05,931 - INFO - register_ru.py[:200] - 点击提交个人信息的设置!
2019-09-18 15:30:15,966 - INFO - register_ru.py[:94] - 个人信息设置失败！failed,Quit!
2019-09-18 15:31:28,916 - INFO - register_ru.py[:119] - 等待超时，程序终止！
2019-09-18 15:36:47,609 - INFO - register_ru.py[:98] - 注册出错，程序结束！
2019-09-18 15:38:45,938 - INFO - register_ru.py[:115] - 注册出错，程序结束！
2019-09-18 15:40:05,125 - INFO - register_ru.py[:119] - 等待超时，程序终止！
2019-09-18 15:41:40,911 - INFO - register_ru.py[:124] - 正在设置用户的基本信息...
2019-09-18 15:42:45,682 - INFO - register_ru.py[:200] - 点击提交个人信息的设置!
2019-09-18 15:42:55,713 - INFO - register_ru.py[:94] - 个人信息设置失败！failed,Quit!
2019-09-18 15:44:14,883 - INFO - register_ru.py[:119] - 等待超时，程序终止！
2019-09-18 15:48:05,554 - INFO - register_ru.py[:115] - 注册出错，程序结束！
2019-09-18 15:49:21,311 - INFO - register_ru.py[:119] - 等待超时，程序终止！
2019-09-18 15:50:30,658 - INFO - register_ru.py[:119] - 等待超时，程序终止！
2019-09-18 15:51:41,312 - INFO - register_ru.py[:119] - 等待超时，程序终止！
2019-09-18 15:53:41,553 - INFO - register_ru.py[:119] - 等待超时，程序终止！
2019-09-18 15:59:22,983 - INFO - register_ru.py[:115] - 注册出错，程序结束！
2019-09-18 16:00:34,555 - INFO - register_ru.py[:119] - 等待超时，程序终止！
2019-09-18 16:02:32,228 - INFO - register_ru.py[:119] - 等待超时，程序终止！
2019-09-18 16:03:42,250 - INFO - register_ru.py[:119] - 等待超时，程序终止！
2019-09-18 16:05:45,358 - INFO - register_ru.py[:115] - 注册出错，程序结束！
2019-09-18 16:07:37,343 - INFO - register_ru.py[:115] - 注册出错，程序结束！
2019-09-18 16:10:55,940 - INFO - register_ru.py[:115] - 注册出错，程序结束！
2019-09-18 16:13:51,311 - INFO - register_ru.py[:115] - 注册出错，程序结束！
2019-09-18 16:15:02,003 - INFO - register_ru.py[:119] - 等待超时，程序终止！
2019-09-18 16:16:12,937 - INFO - register_ru.py[:119] - 等待超时，程序终止！
2019-09-18 16:17:55,658 - INFO - register_ru.py[:119] - 等待超时，程序终止！
2019-09-18 16:19:12,349 - INFO - register_ru.py[:124] - 正在设置用户的基本信息...
2019-09-18 16:19:54,526 - INFO - register_ru.py[:200] - 点击提交个人信息的设置!
2019-09-18 16:20:04,556 - INFO - register_ru.py[:94] - 个人信息设置失败！failed,Quit!
2019-09-18 16:21:15,028 - INFO - register_ru.py[:119] - 等待超时，程序终止！
2019-09-18 16:23:12,202 - INFO - register_ru.py[:124] - 正在设置用户的基本信息...
2019-09-18 16:24:01,557 - INFO - register_ru.py[:200] - 点击提交个人信息的设置!
2019-09-18 16:24:11,591 - INFO - register_ru.py[:94] - 个人信息设置失败！failed,Quit!
2019-09-18 16:25:21,849 - INFO - register_ru.py[:119] - 等待超时，程序终止！
2019-09-18 16:26:59,615 - INFO - register_ru.py[:124] - 正在设置用户的基本信息...
2019-09-18 16:27:44,014 - INFO - register_ru.py[:200] - 点击提交个人信息的设置!
2019-09-18 16:27:54,046 - INFO - register_ru.py[:94] - 个人信息设置失败！failed,Quit!
2019-09-18 16:31:57,643 - INFO - register_ru.py[:115] - 注册出错，程序结束！
2019-09-18 16:33:10,015 - INFO - register_ru.py[:119] - 等待超时，程序终止！
2019-09-18 16:34:19,501 - INFO - register_ru.py[:119] - 等待超时，程序终止！
2019-09-18 16:37:41,938 - INFO - register_ru.py[:119] - 等待超时，程序终止！
2019-09-18 16:37:46,133 - INFO - register_ru.py[:306] - 当前无注册任务，程序[sleep 10m]...
2019-09-18 16:49:11,358 - INFO - register_ru.py[:119] - 等待超时，程序终止！
2019-09-18 16:50:22,169 - INFO - register_ru.py[:119] - 等待超时，程序终止！
2019-09-18 16:51:32,354 - INFO - register_ru.py[:119] - 等待超时，程序终止！
2019-09-18 16:55:32,867 - INFO - register_ru.py[:115] - 注册出错，程序结束！
2019-09-18 16:57:07,479 - INFO - register_ru.py[:119] - 等待超时，程序终止！
2019-09-18 16:58:17,072 - INFO - register_ru.py[:119] - 等待超时，程序终止！
2019-09-18 16:59:31,685 - INFO - register_ru.py[:124] - 正在设置用户的基本信息...
2019-09-18 17:00:14,783 - INFO - register_ru.py[:200] - 点击提交个人信息的设置!
2019-09-18 17:00:24,819 - INFO - register_ru.py[:94] - 个人信息设置失败！failed,Quit!
2019-09-18 17:02:37,103 - INFO - register_ru.py[:115] - 注册出错，程序结束！
2019-09-18 17:04:23,204 - INFO - register_ru.py[:124] - 正在设置用户的基本信息...
2019-09-18 17:05:24,138 - INFO - register_ru.py[:200] - 点击提交个人信息的设置!
2019-09-18 17:05:34,180 - INFO - register_ru.py[:94] - 个人信息设置失败！failed,Quit!
2019-09-18 17:09:02,357 - INFO - register_ru.py[:115] - 注册出错，程序结束！
2019-09-18 17:11:05,153 - INFO - register_ru.py[:119] - 等待超时，程序终止！
2019-09-18 17:13:23,978 - INFO - register_ru.py[:119] - 等待超时，程序终止！
2019-09-18 17:15:25,666 - INFO - register_ru.py[:115] - 注册出错，程序结束！
2019-09-18 17:17:34,942 - INFO - register_ru.py[:119] - 等待超时，程序终止！
2019-09-18 17:18:46,022 - INFO - register_ru.py[:119] - 等待超时，程序终止！
2019-09-18 17:20:11,227 - INFO - register_ru.py[:124] - 正在设置用户的基本信息...
2019-09-18 17:20:57,234 - INFO - register_ru.py[:200] - 点击提交个人信息的设置!
2019-09-18 17:21:07,271 - INFO - register_ru.py[:94] - 个人信息设置失败！failed,Quit!
2019-09-18 17:23:13,405 - INFO - register_ru.py[:124] - 正在设置用户的基本信息...
2019-09-18 17:24:12,244 - INFO - register_ru.py[:200] - 点击提交个人信息的设置!
2019-09-18 17:24:22,278 - INFO - register_ru.py[:94] - 个人信息设置失败！failed,Quit!
2019-09-18 17:25:44,812 - INFO - register_ru.py[:124] - 正在设置用户的基本信息...
2019-09-18 17:26:30,242 - INFO - register_ru.py[:200] - 点击提交个人信息的设置!
2019-09-18 17:26:40,277 - INFO - register_ru.py[:94] - 个人信息设置失败！failed,Quit!
2019-09-18 17:28:04,169 - INFO - register_ru.py[:124] - 正在设置用户的基本信息...
2019-09-18 17:28:45,336 - INFO - register_ru.py[:200] - 点击提交个人信息的设置!
2019-09-18 17:28:55,373 - INFO - register_ru.py[:94] - 个人信息设置失败！failed,Quit!
2019-09-18 17:30:22,776 - INFO - register_ru.py[:124] - 正在设置用户的基本信息...
2019-09-18 17:31:05,939 - INFO - register_ru.py[:200] - 点击提交个人信息的设置!
2019-09-18 17:31:15,976 - INFO - register_ru.py[:94] - 个人信息设置失败！failed,Quit!
2019-09-18 17:32:44,570 - INFO - register_ru.py[:124] - 正在设置用户的基本信息...
2019-09-18 17:33:32,313 - INFO - register_ru.py[:200] - 点击提交个人信息的设置!
2019-09-18 17:33:42,344 - INFO - register_ru.py[:94] - 个人信息设置失败！failed,Quit!
2019-09-18 17:36:13,196 - INFO - register_ru.py[:124] - 正在设置用户的基本信息...
2019-09-18 17:37:23,942 - INFO - register_ru.py[:200] - 点击提交个人信息的设置!
2019-09-18 17:37:33,973 - INFO - register_ru.py[:94] - 个人信息设置失败！failed,Quit!
2019-09-18 17:38:55,563 - INFO - register_ru.py[:119] - 等待超时，程序终止！
2019-09-18 17:43:10,761 - INFO - register_ru.py[:115] - 注册出错，程序结束！
2019-09-18 17:44:22,287 - INFO - register_ru.py[:119] - 等待超时，程序终止！
2019-09-18 17:46:40,003 - INFO - register_ru.py[:119] - 等待超时，程序终止！
2019-09-18 17:48:08,574 - INFO - register_ru.py[:124] - 正在设置用户的基本信息...
2019-09-18 17:48:54,540 - INFO - register_ru.py[:200] - 点击提交个人信息的设置!
2019-09-18 17:49:04,580 - INFO - register_ru.py[:94] - 个人信息设置失败！failed,Quit!
2019-09-18 17:51:47,455 - INFO - register_ru.py[:124] - 正在设置用户的基本信息...
2019-09-18 17:52:53,588 - INFO - register_ru.py[:200] - 点击提交个人信息的设置!
2019-09-18 17:53:03,627 - INFO - register_ru.py[:94] - 个人信息设置失败！failed,Quit!
2019-09-18 17:54:32,642 - INFO - register_ru.py[:124] - 正在设置用户的基本信息...
2019-09-18 17:55:19,912 - INFO - register_ru.py[:200] - 点击提交个人信息的设置!
2019-09-18 17:55:29,949 - INFO - register_ru.py[:94] - 个人信息设置失败！failed,Quit!
2019-09-18 17:58:16,532 - INFO - register_ru.py[:124] - 正在设置用户的基本信息...
2019-09-18 17:59:51,610 - INFO - register_ru.py[:200] - 点击提交个人信息的设置!
2019-09-18 18:00:01,649 - INFO - register_ru.py[:94] - 个人信息设置失败！failed,Quit!
2019-09-18 18:03:57,228 - INFO - register_ru.py[:124] - 正在设置用户的基本信息...
2019-09-18 18:05:49,167 - INFO - register_ru.py[:200] - 点击提交个人信息的设置!
2019-09-18 18:05:59,203 - INFO - register_ru.py[:94] - 个人信息设置失败！failed,Quit!
2019-09-18 18:11:32,575 - INFO - register_ru.py[:115] - 注册出错，程序结束！
2019-09-18 18:11:38,066 - INFO - register_ru.py[:306] - 当前无注册任务，程序[sleep 10m]...
2019-09-18 18:25:33,195 - INFO - register_ru.py[:115] - 注册出错，程序结束！
2019-09-18 18:27:44,390 - INFO - register_ru.py[:119] - 等待超时，程序终止！
2019-09-18 18:30:34,062 - INFO - register_ru.py[:115] - 注册出错，程序结束！
2019-09-18 18:32:05,130 - INFO - register_ru.py[:119] - 等待超时，程序终止！
2019-09-18 18:33:15,823 - INFO - register_ru.py[:119] - 等待超时，程序终止！
2019-09-18 18:34:42,726 - INFO - register_ru.py[:119] - 等待超时，程序终止！
2019-09-18 18:36:43,803 - INFO - register_ru.py[:124] - 正在设置用户的基本信息...
2019-09-18 18:37:28,470 - INFO - register_ru.py[:200] - 点击提交个人信息的设置!
2019-09-18 18:37:38,506 - INFO - register_ru.py[:94] - 个人信息设置失败！failed,Quit!
2019-09-18 18:38:52,484 - INFO - register_ru.py[:124] - 正在设置用户的基本信息...
2019-09-18 18:39:34,377 - INFO - register_ru.py[:200] - 点击提交个人信息的设置!
2019-09-18 18:39:44,413 - INFO - register_ru.py[:94] - 个人信息设置失败！failed,Quit!
2019-09-18 18:41:25,389 - INFO - register_ru.py[:119] - 等待超时，程序终止！
2019-09-18 18:42:41,092 - INFO - register_ru.py[:119] - 等待超时，程序终止！
2019-09-18 18:43:52,098 - INFO - register_ru.py[:119] - 等待超时，程序终止！
2019-09-18 18:47:54,920 - INFO - register_ru.py[:115] - 注册出错，程序结束！
2019-09-18 18:49:39,263 - INFO - register_ru.py[:124] - 正在设置用户的基本信息...
2019-09-18 18:50:37,378 - INFO - register_ru.py[:200] - 点击提交个人信息的设置!
2019-09-18 18:50:47,408 - INFO - register_ru.py[:94] - 个人信息设置失败！failed,Quit!
2019-09-18 18:52:45,612 - INFO - register_ru.py[:124] - 正在设置用户的基本信息...
2019-09-18 18:53:59,540 - INFO - register_ru.py[:200] - 点击提交个人信息的设置!
2019-09-18 18:54:09,575 - INFO - register_ru.py[:94] - 个人信息设置失败！failed,Quit!
2019-09-18 18:57:07,520 - INFO - register_ru.py[:124] - 正在设置用户的基本信息...
2019-09-18 18:58:38,117 - INFO - register_ru.py[:200] - 点击提交个人信息的设置!
2019-09-18 18:58:48,152 - INFO - register_ru.py[:94] - 个人信息设置失败！failed,Quit!
2019-09-18 19:00:27,192 - INFO - register_ru.py[:124] - 正在设置用户的基本信息...
2019-09-18 19:01:09,724 - INFO - register_ru.py[:200] - 点击提交个人信息的设置!
2019-09-18 19:01:19,759 - INFO - register_ru.py[:94] - 个人信息设置失败！failed,Quit!
2019-09-18 19:03:16,051 - INFO - register_ru.py[:115] - 注册出错，程序结束！
2019-09-18 19:04:58,793 - INFO - register_ru.py[:124] - 正在设置用户的基本信息...
2019-09-18 19:05:45,129 - INFO - register_ru.py[:200] - 点击提交个人信息的设置!
2019-09-18 19:05:55,164 - INFO - register_ru.py[:94] - 个人信息设置失败！failed,Quit!
2019-09-18 19:06:00,735 - INFO - register_ru.py[:306] - 当前无注册任务，程序[sleep 10m]...
2019-09-18 19:17:22,033 - INFO - register_ru.py[:119] - 等待超时，程序终止！
2019-09-18 19:18:56,801 - INFO - register_ru.py[:119] - 等待超时，程序终止！
2019-09-18 19:23:07,575 - INFO - register_ru.py[:115] - 注册出错，程序结束！
2019-09-18 19:24:18,057 - INFO - register_ru.py[:119] - 等待超时，程序终止！
2019-09-18 19:26:33,035 - INFO - register_ru.py[:119] - 等待超时，程序终止！
2019-09-18 19:28:03,477 - INFO - register_ru.py[:124] - 正在设置用户的基本信息...
2019-09-18 19:28:51,869 - INFO - register_ru.py[:200] - 点击提交个人信息的设置!
2019-09-18 19:29:01,910 - INFO - register_ru.py[:94] - 个人信息设置失败！failed,Quit!
2019-09-18 19:31:23,917 - INFO - register_ru.py[:115] - 注册出错，程序结束！
2019-09-18 19:33:22,281 - INFO - register_ru.py[:124] - 正在设置用户的基本信息...
2019-09-18 19:34:26,379 - INFO - register_ru.py[:200] - 点击提交个人信息的设置!
2019-09-18 19:34:36,416 - INFO - register_ru.py[:94] - 个人信息设置失败！failed,Quit!
2019-09-18 19:36:27,720 - INFO - register_ru.py[:124] - 正在设置用户的基本信息...
2019-09-18 19:37:30,985 - INFO - register_ru.py[:200] - 点击提交个人信息的设置!
2019-09-18 19:37:41,018 - INFO - register_ru.py[:94] - 个人信息设置失败！failed,Quit!
2019-09-18 19:41:39,964 - INFO - register_ru.py[:115] - 注册出错，程序结束！
2019-09-18 19:43:13,493 - INFO - register_ru.py[:124] - 正在设置用户的基本信息...
2019-09-18 19:44:02,251 - INFO - register_ru.py[:200] - 点击提交个人信息的设置!
2019-09-18 19:44:12,288 - INFO - register_ru.py[:94] - 个人信息设置失败！failed,Quit!
2019-09-18 19:46:07,362 - INFO - register_ru.py[:115] - 注册出错，程序结束！
2019-09-18 19:47:29,391 - INFO - register_ru.py[:124] - 正在设置用户的基本信息...
2019-09-18 19:48:13,711 - INFO - register_ru.py[:200] - 点击提交个人信息的设置!
2019-09-18 19:48:23,748 - INFO - register_ru.py[:94] - 个人信息设置失败！failed,Quit!
2019-09-18 19:50:09,412 - INFO - register_ru.py[:98] - 注册出错，程序结束！
2019-09-18 19:57:32,511 - INFO - register_ru.py[:124] - 正在设置用户的基本信息...
2019-09-18 19:58:40,583 - INFO - register_ru.py[:200] - 点击提交个人信息的设置!
2019-09-18 19:58:50,627 - INFO - register_ru.py[:94] - 个人信息设置失败！failed,Quit!
2019-09-18 20:00:23,740 - INFO - register_ru.py[:124] - 正在设置用户的基本信息...
2019-09-18 20:01:08,568 - INFO - register_ru.py[:200] - 点击提交个人信息的设置!
2019-09-18 20:01:18,601 - INFO - register_ru.py[:94] - 个人信息设置失败！failed,Quit!
2019-09-18 20:02:48,932 - INFO - register_ru.py[:124] - 正在设置用户的基本信息...
2019-09-18 20:03:38,583 - INFO - register_ru.py[:200] - 点击提交个人信息的设置!
2019-09-18 20:03:48,616 - INFO - register_ru.py[:94] - 个人信息设置失败！failed,Quit!
2019-09-18 20:05:15,513 - INFO - register_ru.py[:124] - 正在设置用户的基本信息...
2019-09-18 20:07:14,644 - INFO - register_ru.py[:200] - 点击提交个人信息的设置!
2019-09-18 20:07:24,676 - INFO - register_ru.py[:94] - 个人信息设置失败！failed,Quit!
2019-09-18 20:12:08,158 - INFO - register_ru.py[:115] - 注册出错，程序结束！
2019-09-18 20:13:22,686 - INFO - register_ru.py[:119] - 等待超时，程序终止！
