2019-07-05 00:33:42,167 - INFO - register_de.py[:127] - 等待超时，程序终止！
2019-07-05 00:34:56,876 - INFO - register_de.py[:104] - 注册出错，程序结束！
2019-07-05 00:36:13,400 - INFO - register_de.py[:104] - 注册出错，程序结束！
2019-07-05 00:39:04,436 - INFO - register_de.py[:123] - 注册出错，程序结束！
2019-07-05 00:40:35,235 - INFO - register_de.py[:104] - 注册出错，程序结束！
2019-07-05 00:42:16,835 - INFO - register_de.py[:132] - 正在设置用户的基本信息...
2019-07-05 00:43:06,821 - INFO - register_de.py[:218] - 点击提交个人信息的设置!
2019-07-05 00:43:16,860 - INFO - register_de.py[:95] - 个人信息设置成功！success!
2019-07-05 00:43:33,780 - INFO - register_de.py[:223] - HalseyaTalinea196@nineboy.net用户注册成功！
2019-07-05 00:43:35,347 - INFO - register_de.py[:256] - 注册信息已成功入库！
2019-07-05 00:43:38,486 - WARNING - connectionpool.py[:662] - Retrying (Retry(total=2, connect=None, read=None, redirect=None, status=None)) after connection broken by 'NewConnectionError('<urllib3.connection.HTTPConnection object at 0x0000007715C91F98>: Failed to establish a new connection: [WinError 10061] No connection could be made because the target machine actively refused it',)': /session/1da50037afd64a9ff64c95a1f3f8e9f6
2019-07-05 00:43:39,501 - WARNING - connectionpool.py[:662] - Retrying (Retry(total=1, connect=None, read=None, redirect=None, status=None)) after connection broken by 'NewConnectionError('<urllib3.connection.HTTPConnection object at 0x0000007715C79710>: Failed to establish a new connection: [WinError 10061] No connection could be made because the target machine actively refused it',)': /session/1da50037afd64a9ff64c95a1f3f8e9f6
2019-07-05 00:43:40,505 - WARNING - connectionpool.py[:662] - Retrying (Retry(total=0, connect=None, read=None, redirect=None, status=None)) after connection broken by 'NewConnectionError('<urllib3.connection.HTTPConnection object at 0x0000007715C79278>: Failed to establish a new connection: [WinError 10061] No connection could be made because the target machine actively refused it',)': /session/1da50037afd64a9ff64c95a1f3f8e9f6
2019-07-05 00:45:10,624 - INFO - register_de.py[:132] - 正在设置用户的基本信息...
2019-07-05 00:46:22,446 - INFO - register_de.py[:218] - 点击提交个人信息的设置!
2019-07-05 00:46:32,477 - INFO - register_de.py[:95] - 个人信息设置成功！success!
2019-07-05 00:46:50,391 - INFO - register_de.py[:223] - BuzzcCallyc652@nineboy.cc用户注册成功！
2019-07-05 00:46:52,371 - INFO - register_de.py[:256] - 注册信息已成功入库！
2019-07-05 00:46:56,742 - WARNING - connectionpool.py[:662] - Retrying (Retry(total=2, connect=None, read=None, redirect=None, status=None)) after connection broken by 'NewConnectionError('<urllib3.connection.HTTPConnection object at 0x00000077160AC6A0>: Failed to establish a new connection: [WinError 10061] No connection could be made because the target machine actively refused it',)': /session/0181bac8d3ec4b5b49470831a05eceb2
2019-07-05 00:46:57,738 - WARNING - connectionpool.py[:662] - Retrying (Retry(total=1, connect=None, read=None, redirect=None, status=None)) after connection broken by 'NewConnectionError('<urllib3.connection.HTTPConnection object at 0x00000077160AC9B0>: Failed to establish a new connection: [WinError 10061] No connection could be made because the target machine actively refused it',)': /session/0181bac8d3ec4b5b49470831a05eceb2
2019-07-05 00:46:58,744 - WARNING - connectionpool.py[:662] - Retrying (Retry(total=0, connect=None, read=None, redirect=None, status=None)) after connection broken by 'NewConnectionError('<urllib3.connection.HTTPConnection object at 0x00000077160AC940>: Failed to establish a new connection: [WinError 10061] No connection could be made because the target machine actively refused it',)': /session/0181bac8d3ec4b5b49470831a05eceb2
2019-07-05 00:48:17,465 - INFO - register_de.py[:104] - 注册出错，程序结束！
2019-07-05 00:49:35,542 - INFO - register_de.py[:104] - 注册出错，程序结束！
2019-07-05 00:51:44,848 - INFO - register_de.py[:123] - 注册出错，程序结束！
2019-07-05 00:54:11,006 - INFO - register_de.py[:132] - 正在设置用户的基本信息...
2019-07-05 00:55:29,588 - INFO - register_de.py[:218] - 点击提交个人信息的设置!
2019-07-05 00:55:39,632 - INFO - register_de.py[:95] - 个人信息设置成功！success!
2019-07-05 00:55:55,852 - INFO - register_de.py[:223] - IddoaKalebe142@aukey.online用户注册成功！
2019-07-05 00:55:59,341 - INFO - register_de.py[:256] - 注册信息已成功入库！
2019-07-05 00:56:02,536 - WARNING - connectionpool.py[:662] - Retrying (Retry(total=2, connect=None, read=None, redirect=None, status=None)) after connection broken by 'NewConnectionError('<urllib3.connection.HTTPConnection object at 0x00000077160CF748>: Failed to establish a new connection: [WinError 10061] No connection could be made because the target machine actively refused it',)': /session/01ff30f2e7a5a58bc116b897c4c4baf0
2019-07-05 00:56:03,538 - WARNING - connectionpool.py[:662] - Retrying (Retry(total=1, connect=None, read=None, redirect=None, status=None)) after connection broken by 'NewConnectionError('<urllib3.connection.HTTPConnection object at 0x00000077160CFB38>: Failed to establish a new connection: [WinError 10061] No connection could be made because the target machine actively refused it',)': /session/01ff30f2e7a5a58bc116b897c4c4baf0
2019-07-05 00:56:04,540 - WARNING - connectionpool.py[:662] - Retrying (Retry(total=0, connect=None, read=None, redirect=None, status=None)) after connection broken by 'NewConnectionError('<urllib3.connection.HTTPConnection object at 0x0000007715CA15F8>: Failed to establish a new connection: [WinError 10061] No connection could be made because the target machine actively refused it',)': /session/01ff30f2e7a5a58bc116b897c4c4baf0
2019-07-05 01:01:09,163 - INFO - register_de.py[:123] - 注册出错，程序结束！
2019-07-05 01:03:55,341 - INFO - register_de.py[:123] - 注册出错，程序结束！
2019-07-05 01:05:06,317 - INFO - register_de.py[:127] - 等待超时，程序终止！
2019-07-05 01:07:57,798 - INFO - register_de.py[:123] - 注册出错，程序结束！
2019-07-05 01:09:55,510 - INFO - register_de.py[:127] - 等待超时，程序终止！
2019-07-05 01:11:19,693 - INFO - register_de.py[:104] - 注册出错，程序结束！
2019-07-05 01:12:33,381 - INFO - register_de.py[:127] - 等待超时，程序终止！
2019-07-05 01:15:23,152 - INFO - register_de.py[:123] - 注册出错，程序结束！
2019-07-05 01:16:35,511 - INFO - register_de.py[:127] - 等待超时，程序终止！
2019-07-05 01:18:00,045 - INFO - register_de.py[:104] - 注册出错，程序结束！
2019-07-05 01:19:31,167 - INFO - register_de.py[:104] - 注册出错，程序结束！
2019-07-05 01:21:58,194 - INFO - register_de.py[:123] - 注册出错，程序结束！
2019-07-05 01:23:23,289 - INFO - register_de.py[:104] - 注册出错，程序结束！
2019-07-05 01:25:40,299 - INFO - register_de.py[:123] - 注册出错，程序结束！
2019-07-05 01:28:11,769 - INFO - register_de.py[:123] - 注册出错，程序结束！
2019-07-05 01:30:32,385 - INFO - register_de.py[:132] - 正在设置用户的基本信息...
2019-07-05 01:31:51,977 - INFO - register_de.py[:218] - 点击提交个人信息的设置!
2019-07-05 01:32:02,017 - INFO - register_de.py[:100] - 个人信息设置失败！failed,Quit!
2019-07-05 01:35:32,407 - INFO - register_de.py[:123] - 注册出错，程序结束！
2019-07-05 01:37:39,024 - INFO - register_de.py[:104] - 注册出错，程序结束！
2019-07-05 01:40:59,694 - INFO - register_de.py[:123] - 注册出错，程序结束！
2019-07-05 01:44:10,115 - INFO - register_de.py[:123] - 注册出错，程序结束！
2019-07-05 01:46:06,019 - INFO - register_de.py[:104] - 注册出错，程序结束！
2019-07-05 01:48:20,202 - INFO - register_de.py[:123] - 注册出错，程序结束！
2019-07-05 01:50:21,017 - INFO - register_de.py[:104] - 注册出错，程序结束！
2019-07-05 01:52:31,378 - INFO - register_de.py[:123] - 注册出错，程序结束！
2019-07-05 01:54:37,045 - INFO - register_de.py[:123] - 注册出错，程序结束！
2019-07-05 01:56:53,762 - INFO - register_de.py[:123] - 注册出错，程序结束！
2019-07-05 01:58:53,281 - INFO - register_de.py[:132] - 正在设置用户的基本信息...
2019-07-05 02:00:24,382 - INFO - register_de.py[:218] - 点击提交个人信息的设置!
2019-07-05 02:00:34,418 - INFO - register_de.py[:100] - 个人信息设置失败！failed,Quit!
2019-07-05 02:01:56,418 - INFO - register_de.py[:104] - 注册出错，程序结束！
2019-07-05 02:03:20,299 - INFO - register_de.py[:104] - 注册出错，程序结束！
2019-07-05 02:08:32,137 - INFO - register_de.py[:127] - 等待超时，程序终止！
2019-07-05 02:10:06,222 - INFO - register_de.py[:104] - 注册出错，程序结束！
2019-07-05 02:11:36,689 - INFO - register_de.py[:104] - 注册出错，程序结束！
2019-07-05 02:13:37,782 - INFO - register_de.py[:132] - 正在设置用户的基本信息...
2019-07-05 02:15:30,963 - INFO - register_de.py[:218] - 点击提交个人信息的设置!
2019-07-05 02:15:41,001 - INFO - register_de.py[:100] - 个人信息设置失败！failed,Quit!
2019-07-05 02:17:40,494 - INFO - register_de.py[:132] - 正在设置用户的基本信息...
2019-07-05 02:18:54,846 - INFO - register_de.py[:218] - 点击提交个人信息的设置!
2019-07-05 02:19:04,884 - INFO - register_de.py[:100] - 个人信息设置失败！failed,Quit!
2019-07-05 02:21:16,035 - INFO - register_de.py[:123] - 注册出错，程序结束！
2019-07-05 02:22:40,946 - INFO - register_de.py[:132] - 正在设置用户的基本信息...
2019-07-05 02:23:50,808 - INFO - register_de.py[:218] - 点击提交个人信息的设置!
2019-07-05 02:24:00,855 - INFO - register_de.py[:100] - 个人信息设置失败！failed,Quit!
2019-07-05 02:29:38,611 - INFO - register_de.py[:127] - 等待超时，程序终止！
2019-07-05 02:34:49,537 - INFO - register_de.py[:127] - 等待超时，程序终止！
2019-07-05 02:36:01,795 - INFO - register_de.py[:127] - 等待超时，程序终止！
2019-07-05 02:36:08,626 - INFO - register_de.py[:330] - 当前无注册任务，程序[sleep 10m]...
2019-07-05 02:51:56,342 - INFO - register_de.py[:127] - 等待超时，程序终止！
2019-07-05 02:54:06,514 - INFO - register_de.py[:123] - 注册出错，程序结束！
2019-07-05 02:55:34,084 - INFO - register_de.py[:104] - 注册出错，程序结束！
2019-07-05 02:56:43,935 - INFO - register_de.py[:104] - 注册出错，程序结束！
2019-07-05 02:58:08,466 - INFO - register_de.py[:127] - 等待超时，程序终止！
2019-07-05 03:00:16,205 - INFO - register_de.py[:132] - 正在设置用户的基本信息...
2019-07-05 03:01:50,833 - INFO - register_de.py[:218] - 点击提交个人信息的设置!
2019-07-05 03:02:00,876 - INFO - register_de.py[:100] - 个人信息设置失败！failed,Quit!
2019-07-05 03:07:12,799 - INFO - register_de.py[:127] - 等待超时，程序终止！
2019-07-05 03:09:12,273 - INFO - register_de.py[:104] - 注册出错，程序结束！
2019-07-05 03:11:21,242 - INFO - register_de.py[:123] - 注册出错，程序结束！
2019-07-05 03:13:28,758 - INFO - register_de.py[:123] - 注册出错，程序结束！
2019-07-05 03:16:54,010 - INFO - register_de.py[:104] - 注册出错，程序结束！
2019-07-05 03:18:47,329 - INFO - register_de.py[:132] - 正在设置用户的基本信息...
2019-07-05 03:19:33,611 - INFO - register_de.py[:218] - 点击提交个人信息的设置!
2019-07-05 03:19:43,660 - INFO - register_de.py[:100] - 个人信息设置失败！failed,Quit!
2019-07-05 03:21:31,631 - INFO - register_de.py[:132] - 正在设置用户的基本信息...
2019-07-05 03:22:16,396 - INFO - register_de.py[:218] - 点击提交个人信息的设置!
2019-07-05 03:22:26,450 - INFO - register_de.py[:100] - 个人信息设置失败！failed,Quit!
2019-07-05 03:23:37,745 - INFO - register_de.py[:104] - 注册出错，程序结束！
2019-07-05 03:24:59,551 - INFO - register_de.py[:104] - 注册出错，程序结束！
2019-07-05 03:26:39,768 - INFO - register_de.py[:127] - 等待超时，程序终止！
2019-07-05 03:29:07,072 - INFO - register_de.py[:132] - 正在设置用户的基本信息...
2019-07-05 03:31:11,752 - INFO - register_de.py[:218] - 点击提交个人信息的设置!
2019-07-05 03:31:21,809 - INFO - register_de.py[:100] - 个人信息设置失败！failed,Quit!
2019-07-05 03:36:49,854 - INFO - register_de.py[:127] - 等待超时，程序终止！
2019-07-05 03:38:51,312 - INFO - register_de.py[:123] - 注册出错，程序结束！
2019-07-05 03:40:07,821 - INFO - register_de.py[:104] - 注册出错，程序结束！
2019-07-05 03:41:39,272 - INFO - register_de.py[:104] - 注册出错，程序结束！
2019-07-05 03:43:27,600 - INFO - register_de.py[:104] - 注册出错，程序结束！
2019-07-05 03:45:51,540 - INFO - register_de.py[:123] - 注册出错，程序结束！
2019-07-05 03:47:15,356 - INFO - register_de.py[:132] - 正在设置用户的基本信息...
2019-07-05 03:47:58,793 - INFO - register_de.py[:218] - 点击提交个人信息的设置!
2019-07-05 03:48:08,836 - INFO - register_de.py[:100] - 个人信息设置失败！failed,Quit!
2019-07-05 03:50:57,648 - INFO - register_de.py[:123] - 注册出错，程序结束！
2019-07-05 03:52:08,635 - INFO - register_de.py[:127] - 等待超时，程序终止！
2019-07-05 03:53:23,346 - INFO - register_de.py[:104] - 注册出错，程序结束！
2019-07-05 03:55:47,452 - INFO - register_de.py[:132] - 正在设置用户的基本信息...
2019-07-05 03:57:23,263 - INFO - register_de.py[:218] - 点击提交个人信息的设置!
2019-07-05 03:57:33,304 - INFO - register_de.py[:100] - 个人信息设置失败！failed,Quit!
2019-07-05 03:58:46,631 - INFO - register_de.py[:104] - 注册出错，程序结束！
2019-07-05 04:00:23,204 - INFO - register_de.py[:104] - 注册出错，程序结束！
2019-07-05 04:03:39,713 - INFO - register_de.py[:132] - 正在设置用户的基本信息...
2019-07-05 04:05:28,893 - INFO - register_de.py[:218] - 点击提交个人信息的设置!
2019-07-05 04:05:38,945 - INFO - register_de.py[:100] - 个人信息设置失败！failed,Quit!
2019-07-05 04:09:16,241 - INFO - register_de.py[:123] - 注册出错，程序结束！
2019-07-05 04:11:30,092 - INFO - register_de.py[:123] - 注册出错，程序结束！
2019-07-05 04:13:30,274 - INFO - register_de.py[:127] - 等待超时，程序终止！
2019-07-05 04:15:32,212 - INFO - register_de.py[:132] - 正在设置用户的基本信息...
2019-07-05 04:16:32,769 - INFO - register_de.py[:218] - 点击提交个人信息的设置!
2019-07-05 04:16:42,813 - INFO - register_de.py[:100] - 个人信息设置失败！failed,Quit!
2019-07-05 04:18:46,317 - INFO - register_de.py[:123] - 注册出错，程序结束！
2019-07-05 04:22:41,223 - INFO - register_de.py[:123] - 注册出错，程序结束！
2019-07-05 04:25:07,799 - INFO - register_de.py[:132] - 正在设置用户的基本信息...
2019-07-05 04:28:27,348 - INFO - register_de.py[:218] - 点击提交个人信息的设置!
2019-07-05 04:28:37,387 - INFO - register_de.py[:100] - 个人信息设置失败！failed,Quit!
2019-07-05 04:30:01,779 - INFO - register_de.py[:104] - 注册出错，程序结束！
2019-07-05 04:31:12,572 - INFO - register_de.py[:104] - 注册出错，程序结束！
2019-07-05 04:32:25,134 - INFO - register_de.py[:104] - 注册出错，程序结束！
2019-07-05 04:33:40,976 - INFO - register_de.py[:104] - 注册出错，程序结束！
2019-07-05 04:35:00,707 - INFO - register_de.py[:132] - 正在设置用户的基本信息...
2019-07-05 04:35:58,112 - INFO - register_de.py[:218] - 点击提交个人信息的设置!
2019-07-05 04:36:08,157 - INFO - register_de.py[:100] - 个人信息设置失败！failed,Quit!
2019-07-05 04:38:06,691 - INFO - register_de.py[:132] - 正在设置用户的基本信息...
2019-07-05 04:43:13,178 - INFO - register_de.py[:104] - 注册出错，程序结束！
2019-07-05 04:48:43,841 - INFO - register_de.py[:127] - 等待超时，程序终止！
2019-07-05 04:51:00,731 - INFO - register_de.py[:123] - 注册出错，程序结束！
2019-07-05 04:56:26,111 - INFO - register_de.py[:127] - 等待超时，程序终止！
2019-07-05 04:58:29,669 - INFO - register_de.py[:132] - 正在设置用户的基本信息...
2019-07-05 05:00:47,179 - INFO - register_de.py[:218] - 点击提交个人信息的设置!
2019-07-05 05:00:57,231 - INFO - register_de.py[:100] - 个人信息设置失败！failed,Quit!
2019-07-05 05:02:28,325 - INFO - register_de.py[:104] - 注册出错，程序结束！
2019-07-05 05:04:35,147 - INFO - register_de.py[:132] - 正在设置用户的基本信息...
2019-07-05 05:06:47,153 - INFO - register_de.py[:123] - 注册出错，程序结束！
2019-07-05 05:09:33,834 - INFO - register_de.py[:132] - 正在设置用户的基本信息...
2019-07-05 05:15:05,197 - INFO - register_de.py[:218] - 点击提交个人信息的设置!
2019-07-05 05:15:15,243 - INFO - register_de.py[:100] - 个人信息设置失败！failed,Quit!
2019-07-05 05:17:08,776 - INFO - register_de.py[:104] - 注册出错，程序结束！
2019-07-05 05:19:26,126 - INFO - register_de.py[:132] - 正在设置用户的基本信息...
2019-07-05 05:20:52,329 - INFO - register_de.py[:123] - 注册出错，程序结束！
2019-07-05 05:22:03,182 - INFO - register_de.py[:104] - 注册出错，程序结束！
2019-07-05 05:23:15,942 - INFO - register_de.py[:104] - 注册出错，程序结束！
2019-07-05 05:24:27,808 - INFO - register_de.py[:104] - 注册出错，程序结束！
2019-07-05 05:26:36,832 - INFO - register_de.py[:132] - 正在设置用户的基本信息...
2019-07-05 05:27:55,839 - INFO - register_de.py[:218] - 点击提交个人信息的设置!
2019-07-05 05:28:05,896 - INFO - register_de.py[:100] - 个人信息设置失败！failed,Quit!
2019-07-05 05:29:33,593 - INFO - register_de.py[:104] - 注册出错，程序结束！
2019-07-05 05:30:50,223 - INFO - register_de.py[:104] - 注册出错，程序结束！
2019-07-05 05:32:03,756 - INFO - register_de.py[:104] - 注册出错，程序结束！
2019-07-05 05:33:14,437 - INFO - register_de.py[:127] - 等待超时，程序终止！
2019-07-05 05:35:09,600 - INFO - register_de.py[:104] - 注册出错，程序结束！
2019-07-05 05:36:21,902 - INFO - register_de.py[:104] - 注册出错，程序结束！
2019-07-05 05:37:31,177 - INFO - register_de.py[:104] - 注册出错，程序结束！
2019-07-05 05:39:08,580 - INFO - register_de.py[:127] - 等待超时，程序终止！
2019-07-05 05:40:21,888 - INFO - register_de.py[:104] - 注册出错，程序结束！
2019-07-05 05:41:45,176 - INFO - register_de.py[:104] - 注册出错，程序结束！
2019-07-05 05:43:14,430 - INFO - register_de.py[:132] - 正在设置用户的基本信息...
2019-07-05 05:44:04,241 - INFO - register_de.py[:218] - 点击提交个人信息的设置!
2019-07-05 05:44:14,296 - INFO - register_de.py[:100] - 个人信息设置失败！failed,Quit!
2019-07-05 05:45:32,471 - INFO - register_de.py[:132] - 正在设置用户的基本信息...
2019-07-05 05:46:29,315 - INFO - register_de.py[:218] - 点击提交个人信息的设置!
2019-07-05 05:46:39,371 - INFO - register_de.py[:100] - 个人信息设置失败！failed,Quit!
2019-07-05 05:47:51,854 - INFO - register_de.py[:104] - 注册出错，程序结束！
2019-07-05 05:49:32,011 - INFO - register_de.py[:123] - 注册出错，程序结束！
2019-07-05 05:50:40,724 - INFO - register_de.py[:104] - 注册出错，程序结束！
2019-07-05 05:52:25,901 - INFO - register_de.py[:132] - 正在设置用户的基本信息...
2019-07-05 05:53:06,698 - INFO - register_de.py[:218] - 点击提交个人信息的设置!
2019-07-05 05:53:16,755 - INFO - register_de.py[:100] - 个人信息设置失败！failed,Quit!
2019-07-05 05:54:42,820 - INFO - register_de.py[:104] - 注册出错，程序结束！
2019-07-05 05:55:54,685 - INFO - register_de.py[:104] - 注册出错，程序结束！
2019-07-05 05:57:05,543 - INFO - register_de.py[:104] - 注册出错，程序结束！
2019-07-05 05:59:36,074 - INFO - register_de.py[:132] - 正在设置用户的基本信息...
2019-07-05 06:01:00,797 - INFO - register_de.py[:218] - 点击提交个人信息的设置!
2019-07-05 06:01:10,839 - INFO - register_de.py[:100] - 个人信息设置失败！failed,Quit!
2019-07-05 06:02:24,926 - INFO - register_de.py[:132] - 正在设置用户的基本信息...
2019-07-05 06:03:25,497 - INFO - register_de.py[:123] - 注册出错，程序结束！
2019-07-05 06:04:33,722 - INFO - register_de.py[:104] - 注册出错，程序结束！
2019-07-05 06:05:50,222 - INFO - register_de.py[:132] - 正在设置用户的基本信息...
2019-07-05 06:06:47,626 - INFO - register_de.py[:218] - 点击提交个人信息的设置!
2019-07-05 06:06:57,666 - INFO - register_de.py[:100] - 个人信息设置失败！failed,Quit!
2019-07-05 06:08:10,914 - INFO - register_de.py[:104] - 注册出错，程序结束！
2019-07-05 06:09:23,674 - INFO - register_de.py[:104] - 注册出错，程序结束！
2019-07-05 06:10:39,714 - INFO - register_de.py[:104] - 注册出错，程序结束！
2019-07-05 06:13:10,061 - INFO - register_de.py[:123] - 注册出错，程序结束！
2019-07-05 06:14:21,359 - INFO - register_de.py[:104] - 注册出错，程序结束！
2019-07-05 06:16:50,729 - INFO - register_de.py[:123] - 注册出错，程序结束！
2019-07-05 06:18:42,309 - INFO - register_de.py[:104] - 注册出错，程序结束！
2019-07-05 06:20:08,719 - INFO - register_de.py[:104] - 注册出错，程序结束！
2019-07-05 06:22:09,414 - INFO - register_de.py[:123] - 注册出错，程序结束！
2019-07-05 06:23:24,776 - INFO - register_de.py[:132] - 正在设置用户的基本信息...
2019-07-05 06:24:14,956 - INFO - register_de.py[:218] - 点击提交个人信息的设置!
2019-07-05 06:24:24,991 - INFO - register_de.py[:100] - 个人信息设置失败！failed,Quit!
2019-07-05 06:25:35,316 - INFO - register_de.py[:104] - 注册出错，程序结束！
2019-07-05 06:27:05,042 - INFO - register_de.py[:104] - 注册出错，程序结束！
2019-07-05 06:28:27,052 - INFO - register_de.py[:104] - 注册出错，程序结束！
2019-07-05 06:33:37,588 - INFO - register_de.py[:127] - 等待超时，程序终止！
2019-07-05 06:39:36,421 - INFO - register_de.py[:127] - 等待超时，程序终止！
2019-07-05 06:40:56,028 - INFO - register_de.py[:104] - 注册出错，程序结束！
2019-07-05 06:42:29,939 - INFO - register_de.py[:104] - 注册出错，程序结束！
2019-07-05 06:48:51,219 - INFO - register_de.py[:127] - 等待超时，程序终止！
2019-07-05 06:54:12,765 - INFO - register_de.py[:127] - 等待超时，程序终止！
2019-07-05 06:55:24,578 - INFO - register_de.py[:104] - 注册出错，程序结束！
2019-07-05 06:56:52,578 - INFO - register_de.py[:104] - 注册出错，程序结束！
2019-07-05 06:58:23,915 - INFO - register_de.py[:104] - 注册出错，程序结束！
2019-07-05 07:03:49,075 - INFO - register_de.py[:127] - 等待超时，程序终止！
2019-07-05 07:05:57,305 - INFO - register_de.py[:104] - 注册出错，程序结束！
2019-07-05 07:08:37,942 - INFO - register_de.py[:123] - 注册出错，程序结束！
2019-07-05 07:10:46,696 - INFO - register_de.py[:123] - 注册出错，程序结束！
2019-07-05 07:13:03,410 - INFO - register_de.py[:123] - 注册出错，程序结束！
2019-07-05 07:14:48,351 - INFO - register_de.py[:123] - 注册出错，程序结束！
2019-07-05 07:16:12,797 - INFO - register_de.py[:104] - 注册出错，程序结束！
2019-07-05 07:17:54,697 - INFO - register_de.py[:104] - 注册出错，程序结束！
2019-07-05 07:19:18,166 - INFO - register_de.py[:104] - 注册出错，程序结束！
2019-07-05 07:20:56,726 - INFO - register_de.py[:127] - 等待超时，程序终止！
2019-07-05 07:23:32,243 - INFO - register_de.py[:123] - 注册出错，程序结束！
2019-07-05 07:25:00,541 - INFO - register_de.py[:104] - 注册出错，程序结束！
2019-07-05 07:26:19,568 - INFO - register_de.py[:104] - 注册出错，程序结束！
2019-07-05 07:27:38,861 - INFO - register_de.py[:104] - 注册出错，程序结束！
2019-07-05 07:29:30,779 - INFO - register_de.py[:104] - 注册出错，程序结束！
2019-07-05 07:35:49,829 - INFO - register_de.py[:127] - 等待超时，程序终止！
2019-07-05 07:38:50,035 - INFO - register_de.py[:123] - 注册出错，程序结束！
2019-07-05 07:44:53,790 - INFO - register_de.py[:127] - 等待超时，程序终止！
2019-07-05 07:46:01,347 - INFO - register_de.py[:104] - 注册出错，程序结束！
2019-07-05 07:47:28,705 - INFO - register_de.py[:104] - 注册出错，程序结束！
2019-07-05 07:49:46,406 - INFO - register_de.py[:123] - 注册出错，程序结束！
2019-07-05 07:52:29,935 - INFO - register_de.py[:123] - 注册出错，程序结束！
2019-07-05 07:59:07,029 - INFO - register_de.py[:127] - 等待超时，程序终止！
2019-07-05 08:00:36,790 - INFO - register_de.py[:132] - 正在设置用户的基本信息...
2019-07-05 08:02:56,004 - INFO - register_de.py[:218] - 点击提交个人信息的设置!
2019-07-05 08:03:06,066 - INFO - register_de.py[:100] - 个人信息设置失败！failed,Quit!
2019-07-05 08:08:49,108 - INFO - register_de.py[:127] - 等待超时，程序终止！
2019-07-05 08:10:14,072 - INFO - register_de.py[:104] - 注册出错，程序结束！
2019-07-05 08:11:36,487 - INFO - register_de.py[:104] - 注册出错，程序结束！
2019-07-05 08:12:50,152 - INFO - register_de.py[:104] - 注册出错，程序结束！
2019-07-05 08:14:00,387 - INFO - register_de.py[:104] - 注册出错，程序结束！
2019-07-05 08:15:14,009 - INFO - register_de.py[:104] - 注册出错，程序结束！
2019-07-05 08:20:38,451 - INFO - register_de.py[:127] - 等待超时，程序终止！
2019-07-05 08:21:53,466 - INFO - register_de.py[:104] - 注册出错，程序结束！
2019-07-05 08:23:03,794 - INFO - register_de.py[:127] - 等待超时，程序终止！
2019-07-05 08:25:49,437 - INFO - register_de.py[:123] - 注册出错，程序结束！
2019-07-05 08:27:05,267 - INFO - register_de.py[:104] - 注册出错，程序结束！
2019-07-05 08:28:35,675 - INFO - register_de.py[:104] - 注册出错，程序结束！
2019-07-05 08:30:09,060 - INFO - register_de.py[:104] - 注册出错，程序结束！
2019-07-05 08:31:19,663 - INFO - register_de.py[:127] - 等待超时，程序终止！
2019-07-05 08:32:40,964 - INFO - register_de.py[:104] - 注册出错，程序结束！
2019-07-05 08:34:04,491 - INFO - register_de.py[:104] - 注册出错，程序结束！
2019-07-05 08:35:17,784 - INFO - register_de.py[:104] - 注册出错，程序结束！
2019-07-05 08:36:38,874 - INFO - register_de.py[:104] - 注册出错，程序结束！
2019-07-05 08:38:23,274 - INFO - register_de.py[:104] - 注册出错，程序结束！
2019-07-05 08:41:48,180 - INFO - register_de.py[:132] - 正在设置用户的基本信息...
2019-07-05 08:45:35,064 - INFO - register_de.py[:218] - 点击提交个人信息的设置!
2019-07-05 08:45:45,110 - INFO - register_de.py[:100] - 个人信息设置失败！failed,Quit!
2019-07-05 08:47:08,619 - INFO - register_de.py[:104] - 注册出错，程序结束！
2019-07-05 08:48:25,819 - INFO - register_de.py[:104] - 注册出错，程序结束！
2019-07-05 08:49:43,518 - INFO - register_de.py[:104] - 注册出错，程序结束！
2019-07-05 08:50:51,383 - INFO - register_de.py[:104] - 注册出错，程序结束！
2019-07-05 08:52:10,074 - INFO - register_de.py[:104] - 注册出错，程序结束！
2019-07-05 08:53:27,213 - INFO - register_de.py[:104] - 注册出错，程序结束！
2019-07-05 08:54:36,717 - INFO - register_de.py[:104] - 注册出错，程序结束！
2019-07-05 08:59:47,368 - INFO - register_de.py[:127] - 等待超时，程序终止！
2019-07-05 09:01:13,692 - INFO - register_de.py[:104] - 注册出错，程序结束！
2019-07-05 09:02:33,650 - INFO - register_de.py[:104] - 注册出错，程序结束！
2019-07-05 09:03:57,623 - INFO - register_de.py[:104] - 注册出错，程序结束！
2019-07-05 09:05:14,603 - INFO - register_de.py[:104] - 注册出错，程序结束！
2019-07-05 09:07:26,406 - INFO - register_de.py[:123] - 注册出错，程序结束！
2019-07-05 09:11:04,561 - INFO - register_de.py[:132] - 正在设置用户的基本信息...
2019-07-05 09:13:17,896 - INFO - register_de.py[:218] - 点击提交个人信息的设置!
2019-07-05 09:13:27,956 - INFO - register_de.py[:100] - 个人信息设置失败！failed,Quit!
2019-07-05 09:14:44,271 - INFO - register_de.py[:104] - 注册出错，程序结束！
2019-07-05 09:16:05,121 - INFO - register_de.py[:132] - 正在设置用户的基本信息...
2019-07-05 09:16:49,347 - INFO - register_de.py[:218] - 点击提交个人信息的设置!
2019-07-05 09:16:59,388 - INFO - register_de.py[:100] - 个人信息设置失败！failed,Quit!
2019-07-05 09:18:15,105 - INFO - register_de.py[:132] - 正在设置用户的基本信息...
2019-07-05 09:18:55,072 - INFO - register_de.py[:218] - 点击提交个人信息的设置!
2019-07-05 09:19:05,116 - INFO - register_de.py[:100] - 个人信息设置失败！failed,Quit!
2019-07-05 09:20:18,176 - INFO - register_de.py[:132] - 正在设置用户的基本信息...
2019-07-05 09:20:57,139 - INFO - register_de.py[:218] - 点击提交个人信息的设置!
2019-07-05 09:21:07,183 - INFO - register_de.py[:100] - 个人信息设置失败！failed,Quit!
2019-07-05 09:22:20,143 - INFO - register_de.py[:132] - 正在设置用户的基本信息...
2019-07-05 09:22:58,941 - INFO - register_de.py[:218] - 点击提交个人信息的设置!
2019-07-05 09:23:09,011 - INFO - register_de.py[:100] - 个人信息设置失败！failed,Quit!
2019-07-05 09:24:19,897 - INFO - register_de.py[:104] - 注册出错，程序结束！
2019-07-05 09:25:43,951 - INFO - register_de.py[:132] - 正在设置用户的基本信息...
2019-07-05 09:26:34,909 - INFO - register_de.py[:218] - 点击提交个人信息的设置!
2019-07-05 09:26:44,953 - INFO - register_de.py[:100] - 个人信息设置失败！failed,Quit!
2019-07-05 09:27:59,615 - INFO - register_de.py[:132] - 正在设置用户的基本信息...
2019-07-05 09:28:38,990 - INFO - register_de.py[:218] - 点击提交个人信息的设置!
2019-07-05 09:28:49,039 - INFO - register_de.py[:100] - 个人信息设置失败！failed,Quit!
2019-07-05 09:30:57,115 - INFO - register_de.py[:132] - 正在设置用户的基本信息...
