2019-08-08 18:40:50,285 ZhiLian.py[line:112]ERROR - *=*=*=* 没有找到元素，可能是页面元素信息变更 *=*=*=*=*
2019-08-08 18:40:50,285 ZhiLian.py[line:113]ERROR - *=*=*=* 现在需要管理员重新登录页面来刷新cookie *=*=*=*
2019-08-08 18:45:26,551 ZhiLian.py[line:136]INFO - 本地的cookies文件已经刷新
2019-08-08 18:45:53,653 ZhiLian.py[line:476]INFO - 数据库准备输入>>>>>>>
2019-08-08 18:45:53,987 ZhiLian.py[line:426]WARNING - 没有查找到时间节点
2019-08-08 18:45:53,987 ZhiLian.py[line:457]INFO - 数据库准备修改数据>>>>>>>
2019-08-08 18:45:56,347 ZhiLian.py[line:476]INFO - 数据库准备输入>>>>>>>
2019-08-08 18:45:56,677 ZhiLian.py[line:457]INFO - 数据库准备修改数据>>>>>>>
2019-08-08 18:45:59,045 ZhiLian.py[line:476]INFO - 数据库准备输入>>>>>>>
2019-08-08 18:45:59,378 ZhiLian.py[line:457]INFO - 数据库准备修改数据>>>>>>>
2019-08-08 18:46:01,747 ZhiLian.py[line:476]INFO - 数据库准备输入>>>>>>>
2019-08-08 18:46:02,078 ZhiLian.py[line:457]INFO - 数据库准备修改数据>>>>>>>
2019-08-08 18:46:04,445 ZhiLian.py[line:476]INFO - 数据库准备输入>>>>>>>
2019-08-08 18:46:04,776 ZhiLian.py[line:457]INFO - 数据库准备修改数据>>>>>>>
2019-08-08 18:46:07,144 ZhiLian.py[line:476]INFO - 数据库准备输入>>>>>>>
2019-08-08 18:46:07,472 ZhiLian.py[line:457]INFO - 数据库准备修改数据>>>>>>>
2019-08-08 18:46:09,839 ZhiLian.py[line:476]INFO - 数据库准备输入>>>>>>>
2019-08-08 18:46:10,173 ZhiLian.py[line:457]INFO - 数据库准备修改数据>>>>>>>
2019-08-08 18:46:12,537 ZhiLian.py[line:476]INFO - 数据库准备输入>>>>>>>
2019-08-08 18:46:12,912 ZhiLian.py[line:457]INFO - 数据库准备修改数据>>>>>>>
2019-08-08 18:46:15,290 ZhiLian.py[line:476]INFO - 数据库准备输入>>>>>>>
2019-08-08 18:46:15,622 ZhiLian.py[line:457]INFO - 数据库准备修改数据>>>>>>>
2019-08-08 18:46:18,002 ZhiLian.py[line:476]INFO - 数据库准备输入>>>>>>>
2019-08-08 18:46:18,351 ZhiLian.py[line:457]INFO - 数据库准备修改数据>>>>>>>
2019-08-08 18:46:20,745 ZhiLian.py[line:476]INFO - 数据库准备输入>>>>>>>
2019-08-08 18:46:21,077 ZhiLian.py[line:457]INFO - 数据库准备修改数据>>>>>>>
2019-08-08 18:46:23,446 ZhiLian.py[line:476]INFO - 数据库准备输入>>>>>>>
2019-08-08 18:46:23,806 ZhiLian.py[line:457]INFO - 数据库准备修改数据>>>>>>>
2019-08-08 18:46:26,177 ZhiLian.py[line:476]INFO - 数据库准备输入>>>>>>>
2019-08-08 18:46:26,510 ZhiLian.py[line:457]INFO - 数据库准备修改数据>>>>>>>
2019-08-08 18:46:28,879 ZhiLian.py[line:476]INFO - 数据库准备输入>>>>>>>
2019-08-08 18:46:29,231 ZhiLian.py[line:457]INFO - 数据库准备修改数据>>>>>>>
2019-08-08 18:46:31,604 ZhiLian.py[line:476]INFO - 数据库准备输入>>>>>>>
2019-08-08 18:46:32,071 ZhiLian.py[line:457]INFO - 数据库准备修改数据>>>>>>>
2019-08-08 18:46:34,448 ZhiLian.py[line:476]INFO - 数据库准备输入>>>>>>>
2019-08-08 18:46:34,780 ZhiLian.py[line:457]INFO - 数据库准备修改数据>>>>>>>
2019-08-08 18:46:37,153 ZhiLian.py[line:476]INFO - 数据库准备输入>>>>>>>
2019-08-08 18:46:37,501 ZhiLian.py[line:457]INFO - 数据库准备修改数据>>>>>>>
2019-08-08 18:46:39,865 ZhiLian.py[line:476]INFO - 数据库准备输入>>>>>>>
2019-08-08 18:46:40,190 ZhiLian.py[line:457]INFO - 数据库准备修改数据>>>>>>>
2019-08-08 18:46:42,553 ZhiLian.py[line:476]INFO - 数据库准备输入>>>>>>>
2019-08-08 18:46:42,891 ZhiLian.py[line:457]INFO - 数据库准备修改数据>>>>>>>
2019-08-08 18:46:45,254 ZhiLian.py[line:476]INFO - 数据库准备输入>>>>>>>
2019-08-08 18:46:45,584 ZhiLian.py[line:457]INFO - 数据库准备修改数据>>>>>>>
2019-08-08 18:46:45,906 ZhiLian.py[line:431]INFO - 您在广州时时美电子商务有限公司账号的第1页有8条简历信息超过规定天数没有刷新了
2019-08-08 18:46:45,907 ZhiLian.py[line:614]INFO - **************************************************
2019-08-08 18:46:51,806 ZhiLian.py[line:523]INFO - 您在账号的第1页有1个信息超过30天没有 重新发布/上线
2019-08-08 18:46:51,886 ZhiLian.py[line:621]INFO - 在第1页运行成功
2019-08-08 18:47:17,871 ZhiLian.py[line:476]INFO - 数据库准备输入>>>>>>>
2019-08-08 18:47:18,193 ZhiLian.py[line:457]INFO - 数据库准备修改数据>>>>>>>
2019-08-08 18:47:20,554 ZhiLian.py[line:476]INFO - 数据库准备输入>>>>>>>
2019-08-08 18:47:20,875 ZhiLian.py[line:457]INFO - 数据库准备修改数据>>>>>>>
2019-08-08 18:47:23,235 ZhiLian.py[line:476]INFO - 数据库准备输入>>>>>>>
2019-08-08 18:47:23,557 ZhiLian.py[line:457]INFO - 数据库准备修改数据>>>>>>>
2019-08-08 18:47:25,928 ZhiLian.py[line:476]INFO - 数据库准备输入>>>>>>>
2019-08-08 18:47:26,261 ZhiLian.py[line:457]INFO - 数据库准备修改数据>>>>>>>
2019-08-08 18:47:28,621 ZhiLian.py[line:476]INFO - 数据库准备输入>>>>>>>
2019-08-08 18:47:28,945 ZhiLian.py[line:457]INFO - 数据库准备修改数据>>>>>>>
2019-08-08 18:47:31,310 ZhiLian.py[line:476]INFO - 数据库准备输入>>>>>>>
2019-08-08 18:47:31,639 ZhiLian.py[line:457]INFO - 数据库准备修改数据>>>>>>>
2019-08-08 18:47:34,003 ZhiLian.py[line:476]INFO - 数据库准备输入>>>>>>>
2019-08-08 18:47:34,323 ZhiLian.py[line:457]INFO - 数据库准备修改数据>>>>>>>
2019-08-08 18:47:36,684 ZhiLian.py[line:476]INFO - 数据库准备输入>>>>>>>
2019-08-08 18:47:37,013 ZhiLian.py[line:457]INFO - 数据库准备修改数据>>>>>>>
2019-08-08 18:47:39,378 ZhiLian.py[line:476]INFO - 数据库准备输入>>>>>>>
2019-08-08 18:47:39,702 ZhiLian.py[line:457]INFO - 数据库准备修改数据>>>>>>>
2019-08-08 18:47:42,064 ZhiLian.py[line:476]INFO - 数据库准备输入>>>>>>>
2019-08-08 18:47:42,398 ZhiLian.py[line:457]INFO - 数据库准备修改数据>>>>>>>
2019-08-08 18:47:44,764 ZhiLian.py[line:476]INFO - 数据库准备输入>>>>>>>
2019-08-08 18:47:45,103 ZhiLian.py[line:457]INFO - 数据库准备修改数据>>>>>>>
2019-08-08 18:47:47,471 ZhiLian.py[line:476]INFO - 数据库准备输入>>>>>>>
2019-08-08 18:47:47,795 ZhiLian.py[line:457]INFO - 数据库准备修改数据>>>>>>>
2019-08-08 18:47:50,163 ZhiLian.py[line:476]INFO - 数据库准备输入>>>>>>>
2019-08-08 18:47:50,484 ZhiLian.py[line:457]INFO - 数据库准备修改数据>>>>>>>
2019-08-08 18:47:52,843 ZhiLian.py[line:476]INFO - 数据库准备输入>>>>>>>
2019-08-08 18:47:53,167 ZhiLian.py[line:457]INFO - 数据库准备修改数据>>>>>>>
2019-08-08 18:47:55,528 ZhiLian.py[line:476]INFO - 数据库准备输入>>>>>>>
2019-08-08 18:47:55,851 ZhiLian.py[line:457]INFO - 数据库准备修改数据>>>>>>>
2019-08-08 18:47:58,218 ZhiLian.py[line:476]INFO - 数据库准备输入>>>>>>>
2019-08-08 18:47:58,543 ZhiLian.py[line:457]INFO - 数据库准备修改数据>>>>>>>
2019-08-08 18:48:00,918 ZhiLian.py[line:476]INFO - 数据库准备输入>>>>>>>
2019-08-08 18:48:01,241 ZhiLian.py[line:457]INFO - 数据库准备修改数据>>>>>>>
2019-08-08 18:48:03,602 ZhiLian.py[line:476]INFO - 数据库准备输入>>>>>>>
2019-08-08 18:48:03,929 ZhiLian.py[line:457]INFO - 数据库准备修改数据>>>>>>>
2019-08-08 18:48:06,292 ZhiLian.py[line:476]INFO - 数据库准备输入>>>>>>>
2019-08-08 18:48:06,615 ZhiLian.py[line:457]INFO - 数据库准备修改数据>>>>>>>
2019-08-08 18:48:08,977 ZhiLian.py[line:476]INFO - 数据库准备输入>>>>>>>
2019-08-08 18:48:09,301 ZhiLian.py[line:457]INFO - 数据库准备修改数据>>>>>>>
2019-08-08 18:48:09,623 ZhiLian.py[line:431]INFO - 您在广州时时美电子商务有限公司账号的第2页有20条简历信息超过规定天数没有刷新了
2019-08-08 18:48:09,623 ZhiLian.py[line:614]INFO - **************************************************
2019-08-08 18:48:15,500 ZhiLian.py[line:523]INFO - 您在账号的第2页有1个信息超过30天没有 重新发布/上线
2019-08-08 18:48:15,501 ZhiLian.py[line:582]INFO - 》》》》》系统发送刷新信息成功
2019-08-08 18:48:15,544 ZhiLian.py[line:597]INFO - 》》》》》系统发送发布信息成功
2019-08-08 18:48:44,415 ZhiLian.py[line:171]INFO - 当前位置为第1页！
2019-08-08 18:49:34,914 ZhiLian.py[line:226]INFO - 抢人程序跑完了》》等待接下来的操作
2019-08-08 18:49:44,010 ZhiLian.py[line:171]INFO - 当前位置为第2页！
2019-08-08 18:50:31,533 ZhiLian.py[line:226]INFO - 抢人程序跑完了》》等待接下来的操作
2019-08-08 18:50:38,621 ZhiLian.py[line:171]INFO - 当前位置为第3页！
2019-08-08 18:51:31,822 ZhiLian.py[line:226]INFO - 抢人程序跑完了》》等待接下来的操作
2019-08-08 18:51:39,906 ZhiLian.py[line:171]INFO - 当前位置为第4页！
2019-08-08 18:52:33,686 ZhiLian.py[line:226]INFO - 抢人程序跑完了》》等待接下来的操作
2019-08-08 18:52:42,770 ZhiLian.py[line:171]INFO - 当前位置为第5页！
2019-08-08 18:53:31,410 ZhiLian.py[line:226]INFO - 抢人程序跑完了》》等待接下来的操作
2019-08-08 18:53:31,410 ZhiLian.py[line:189]INFO - 只查询前5页简历信息，现在页码超过5页，退出查询
2019-08-08 18:53:33,614 ZhiLian.py[line:649]INFO - 招聘信息》》》抓取进程开启成功
