2019-08-16 09:25:10,940 Selenium_Job51.py[line:100]ERROR - *=*=*=* 没有找到元素，可能是页面元素信息变更 *=*=*=*=*
2019-08-16 09:25:10,940 Selenium_Job51.py[line:101]ERROR - *=*=*=* 现在需要管理员重新登录页面来刷新cookie *=*=*=*
2019-08-16 15:07:39,961 Selenium_Job51.py[line:86]INFO - 本地的cookies文件已经刷新,保持高可用
2019-08-16 15:08:18,436 Selenium_Job51.py[line:86]INFO - 本地的cookies文件已经刷新,保持高可用
2019-08-16 15:09:09,330 Selenium_Job51.py[line:86]INFO - 本地的cookies文件已经刷新,保持高可用
2019-08-16 15:09:17,581 Selenium_Job51.py[line:100]ERROR - *=*=*=* 没有找到元素，可能是页面元素信息变更 *=*=*=*=*
2019-08-16 15:09:17,581 Selenium_Job51.py[line:101]ERROR - *=*=*=* 现在需要管理员重新登录页面来刷新cookie *=*=*=*
2019-08-16 15:14:44,119 Selenium_Job51.py[line:86]INFO - 本地的cookies文件已经刷新,保持高可用
2019-08-16 15:14:48,460 Selenium_Job51.py[line:122]INFO - 本地的cookies文件已经刷新
2019-08-20 18:44:32,596 Selenium_Job51.py[line:126]INFO - 本地的cookies文件已经刷新
2019-08-20 19:03:19,540 Selenium_Job51.py[line:103]ERROR - *=*=*=* 没有找到元素，可能是页面元素信息变更 *=*=*=*=*
2019-08-20 19:03:19,540 Selenium_Job51.py[line:104]ERROR - *=*=*=* 现在需要管理员重新登录页面来刷新cookie *=*=*=*
2019-08-20 19:41:48,688 Selenium_Job51.py[line:103]ERROR - *=*=*=* 没有找到元素，可能是页面元素信息变更 *=*=*=*=*
2019-08-20 19:41:48,688 Selenium_Job51.py[line:104]ERROR - *=*=*=* 现在需要管理员重新登录页面来刷新cookie *=*=*=*
2019-08-23 14:13:25,899 Selenium_Job51.py[line:92]WARNING - *=*=*=*==*=*=*=*=*=*=*=*=*=*==*=*=*=*=*=*=*=*=*=*
2019-08-23 14:13:25,920 Selenium_Job51.py[line:93]WARNING - *=*=*=*= i need help to fresh the cookie =*=*=*=*
2019-08-23 14:13:25,920 Selenium_Job51.py[line:94]WARNING - *=*=*=*==*=*=*=*=*=*=*=*=*=*==*=*=*=*=*=*=*=*=*=*
2019-08-23 14:23:05,424 Selenium_Job51.py[line:91]WARNING - *=*=*=*==*=*=*=*=*=*=*=*=*=*==*=*=*=*=*=*=*=*=*=*
2019-08-23 14:23:05,424 Selenium_Job51.py[line:92]WARNING - *=*=*=** i need help to fresh the cookie **=*=*=*
2019-08-23 14:23:05,424 Selenium_Job51.py[line:93]WARNING - *=*=*=*==*=*=*=*=*=*=*=*=*=*==*=*=*=*=*=*=*=*=*=*
2019-08-23 14:36:02,088 Selenium_Job51.py[line:92]WARNING - *=*=*=*==*=*=*=*=*=*=*=*=*=*==*=*=*=*=*=*=*=*=*=*
2019-08-23 14:36:02,088 Selenium_Job51.py[line:93]WARNING - *=*=*=** i need help to fresh the cookie **=*=*=*
2019-08-23 14:36:02,088 Selenium_Job51.py[line:94]WARNING - *=*=*=*==*=*=*=*=*=*=*=*=*=*==*=*=*=*=*=*=*=*=*=*
2019-08-23 14:41:51,065 Selenium_Job51.py[line:92]WARNING - *=*=*=*==*=*=*=*=*=*=*=*=*=*==*=*=*=*=*=*=*=*=*=*
2019-08-23 14:41:51,065 Selenium_Job51.py[line:93]WARNING - *=*=*=** i need help to fresh the cookie **=*=*=*
2019-08-23 14:41:51,065 Selenium_Job51.py[line:94]WARNING - *=*=*=*==*=*=*=*=*=*=*=*=*=*==*=*=*=*=*=*=*=*=*=*
2019-08-23 14:43:27,276 Selenium_Job51.py[line:92]WARNING - *=*=*=*==*=*=*=*=*=*=*=*=*=*==*=*=*=*=*=*=*=*=*=*
2019-08-23 14:43:27,276 Selenium_Job51.py[line:93]WARNING - *=*=*=** i need help to fresh the cookie **=*=*=*
2019-08-23 14:43:27,276 Selenium_Job51.py[line:94]WARNING - *=*=*=*==*=*=*=*=*=*=*=*=*=*==*=*=*=*=*=*=*=*=*=*
2019-08-23 15:07:19,729 Selenium_Job51.py[line:92]WARNING - *=*=*=*==*=*=*=*=*=*=*=*=*=*==*=*=*=*=*=*=*=*=*=*
2019-08-23 15:07:19,729 Selenium_Job51.py[line:93]WARNING - *=*=*=** i need help to fresh the cookie **=*=*=*
2019-08-23 15:07:19,729 Selenium_Job51.py[line:94]WARNING - *=*=*=*==*=*=*=*=*=*=*=*=*=*==*=*=*=*=*=*=*=*=*=*
2019-08-23 15:07:49,427 Selenium_Job51.py[line:92]WARNING - *=*=*=*==*=*=*=*=*=*=*=*=*=*==*=*=*=*=*=*=*=*=*=*
2019-08-23 15:07:49,427 Selenium_Job51.py[line:93]WARNING - *=*=*=** i need help to fresh the cookie **=*=*=*
2019-08-23 15:07:49,427 Selenium_Job51.py[line:94]WARNING - *=*=*=*==*=*=*=*=*=*=*=*=*=*==*=*=*=*=*=*=*=*=*=*
2019-08-23 15:19:33,927 Selenium_Job51.py[line:115]INFO - local cookies file has been refreshed
2019-08-23 15:21:11,993 Selenium_Job51.py[line:115]INFO - local cookies file has been refreshed
2019-08-23 16:42:33,858 Selenium_Job51.py[line:115]INFO - local cookies file has been refreshed
2019-08-23 16:45:41,651 Selenium_Job51.py[line:115]INFO - local cookies file has been refreshed
2019-08-24 09:08:58,934 Selenium_Job51_search.py[line:90]WARNING - *=*=*=*==*=*=*=*=*=*=*=*=*=*==*=*=*=*=*=*=*=*=*=*
2019-08-24 09:08:58,934 Selenium_Job51_search.py[line:91]WARNING - *=*=*=** i need help to fresh the cookie **=*=*=*
2019-08-24 09:08:58,934 Selenium_Job51_search.py[line:92]WARNING - *=*=*=*==*=*=*=*=*=*=*=*=*=*==*=*=*=*=*=*=*=*=*=*
2019-08-24 09:54:17,667 Selenium_Job51_search.py[line:97]WARNING - *=*=*=*==*=*=*=*=*=*=*=*=*=*==*=*=*=*=*=*=*=*=*=*
2019-08-24 09:54:17,667 Selenium_Job51_search.py[line:98]WARNING - *=*=*=** i need help to fresh the cookie **=*=*=*
2019-08-24 09:54:17,667 Selenium_Job51_search.py[line:99]WARNING - *=*=*=*==*=*=*=*=*=*=*=*=*=*==*=*=*=*=*=*=*=*=*=*
2019-08-24 09:55:21,714 Selenium_Job51_search.py[line:120]INFO - local cookies file has been refreshed
2019-08-24 10:16:15,920 Selenium_Job51_search.py[line:97]WARNING - *=*=*=*==*=*=*=*=*=*=*=*=*=*==*=*=*=*=*=*=*=*=*=*
2019-08-24 10:16:15,920 Selenium_Job51_search.py[line:98]WARNING - *=*=*=** i need help to fresh the cookie **=*=*=*
2019-08-24 10:16:15,920 Selenium_Job51_search.py[line:99]WARNING - *=*=*=*==*=*=*=*=*=*=*=*=*=*==*=*=*=*=*=*=*=*=*=*
2019-08-24 10:16:57,663 Selenium_Job51_search.py[line:97]WARNING - *=*=*=*==*=*=*=*=*=*=*=*=*=*==*=*=*=*=*=*=*=*=*=*
2019-08-24 10:16:57,663 Selenium_Job51_search.py[line:98]WARNING - *=*=*=** i need help to fresh the cookie **=*=*=*
2019-08-24 10:16:57,663 Selenium_Job51_search.py[line:99]WARNING - *=*=*=*==*=*=*=*=*=*=*=*=*=*==*=*=*=*=*=*=*=*=*=*
2019-08-24 10:17:31,690 Selenium_Job51_search.py[line:120]INFO - local cookies file has been refreshed
2019-08-24 10:28:32,312 Selenium_Job51_search.py[line:120]INFO - local cookies file has been refreshed
2019-08-24 10:29:03,720 Selenium_Job51_search.py[line:97]WARNING - *=*=*=*==*=*=*=*=*=*=*=*=*=*==*=*=*=*=*=*=*=*=*=*
2019-08-24 10:29:03,720 Selenium_Job51_search.py[line:98]WARNING - *=*=*=** i need help to fresh the cookie **=*=*=*
2019-08-24 10:29:03,720 Selenium_Job51_search.py[line:99]WARNING - *=*=*=*==*=*=*=*=*=*=*=*=*=*==*=*=*=*=*=*=*=*=*=*
2019-08-24 10:29:37,746 Selenium_Job51_search.py[line:120]INFO - local cookies file has been refreshed
2019-08-24 10:52:41,613 Selenium_Job51_search.py[line:120]INFO - local cookies file has been refreshed
2019-08-24 10:57:49,260 Selenium_Job51_search.py[line:120]INFO - local cookies file has been refreshed
2019-08-24 11:02:36,910 Selenium_Job51_search.py[line:120]INFO - local cookies file has been refreshed
2019-08-24 11:03:56,642 Selenium_Job51_search.py[line:120]INFO - local cookies file has been refreshed
2019-08-24 11:09:03,030 Selenium_Job51_search.py[line:120]INFO - local cookies file has been refreshed
2019-08-24 11:12:41,151 Selenium_Job51_search.py[line:120]INFO - local cookies file has been refreshed
2019-08-24 11:17:58,719 Selenium_Job51_search.py[line:120]INFO - local cookies file has been refreshed
2019-08-24 11:18:25,284 Selenium_Job51_search.py[line:120]INFO - local cookies file has been refreshed
2019-08-24 11:30:06,603 Selenium_Job51_search.py[line:120]INFO - local cookies file has been refreshed
2019-08-24 11:32:32,435 Selenium_Job51_search.py[line:97]WARNING - *=*=*=*==*=*=*=*=*=*=*=*=*=*==*=*=*=*=*=*=*=*=*=*
2019-08-24 11:32:32,435 Selenium_Job51_search.py[line:98]WARNING - *=*=*=** i need help to fresh the cookie **=*=*=*
2019-08-24 11:32:32,435 Selenium_Job51_search.py[line:99]WARNING - *=*=*=*==*=*=*=*=*=*=*=*=*=*==*=*=*=*=*=*=*=*=*=*
2019-08-24 11:33:11,010 Selenium_Job51_search.py[line:97]WARNING - *=*=*=*==*=*=*=*=*=*=*=*=*=*==*=*=*=*=*=*=*=*=*=*
2019-08-24 11:33:11,010 Selenium_Job51_search.py[line:98]WARNING - *=*=*=** i need help to fresh the cookie **=*=*=*
2019-08-24 11:33:11,010 Selenium_Job51_search.py[line:99]WARNING - *=*=*=*==*=*=*=*=*=*=*=*=*=*==*=*=*=*=*=*=*=*=*=*
2019-08-24 11:34:41,537 Selenium_Job51_search.py[line:97]WARNING - *=*=*=*==*=*=*=*=*=*=*=*=*=*==*=*=*=*=*=*=*=*=*=*
2019-08-24 11:34:41,537 Selenium_Job51_search.py[line:98]WARNING - *=*=*=** i need help to fresh the cookie **=*=*=*
2019-08-24 11:34:41,537 Selenium_Job51_search.py[line:99]WARNING - *=*=*=*==*=*=*=*=*=*=*=*=*=*==*=*=*=*=*=*=*=*=*=*
2019-08-24 11:36:35,216 Selenium_Job51_search.py[line:97]WARNING - *=*=*=*==*=*=*=*=*=*=*=*=*=*==*=*=*=*=*=*=*=*=*=*
2019-08-24 11:36:35,216 Selenium_Job51_search.py[line:98]WARNING - *=*=*=** i need help to fresh the cookie **=*=*=*
2019-08-24 11:36:35,216 Selenium_Job51_search.py[line:99]WARNING - *=*=*=*==*=*=*=*=*=*=*=*=*=*==*=*=*=*=*=*=*=*=*=*
2019-08-24 11:39:02,588 Selenium_Job51_search.py[line:97]WARNING - *=*=*=*==*=*=*=*=*=*=*=*=*=*==*=*=*=*=*=*=*=*=*=*
2019-08-24 11:39:02,588 Selenium_Job51_search.py[line:98]WARNING - *=*=*=** i need help to fresh the cookie **=*=*=*
2019-08-24 11:39:02,588 Selenium_Job51_search.py[line:99]WARNING - *=*=*=*==*=*=*=*=*=*=*=*=*=*==*=*=*=*=*=*=*=*=*=*
2019-08-24 11:50:48,474 Selenium_Job51_search.py[line:97]WARNING - *=*=*=*==*=*=*=*=*=*=*=*=*=*==*=*=*=*=*=*=*=*=*=*
2019-08-24 11:50:48,474 Selenium_Job51_search.py[line:98]WARNING - *=*=*=** i need help to fresh the cookie **=*=*=*
2019-08-24 11:50:48,474 Selenium_Job51_search.py[line:99]WARNING - *=*=*=*==*=*=*=*=*=*=*=*=*=*==*=*=*=*=*=*=*=*=*=*
2019-08-24 11:52:44,443 Selenium_Job51_search.py[line:97]WARNING - *=*=*=*==*=*=*=*=*=*=*=*=*=*==*=*=*=*=*=*=*=*=*=*
2019-08-24 11:52:44,443 Selenium_Job51_search.py[line:98]WARNING - *=*=*=** i need help to fresh the cookie **=*=*=*
2019-08-24 11:52:44,443 Selenium_Job51_search.py[line:99]WARNING - *=*=*=*==*=*=*=*=*=*=*=*=*=*==*=*=*=*=*=*=*=*=*=*
2019-08-24 11:54:51,744 Selenium_Job51_search.py[line:97]WARNING - *=*=*=*==*=*=*=*=*=*=*=*=*=*==*=*=*=*=*=*=*=*=*=*
2019-08-24 11:54:51,744 Selenium_Job51_search.py[line:98]WARNING - *=*=*=** i need help to fresh the cookie **=*=*=*
2019-08-24 11:54:51,744 Selenium_Job51_search.py[line:99]WARNING - *=*=*=*==*=*=*=*=*=*=*=*=*=*==*=*=*=*=*=*=*=*=*=*
2019-08-24 12:02:49,713 Selenium_Job51_search.py[line:120]INFO - local cookies file has been refreshed
2019-08-24 12:03:05,132 Selenium_Job51_search.py[line:120]INFO - local cookies file has been refreshed
2019-08-24 14:07:29,992 Selenium_Job51_search.py[line:120]INFO - local cookies file has been refreshed
2019-08-24 14:33:22,726 Selenium_Job51_search.py[line:120]INFO - local cookies file has been refreshed
2019-08-24 14:35:44,252 Selenium_Job51_search.py[line:120]INFO - local cookies file has been refreshed
2019-08-24 14:52:25,908 Selenium_Job51_search.py[line:120]INFO - local cookies file has been refreshed
2019-08-24 14:54:27,110 Selenium_Job51_search.py[line:120]INFO - local cookies file has been refreshed
2019-08-24 14:56:19,112 Selenium_Job51_search.py[line:120]INFO - local cookies file has been refreshed
2019-08-24 14:57:55,024 Selenium_Job51_search.py[line:120]INFO - local cookies file has been refreshed
2019-08-24 14:59:59,270 Selenium_Job51_search.py[line:120]INFO - local cookies file has been refreshed
2019-08-24 15:01:07,391 Selenium_Job51_search.py[line:120]INFO - local cookies file has been refreshed
2019-08-24 15:05:27,384 Selenium_Job51_search.py[line:120]INFO - local cookies file has been refreshed
2019-08-24 15:06:50,407 Selenium_Job51_search.py[line:120]INFO - local cookies file has been refreshed
2019-08-24 15:07:20,052 Selenium_Job51_search.py[line:518]INFO - 数据的插入详情为:{"error_code":3,"msg":"\u6ca1\u6709\u6570\u636e\u63d2\u51650"}
2019-08-24 15:09:28,144 Selenium_Job51_search.py[line:120]INFO - local cookies file has been refreshed
2019-08-24 15:10:00,414 Selenium_Job51_search.py[line:518]INFO - 数据的插入详情为:{"error_code":3,"msg":"\u6ca1\u6709\u6570\u636e\u63d2\u51650"}
2019-08-24 15:16:03,097 Selenium_Job51_search.py[line:120]INFO - local cookies file has been refreshed
2019-08-24 15:16:30,217 Selenium_Job51_search.py[line:521]INFO - 数据的插入详情为:{"error_code":3,"msg":"\u6ca1\u6709\u6570\u636e\u63d2\u51650"}
2019-08-24 15:16:59,640 Selenium_Job51_search.py[line:521]INFO - 数据的插入详情为:{"error_code":3,"msg":"\u6ca1\u6709\u6570\u636e\u63d2\u51650"}
2019-08-24 15:17:10,243 Selenium_Job51_search.py[line:521]INFO - 数据的插入详情为:{"error_code":3,"msg":"\u6ca1\u6709\u6570\u636e\u63d2\u51650"}
2019-08-24 15:17:38,078 Selenium_Job51_search.py[line:521]INFO - 数据的插入详情为:{"error_code":3,"msg":"\u6ca1\u6709\u6570\u636e\u63d2\u51650"}
2019-08-24 15:18:08,459 Selenium_Job51_search.py[line:521]INFO - 数据的插入详情为:{"error_code":3,"msg":"\u6ca1\u6709\u6570\u636e\u63d2\u51650"}
2019-08-24 15:18:39,129 Selenium_Job51_search.py[line:521]INFO - 数据的插入详情为:{"error_code":3,"msg":"\u6ca1\u6709\u6570\u636e\u63d2\u51650"}
2019-08-24 15:19:34,388 Selenium_Job51_search.py[line:521]INFO - 数据的插入详情为:{"error_code":3,"msg":"\u6ca1\u6709\u6570\u636e\u63d2\u51650"}
2019-08-24 15:20:32,487 Selenium_Job51_search.py[line:521]INFO - 数据的插入详情为:{"error_code":3,"msg":"\u6ca1\u6709\u6570\u636e\u63d2\u51650"}
2019-08-24 15:22:28,446 Selenium_Job51_search.py[line:120]INFO - local cookies file has been refreshed
2019-08-24 15:22:48,756 Selenium_Job51_search.py[line:516]INFO - 数据的插入详情为:{"error_code":3,"msg":"\u6ca1\u6709\u6570\u636e\u63d2\u51650"}
2019-08-24 15:23:37,190 Selenium_Job51_search.py[line:516]INFO - 数据的插入详情为:{"error_code":3,"msg":"\u6ca1\u6709\u6570\u636e\u63d2\u51650"}
2019-08-24 15:23:51,409 Selenium_Job51_search.py[line:516]INFO - 数据的插入详情为:{"error_code":3,"msg":"\u6ca1\u6709\u6570\u636e\u63d2\u51650"}
2019-08-24 15:34:03,713 Selenium_Job51_search.py[line:120]INFO - local cookies file has been refreshed
2019-08-24 15:34:19,990 Selenium_Job51_search.py[line:517]INFO - 数据的插入详情为:{"error_code":3,"msg":"\u6ca1\u6709\u6570\u636e\u63d2\u51650"}
2019-08-24 15:38:36,175 Selenium_Job51_search.py[line:120]INFO - local cookies file has been refreshed
2019-08-24 15:38:57,061 Selenium_Job51_search.py[line:520]INFO - 数据的插入详情为:{"error_code":3,"msg":"\u6ca1\u6709\u6570\u636e\u63d2\u51650"}
2019-08-24 15:45:37,752 Selenium_Job51_search.py[line:120]INFO - local cookies file has been refreshed
2019-08-24 15:46:11,705 Selenium_Job51_search.py[line:120]INFO - local cookies file has been refreshed
2019-08-24 15:46:27,248 Selenium_Job51_search.py[line:522]INFO - 数据的插入详情为:{"error_code":3,"msg":"\u6ca1\u6709\u6570\u636e\u63d2\u51650"}
2019-08-24 15:46:42,472 Selenium_Job51_search.py[line:522]INFO - 数据的插入详情为:{"error_code":3,"msg":"\u6ca1\u6709\u6570\u636e\u63d2\u51650"}
2019-08-24 15:46:57,389 Selenium_Job51_search.py[line:522]INFO - 数据的插入详情为:{"error_code":3,"msg":"\u6ca1\u6709\u6570\u636e\u63d2\u51650"}
2019-08-24 15:47:12,116 Selenium_Job51_search.py[line:522]INFO - 数据的插入详情为:{"error_code":3,"msg":"\u6ca1\u6709\u6570\u636e\u63d2\u51650"}
2019-08-24 15:51:08,887 Selenium_Job51_search.py[line:120]INFO - local cookies file has been refreshed
2019-08-24 15:51:34,454 Selenium_Job51_search.py[line:526]INFO - 数据的插入详情为:{"error_code":3,"msg":"\u6ca1\u6709\u6570\u636e\u63d2\u51650"}
2019-08-24 15:58:26,509 Selenium_Job51_search.py[line:120]INFO - local cookies file has been refreshed
2019-08-24 16:00:33,443 Selenium_Job51_search.py[line:120]INFO - local cookies file has been refreshed
2019-08-24 16:05:18,867 Selenium_Job51_search.py[line:120]INFO - local cookies file has been refreshed
2019-08-24 16:09:23,842 Selenium_Job51_search.py[line:120]INFO - local cookies file has been refreshed
2019-08-24 16:16:53,244 Selenium_Job51_search.py[line:120]INFO - local cookies file has been refreshed
2019-08-24 16:18:59,947 Selenium_Job51_search.py[line:120]INFO - local cookies file has been refreshed
2019-08-24 16:20:02,427 Selenium_Job51_search.py[line:120]INFO - local cookies file has been refreshed
2019-08-24 16:22:11,310 Selenium_Job51_search.py[line:120]INFO - local cookies file has been refreshed
2019-08-24 16:22:29,965 Selenium_Job51_search.py[line:531]INFO - 数据的插入详情为:{"error_code":3,"msg":"\u6ca1\u6709\u6570\u636e\u63d2\u51650"}
2019-08-24 16:22:34,277 Selenium_Job51_search.py[line:531]INFO - 数据的插入详情为:{"error_code":3,"msg":"\u6ca1\u6709\u6570\u636e\u63d2\u51650"}
2019-08-24 16:22:47,071 Selenium_Job51_search.py[line:531]INFO - 数据的插入详情为:{"error_code":3,"msg":"\u6ca1\u6709\u6570\u636e\u63d2\u51650"}
2019-08-24 16:25:48,284 Selenium_Job51_search.py[line:120]INFO - local cookies file has been refreshed
2019-08-24 16:26:06,248 Selenium_Job51_search.py[line:533]INFO - 数据的插入详情为:{"error_code":3,"msg":"\u6ca1\u6709\u6570\u636e\u63d2\u51650"}
2019-08-24 16:26:11,605 Selenium_Job51_search.py[line:533]INFO - 数据的插入详情为:{"error_code":3,"msg":"\u6ca1\u6709\u6570\u636e\u63d2\u51650"}
2019-08-24 16:26:20,059 Selenium_Job51_search.py[line:533]INFO - 数据的插入详情为:{"error_code":3,"msg":"\u6ca1\u6709\u6570\u636e\u63d2\u51650"}
2019-08-24 16:26:26,562 Selenium_Job51_search.py[line:533]INFO - 数据的插入详情为:{"error_code":3,"msg":"\u6ca1\u6709\u6570\u636e\u63d2\u51650"}
2019-08-24 16:26:31,015 Selenium_Job51_search.py[line:533]INFO - 数据的插入详情为:{"error_code":3,"msg":"\u6ca1\u6709\u6570\u636e\u63d2\u51650"}
2019-08-24 16:26:36,493 Selenium_Job51_search.py[line:533]INFO - 数据的插入详情为:{"error_code":3,"msg":"\u6ca1\u6709\u6570\u636e\u63d2\u51650"}
2019-08-24 16:26:40,483 Selenium_Job51_search.py[line:533]INFO - 数据的插入详情为:{"error_code":3,"msg":"\u6ca1\u6709\u6570\u636e\u63d2\u51650"}
2019-08-24 16:26:45,930 Selenium_Job51_search.py[line:533]INFO - 数据的插入详情为:{"error_code":3,"msg":"\u6ca1\u6709\u6570\u636e\u63d2\u51650"}
2019-08-24 16:45:17,410 Selenium_Job51_search.py[line:120]INFO - local cookies file has been refreshed
2019-08-24 16:45:39,564 Selenium_Job51_search.py[line:539]INFO - 数据的插入详情为:{"error_code":3,"msg":"\u6ca1\u6709\u6570\u636e\u63d2\u51650"}
2019-08-24 16:45:48,342 Selenium_Job51_search.py[line:539]INFO - 数据的插入详情为:{"error_code":3,"msg":"\u6ca1\u6709\u6570\u636e\u63d2\u51650"}
2019-08-24 16:45:55,505 Selenium_Job51_search.py[line:539]INFO - 数据的插入详情为:{"error_code":3,"msg":"\u6ca1\u6709\u6570\u636e\u63d2\u51650"}
2019-08-24 16:46:00,562 Selenium_Job51_search.py[line:539]INFO - 数据的插入详情为:{"error_code":3,"msg":"\u6ca1\u6709\u6570\u636e\u63d2\u51650"}
2019-08-24 16:46:04,390 Selenium_Job51_search.py[line:539]INFO - 数据的插入详情为:{"error_code":3,"msg":"\u6ca1\u6709\u6570\u636e\u63d2\u51650"}
2019-08-24 16:46:09,278 Selenium_Job51_search.py[line:539]INFO - 数据的插入详情为:{"error_code":3,"msg":"\u6ca1\u6709\u6570\u636e\u63d2\u51650"}
2019-08-24 16:46:14,810 Selenium_Job51_search.py[line:539]INFO - 数据的插入详情为:{"error_code":3,"msg":"\u6ca1\u6709\u6570\u636e\u63d2\u51650"}
2019-08-24 16:46:20,239 Selenium_Job51_search.py[line:539]INFO - 数据的插入详情为:{"error_code":3,"msg":"\u6ca1\u6709\u6570\u636e\u63d2\u51650"}
2019-08-24 16:46:25,674 Selenium_Job51_search.py[line:539]INFO - 数据的插入详情为:{"error_code":3,"msg":"\u6ca1\u6709\u6570\u636e\u63d2\u51650"}
2019-08-24 16:46:30,056 Selenium_Job51_search.py[line:539]INFO - 数据的插入详情为:{"error_code":3,"msg":"\u6ca1\u6709\u6570\u636e\u63d2\u51650"}
2019-08-24 16:46:34,680 Selenium_Job51_search.py[line:539]INFO - 数据的插入详情为:{"error_code":3,"msg":"\u6ca1\u6709\u6570\u636e\u63d2\u51650"}
2019-08-24 16:46:39,668 Selenium_Job51_search.py[line:539]INFO - 数据的插入详情为:{"error_code":3,"msg":"\u6ca1\u6709\u6570\u636e\u63d2\u51650"}
2019-08-24 16:46:44,348 Selenium_Job51_search.py[line:539]INFO - 数据的插入详情为:{"error_code":3,"msg":"\u6ca1\u6709\u6570\u636e\u63d2\u51650"}
2019-08-24 16:46:48,650 Selenium_Job51_search.py[line:539]INFO - 数据的插入详情为:{"error_code":3,"msg":"\u6ca1\u6709\u6570\u636e\u63d2\u51650"}
2019-08-24 16:52:58,415 Selenium_Job51_search.py[line:120]INFO - local cookies file has been refreshed
2019-08-24 16:53:19,863 Selenium_Job51_search.py[line:540]INFO - 数据的插入详情为:{"error_code":3,"msg":"\u6ca1\u6709\u6570\u636e\u63d2\u51650"}
2019-08-24 16:53:27,936 Selenium_Job51_search.py[line:540]INFO - 数据的插入详情为:{"error_code":3,"msg":"\u6ca1\u6709\u6570\u636e\u63d2\u51650"}
2019-08-24 16:53:35,259 Selenium_Job51_search.py[line:540]INFO - 数据的插入详情为:{"error_code":3,"msg":"\u6ca1\u6709\u6570\u636e\u63d2\u51650"}
2019-08-24 16:53:40,141 Selenium_Job51_search.py[line:540]INFO - 数据的插入详情为:{"error_code":3,"msg":"\u6ca1\u6709\u6570\u636e\u63d2\u51650"}
2019-08-24 17:14:38,158 Selenium_Job51_download.py[line:120]INFO - local cookies file has been refreshed
2019-08-24 17:53:54,300 Selenium_Job51_download.py[line:120]INFO - local cookies file has been refreshed
2019-08-24 18:01:52,286 Selenium_Job51_download.py[line:120]INFO - local cookies file has been refreshed
2019-08-24 18:14:06,639 Selenium_Job51_download.py[line:120]INFO - local cookies file has been refreshed
2019-08-24 18:16:18,180 Selenium_Job51_download.py[line:120]INFO - local cookies file has been refreshed
2019-08-24 18:17:12,676 Selenium_Job51_download.py[line:120]INFO - local cookies file has been refreshed
2019-08-24 18:20:31,377 Selenium_Job51_download.py[line:120]INFO - local cookies file has been refreshed
2019-08-26 11:18:58,358 Selenium_Job51_search.py[line:120]INFO - local cookies file has been refreshed
2019-08-26 11:19:19,985 Selenium_Job51_search.py[line:548]INFO - 数据的插入详情为:{"error_code":0,"msg":"success"}
2019-08-26 11:19:28,483 Selenium_Job51_search.py[line:548]INFO - 数据的插入详情为:{"error_code":0,"msg":"success"}
2019-08-26 11:19:35,384 Selenium_Job51_search.py[line:548]INFO - 数据的插入详情为:{"error_code":0,"msg":"success"}
2019-08-26 11:19:39,574 Selenium_Job51_search.py[line:548]INFO - 数据的插入详情为:{"error_code":0,"msg":"success"}
2019-08-26 11:19:43,667 Selenium_Job51_search.py[line:548]INFO - 数据的插入详情为:{"error_code":0,"msg":"success"}
2019-08-26 11:19:48,920 Selenium_Job51_search.py[line:548]INFO - 数据的插入详情为:{"error_code":0,"msg":"success"}
2019-08-26 11:27:39,681 Selenium_Job51_msg_box.py[line:93]WARNING - *=*=*=*==*=*=*=*=*=*=*=*=*=*==*=*=*=*=*=*=*=*=*=*
2019-08-26 11:27:39,681 Selenium_Job51_msg_box.py[line:94]WARNING - *=*=*=** i need help to fresh the cookie **=*=*=*
2019-08-26 11:27:39,681 Selenium_Job51_msg_box.py[line:95]WARNING - *=*=*=*==*=*=*=*=*=*=*=*=*=*==*=*=*=*=*=*=*=*=*=*
2019-08-26 11:33:13,840 Selenium_Job51_msg_box.py[line:116]INFO - local cookies file has been refreshed
2019-08-26 14:40:39,428 Selenium_Job51_download.py[line:637]INFO - 数据的插入详情为:{"error_code":3,"msg":"\u6ca1\u6709\u6570\u636e\u63d2\u51650"}
2019-08-26 14:44:02,447 Selenium_Job51_download.py[line:636]INFO - 数据的插入详情为:{"error_code":3,"msg":"\u6ca1\u6709\u6570\u636e\u63d2\u51650"}
2019-08-26 14:48:12,750 Selenium_Job51_download.py[line:638]INFO - 数据的插入详情为:{"error_code":3,"msg":"\u6ca1\u6709\u6570\u636e\u63d2\u51650"}
2019-08-26 14:58:32,931 Selenium_Job51_download.py[line:639]INFO - 数据的插入详情为:{"error_code":3,"msg":"\u6ca1\u6709\u6570\u636e\u63d2\u51650"}
2019-08-26 14:59:30,822 Selenium_Job51_download.py[line:639]INFO - 数据的插入详情为:{"error_code":3,"msg":"\u6ca1\u6709\u6570\u636e\u63d2\u51650"}
2019-08-26 15:00:11,812 Selenium_Job51_download.py[line:639]INFO - 数据的插入详情为:{"error_code":3,"msg":"\u6ca1\u6709\u6570\u636e\u63d2\u51650"}
2019-08-26 18:37:18,639 Selenium_Job51_msg_box.py[line:533]INFO - 数据的插入详情为:{"error_code":0,"msg":"success"}
2019-08-26 18:37:23,311 Selenium_Job51_msg_box.py[line:533]INFO - 数据的插入详情为:{"error_code":0,"msg":"success"}
2019-08-26 18:37:28,337 Selenium_Job51_msg_box.py[line:533]INFO - 数据的插入详情为:{"error_code":0,"msg":"success"}
2019-08-26 19:00:25,497 Selenium_Job51_msg_box.py[line:533]INFO - 数据的插入详情为:{"error_code":1,"msg":"\u8be5\u7528\u6237\u7684\u7b80\u5386\u5df2\u7ecf\u5b58\u5728\uff01"}
2019-08-26 19:00:30,860 Selenium_Job51_msg_box.py[line:533]INFO - 数据的插入详情为:{"error_code":1,"msg":"\u8be5\u7528\u6237\u7684\u7b80\u5386\u5df2\u7ecf\u5b58\u5728\uff01"}
2019-08-26 19:00:35,980 Selenium_Job51_msg_box.py[line:533]INFO - 数据的插入详情为:{"error_code":1,"msg":"\u8be5\u7528\u6237\u7684\u7b80\u5386\u5df2\u7ecf\u5b58\u5728\uff01"}
2019-08-26 19:03:03,841 Selenium_Job51_msg_box.py[line:532]INFO - 数据的插入详情为:{"error_code":1,"msg":"\u8be5\u7528\u6237\u7684\u7b80\u5386\u5df2\u7ecf\u5b58\u5728\uff01"}
2019-08-26 19:03:08,289 Selenium_Job51_msg_box.py[line:532]INFO - 数据的插入详情为:{"error_code":1,"msg":"\u8be5\u7528\u6237\u7684\u7b80\u5386\u5df2\u7ecf\u5b58\u5728\uff01"}
2019-08-26 19:03:13,584 Selenium_Job51_msg_box.py[line:532]INFO - 数据的插入详情为:{"error_code":1,"msg":"\u8be5\u7528\u6237\u7684\u7b80\u5386\u5df2\u7ecf\u5b58\u5728\uff01"}
2019-08-26 19:03:18,462 Selenium_Job51_msg_box.py[line:532]INFO - 数据的插入详情为:{"error_code":0,"msg":"success"}
2019-08-30 12:56:55,015 Zhilian_while_download.py[line:717]INFO - 数据的插入详情为:{"error_code":0,"msg":"success"}
2019-08-30 12:57:10,386 Zhilian_while_download.py[line:717]INFO - 数据的插入详情为:{"error_code":0,"msg":"success"}
2019-08-30 12:57:27,788 Zhilian_while_download.py[line:717]INFO - 数据的插入详情为:{"error_code":0,"msg":"success"}
2019-08-30 12:57:41,523 Zhilian_while_download.py[line:717]INFO - 数据的插入详情为:{"error_code":0,"msg":"success"}
