2019-09-23 20:05:29,916 Zhilian_while_send.py[line:127]INFO - local cookies file has been refreshed
2019-09-24 04:12:39,838 Zhilian_cost_much_detect_all_ssm.py[line:126]INFO - 数据的插入详情为:{"error_code":0,"msg":"success"}
2019-09-24 04:12:43,234 Zhilian_cost_much_detect_all_ssm.py[line:251]INFO - 数据的插入详情为:{"error_code":0,"msg":"success"}
2019-09-24 07:20:17,574 Zhaopin_detail_ssm.py[line:451]INFO - 获取页面数据有2页
2019-09-24 07:20:17,574 Zhaopin_detail_ssm.py[line:422]INFO - 当前所在页为第1页
2019-09-24 07:20:20,289 Zhaopin_detail_ssm.py[line:354]INFO - 当前页数据获取成功，页面数据为20条
2019-09-24 07:20:25,968 Zhaopin_detail_ssm.py[line:350]INFO - 数据的插入详情为:{"error_code":3,"msg":"\u6ca1\u6709\u6570\u636e\u63d2\u5165"}
2019-09-24 07:20:31,091 Zhaopin_detail_ssm.py[line:350]INFO - 数据的插入详情为:{"error_code":0,"msg":"success"}
2019-09-24 07:20:37,243 Zhaopin_detail_ssm.py[line:350]INFO - 数据的插入详情为:{"error_code":3,"msg":"\u6ca1\u6709\u6570\u636e\u63d2\u5165"}
2019-09-24 07:20:43,301 Zhaopin_detail_ssm.py[line:350]INFO - 数据的插入详情为:{"error_code":0,"msg":"success"}
2019-09-24 07:20:48,539 Zhaopin_detail_ssm.py[line:350]INFO - 数据的插入详情为:{"error_code":0,"msg":"success"}
2019-09-24 07:20:54,875 Zhaopin_detail_ssm.py[line:350]INFO - 数据的插入详情为:{"error_code":0,"msg":"success"}
2019-09-24 07:21:00,955 Zhaopin_detail_ssm.py[line:350]INFO - 数据的插入详情为:{"error_code":3,"msg":"\u6ca1\u6709\u6570\u636e\u63d2\u5165"}
2019-09-24 07:21:06,186 Zhaopin_detail_ssm.py[line:350]INFO - 数据的插入详情为:{"error_code":3,"msg":"\u6ca1\u6709\u6570\u636e\u63d2\u5165"}
2019-09-24 07:21:12,346 Zhaopin_detail_ssm.py[line:350]INFO - 数据的插入详情为:{"error_code":3,"msg":"\u6ca1\u6709\u6570\u636e\u63d2\u5165"}
2019-09-24 07:21:17,516 Zhaopin_detail_ssm.py[line:350]INFO - 数据的插入详情为:{"error_code":0,"msg":"success"}
2019-09-24 07:21:22,577 Zhaopin_detail_ssm.py[line:350]INFO - 数据的插入详情为:{"error_code":3,"msg":"\u6ca1\u6709\u6570\u636e\u63d2\u5165"}
2019-09-24 07:21:28,113 Zhaopin_detail_ssm.py[line:350]INFO - 数据的插入详情为:{"error_code":0,"msg":"success"}
2019-09-24 07:21:35,238 Zhaopin_detail_ssm.py[line:350]INFO - 数据的插入详情为:{"error_code":3,"msg":"\u6ca1\u6709\u6570\u636e\u63d2\u5165"}
2019-09-24 07:21:40,957 Zhaopin_detail_ssm.py[line:350]INFO - 数据的插入详情为:{"error_code":0,"msg":"success"}
2019-09-24 07:21:46,670 Zhaopin_detail_ssm.py[line:350]INFO - 数据的插入详情为:{"error_code":3,"msg":"\u6ca1\u6709\u6570\u636e\u63d2\u5165"}
2019-09-24 07:21:52,511 Zhaopin_detail_ssm.py[line:350]INFO - 数据的插入详情为:{"error_code":3,"msg":"\u6ca1\u6709\u6570\u636e\u63d2\u5165"}
2019-09-24 07:21:58,021 Zhaopin_detail_ssm.py[line:350]INFO - 数据的插入详情为:{"error_code":3,"msg":"\u6ca1\u6709\u6570\u636e\u63d2\u5165"}
2019-09-24 07:22:04,284 Zhaopin_detail_ssm.py[line:350]INFO - 数据的插入详情为:{"error_code":0,"msg":"success"}
2019-09-24 07:22:10,390 Zhaopin_detail_ssm.py[line:350]INFO - 数据的插入详情为:{"error_code":3,"msg":"\u6ca1\u6709\u6570\u636e\u63d2\u5165"}
2019-09-24 07:22:16,115 Zhaopin_detail_ssm.py[line:350]INFO - 数据的插入详情为:{"error_code":3,"msg":"\u6ca1\u6709\u6570\u636e\u63d2\u5165"}
2019-09-24 07:22:16,115 Zhaopin_detail_ssm.py[line:422]INFO - 当前所在页为第2页
2019-09-24 07:22:18,373 Zhaopin_detail_ssm.py[line:354]INFO - 当前页数据获取成功，页面数据为12条
2019-09-24 07:22:23,494 Zhaopin_detail_ssm.py[line:350]INFO - 数据的插入详情为:{"error_code":3,"msg":"\u6ca1\u6709\u6570\u636e\u63d2\u5165"}
2019-09-24 07:22:30,571 Zhaopin_detail_ssm.py[line:350]INFO - 数据的插入详情为:{"error_code":0,"msg":"success"}
2019-09-24 07:22:36,156 Zhaopin_detail_ssm.py[line:350]INFO - 数据的插入详情为:{"error_code":0,"msg":"success"}
2019-09-24 07:22:40,462 Zhaopin_detail_ssm.py[line:350]INFO - 数据的插入详情为:{"error_code":3,"msg":"\u6ca1\u6709\u6570\u636e\u63d2\u5165"}
2019-09-24 07:22:47,343 Zhaopin_detail_ssm.py[line:350]INFO - 数据的插入详情为:{"error_code":0,"msg":"success"}
2019-09-24 07:22:53,761 Zhaopin_detail_ssm.py[line:350]INFO - 数据的插入详情为:{"error_code":3,"msg":"\u6ca1\u6709\u6570\u636e\u63d2\u5165"}
2019-09-24 07:23:00,932 Zhaopin_detail_ssm.py[line:350]INFO - 数据的插入详情为:{"error_code":3,"msg":"\u6ca1\u6709\u6570\u636e\u63d2\u5165"}
2019-09-24 07:23:05,555 Zhaopin_detail_ssm.py[line:350]INFO - 数据的插入详情为:{"error_code":3,"msg":"\u6ca1\u6709\u6570\u636e\u63d2\u5165"}
2019-09-24 07:23:10,751 Zhaopin_detail_ssm.py[line:350]INFO - 数据的插入详情为:{"error_code":3,"msg":"\u6ca1\u6709\u6570\u636e\u63d2\u5165"}
2019-09-24 07:23:15,845 Zhaopin_detail_ssm.py[line:350]INFO - 数据的插入详情为:{"error_code":0,"msg":"success"}
2019-09-24 07:23:21,903 Zhaopin_detail_ssm.py[line:350]INFO - 数据的插入详情为:{"error_code":3,"msg":"\u6ca1\u6709\u6570\u636e\u63d2\u5165"}
2019-09-24 07:23:27,424 Zhaopin_detail_ssm.py[line:350]INFO - 数据的插入详情为:{"error_code":3,"msg":"\u6ca1\u6709\u6570\u636e\u63d2\u5165"}
2019-09-24 08:52:24,370 free_all_download_get.py[line:496]INFO - 获取页面数据有1页, 数据总共有10条
2019-09-24 08:53:40,207 free_all_download_get.py[line:497]INFO - 获取页面数据有29页, 数据总共有580条
2019-09-24 08:54:10,729 free_all_download_get.py[line:497]INFO - 获取页面数据有9页, 数据总共有171条
2019-09-24 08:55:28,541 Zhaopin_all_download_get.py[line:519]INFO - 获取页面数据有1页, 数据总共有10条
2019-09-24 08:55:38,541 Zhaopin_all_download_get.py[line:493]INFO - 当前所在页为第1页
2019-09-24 08:55:38,757 Zhaopin_all_download_get.py[line:403]INFO - 当前页数据获取成功，页面数据为10条
2019-09-24 08:55:41,703 Zhaopin_all_download_get.py[line:399]INFO - INSERT DATA INFO IS:{"error_code":0,"msg":"success"}
2019-09-24 08:55:44,349 Zhaopin_all_download_get.py[line:399]INFO - INSERT DATA INFO IS:{"error_code":0,"msg":"success"}
2019-09-24 08:55:47,395 Zhaopin_all_download_get.py[line:399]INFO - INSERT DATA INFO IS:{"error_code":0,"msg":"success"}
2019-09-24 08:55:50,561 Zhaopin_all_download_get.py[line:399]INFO - INSERT DATA INFO IS:{"error_code":0,"msg":"success"}
2019-09-24 08:55:53,451 Zhaopin_all_download_get.py[line:399]INFO - INSERT DATA INFO IS:{"error_code":0,"msg":"success"}
2019-09-24 08:55:56,851 Zhaopin_all_download_get.py[line:399]INFO - INSERT DATA INFO IS:{"error_code":0,"msg":"success"}
2019-09-24 08:55:59,718 Zhaopin_all_download_get.py[line:399]INFO - INSERT DATA INFO IS:{"error_code":0,"msg":"success"}
2019-09-24 08:56:02,373 Zhaopin_all_download_get.py[line:399]INFO - INSERT DATA INFO IS:{"error_code":0,"msg":"success"}
2019-09-24 08:56:04,994 Zhaopin_all_download_get.py[line:399]INFO - INSERT DATA INFO IS:{"error_code":0,"msg":"success"}
2019-09-24 08:56:08,338 Zhaopin_all_download_get.py[line:399]INFO - INSERT DATA INFO IS:{"error_code":0,"msg":"success"}
2019-09-24 09:03:37,131 ZhiLian.py[line:168]INFO - 本地的cookies文件已经刷新
2019-09-24 09:04:16,037 ZhiLian.py[line:494]INFO - 数据库准备修改数据>>>>>>>
2019-09-24 09:04:20,085 ZhiLian.py[line:494]INFO - 数据库准备修改数据>>>>>>>
2019-09-24 09:04:24,130 ZhiLian.py[line:494]INFO - 数据库准备修改数据>>>>>>>
2019-09-24 09:04:28,179 ZhiLian.py[line:494]INFO - 数据库准备修改数据>>>>>>>
2019-09-24 09:04:32,228 ZhiLian.py[line:494]INFO - 数据库准备修改数据>>>>>>>
2019-09-24 09:04:36,281 ZhiLian.py[line:494]INFO - 数据库准备修改数据>>>>>>>
2019-09-24 09:04:40,330 ZhiLian.py[line:494]INFO - 数据库准备修改数据>>>>>>>
2019-09-24 09:04:44,375 ZhiLian.py[line:494]INFO - 数据库准备修改数据>>>>>>>
2019-09-24 09:04:48,422 ZhiLian.py[line:494]INFO - 数据库准备修改数据>>>>>>>
2019-09-24 09:04:52,513 ZhiLian.py[line:494]INFO - 数据库准备修改数据>>>>>>>
2019-09-24 09:04:56,562 ZhiLian.py[line:494]INFO - 数据库准备修改数据>>>>>>>
2019-09-24 09:05:00,616 ZhiLian.py[line:494]INFO - 数据库准备修改数据>>>>>>>
2019-09-24 09:05:04,666 ZhiLian.py[line:494]INFO - 数据库准备修改数据>>>>>>>
2019-09-24 09:05:08,739 ZhiLian.py[line:494]INFO - 数据库准备修改数据>>>>>>>
2019-09-24 09:05:12,785 ZhiLian.py[line:494]INFO - 数据库准备修改数据>>>>>>>
2019-09-24 09:05:16,834 ZhiLian.py[line:494]INFO - 数据库准备修改数据>>>>>>>
2019-09-24 09:05:20,882 ZhiLian.py[line:494]INFO - 数据库准备修改数据>>>>>>>
2019-09-24 09:05:24,963 ZhiLian.py[line:494]INFO - 数据库准备修改数据>>>>>>>
2019-09-24 09:05:29,010 ZhiLian.py[line:494]INFO - 数据库准备修改数据>>>>>>>
2019-09-24 09:05:33,059 ZhiLian.py[line:494]INFO - 数据库准备修改数据>>>>>>>
2019-09-24 09:05:34,062 ZhiLian.py[line:468]INFO - 您在广州时时美电子商务有限公司账号的第1页有17条简历信息超过规定天数没有刷新了
2019-09-24 09:05:34,064 ZhiLian.py[line:659]INFO - **************************************************
2019-09-24 09:05:40,108 ZhiLian.py[line:560]INFO - 您在账号的第1页有0个信息超过30天没有 重新发布/上线
2019-09-24 09:05:40,223 ZhiLian.py[line:666]INFO - 在第1页运行成功
2019-09-24 09:05:41,050 free_all_download_get.py[line:497]INFO - 获取页面数据有29页, 数据总共有580条
2019-09-24 09:06:12,801 ZhiLian.py[line:463]WARNING - 没有查找到时间节点
2019-09-24 09:06:12,802 ZhiLian.py[line:494]INFO - 数据库准备修改数据>>>>>>>
2019-09-24 09:06:16,877 ZhiLian.py[line:513]INFO - 数据库准备输入>>>>>>>
2019-09-24 09:06:17,215 ZhiLian.py[line:463]WARNING - 没有查找到时间节点
2019-09-24 09:06:17,215 ZhiLian.py[line:494]INFO - 数据库准备修改数据>>>>>>>
2019-09-24 09:06:21,263 ZhiLian.py[line:463]WARNING - 没有查找到时间节点
2019-09-24 09:06:21,263 ZhiLian.py[line:494]INFO - 数据库准备修改数据>>>>>>>
2019-09-24 09:06:25,313 ZhiLian.py[line:463]WARNING - 没有查找到时间节点
2019-09-24 09:06:25,313 ZhiLian.py[line:494]INFO - 数据库准备修改数据>>>>>>>
2019-09-24 09:06:29,362 ZhiLian.py[line:463]WARNING - 没有查找到时间节点
2019-09-24 09:06:29,363 ZhiLian.py[line:494]INFO - 数据库准备修改数据>>>>>>>
2019-09-24 09:06:33,410 ZhiLian.py[line:463]WARNING - 没有查找到时间节点
2019-09-24 09:06:33,410 ZhiLian.py[line:494]INFO - 数据库准备修改数据>>>>>>>
2019-09-24 09:06:37,457 ZhiLian.py[line:494]INFO - 数据库准备修改数据>>>>>>>
2019-09-24 09:06:41,504 ZhiLian.py[line:494]INFO - 数据库准备修改数据>>>>>>>
2019-09-24 09:06:45,551 ZhiLian.py[line:494]INFO - 数据库准备修改数据>>>>>>>
2019-09-24 09:06:49,599 ZhiLian.py[line:494]INFO - 数据库准备修改数据>>>>>>>
2019-09-24 09:06:53,650 ZhiLian.py[line:494]INFO - 数据库准备修改数据>>>>>>>
2019-09-24 09:06:54,688 ZhiLian.py[line:468]INFO - 您在广州时时美电子商务有限公司账号的第2页有5条简历信息超过规定天数没有刷新了
2019-09-24 09:06:54,688 ZhiLian.py[line:659]INFO - **************************************************
2019-09-24 09:07:00,275 ZhiLian.py[line:560]INFO - 您在账号的第2页有0个信息超过30天没有 重新发布/上线
2019-09-24 09:07:00,277 ZhiLian.py[line:622]INFO - 》》》》》系统发送刷新信息成功
2019-09-24 09:07:00,331 ZhiLian.py[line:645]INFO - >>>>>>>>>没有需要发送的<发布>信息
2019-09-24 09:07:07,485 ZhiLian.py[line:684]INFO - 招聘信息》》》抓取进程开启成功
2019-09-24 09:15:18,346 free_all_download_get.py[line:497]INFO - 获取页面数据有21页, 数据总共有409条
2019-09-24 09:16:15,151 free_all_download_get.py[line:497]INFO - 获取页面数据有7页, 数据总共有124条
2019-09-24 09:16:38,980 free_all_download_get.py[line:497]INFO - 获取页面数据有2页, 数据总共有23条
2019-09-24 09:16:56,980 free_all_download_get.py[line:497]INFO - 获取页面数据有0页, 数据总共有0条
2019-09-24 09:17:19,049 free_all_download_get.py[line:497]INFO - 获取页面数据有1页, 数据总共有11条
2019-09-24 09:17:35,827 free_all_download_get.py[line:497]INFO - 获取页面数据有1页, 数据总共有13条
2019-09-24 09:52:15,325 Zhilian_while_send.py[line:249]INFO - Rvss99ciuYOvPP5R4U3J8g:的邀约信息发送成功
2019-09-24 11:03:33,715 Zhilian_while_send.py[line:249]INFO - eJpFRBk8lwuBQ(jqCY1Ggw:的邀约信息发送成功
2019-09-24 11:08:52,908 Zhilian_while_send.py[line:249]INFO - syCB2MhkeRuvPP5R4U3J8g:的邀约信息发送成功
2019-09-24 11:32:19,844 Zhilian_while_send.py[line:249]INFO - N9Fz6JcPYISvPP5R4U3J8g:的邀约信息发送成功
2019-09-24 11:41:38,353 Zhilian_while_send.py[line:249]INFO - GG8miIz7Gns(4Go(aQn9sw:的邀约信息发送成功
2019-09-24 11:44:56,388 Zhilian_while_send.py[line:249]INFO - mFSDir75WRg(4Go(aQn9sw:的邀约信息发送成功
2019-09-24 11:50:14,976 Zhilian_while_send.py[line:249]INFO - bHGDFR5kdGQ(4Go(aQn9sw:的邀约信息发送成功
2019-09-24 11:53:33,325 Zhilian_while_send.py[line:249]INFO - fCadG9BSzQivPP5R4U3J8g:的邀约信息发送成功
2019-09-24 11:57:51,755 Zhilian_while_send.py[line:249]INFO - ChuzRhNFV(WvPP5R4U3J8g:的邀约信息发送成功
2019-09-24 11:59:55,179 Zhaopin_all_download_get.py[line:519]INFO - 获取页面数据有0页, 数据总共有0条
2019-09-24 12:36:30,258 Zhaopin_detail_ssm.py[line:451]INFO - 获取页面数据有2页
2019-09-24 12:36:30,258 Zhaopin_detail_ssm.py[line:422]INFO - 当前所在页为第1页
2019-09-24 12:36:31,724 Zhaopin_detail_ssm.py[line:354]INFO - 当前页数据获取成功，页面数据为20条
2019-09-24 12:36:38,096 Zhaopin_detail_ssm.py[line:350]INFO - 数据的插入详情为:{"error_code":0,"msg":"success"}
2019-09-24 12:36:43,542 Zhaopin_detail_ssm.py[line:350]INFO - 数据的插入详情为:{"error_code":0,"msg":"success"}
2019-09-24 12:36:50,072 Zhaopin_detail_ssm.py[line:350]INFO - 数据的插入详情为:{"error_code":3,"msg":"\u6ca1\u6709\u6570\u636e\u63d2\u5165"}
2019-09-24 12:36:54,795 Zhaopin_detail_ssm.py[line:350]INFO - 数据的插入详情为:{"error_code":3,"msg":"\u6ca1\u6709\u6570\u636e\u63d2\u5165"}
2019-09-24 12:36:59,516 Zhaopin_detail_ssm.py[line:350]INFO - 数据的插入详情为:{"error_code":3,"msg":"\u6ca1\u6709\u6570\u636e\u63d2\u5165"}
2019-09-24 12:37:04,459 Zhaopin_detail_ssm.py[line:350]INFO - 数据的插入详情为:{"error_code":3,"msg":"\u6ca1\u6709\u6570\u636e\u63d2\u5165"}
2019-09-24 12:37:09,251 Zhaopin_detail_ssm.py[line:350]INFO - 数据的插入详情为:{"error_code":3,"msg":"\u6ca1\u6709\u6570\u636e\u63d2\u5165"}
2019-09-24 12:37:14,473 Zhaopin_detail_ssm.py[line:350]INFO - 数据的插入详情为:{"error_code":3,"msg":"\u6ca1\u6709\u6570\u636e\u63d2\u5165"}
2019-09-24 12:37:20,045 Zhaopin_detail_ssm.py[line:350]INFO - 数据的插入详情为:{"error_code":3,"msg":"\u6ca1\u6709\u6570\u636e\u63d2\u5165"}
2019-09-24 12:37:24,955 Zhaopin_detail_ssm.py[line:350]INFO - 数据的插入详情为:{"error_code":3,"msg":"\u6ca1\u6709\u6570\u636e\u63d2\u5165"}
2019-09-24 12:37:31,067 Zhaopin_detail_ssm.py[line:350]INFO - 数据的插入详情为:{"error_code":3,"msg":"\u6ca1\u6709\u6570\u636e\u63d2\u5165"}
2019-09-24 12:37:37,852 Zhaopin_detail_ssm.py[line:350]INFO - 数据的插入详情为:{"error_code":3,"msg":"\u6ca1\u6709\u6570\u636e\u63d2\u5165"}
2019-09-24 12:37:44,368 Zhaopin_detail_ssm.py[line:350]INFO - 数据的插入详情为:{"error_code":3,"msg":"\u6ca1\u6709\u6570\u636e\u63d2\u5165"}
2019-09-24 12:37:49,609 Zhaopin_detail_ssm.py[line:350]INFO - 数据的插入详情为:{"error_code":3,"msg":"\u6ca1\u6709\u6570\u636e\u63d2\u5165"}
2019-09-24 12:37:55,681 Zhaopin_detail_ssm.py[line:350]INFO - 数据的插入详情为:{"error_code":3,"msg":"\u6ca1\u6709\u6570\u636e\u63d2\u5165"}
2019-09-24 12:38:02,066 Zhaopin_detail_ssm.py[line:350]INFO - 数据的插入详情为:{"error_code":3,"msg":"\u6ca1\u6709\u6570\u636e\u63d2\u5165"}
2019-09-24 12:38:09,156 Zhaopin_detail_ssm.py[line:350]INFO - 数据的插入详情为:{"error_code":3,"msg":"\u6ca1\u6709\u6570\u636e\u63d2\u5165"}
2019-09-24 12:38:14,524 Zhaopin_detail_ssm.py[line:350]INFO - 数据的插入详情为:{"error_code":3,"msg":"\u6ca1\u6709\u6570\u636e\u63d2\u5165"}
2019-09-24 12:38:19,669 Zhaopin_detail_ssm.py[line:350]INFO - 数据的插入详情为:{"error_code":3,"msg":"\u6ca1\u6709\u6570\u636e\u63d2\u5165"}
2019-09-24 12:38:24,633 Zhaopin_detail_ssm.py[line:350]INFO - 数据的插入详情为:{"error_code":3,"msg":"\u6ca1\u6709\u6570\u636e\u63d2\u5165"}
2019-09-24 12:38:24,634 Zhaopin_detail_ssm.py[line:422]INFO - 当前所在页为第2页
2019-09-24 12:38:26,901 Zhaopin_detail_ssm.py[line:354]INFO - 当前页数据获取成功，页面数据为16条
2019-09-24 12:38:31,570 Zhaopin_detail_ssm.py[line:350]INFO - 数据的插入详情为:{"error_code":3,"msg":"\u6ca1\u6709\u6570\u636e\u63d2\u5165"}
2019-09-24 12:38:36,548 Zhaopin_detail_ssm.py[line:350]INFO - 数据的插入详情为:{"error_code":3,"msg":"\u6ca1\u6709\u6570\u636e\u63d2\u5165"}
2019-09-24 12:38:43,746 Zhaopin_detail_ssm.py[line:350]INFO - 数据的插入详情为:{"error_code":3,"msg":"\u6ca1\u6709\u6570\u636e\u63d2\u5165"}
2019-09-24 12:38:49,060 Zhaopin_detail_ssm.py[line:350]INFO - 数据的插入详情为:{"error_code":3,"msg":"\u6ca1\u6709\u6570\u636e\u63d2\u5165"}
2019-09-24 12:38:53,684 Zhaopin_detail_ssm.py[line:350]INFO - 数据的插入详情为:{"error_code":3,"msg":"\u6ca1\u6709\u6570\u636e\u63d2\u5165"}
2019-09-24 12:38:59,457 Zhaopin_detail_ssm.py[line:350]INFO - 数据的插入详情为:{"error_code":3,"msg":"\u6ca1\u6709\u6570\u636e\u63d2\u5165"}
2019-09-24 12:39:05,785 Zhaopin_detail_ssm.py[line:350]INFO - 数据的插入详情为:{"error_code":3,"msg":"\u6ca1\u6709\u6570\u636e\u63d2\u5165"}
2019-09-24 12:39:11,480 Zhaopin_detail_ssm.py[line:350]INFO - 数据的插入详情为:{"error_code":3,"msg":"\u6ca1\u6709\u6570\u636e\u63d2\u5165"}
2019-09-24 12:39:17,177 Zhaopin_detail_ssm.py[line:350]INFO - 数据的插入详情为:{"error_code":3,"msg":"\u6ca1\u6709\u6570\u636e\u63d2\u5165"}
2019-09-24 12:39:22,017 Zhaopin_detail_ssm.py[line:350]INFO - 数据的插入详情为:{"error_code":3,"msg":"\u6ca1\u6709\u6570\u636e\u63d2\u5165"}
2019-09-24 12:39:27,998 Zhaopin_detail_ssm.py[line:350]INFO - 数据的插入详情为:{"error_code":3,"msg":"\u6ca1\u6709\u6570\u636e\u63d2\u5165"}
2019-09-24 12:39:33,128 Zhaopin_detail_ssm.py[line:350]INFO - 数据的插入详情为:{"error_code":3,"msg":"\u6ca1\u6709\u6570\u636e\u63d2\u5165"}
2019-09-24 12:39:38,035 Zhaopin_detail_ssm.py[line:350]INFO - 数据的插入详情为:{"error_code":3,"msg":"\u6ca1\u6709\u6570\u636e\u63d2\u5165"}
2019-09-24 12:39:43,701 Zhaopin_detail_ssm.py[line:350]INFO - 数据的插入详情为:{"error_code":3,"msg":"\u6ca1\u6709\u6570\u636e\u63d2\u5165"}
2019-09-24 12:39:48,899 Zhaopin_detail_ssm.py[line:350]INFO - 数据的插入详情为:{"error_code":3,"msg":"\u6ca1\u6709\u6570\u636e\u63d2\u5165"}
2019-09-24 12:39:54,650 Zhaopin_detail_ssm.py[line:350]INFO - 数据的插入详情为:{"error_code":3,"msg":"\u6ca1\u6709\u6570\u636e\u63d2\u5165"}
2019-09-24 13:52:23,250 Zhilian_while_send.py[line:249]INFO - 30UifGtzPoo(4Go(aQn9sw:的邀约信息发送成功
2019-09-24 14:49:24,796 Zhilian_while_send.py[line:249]INFO - rY0hRfXSJBU(4Go(aQn9sw:的邀约信息发送成功
2019-09-24 14:49:44,175 Zhilian_while_send.py[line:249]INFO - e4y9He4yKPE(4Go(aQn9sw:的邀约信息发送成功
2019-09-24 14:50:03,582 Zhilian_while_send.py[line:249]INFO - De0rPAqX3hqvPP5R4U3J8g:的邀约信息发送成功
2019-09-24 14:50:23,300 Zhilian_while_send.py[line:249]INFO - TOOcrF3F8DSvPP5R4U3J8g:的邀约信息发送成功
2019-09-24 14:50:43,087 Zhilian_while_send.py[line:249]INFO - CxBQvCOPs6c(4Go(aQn9sw:的邀约信息发送成功
2019-09-24 14:51:02,513 Zhilian_while_send.py[line:249]INFO - aYResylToeqvPP5R4U3J8g:的邀约信息发送成功
2019-09-24 16:33:00,164 free_all_download_get.py[line:497]INFO - 获取页面数据有21页, 数据总共有409条
2019-09-24 16:35:49,687 free_all_download_get.py[line:497]INFO - 获取页面数据有1页, 数据总共有10条
2019-09-24 18:25:05,595 Zhilian_while_send.py[line:127]INFO - local cookies file has been refreshed
2019-09-24 18:59:57,879 Zhaopin_detail_ssm.py[line:451]INFO - 获取页面数据有3页
2019-09-24 18:59:57,880 Zhaopin_detail_ssm.py[line:422]INFO - 当前所在页为第1页
2019-09-24 19:00:00,470 Zhaopin_detail_ssm.py[line:354]INFO - 当前页数据获取成功，页面数据为20条
2019-09-24 19:00:06,134 Zhaopin_detail_ssm.py[line:350]INFO - 数据的插入详情为:{"error_code":0,"msg":"success"}
2019-09-24 19:00:10,880 Zhaopin_detail_ssm.py[line:350]INFO - 数据的插入详情为:{"error_code":0,"msg":"success"}
2019-09-24 19:00:17,091 Zhaopin_detail_ssm.py[line:350]INFO - 数据的插入详情为:{"error_code":3,"msg":"\u6ca1\u6709\u6570\u636e\u63d2\u5165"}
2019-09-24 19:00:23,498 Zhaopin_detail_ssm.py[line:350]INFO - 数据的插入详情为:{"error_code":0,"msg":"success"}
2019-09-24 19:00:29,877 Zhaopin_detail_ssm.py[line:350]INFO - 数据的插入详情为:{"error_code":0,"msg":"success"}
2019-09-24 19:00:35,987 Zhaopin_detail_ssm.py[line:350]INFO - 数据的插入详情为:{"error_code":0,"msg":"success"}
2019-09-24 19:00:41,743 Zhaopin_detail_ssm.py[line:350]INFO - 数据的插入详情为:{"error_code":3,"msg":"\u6ca1\u6709\u6570\u636e\u63d2\u5165"}
2019-09-24 19:00:48,728 Zhaopin_detail_ssm.py[line:350]INFO - 数据的插入详情为:{"error_code":3,"msg":"\u6ca1\u6709\u6570\u636e\u63d2\u5165"}
2019-09-24 19:00:55,043 Zhaopin_detail_ssm.py[line:350]INFO - 数据的插入详情为:{"error_code":3,"msg":"\u6ca1\u6709\u6570\u636e\u63d2\u5165"}
2019-09-24 19:01:01,667 Zhaopin_detail_ssm.py[line:350]INFO - 数据的插入详情为:{"error_code":0,"msg":"success"}
2019-09-24 19:01:07,478 Zhaopin_detail_ssm.py[line:350]INFO - 数据的插入详情为:{"error_code":3,"msg":"\u6ca1\u6709\u6570\u636e\u63d2\u5165"}
2019-09-24 19:01:14,046 Zhaopin_detail_ssm.py[line:350]INFO - 数据的插入详情为:{"error_code":3,"msg":"\u6ca1\u6709\u6570\u636e\u63d2\u5165"}
2019-09-24 19:01:20,254 Zhaopin_detail_ssm.py[line:350]INFO - 数据的插入详情为:{"error_code":3,"msg":"\u6ca1\u6709\u6570\u636e\u63d2\u5165"}
2019-09-24 19:01:25,644 Zhaopin_detail_ssm.py[line:350]INFO - 数据的插入详情为:{"error_code":3,"msg":"\u6ca1\u6709\u6570\u636e\u63d2\u5165"}
2019-09-24 19:01:31,106 Zhaopin_detail_ssm.py[line:350]INFO - 数据的插入详情为:{"error_code":3,"msg":"\u6ca1\u6709\u6570\u636e\u63d2\u5165"}
2019-09-24 19:01:36,935 Zhaopin_detail_ssm.py[line:350]INFO - 数据的插入详情为:{"error_code":3,"msg":"\u6ca1\u6709\u6570\u636e\u63d2\u5165"}
2019-09-24 19:01:43,870 Zhaopin_detail_ssm.py[line:350]INFO - 数据的插入详情为:{"error_code":3,"msg":"\u6ca1\u6709\u6570\u636e\u63d2\u5165"}
2019-09-24 19:01:49,710 Zhaopin_detail_ssm.py[line:350]INFO - 数据的插入详情为:{"error_code":3,"msg":"\u6ca1\u6709\u6570\u636e\u63d2\u5165"}
2019-09-24 19:01:54,228 Zhaopin_detail_ssm.py[line:350]INFO - 数据的插入详情为:{"error_code":3,"msg":"\u6ca1\u6709\u6570\u636e\u63d2\u5165"}
2019-09-24 19:02:00,126 Zhaopin_detail_ssm.py[line:350]INFO - 数据的插入详情为:{"error_code":3,"msg":"\u6ca1\u6709\u6570\u636e\u63d2\u5165"}
2019-09-24 19:02:00,126 Zhaopin_detail_ssm.py[line:422]INFO - 当前所在页为第2页
2019-09-24 19:02:01,999 Zhaopin_detail_ssm.py[line:354]INFO - 当前页数据获取成功，页面数据为20条
2019-09-24 19:02:08,371 Zhaopin_detail_ssm.py[line:350]INFO - 数据的插入详情为:{"error_code":3,"msg":"\u6ca1\u6709\u6570\u636e\u63d2\u5165"}
2019-09-24 19:02:13,758 Zhaopin_detail_ssm.py[line:350]INFO - 数据的插入详情为:{"error_code":3,"msg":"\u6ca1\u6709\u6570\u636e\u63d2\u5165"}
2019-09-24 19:02:19,732 Zhaopin_detail_ssm.py[line:350]INFO - 数据的插入详情为:{"error_code":3,"msg":"\u6ca1\u6709\u6570\u636e\u63d2\u5165"}
2019-09-24 19:02:24,993 Zhaopin_detail_ssm.py[line:350]INFO - 数据的插入详情为:{"error_code":3,"msg":"\u6ca1\u6709\u6570\u636e\u63d2\u5165"}
2019-09-24 19:02:30,912 Zhaopin_detail_ssm.py[line:350]INFO - 数据的插入详情为:{"error_code":3,"msg":"\u6ca1\u6709\u6570\u636e\u63d2\u5165"}
2019-09-24 19:02:36,563 Zhaopin_detail_ssm.py[line:350]INFO - 数据的插入详情为:{"error_code":3,"msg":"\u6ca1\u6709\u6570\u636e\u63d2\u5165"}
2019-09-24 19:02:41,724 Zhaopin_detail_ssm.py[line:350]INFO - 数据的插入详情为:{"error_code":3,"msg":"\u6ca1\u6709\u6570\u636e\u63d2\u5165"}
2019-09-24 19:02:46,957 Zhaopin_detail_ssm.py[line:350]INFO - 数据的插入详情为:{"error_code":3,"msg":"\u6ca1\u6709\u6570\u636e\u63d2\u5165"}
2019-09-24 19:02:53,327 Zhaopin_detail_ssm.py[line:350]INFO - 数据的插入详情为:{"error_code":3,"msg":"\u6ca1\u6709\u6570\u636e\u63d2\u5165"}
2019-09-24 19:02:58,156 Zhaopin_detail_ssm.py[line:350]INFO - 数据的插入详情为:{"error_code":3,"msg":"\u6ca1\u6709\u6570\u636e\u63d2\u5165"}
2019-09-24 19:03:04,005 Zhaopin_detail_ssm.py[line:350]INFO - 数据的插入详情为:{"error_code":3,"msg":"\u6ca1\u6709\u6570\u636e\u63d2\u5165"}
2019-09-24 19:03:09,445 Zhaopin_detail_ssm.py[line:350]INFO - 数据的插入详情为:{"error_code":3,"msg":"\u6ca1\u6709\u6570\u636e\u63d2\u5165"}
2019-09-24 19:03:15,870 Zhaopin_detail_ssm.py[line:350]INFO - 数据的插入详情为:{"error_code":3,"msg":"\u6ca1\u6709\u6570\u636e\u63d2\u5165"}
2019-09-24 19:03:22,043 Zhaopin_detail_ssm.py[line:350]INFO - 数据的插入详情为:{"error_code":3,"msg":"\u6ca1\u6709\u6570\u636e\u63d2\u5165"}
2019-09-24 19:03:27,334 Zhaopin_detail_ssm.py[line:350]INFO - 数据的插入详情为:{"error_code":3,"msg":"\u6ca1\u6709\u6570\u636e\u63d2\u5165"}
2019-09-24 19:03:33,494 Zhaopin_detail_ssm.py[line:350]INFO - 数据的插入详情为:{"error_code":3,"msg":"\u6ca1\u6709\u6570\u636e\u63d2\u5165"}
2019-09-24 19:03:39,024 Zhaopin_detail_ssm.py[line:350]INFO - 数据的插入详情为:{"error_code":3,"msg":"\u6ca1\u6709\u6570\u636e\u63d2\u5165"}
2019-09-24 19:03:45,735 Zhaopin_detail_ssm.py[line:350]INFO - 数据的插入详情为:{"error_code":3,"msg":"\u6ca1\u6709\u6570\u636e\u63d2\u5165"}
2019-09-24 19:03:52,149 Zhaopin_detail_ssm.py[line:350]INFO - 数据的插入详情为:{"error_code":3,"msg":"\u6ca1\u6709\u6570\u636e\u63d2\u5165"}
2019-09-24 19:03:57,436 Zhaopin_detail_ssm.py[line:350]INFO - 数据的插入详情为:{"error_code":3,"msg":"\u6ca1\u6709\u6570\u636e\u63d2\u5165"}
2019-09-24 19:03:57,436 Zhaopin_detail_ssm.py[line:422]INFO - 当前所在页为第3页
2019-09-24 19:03:59,409 Zhaopin_detail_ssm.py[line:354]INFO - 当前页数据获取成功，页面数据为7条
2019-09-24 19:04:05,888 Zhaopin_detail_ssm.py[line:350]INFO - 数据的插入详情为:{"error_code":3,"msg":"\u6ca1\u6709\u6570\u636e\u63d2\u5165"}
2019-09-24 19:04:11,992 Zhaopin_detail_ssm.py[line:350]INFO - 数据的插入详情为:{"error_code":3,"msg":"\u6ca1\u6709\u6570\u636e\u63d2\u5165"}
2019-09-24 19:04:17,445 Zhaopin_detail_ssm.py[line:350]INFO - 数据的插入详情为:{"error_code":3,"msg":"\u6ca1\u6709\u6570\u636e\u63d2\u5165"}
2019-09-24 19:04:23,199 Zhaopin_detail_ssm.py[line:350]INFO - 数据的插入详情为:{"error_code":3,"msg":"\u6ca1\u6709\u6570\u636e\u63d2\u5165"}
2019-09-24 19:04:28,641 Zhaopin_detail_ssm.py[line:350]INFO - 数据的插入详情为:{"error_code":3,"msg":"\u6ca1\u6709\u6570\u636e\u63d2\u5165"}
2019-09-24 19:04:33,230 Zhaopin_detail_ssm.py[line:350]INFO - 数据的插入详情为:{"error_code":3,"msg":"\u6ca1\u6709\u6570\u636e\u63d2\u5165"}
2019-09-24 19:04:40,774 Zhaopin_detail_ssm.py[line:350]INFO - 数据的插入详情为:{"error_code":3,"msg":"\u6ca1\u6709\u6570\u636e\u63d2\u5165"}
2019-09-24 19:25:53,179 Zhilian_while_send.py[line:249]INFO - IJ2qZqnGKEM(4Go(aQn9sw:的邀约信息发送成功
2019-09-24 19:26:18,781 Zhilian_while_send.py[line:249]INFO - 0(NHlhwi5KI(4Go(aQn9sw:的邀约信息发送成功
2019-09-24 19:26:44,824 Zhilian_while_send.py[line:249]INFO - P3mdzkONgnw(4Go(aQn9sw:的邀约信息发送成功
2019-09-24 19:27:10,196 Zhilian_while_send.py[line:249]INFO - Hznw94WLVgk(4Go(aQn9sw:的邀约信息发送成功
2019-09-24 19:27:35,563 Zhilian_while_send.py[line:249]INFO - OfAd3uzzgrw(4Go(aQn9sw:的邀约信息发送成功
2019-09-24 23:41:04,880 Zhaopin_all_download_get.py[line:519]INFO - 获取页面数据有1页, 数据总共有16条
2019-09-24 23:41:14,880 Zhaopin_all_download_get.py[line:493]INFO - 当前所在页为第1页
2019-09-24 23:41:15,199 Zhaopin_all_download_get.py[line:403]INFO - 当前页数据获取成功，页面数据为16条
2019-09-24 23:41:17,761 Zhaopin_all_download_get.py[line:399]INFO - INSERT DATA INFO IS:{"error_code":0,"msg":"success"}
2019-09-24 23:41:21,175 Zhaopin_all_download_get.py[line:399]INFO - INSERT DATA INFO IS:{"error_code":0,"msg":"success"}
2019-09-24 23:41:24,429 Zhaopin_all_download_get.py[line:399]INFO - INSERT DATA INFO IS:{"error_code":0,"msg":"success"}
2019-09-24 23:41:27,297 Zhaopin_all_download_get.py[line:399]INFO - INSERT DATA INFO IS:{"error_code":0,"msg":"success"}
2019-09-24 23:41:30,843 Zhaopin_all_download_get.py[line:399]INFO - INSERT DATA INFO IS:{"error_code":0,"msg":"success"}
2019-09-24 23:41:34,041 Zhaopin_all_download_get.py[line:399]INFO - INSERT DATA INFO IS:{"error_code":0,"msg":"success"}
2019-09-24 23:41:37,457 Zhaopin_all_download_get.py[line:399]INFO - INSERT DATA INFO IS:{"error_code":0,"msg":"success"}
2019-09-24 23:41:40,651 Zhaopin_all_download_get.py[line:399]INFO - INSERT DATA INFO IS:{"error_code":0,"msg":"success"}
2019-09-24 23:41:43,300 Zhaopin_all_download_get.py[line:399]INFO - INSERT DATA INFO IS:{"error_code":0,"msg":"success"}
2019-09-24 23:41:45,780 Zhaopin_all_download_get.py[line:399]INFO - INSERT DATA INFO IS:{"error_code":0,"msg":"success"}
2019-09-24 23:41:48,307 Zhaopin_all_download_get.py[line:399]INFO - INSERT DATA INFO IS:{"error_code":0,"msg":"success"}
2019-09-24 23:41:51,186 Zhaopin_all_download_get.py[line:399]INFO - INSERT DATA INFO IS:{"error_code":0,"msg":"success"}
2019-09-24 23:41:53,734 Zhaopin_all_download_get.py[line:399]INFO - INSERT DATA INFO IS:{"error_code":2,"msg":"\u6210\u529f\u66f4\u65b0\u7528\u6237\u6570\u636e\uff01"}
2019-09-24 23:41:56,736 Zhaopin_all_download_get.py[line:399]INFO - INSERT DATA INFO IS:{"error_code":2,"msg":"\u6210\u529f\u66f4\u65b0\u7528\u6237\u6570\u636e\uff01"}
2019-09-24 23:41:59,484 Zhaopin_all_download_get.py[line:399]INFO - INSERT DATA INFO IS:{"error_code":1,"msg":"\u8be5\u7528\u6237\u7684\u7b80\u5386\u5df2\u7ecf\u5b58\u5728\uff01"}
2019-09-24 23:42:02,888 Zhaopin_all_download_get.py[line:399]INFO - INSERT DATA INFO IS:{"error_code":1,"msg":"\u8be5\u7528\u6237\u7684\u7b80\u5386\u5df2\u7ecf\u5b58\u5728\uff01"}
2019-09-25 01:01:22,745 Zhilian_cost_much_detect_all_ssm.py[line:125]INFO - 数据的插入详情为:{"error_code":0,"msg":"success"}
2019-09-25 01:01:23,224 Zhilian_cost_much_detect_all_ssm.py[line:250]INFO - 数据的插入详情为:{"error_code":0,"msg":"success"}
2019-09-25 07:20:46,573 Zhaopin_detail_ssm.py[line:451]INFO - 获取页面数据有2页
2019-09-25 07:20:46,573 Zhaopin_detail_ssm.py[line:422]INFO - 当前所在页为第1页
2019-09-25 07:20:48,133 Zhaopin_detail_ssm.py[line:354]INFO - 当前页数据获取成功，页面数据为20条
2019-09-25 07:20:53,235 Zhaopin_detail_ssm.py[line:350]INFO - 数据的插入详情为:{"error_code":6,"msg":"\u8fc7\u6ee4\u638940\u5c81\u4ee5\u4e0a\u7684\u4eba\u5458"}
2019-09-25 07:20:59,496 Zhaopin_detail_ssm.py[line:350]INFO - 数据的插入详情为:{"error_code":3,"msg":"\u6ca1\u6709\u6570\u636e\u63d2\u5165"}
2019-09-25 07:21:05,372 Zhaopin_detail_ssm.py[line:350]INFO - 数据的插入详情为:{"error_code":0,"msg":"success"}
2019-09-25 07:21:12,044 Zhaopin_detail_ssm.py[line:350]INFO - 数据的插入详情为:{"error_code":6,"msg":"\u8fc7\u6ee4\u638940\u5c81\u4ee5\u4e0a\u7684\u4eba\u5458"}
2019-09-25 07:21:18,413 Zhaopin_detail_ssm.py[line:350]INFO - 数据的插入详情为:{"error_code":0,"msg":"success"}
2019-09-25 07:21:24,826 Zhaopin_detail_ssm.py[line:350]INFO - 数据的插入详情为:{"error_code":0,"msg":"success"}
2019-09-25 07:21:31,758 Zhaopin_detail_ssm.py[line:350]INFO - 数据的插入详情为:{"error_code":0,"msg":"success"}
2019-09-25 07:21:37,007 Zhaopin_detail_ssm.py[line:350]INFO - 数据的插入详情为:{"error_code":0,"msg":"success"}
2019-09-25 07:21:43,143 Zhaopin_detail_ssm.py[line:350]INFO - 数据的插入详情为:{"error_code":0,"msg":"success"}
2019-09-25 07:21:49,484 Zhaopin_detail_ssm.py[line:350]INFO - 数据的插入详情为:{"error_code":0,"msg":"success"}
2019-09-25 07:21:55,683 Zhaopin_detail_ssm.py[line:350]INFO - 数据的插入详情为:{"error_code":0,"msg":"success"}
2019-09-25 07:22:00,739 Zhaopin_detail_ssm.py[line:350]INFO - 数据的插入详情为:{"error_code":3,"msg":"\u6ca1\u6709\u6570\u636e\u63d2\u5165"}
2019-09-25 07:22:06,155 Zhaopin_detail_ssm.py[line:350]INFO - 数据的插入详情为:{"error_code":3,"msg":"\u6ca1\u6709\u6570\u636e\u63d2\u5165"}
2019-09-25 07:22:11,213 Zhaopin_detail_ssm.py[line:350]INFO - 数据的插入详情为:{"error_code":3,"msg":"\u6ca1\u6709\u6570\u636e\u63d2\u5165"}
2019-09-25 07:22:16,018 Zhaopin_detail_ssm.py[line:350]INFO - 数据的插入详情为:{"error_code":3,"msg":"\u6ca1\u6709\u6570\u636e\u63d2\u5165"}
2019-09-25 07:22:22,524 Zhaopin_detail_ssm.py[line:350]INFO - 数据的插入详情为:{"error_code":3,"msg":"\u6ca1\u6709\u6570\u636e\u63d2\u5165"}
2019-09-25 07:22:28,092 Zhaopin_detail_ssm.py[line:350]INFO - 数据的插入详情为:{"error_code":3,"msg":"\u6ca1\u6709\u6570\u636e\u63d2\u5165"}
2019-09-25 07:22:34,160 Zhaopin_detail_ssm.py[line:350]INFO - 数据的插入详情为:{"error_code":3,"msg":"\u6ca1\u6709\u6570\u636e\u63d2\u5165"}
2019-09-25 07:22:39,821 Zhaopin_detail_ssm.py[line:350]INFO - 数据的插入详情为:{"error_code":3,"msg":"\u6ca1\u6709\u6570\u636e\u63d2\u5165"}
2019-09-25 07:22:45,479 Zhaopin_detail_ssm.py[line:350]INFO - 数据的插入详情为:{"error_code":3,"msg":"\u6ca1\u6709\u6570\u636e\u63d2\u5165"}
2019-09-25 07:22:45,480 Zhaopin_detail_ssm.py[line:422]INFO - 当前所在页为第2页
2019-09-25 07:22:47,992 Zhaopin_detail_ssm.py[line:354]INFO - 当前页数据获取成功，页面数据为7条
2019-09-25 07:22:53,734 Zhaopin_detail_ssm.py[line:350]INFO - 数据的插入详情为:{"error_code":3,"msg":"\u6ca1\u6709\u6570\u636e\u63d2\u5165"}
2019-09-25 07:23:00,076 Zhaopin_detail_ssm.py[line:350]INFO - 数据的插入详情为:{"error_code":3,"msg":"\u6ca1\u6709\u6570\u636e\u63d2\u5165"}
2019-09-25 07:23:05,905 Zhaopin_detail_ssm.py[line:350]INFO - 数据的插入详情为:{"error_code":3,"msg":"\u6ca1\u6709\u6570\u636e\u63d2\u5165"}
2019-09-25 07:23:10,971 Zhaopin_detail_ssm.py[line:350]INFO - 数据的插入详情为:{"error_code":3,"msg":"\u6ca1\u6709\u6570\u636e\u63d2\u5165"}
2019-09-25 07:23:16,680 Zhaopin_detail_ssm.py[line:350]INFO - 数据的插入详情为:{"error_code":3,"msg":"\u6ca1\u6709\u6570\u636e\u63d2\u5165"}
2019-09-25 07:23:22,337 Zhaopin_detail_ssm.py[line:350]INFO - 数据的插入详情为:{"error_code":3,"msg":"\u6ca1\u6709\u6570\u636e\u63d2\u5165"}
2019-09-25 07:23:27,991 Zhaopin_detail_ssm.py[line:350]INFO - 数据的插入详情为:{"error_code":3,"msg":"\u6ca1\u6709\u6570\u636e\u63d2\u5165"}
2019-09-25 09:07:51,992 ZhiLian.py[line:168]INFO - 本地的cookies文件已经刷新
2019-09-25 09:08:30,814 ZhiLian.py[line:494]INFO - 数据库准备修改数据>>>>>>>
2019-09-25 09:08:34,889 ZhiLian.py[line:494]INFO - 数据库准备修改数据>>>>>>>
2019-09-25 09:08:38,934 ZhiLian.py[line:494]INFO - 数据库准备修改数据>>>>>>>
2019-09-25 09:08:42,980 ZhiLian.py[line:494]INFO - 数据库准备修改数据>>>>>>>
2019-09-25 09:08:47,056 ZhiLian.py[line:494]INFO - 数据库准备修改数据>>>>>>>
2019-09-25 09:08:51,100 ZhiLian.py[line:494]INFO - 数据库准备修改数据>>>>>>>
2019-09-25 09:08:55,148 ZhiLian.py[line:494]INFO - 数据库准备修改数据>>>>>>>
2019-09-25 09:08:59,195 ZhiLian.py[line:494]INFO - 数据库准备修改数据>>>>>>>
2019-09-25 09:09:03,239 ZhiLian.py[line:494]INFO - 数据库准备修改数据>>>>>>>
2019-09-25 09:09:07,285 ZhiLian.py[line:494]INFO - 数据库准备修改数据>>>>>>>
2019-09-25 09:09:11,330 ZhiLian.py[line:494]INFO - 数据库准备修改数据>>>>>>>
2019-09-25 09:09:15,376 ZhiLian.py[line:494]INFO - 数据库准备修改数据>>>>>>>
2019-09-25 09:09:19,424 ZhiLian.py[line:494]INFO - 数据库准备修改数据>>>>>>>
2019-09-25 09:09:23,470 ZhiLian.py[line:494]INFO - 数据库准备修改数据>>>>>>>
2019-09-25 09:09:27,516 ZhiLian.py[line:494]INFO - 数据库准备修改数据>>>>>>>
2019-09-25 09:09:31,564 ZhiLian.py[line:494]INFO - 数据库准备修改数据>>>>>>>
2019-09-25 09:09:35,608 ZhiLian.py[line:494]INFO - 数据库准备修改数据>>>>>>>
2019-09-25 09:09:39,653 ZhiLian.py[line:494]INFO - 数据库准备修改数据>>>>>>>
2019-09-25 09:09:43,698 ZhiLian.py[line:494]INFO - 数据库准备修改数据>>>>>>>
2019-09-25 09:09:47,743 ZhiLian.py[line:494]INFO - 数据库准备修改数据>>>>>>>
2019-09-25 09:09:48,745 ZhiLian.py[line:468]INFO - 您在广州时时美电子商务有限公司账号的第1页有3条简历信息超过规定天数没有刷新了
2019-09-25 09:09:48,746 ZhiLian.py[line:659]INFO - **************************************************
2019-09-25 09:09:54,693 ZhiLian.py[line:560]INFO - 您在账号的第1页有0个信息超过30天没有 重新发布/上线
2019-09-25 09:09:54,794 ZhiLian.py[line:666]INFO - 在第1页运行成功
2019-09-25 09:10:27,394 ZhiLian.py[line:463]WARNING - 没有查找到时间节点
2019-09-25 09:10:27,394 ZhiLian.py[line:494]INFO - 数据库准备修改数据>>>>>>>
2019-09-25 09:10:31,440 ZhiLian.py[line:494]INFO - 数据库准备修改数据>>>>>>>
2019-09-25 09:10:35,485 ZhiLian.py[line:494]INFO - 数据库准备修改数据>>>>>>>
2019-09-25 09:10:39,556 ZhiLian.py[line:494]INFO - 数据库准备修改数据>>>>>>>
2019-09-25 09:10:43,604 ZhiLian.py[line:494]INFO - 数据库准备修改数据>>>>>>>
2019-09-25 09:10:47,651 ZhiLian.py[line:494]INFO - 数据库准备修改数据>>>>>>>
2019-09-25 09:10:51,697 ZhiLian.py[line:494]INFO - 数据库准备修改数据>>>>>>>
2019-09-25 09:10:55,770 ZhiLian.py[line:494]INFO - 数据库准备修改数据>>>>>>>
2019-09-25 09:10:59,814 ZhiLian.py[line:494]INFO - 数据库准备修改数据>>>>>>>
2019-09-25 09:11:03,861 ZhiLian.py[line:494]INFO - 数据库准备修改数据>>>>>>>
2019-09-25 09:11:07,904 ZhiLian.py[line:494]INFO - 数据库准备修改数据>>>>>>>
2019-09-25 09:11:11,976 ZhiLian.py[line:494]INFO - 数据库准备修改数据>>>>>>>
2019-09-25 09:11:16,023 ZhiLian.py[line:494]INFO - 数据库准备修改数据>>>>>>>
2019-09-25 09:11:20,068 ZhiLian.py[line:494]INFO - 数据库准备修改数据>>>>>>>
2019-09-25 09:11:24,113 ZhiLian.py[line:494]INFO - 数据库准备修改数据>>>>>>>
2019-09-25 09:11:28,183 ZhiLian.py[line:513]INFO - 数据库准备输入>>>>>>>
2019-09-25 09:11:28,512 ZhiLian.py[line:494]INFO - 数据库准备修改数据>>>>>>>
2019-09-25 09:11:32,558 ZhiLian.py[line:494]INFO - 数据库准备修改数据>>>>>>>
2019-09-25 09:11:36,606 ZhiLian.py[line:494]INFO - 数据库准备修改数据>>>>>>>
2019-09-25 09:11:40,652 ZhiLian.py[line:494]INFO - 数据库准备修改数据>>>>>>>
2019-09-25 09:11:44,698 ZhiLian.py[line:494]INFO - 数据库准备修改数据>>>>>>>
2019-09-25 09:11:45,700 ZhiLian.py[line:468]INFO - 您在广州时时美电子商务有限公司账号的第2页有19条简历信息超过规定天数没有刷新了
2019-09-25 09:11:45,700 ZhiLian.py[line:659]INFO - **************************************************
2019-09-25 09:11:51,606 ZhiLian.py[line:560]INFO - 您在账号的第2页有0个信息超过30天没有 重新发布/上线
2019-09-25 09:11:51,651 ZhiLian.py[line:666]INFO - 在第2页运行成功
2019-09-25 09:12:24,147 ZhiLian.py[line:463]WARNING - 没有查找到时间节点
2019-09-25 09:12:24,148 ZhiLian.py[line:494]INFO - 数据库准备修改数据>>>>>>>
2019-09-25 09:12:28,191 ZhiLian.py[line:463]WARNING - 没有查找到时间节点
2019-09-25 09:12:28,192 ZhiLian.py[line:494]INFO - 数据库准备修改数据>>>>>>>
2019-09-25 09:12:32,235 ZhiLian.py[line:463]WARNING - 没有查找到时间节点
2019-09-25 09:12:32,235 ZhiLian.py[line:494]INFO - 数据库准备修改数据>>>>>>>
2019-09-25 09:12:36,280 ZhiLian.py[line:463]WARNING - 没有查找到时间节点
2019-09-25 09:12:36,280 ZhiLian.py[line:494]INFO - 数据库准备修改数据>>>>>>>
2019-09-25 09:12:40,326 ZhiLian.py[line:463]WARNING - 没有查找到时间节点
2019-09-25 09:12:40,326 ZhiLian.py[line:494]INFO - 数据库准备修改数据>>>>>>>
2019-09-25 09:12:41,366 ZhiLian.py[line:468]INFO - 您在广州时时美电子商务有限公司账号的第3页有0条简历信息超过规定天数没有刷新了
2019-09-25 09:12:41,366 ZhiLian.py[line:659]INFO - **************************************************
2019-09-25 09:12:46,727 ZhiLian.py[line:560]INFO - 您在账号的第3页有0个信息超过30天没有 重新发布/上线
2019-09-25 09:12:46,728 ZhiLian.py[line:622]INFO - 》》》》》系统发送刷新信息成功
2019-09-25 09:12:46,776 ZhiLian.py[line:645]INFO - >>>>>>>>>没有需要发送的<发布>信息
2019-09-25 09:12:53,932 ZhiLian.py[line:684]INFO - 招聘信息》》》抓取进程开启成功
