2019-09-19 16:46:31,447 Selenium_call_find.py[line:392]INFO - ======================= 我是数据分割线 ========================
2019-09-19 16:46:33,912 Selenium_call_find.py[line:443]INFO - 检查状态-对方回复了信息,尝试上传简历.
2019-09-19 16:46:36,467 Selenium_call_find.py[line:286]INFO - 沟通的数据插入详情为:{"error_code":0,"msg":"success"}
2019-09-19 16:46:39,318 Selenium_call_find.py[line:392]INFO - ======================= 我是数据分割线 ========================
2019-09-19 16:46:41,692 Selenium_call_find.py[line:125]INFO - changed: 已经互相发送信息尝试进一步验证
2019-09-19 16:46:42,883 Selenium_call_find.py[line:443]INFO - 检查状态-对方回复了信息,尝试上传简历.
2019-09-19 16:46:45,116 Selenium_call_find.py[line:291]INFO - reject: 到这里就是信息不符合规定,未能上传
2019-09-19 16:46:47,937 Selenium_call_find.py[line:392]INFO - ======================= 我是数据分割线 ========================
2019-09-19 16:46:50,420 Selenium_call_find.py[line:122]INFO - disable: 未交换信息需要进一步验证
2019-09-19 16:46:54,294 Selenium_call_find.py[line:437]INFO - 检查状态-等待他人回复消息后再进行交换.
2019-09-19 16:46:56,947 Selenium_call_find.py[line:291]INFO - reject: 到这里就是信息不符合规定,未能上传
2019-09-19 16:46:59,448 Selenium_call_find.py[line:392]INFO - ======================= 我是数据分割线 ========================
2019-09-19 16:47:02,220 Selenium_call_find.py[line:122]INFO - disable: 未交换信息需要进一步验证
2019-09-19 16:47:05,947 Selenium_call_find.py[line:437]INFO - 检查状态-等待他人回复消息后再进行交换.
2019-09-19 16:47:08,174 Selenium_call_find.py[line:291]INFO - reject: 到这里就是信息不符合规定,未能上传
2019-09-19 16:47:10,497 Selenium_call_find.py[line:392]INFO - ======================= 我是数据分割线 ========================
2019-09-19 16:47:13,440 Selenium_call_find.py[line:443]INFO - 检查状态-对方回复了信息,尝试上传简历.
2019-09-19 16:47:15,430 Selenium_call_find.py[line:291]INFO - reject: 到这里就是信息不符合规定,未能上传
2019-09-19 16:47:17,580 Selenium_call_find.py[line:392]INFO - ======================= 我是数据分割线 ========================
2019-09-19 16:47:19,664 Selenium_call_find.py[line:122]INFO - disable: 未交换信息需要进一步验证
2019-09-19 16:47:22,872 Selenium_call_find.py[line:437]INFO - 检查状态-等待他人回复消息后再进行交换.
2019-09-19 16:47:24,547 Selenium_call_find.py[line:291]INFO - reject: 到这里就是信息不符合规定,未能上传
2019-09-19 16:47:27,491 Selenium_call_find.py[line:392]INFO - ======================= 我是数据分割线 ========================
2019-09-19 16:47:29,952 Selenium_call_find.py[line:122]INFO - disable: 未交换信息需要进一步验证
2019-09-19 16:47:33,319 Selenium_call_find.py[line:437]INFO - 检查状态-等待他人回复消息后再进行交换.
2019-09-19 16:47:35,902 Selenium_call_find.py[line:291]INFO - reject: 到这里就是信息不符合规定,未能上传
2019-09-19 16:47:38,782 Selenium_call_find.py[line:392]INFO - ======================= 我是数据分割线 ========================
2019-09-19 16:47:41,031 Selenium_call_find.py[line:122]INFO - disable: 未交换信息需要进一步验证
2019-09-19 16:47:43,935 Selenium_call_find.py[line:437]INFO - 检查状态-等待他人回复消息后再进行交换.
2019-09-19 16:47:46,674 Selenium_call_find.py[line:291]INFO - reject: 到这里就是信息不符合规定,未能上传
2019-09-19 16:47:49,304 Selenium_call_find.py[line:392]INFO - ======================= 我是数据分割线 ========================
2019-09-19 16:47:51,652 Selenium_call_find.py[line:122]INFO - disable: 未交换信息需要进一步验证
2019-09-19 16:47:55,422 Selenium_call_find.py[line:437]INFO - 检查状态-等待他人回复消息后再进行交换.
2019-09-19 16:47:57,676 Selenium_call_find.py[line:291]INFO - reject: 到这里就是信息不符合规定,未能上传
2019-09-19 16:48:00,321 Selenium_call_find.py[line:392]INFO - ======================= 我是数据分割线 ========================
2019-09-19 16:48:02,711 Selenium_call_find.py[line:122]INFO - disable: 未交换信息需要进一步验证
2019-09-19 16:48:05,468 Selenium_call_find.py[line:437]INFO - 检查状态-等待他人回复消息后再进行交换.
2019-09-19 16:48:07,233 Selenium_call_find.py[line:291]INFO - reject: 到这里就是信息不符合规定,未能上传
2019-09-19 16:48:09,726 Selenium_call_find.py[line:392]INFO - ======================= 我是数据分割线 ========================
2019-09-19 16:48:12,166 Selenium_call_find.py[line:122]INFO - disable: 未交换信息需要进一步验证
2019-09-19 16:48:16,399 Selenium_call_find.py[line:437]INFO - 检查状态-等待他人回复消息后再进行交换.
2019-09-19 16:48:18,751 Selenium_call_find.py[line:291]INFO - reject: 到这里就是信息不符合规定,未能上传
2019-09-19 16:48:20,812 Selenium_call_find.py[line:392]INFO - ======================= 我是数据分割线 ========================
2019-09-19 16:48:23,625 Selenium_call_find.py[line:125]INFO - changed: 已经互相发送信息尝试进一步验证
2019-09-19 16:48:24,727 Selenium_call_find.py[line:443]INFO - 检查状态-对方回复了信息,尝试上传简历.
2019-09-19 16:48:26,521 Selenium_call_find.py[line:291]INFO - reject: 到这里就是信息不符合规定,未能上传
2019-09-19 16:48:29,047 Selenium_call_find.py[line:392]INFO - ======================= 我是数据分割线 ========================
2019-09-19 16:48:31,246 Selenium_call_find.py[line:122]INFO - disable: 未交换信息需要进一步验证
2019-09-19 16:48:35,744 Selenium_call_find.py[line:437]INFO - 检查状态-等待他人回复消息后再进行交换.
2019-09-19 16:48:37,934 Selenium_call_find.py[line:291]INFO - reject: 到这里就是信息不符合规定,未能上传
2019-09-19 16:48:40,566 Selenium_call_find.py[line:392]INFO - ======================= 我是数据分割线 ========================
2019-09-19 16:48:42,822 Selenium_call_find.py[line:122]INFO - disable: 未交换信息需要进一步验证
2019-09-19 16:48:47,998 Selenium_call_find.py[line:437]INFO - 检查状态-等待他人回复消息后再进行交换.
2019-09-19 16:48:50,088 Selenium_call_find.py[line:291]INFO - reject: 到这里就是信息不符合规定,未能上传
2019-09-19 16:48:52,930 Selenium_call_find.py[line:392]INFO - ======================= 我是数据分割线 ========================
2019-09-19 16:48:55,576 Selenium_call_find.py[line:122]INFO - disable: 未交换信息需要进一步验证
2019-09-19 16:48:59,927 Selenium_call_find.py[line:437]INFO - 检查状态-等待他人回复消息后再进行交换.
2019-09-19 16:49:02,403 Selenium_call_find.py[line:291]INFO - reject: 到这里就是信息不符合规定,未能上传
2019-09-19 16:49:04,660 Selenium_call_find.py[line:392]INFO - ======================= 我是数据分割线 ========================
2019-09-19 16:49:07,159 Selenium_call_find.py[line:122]INFO - disable: 未交换信息需要进一步验证
2019-09-19 16:49:11,171 Selenium_call_find.py[line:437]INFO - 检查状态-等待他人回复消息后再进行交换.
2019-09-19 16:49:13,079 Selenium_call_find.py[line:291]INFO - reject: 到这里就是信息不符合规定,未能上传
2019-09-19 16:49:15,462 Selenium_call_find.py[line:392]INFO - ======================= 我是数据分割线 ========================
2019-09-19 16:49:17,992 Selenium_call_find.py[line:122]INFO - disable: 未交换信息需要进一步验证
2019-09-19 16:49:21,147 Selenium_call_find.py[line:437]INFO - 检查状态-等待他人回复消息后再进行交换.
2019-09-19 16:49:23,467 Selenium_call_find.py[line:291]INFO - reject: 到这里就是信息不符合规定,未能上传
2019-09-19 16:49:26,239 Selenium_call_find.py[line:392]INFO - ======================= 我是数据分割线 ========================
2019-09-19 16:49:28,758 Selenium_call_find.py[line:122]INFO - disable: 未交换信息需要进一步验证
2019-09-19 16:49:32,280 Selenium_call_find.py[line:437]INFO - 检查状态-等待他人回复消息后再进行交换.
2019-09-19 16:49:35,184 Selenium_call_find.py[line:291]INFO - reject: 到这里就是信息不符合规定,未能上传
2019-09-19 16:49:37,312 Selenium_call_find.py[line:392]INFO - ======================= 我是数据分割线 ========================
2019-09-19 16:49:39,631 Selenium_call_find.py[line:122]INFO - disable: 未交换信息需要进一步验证
2019-09-19 16:49:43,947 Selenium_call_find.py[line:437]INFO - 检查状态-等待他人回复消息后再进行交换.
2019-09-19 16:49:46,041 Selenium_call_find.py[line:291]INFO - reject: 到这里就是信息不符合规定,未能上传
2019-09-19 16:49:48,240 Selenium_call_find.py[line:392]INFO - ======================= 我是数据分割线 ========================
2019-09-19 16:49:51,008 Selenium_call_find.py[line:122]INFO - disable: 未交换信息需要进一步验证
2019-09-19 16:49:55,737 Selenium_call_find.py[line:437]INFO - 检查状态-等待他人回复消息后再进行交换.
2019-09-19 16:49:57,940 Selenium_call_find.py[line:291]INFO - reject: 到这里就是信息不符合规定,未能上传
2019-09-19 16:50:00,647 Selenium_call_find.py[line:392]INFO - ======================= 我是数据分割线 ========================
2019-09-19 16:50:03,539 Selenium_call_find.py[line:122]INFO - disable: 未交换信息需要进一步验证
2019-09-19 16:50:08,092 Selenium_call_find.py[line:437]INFO - 检查状态-等待他人回复消息后再进行交换.
2019-09-19 16:50:09,926 Selenium_call_find.py[line:291]INFO - reject: 到这里就是信息不符合规定,未能上传
2019-09-19 16:50:12,065 Selenium_call_find.py[line:392]INFO - ======================= 我是数据分割线 ========================
2019-09-19 16:50:14,631 Selenium_call_find.py[line:122]INFO - disable: 未交换信息需要进一步验证
2019-09-19 16:50:18,121 Selenium_call_find.py[line:437]INFO - 检查状态-等待他人回复消息后再进行交换.
2019-09-19 16:50:20,184 Selenium_call_find.py[line:291]INFO - reject: 到这里就是信息不符合规定,未能上传
2019-09-19 16:50:22,744 Selenium_call_find.py[line:392]INFO - ======================= 我是数据分割线 ========================
2019-09-19 16:50:25,571 Selenium_call_find.py[line:122]INFO - disable: 未交换信息需要进一步验证
2019-09-19 16:50:30,169 Selenium_call_find.py[line:437]INFO - 检查状态-等待他人回复消息后再进行交换.
2019-09-19 16:50:32,947 Selenium_call_find.py[line:291]INFO - reject: 到这里就是信息不符合规定,未能上传
2019-09-19 16:50:35,503 Selenium_call_find.py[line:392]INFO - ======================= 我是数据分割线 ========================
2019-09-19 16:50:38,232 Selenium_call_find.py[line:122]INFO - disable: 未交换信息需要进一步验证
2019-09-19 16:50:41,484 Selenium_call_find.py[line:437]INFO - 检查状态-等待他人回复消息后再进行交换.
2019-09-19 16:50:43,720 Selenium_call_find.py[line:291]INFO - reject: 到这里就是信息不符合规定,未能上传
2019-09-19 16:50:45,809 Selenium_call_find.py[line:392]INFO - ======================= 我是数据分割线 ========================
2019-09-19 16:50:47,894 Selenium_call_find.py[line:122]INFO - disable: 未交换信息需要进一步验证
2019-09-19 16:50:50,710 Selenium_call_find.py[line:437]INFO - 检查状态-等待他人回复消息后再进行交换.
2019-09-19 16:50:52,585 Selenium_call_find.py[line:291]INFO - reject: 到这里就是信息不符合规定,未能上传
2019-09-19 16:50:55,425 Selenium_call_find.py[line:392]INFO - ======================= 我是数据分割线 ========================
2019-09-19 16:50:58,054 Selenium_call_find.py[line:122]INFO - disable: 未交换信息需要进一步验证
2019-09-19 16:51:01,950 Selenium_call_find.py[line:437]INFO - 检查状态-等待他人回复消息后再进行交换.
2019-09-19 16:51:03,673 Selenium_call_find.py[line:291]INFO - reject: 到这里就是信息不符合规定,未能上传
2019-09-19 16:51:05,903 Selenium_call_find.py[line:392]INFO - ======================= 我是数据分割线 ========================
2019-09-19 16:51:08,755 Selenium_call_find.py[line:122]INFO - disable: 未交换信息需要进一步验证
2019-09-19 16:51:11,763 Selenium_call_find.py[line:437]INFO - 检查状态-等待他人回复消息后再进行交换.
2019-09-19 16:51:14,320 Selenium_call_find.py[line:291]INFO - reject: 到这里就是信息不符合规定,未能上传
2019-09-19 16:51:16,411 Selenium_call_find.py[line:392]INFO - ======================= 我是数据分割线 ========================
2019-09-19 16:51:18,868 Selenium_call_find.py[line:125]INFO - changed: 已经互相发送信息尝试进一步验证
2019-09-19 16:51:18,889 Selenium_call_find.py[line:443]INFO - 检查状态-对方回复了信息,尝试上传简历.
2019-09-19 16:51:21,520 Selenium_call_find.py[line:291]INFO - reject: 到这里就是信息不符合规定,未能上传
2019-09-19 16:51:24,500 Selenium_call_find.py[line:392]INFO - ======================= 我是数据分割线 ========================
2019-09-19 16:51:26,993 Selenium_call_find.py[line:125]INFO - changed: 已经互相发送信息尝试进一步验证
2019-09-19 16:51:27,011 Selenium_call_find.py[line:443]INFO - 检查状态-对方回复了信息,尝试上传简历.
2019-09-19 16:51:29,479 Selenium_call_find.py[line:291]INFO - reject: 到这里就是信息不符合规定,未能上传
2019-09-19 16:51:32,049 Selenium_call_find.py[line:392]INFO - ======================= 我是数据分割线 ========================
2019-09-19 16:51:34,617 Selenium_call_find.py[line:125]INFO - changed: 已经互相发送信息尝试进一步验证
2019-09-19 16:51:34,636 Selenium_call_find.py[line:443]INFO - 检查状态-对方回复了信息,尝试上传简历.
2019-09-19 16:51:38,091 Selenium_call_find.py[line:291]INFO - reject: 到这里就是信息不符合规定,未能上传
2019-09-19 16:51:40,873 Selenium_call_find.py[line:392]INFO - ======================= 我是数据分割线 ========================
2019-09-19 16:51:42,963 Selenium_call_find.py[line:125]INFO - changed: 已经互相发送信息尝试进一步验证
2019-09-19 16:51:42,980 Selenium_call_find.py[line:443]INFO - 检查状态-对方回复了信息,尝试上传简历.
2019-09-19 16:51:44,687 Selenium_call_find.py[line:291]INFO - reject: 到这里就是信息不符合规定,未能上传
2019-09-19 16:51:47,047 Selenium_call_find.py[line:392]INFO - ======================= 我是数据分割线 ========================
2019-09-19 16:51:49,462 Selenium_call_find.py[line:125]INFO - changed: 已经互相发送信息尝试进一步验证
2019-09-19 16:51:49,480 Selenium_call_find.py[line:443]INFO - 检查状态-对方回复了信息,尝试上传简历.
2019-09-19 16:51:51,440 Selenium_call_find.py[line:291]INFO - reject: 到这里就是信息不符合规定,未能上传
2019-09-19 16:51:53,512 Selenium_call_find.py[line:392]INFO - ======================= 我是数据分割线 ========================
2019-09-19 16:51:56,459 Selenium_call_find.py[line:125]INFO - changed: 已经互相发送信息尝试进一步验证
2019-09-19 16:51:57,569 Selenium_call_find.py[line:443]INFO - 检查状态-对方回复了信息,尝试上传简历.
2019-09-19 16:52:00,154 Selenium_call_find.py[line:291]INFO - reject: 到这里就是信息不符合规定,未能上传
2019-09-19 16:52:02,789 Selenium_call_find.py[line:392]INFO - ======================= 我是数据分割线 ========================
2019-09-19 16:52:05,463 Selenium_call_find.py[line:119]INFO - 对方不来的原因是: 不符
2019-09-19 16:52:05,481 Selenium_call_find.py[line:440]INFO - 检查状态-对方拒绝前来面试.
2019-09-19 16:52:08,367 Selenium_call_find.py[line:392]INFO - ======================= 我是数据分割线 ========================
2019-09-19 16:52:10,553 Selenium_call_find.py[line:443]INFO - 检查状态-对方回复了信息,尝试上传简历.
2019-09-19 16:52:13,032 Selenium_call_find.py[line:286]INFO - 沟通的数据插入详情为:{"error_code":3,"msg":"\u6ca1\u6709\u6570\u636e\u63d2\u5165"}
2019-09-19 16:52:15,192 Selenium_call_find.py[line:392]INFO - ======================= 我是数据分割线 ========================
2019-09-19 16:52:17,421 Selenium_call_find.py[line:125]INFO - changed: 已经互相发送信息尝试进一步验证
2019-09-19 16:52:17,438 Selenium_call_find.py[line:443]INFO - 检查状态-对方回复了信息,尝试上传简历.
2019-09-19 16:52:19,703 Selenium_call_find.py[line:291]INFO - reject: 到这里就是信息不符合规定,未能上传
2019-09-19 16:52:22,369 Selenium_call_find.py[line:392]INFO - ======================= 我是数据分割线 ========================
2019-09-19 16:52:24,880 Selenium_call_find.py[line:443]INFO - 检查状态-对方回复了信息,尝试上传简历.
2019-09-19 16:52:27,263 Selenium_call_find.py[line:286]INFO - 沟通的数据插入详情为:{"error_code":3,"msg":"\u6ca1\u6709\u6570\u636e\u63d2\u5165"}
2019-09-19 16:52:29,438 Selenium_call_find.py[line:392]INFO - ======================= 我是数据分割线 ========================
2019-09-19 16:52:32,128 Selenium_call_find.py[line:119]INFO - 对方不来的原因是: 不考虑
2019-09-19 16:52:32,144 Selenium_call_find.py[line:440]INFO - 检查状态-对方拒绝前来面试.
2019-09-19 16:52:35,051 Selenium_call_find.py[line:392]INFO - ======================= 我是数据分割线 ========================
2019-09-19 16:52:37,747 Selenium_call_find.py[line:122]INFO - disable: 未交换信息需要进一步验证
2019-09-19 16:52:41,166 Selenium_call_find.py[line:437]INFO - 检查状态-等待他人回复消息后再进行交换.
2019-09-19 16:52:43,678 Selenium_call_find.py[line:291]INFO - reject: 到这里就是信息不符合规定,未能上传
2019-09-19 16:52:46,331 Selenium_call_find.py[line:392]INFO - ======================= 我是数据分割线 ========================
2019-09-19 16:52:48,507 Selenium_call_find.py[line:122]INFO - disable: 未交换信息需要进一步验证
2019-09-19 16:52:52,855 Selenium_call_find.py[line:437]INFO - 检查状态-等待他人回复消息后再进行交换.
2019-09-19 16:52:55,312 Selenium_call_find.py[line:291]INFO - reject: 到这里就是信息不符合规定,未能上传
2019-09-19 16:52:57,518 Selenium_call_find.py[line:392]INFO - ======================= 我是数据分割线 ========================
2019-09-19 16:53:00,542 Selenium_call_find.py[line:122]INFO - disable: 未交换信息需要进一步验证
2019-09-19 16:53:03,785 Selenium_call_find.py[line:437]INFO - 检查状态-等待他人回复消息后再进行交换.
2019-09-19 16:53:05,884 Selenium_call_find.py[line:291]INFO - reject: 到这里就是信息不符合规定,未能上传
2019-09-19 16:53:08,802 Selenium_call_find.py[line:392]INFO - ======================= 我是数据分割线 ========================
2019-09-19 16:53:11,435 Selenium_call_find.py[line:122]INFO - disable: 未交换信息需要进一步验证
2019-09-19 16:53:14,838 Selenium_call_find.py[line:437]INFO - 检查状态-等待他人回复消息后再进行交换.
2019-09-19 16:53:17,312 Selenium_call_find.py[line:291]INFO - reject: 到这里就是信息不符合规定,未能上传
2019-09-19 16:53:19,319 Selenium_call_find.py[line:392]INFO - ======================= 我是数据分割线 ========================
2019-09-19 16:53:22,131 Selenium_call_find.py[line:122]INFO - disable: 未交换信息需要进一步验证
2019-09-19 16:53:27,108 Selenium_call_find.py[line:437]INFO - 检查状态-等待他人回复消息后再进行交换.
2019-09-19 16:53:29,519 Selenium_call_find.py[line:291]INFO - reject: 到这里就是信息不符合规定,未能上传
2019-09-19 16:53:32,361 Selenium_call_find.py[line:392]INFO - ======================= 我是数据分割线 ========================
2019-09-19 16:53:34,766 Selenium_call_find.py[line:122]INFO - disable: 未交换信息需要进一步验证
2019-09-19 16:53:39,428 Selenium_call_find.py[line:437]INFO - 检查状态-等待他人回复消息后再进行交换.
2019-09-19 16:53:42,348 Selenium_call_find.py[line:291]INFO - reject: 到这里就是信息不符合规定,未能上传
2019-09-19 16:53:44,783 Selenium_call_find.py[line:392]INFO - ======================= 我是数据分割线 ========================
2019-09-19 16:53:47,559 Selenium_call_find.py[line:443]INFO - 检查状态-对方回复了信息,尝试上传简历.
2019-09-19 16:53:49,562 Selenium_call_find.py[line:286]INFO - 沟通的数据插入详情为:{"error_code":3,"msg":"\u6ca1\u6709\u6570\u636e\u63d2\u5165"}
2019-09-19 16:53:51,753 Selenium_call_find.py[line:392]INFO - ======================= 我是数据分割线 ========================
2019-09-19 16:53:54,592 Selenium_call_find.py[line:125]INFO - changed: 已经互相发送信息尝试进一步验证
2019-09-19 16:53:55,992 Selenium_call_find.py[line:443]INFO - 检查状态-对方回复了信息,尝试上传简历.
2019-09-19 16:53:57,847 Selenium_call_find.py[line:291]INFO - reject: 到这里就是信息不符合规定,未能上传
2019-09-19 16:54:00,440 Selenium_call_find.py[line:392]INFO - ======================= 我是数据分割线 ========================
2019-09-19 16:54:03,134 Selenium_call_find.py[line:443]INFO - 检查状态-对方回复了信息,尝试上传简历.
2019-09-19 16:54:05,763 Selenium_call_find.py[line:286]INFO - 沟通的数据插入详情为:{"error_code":3,"msg":"\u6ca1\u6709\u6570\u636e\u63d2\u5165"}
2019-09-19 16:54:07,809 Selenium_call_find.py[line:392]INFO - ======================= 我是数据分割线 ========================
2019-09-19 16:54:10,788 Selenium_call_find.py[line:443]INFO - 检查状态-对方回复了信息,尝试上传简历.
2019-09-19 16:54:13,203 Selenium_call_find.py[line:286]INFO - 沟通的数据插入详情为:{"error_code":3,"msg":"\u6ca1\u6709\u6570\u636e\u63d2\u5165"}
2019-09-19 16:54:15,986 Selenium_call_find.py[line:392]INFO - ======================= 我是数据分割线 ========================
2019-09-19 16:54:18,353 Selenium_call_find.py[line:443]INFO - 检查状态-对方回复了信息,尝试上传简历.
2019-09-19 16:54:20,891 Selenium_call_find.py[line:286]INFO - 沟通的数据插入详情为:{"error_code":3,"msg":"\u6ca1\u6709\u6570\u636e\u63d2\u5165"}
2019-09-19 16:54:23,521 Selenium_call_find.py[line:392]INFO - ======================= 我是数据分割线 ========================
2019-09-19 16:54:25,892 Selenium_call_find.py[line:125]INFO - changed: 已经互相发送信息尝试进一步验证
2019-09-19 16:54:25,911 Selenium_call_find.py[line:443]INFO - 检查状态-对方回复了信息,尝试上传简历.
2019-09-19 16:54:28,443 Selenium_call_find.py[line:291]INFO - reject: 到这里就是信息不符合规定,未能上传
2019-09-19 16:54:30,868 Selenium_call_find.py[line:392]INFO - ======================= 我是数据分割线 ========================
2019-09-19 16:54:32,947 Selenium_call_find.py[line:443]INFO - 检查状态-对方回复了信息,尝试上传简历.
2019-09-19 16:54:34,606 Selenium_call_find.py[line:286]INFO - 沟通的数据插入详情为:{"error_code":3,"msg":"\u6ca1\u6709\u6570\u636e\u63d2\u5165"}
2019-09-19 16:54:37,011 Selenium_call_find.py[line:392]INFO - ======================= 我是数据分割线 ========================
2019-09-19 16:54:39,092 Selenium_call_find.py[line:125]INFO - changed: 已经互相发送信息尝试进一步验证
2019-09-19 16:54:40,262 Selenium_call_find.py[line:443]INFO - 检查状态-对方回复了信息,尝试上传简历.
2019-09-19 16:54:42,578 Selenium_call_find.py[line:291]INFO - reject: 到这里就是信息不符合规定,未能上传
2019-09-19 16:54:44,868 Selenium_call_find.py[line:392]INFO - ======================= 我是数据分割线 ========================
2019-09-19 16:54:47,550 Selenium_call_find.py[line:443]INFO - 检查状态-对方回复了信息,尝试上传简历.
2019-09-19 16:54:50,022 Selenium_call_find.py[line:286]INFO - 沟通的数据插入详情为:{"error_code":3,"msg":"\u6ca1\u6709\u6570\u636e\u63d2\u5165"}
2019-09-19 16:54:52,299 Selenium_call_find.py[line:392]INFO - ======================= 我是数据分割线 ========================
2019-09-19 16:54:54,806 Selenium_call_find.py[line:443]INFO - 检查状态-对方回复了信息,尝试上传简历.
2019-09-19 16:54:57,279 Selenium_call_find.py[line:286]INFO - 沟通的数据插入详情为:{"error_code":3,"msg":"\u6ca1\u6709\u6570\u636e\u63d2\u5165"}
