2019-10-04 17:27:04,220 boss_test.py[line:520]INFO - ======================= 我是数据分割线 ========================
2019-10-04 17:27:07,244 boss_test.py[line:128]INFO - disable: 未交换信息需要进一步验证
2019-10-04 17:27:07,341 boss_test.py[line:556]INFO - 当前状态-继续判断
2019-10-04 17:27:11,504 boss_test.py[line:570]INFO - 检查状态-等待他人回复消息后再进行交换.
2019-10-04 17:27:21,121 boss_test.py[line:390]INFO - reject: 对方还未回复关键信息,简历未能上传
2019-10-04 17:27:23,528 boss_test.py[line:520]INFO - ======================= 我是数据分割线 ========================
2019-10-04 17:27:25,879 boss_test.py[line:128]INFO - disable: 未交换信息需要进一步验证
2019-10-04 17:27:25,995 boss_test.py[line:556]INFO - 当前状态-继续判断
2019-10-04 17:27:39,622 boss_test.py[line:568]INFO - 检查状态-已经请求消息,如果回复再进行验证.
2019-10-04 17:27:49,479 boss_test.py[line:390]INFO - reject: 对方还未回复关键信息,简历未能上传
2019-10-04 17:27:55,233 boss_test.py[line:520]INFO - ======================= 我是数据分割线 ========================
2019-10-04 17:27:57,957 boss_test.py[line:128]INFO - disable: 未交换信息需要进一步验证
2019-10-04 17:27:58,039 boss_test.py[line:556]INFO - 当前状态-继续判断
2019-10-04 17:28:09,693 boss_test.py[line:568]INFO - 检查状态-已经请求消息,如果回复再进行验证.
2019-10-04 17:28:19,826 boss_test.py[line:390]INFO - reject: 对方还未回复关键信息,简历未能上传
2019-10-04 17:28:22,652 boss_test.py[line:520]INFO - ======================= 我是数据分割线 ========================
2019-10-04 17:28:25,552 boss_test.py[line:128]INFO - disable: 未交换信息需要进一步验证
2019-10-04 17:28:25,629 boss_test.py[line:556]INFO - 当前状态-继续判断
2019-10-04 17:28:38,890 boss_test.py[line:568]INFO - 检查状态-已经请求消息,如果回复再进行验证.
2019-10-04 17:28:49,086 boss_test.py[line:390]INFO - reject: 对方还未回复关键信息,简历未能上传
2019-10-04 17:28:51,506 boss_test.py[line:520]INFO - ======================= 我是数据分割线 ========================
2019-10-04 17:28:53,967 boss_test.py[line:128]INFO - disable: 未交换信息需要进一步验证
2019-10-04 17:28:54,048 boss_test.py[line:556]INFO - 当前状态-继续判断
2019-10-04 17:29:07,126 boss_test.py[line:568]INFO - 检查状态-已经请求消息,如果回复再进行验证.
2019-10-04 17:50:53,600 boss_test.py[line:520]INFO - ======================= 我是数据分割线 ========================
2019-10-04 17:50:56,308 boss_test.py[line:576]INFO - 检查状态-对方回复了信息,尝试上传简历.
2019-10-04 17:51:06,342 boss_test.py[line:483]ERROR - 图片识别转码网络连接超时...
2019-10-04 17:51:13,875 boss_test.py[line:377]INFO - 沟通的数据插入详情为:{"error_code":0,"msg":"success"}
2019-10-04 17:57:23,268 boss_test.py[line:521]INFO - ======================= 我是数据分割线 ========================
2019-10-04 17:57:26,297 boss_test.py[line:577]INFO - 检查状态-对方回复了信息,尝试上传简历.
2019-10-04 18:11:23,546 boss_test.py[line:526]INFO - ======================= 我是数据分割线 ========================
2019-10-04 18:11:26,611 boss_test.py[line:582]INFO - 检查状态-对方回复了信息,尝试上传简历.
2019-10-04 18:11:55,731 boss_test.py[line:489]ERROR - 图片识别转码网络连接超时...
2019-10-04 18:12:03,199 boss_test.py[line:377]INFO - 沟通的数据插入详情为:{"error_code":3,"msg":"\u6ca1\u6709\u6570\u636e\u63d2\u5165"}
2019-10-04 18:12:06,116 boss_test.py[line:526]INFO - ======================= 我是数据分割线 ========================
2019-10-04 18:12:08,880 boss_test.py[line:131]INFO - changed: 已经互相发送信息尝试进一步验证
2019-10-04 18:12:10,851 boss_test.py[line:582]INFO - 检查状态-对方回复了信息,尝试上传简历.
2019-10-04 18:12:28,429 boss_test.py[line:396]INFO - reject: 对方还未回复关键信息,简历未能上传
2019-10-04 18:14:12,061 boss_test.py[line:527]INFO - ======================= 我是数据分割线 ========================
2019-10-04 18:14:14,248 boss_test.py[line:583]INFO - 检查状态-对方回复了信息,尝试上传简历.
2019-10-04 18:14:32,826 boss_test.py[line:378]INFO - 沟通的数据插入详情为:{"error_code":3,"msg":"\u6ca1\u6709\u6570\u636e\u63d2\u5165"}
2019-10-04 18:14:35,101 boss_test.py[line:527]INFO - ======================= 我是数据分割线 ========================
2019-10-04 18:14:37,542 boss_test.py[line:131]INFO - changed: 已经互相发送信息尝试进一步验证
2019-10-04 18:14:39,426 boss_test.py[line:583]INFO - 检查状态-对方回复了信息,尝试上传简历.
2019-10-04 18:14:56,804 boss_test.py[line:397]INFO - reject: 对方还未回复关键信息,简历未能上传
2019-10-04 18:17:49,179 boss_test.py[line:528]INFO - ======================= 我是数据分割线 ========================
2019-10-04 18:17:51,883 boss_test.py[line:584]INFO - 检查状态-对方回复了信息,尝试上传简历.
2019-10-04 18:18:10,072 boss_test.py[line:379]INFO - 沟通的数据插入详情为:{"error_code":3,"msg":"\u6ca1\u6709\u6570\u636e\u63d2\u5165"}
2019-10-04 18:18:12,955 boss_test.py[line:528]INFO - ======================= 我是数据分割线 ========================
2019-10-04 18:18:15,716 boss_test.py[line:131]INFO - changed: 已经互相发送信息尝试进一步验证
2019-10-04 18:18:17,454 boss_test.py[line:584]INFO - 检查状态-对方回复了信息,尝试上传简历.
2019-10-04 18:18:35,791 boss_test.py[line:379]INFO - 沟通的数据插入详情为:{"error_code":3,"msg":"\u6ca1\u6709\u6570\u636e\u63d2\u5165"}
2019-10-04 18:28:49,095 boss_test.py[line:527]INFO - ======================= 我是数据分割线 ========================
2019-10-04 18:28:51,325 boss_test.py[line:128]INFO - disable: 未交换信息需要进一步验证
2019-10-04 18:28:51,424 boss_test.py[line:563]INFO - 当前状态-继续判断
2019-10-04 18:29:06,563 boss_test.py[line:575]INFO - 检查状态-已经请求消息,如果回复再进行验证.
2019-10-04 18:29:16,437 boss_test.py[line:378]INFO - 沟通的数据插入详情为:{"error_code":3,"msg":"\u6ca1\u6709\u6570\u636e\u63d2\u5165"}
2019-10-04 18:29:18,478 boss_test.py[line:527]INFO - ======================= 我是数据分割线 ========================
2019-10-04 18:29:21,326 boss_test.py[line:583]INFO - 检查状态-对方回复了信息,尝试上传简历.
2019-10-04 18:29:39,887 boss_test.py[line:378]INFO - 沟通的数据插入详情为:{"error_code":3,"msg":"\u6ca1\u6709\u6570\u636e\u63d2\u5165"}
2019-10-04 18:29:42,498 boss_test.py[line:527]INFO - ======================= 我是数据分割线 ========================
2019-10-04 18:29:45,181 boss_test.py[line:131]INFO - changed: 已经互相发送信息尝试进一步验证
2019-10-04 18:29:46,797 boss_test.py[line:583]INFO - 检查状态-对方回复了信息,尝试上传简历.
2019-10-04 18:30:15,517 boss_test.py[line:490]ERROR - 图片识别转码网络连接超时...
2019-10-04 18:30:23,017 boss_test.py[line:378]INFO - 沟通的数据插入详情为:{"error_code":3,"msg":"\u6ca1\u6709\u6570\u636e\u63d2\u5165"}
2019-10-04 18:34:16,034 boss_test.py[line:527]INFO - ======================= 我是数据分割线 ========================
2019-10-04 18:34:18,590 boss_test.py[line:583]INFO - 检查状态-对方回复了信息,尝试上传简历.
2019-10-04 18:34:44,111 boss_test.py[line:378]INFO - 沟通的数据插入详情为:{"error_code":0,"msg":"success"}
2019-10-04 18:39:19,911 boss_test.py[line:528]INFO - ======================= 我是数据分割线 ========================
2019-10-04 18:39:22,659 boss_test.py[line:584]INFO - 检查状态-对方回复了信息,尝试上传简历.
2019-10-04 18:39:42,024 boss_test.py[line:379]INFO - 沟通的数据插入详情为:{"error_code":3,"msg":"\u6ca1\u6709\u6570\u636e\u63d2\u5165"}
2019-10-04 18:40:50,755 boss_test.py[line:528]INFO - ======================= 我是数据分割线 ========================
2019-10-04 18:40:53,465 boss_test.py[line:584]INFO - 检查状态-对方回复了信息,尝试上传简历.
2019-10-04 18:41:22,451 boss_test.py[line:491]ERROR - 图片识别转码网络连接超时...
2019-10-04 18:41:30,067 boss_test.py[line:379]INFO - 沟通的数据插入详情为:{"error_code":3,"msg":"\u6ca1\u6709\u6570\u636e\u63d2\u5165"}
2019-10-04 18:41:32,529 boss_test.py[line:528]INFO - ======================= 我是数据分割线 ========================
2019-10-04 18:41:34,716 boss_test.py[line:584]INFO - 检查状态-对方回复了信息,尝试上传简历.
2019-10-04 18:42:03,560 boss_test.py[line:491]ERROR - 图片识别转码网络连接超时...
2019-10-04 18:42:16,191 boss_test.py[line:379]INFO - 沟通的数据插入详情为:{"error_code":3,"msg":"\u6ca1\u6709\u6570\u636e\u63d2\u5165"}
2019-10-04 18:42:18,921 boss_test.py[line:528]INFO - ======================= 我是数据分割线 ========================
2019-10-04 18:42:21,078 boss_test.py[line:131]INFO - changed: 已经互相发送信息尝试进一步验证
2019-10-04 18:42:22,434 boss_test.py[line:584]INFO - 检查状态-对方回复了信息,尝试上传简历.
2019-10-04 18:47:58,506 boss_test.py[line:528]INFO - ======================= 我是数据分割线 ========================
2019-10-04 18:48:01,439 boss_test.py[line:584]INFO - 检查状态-对方回复了信息,尝试上传简历.
2019-10-04 18:48:19,903 boss_test.py[line:379]INFO - 沟通的数据插入详情为:{"error_code":3,"msg":"\u6ca1\u6709\u6570\u636e\u63d2\u5165"}
2019-10-04 18:48:22,411 boss_test.py[line:528]INFO - ======================= 我是数据分割线 ========================
2019-10-04 18:48:24,785 boss_test.py[line:584]INFO - 检查状态-对方回复了信息,尝试上传简历.
2019-10-04 18:50:21,830 boss_test.py[line:528]INFO - ======================= 我是数据分割线 ========================
2019-10-04 18:50:24,296 boss_test.py[line:584]INFO - 检查状态-对方回复了信息,尝试上传简历.
2019-10-04 18:50:53,079 boss_test.py[line:491]ERROR - 图片识别转码网络连接超时...
2019-10-04 18:51:04,128 boss_test.py[line:379]INFO - 沟通的数据插入详情为:{"error_code":3,"msg":"\u6ca1\u6709\u6570\u636e\u63d2\u5165"}
2019-10-04 18:51:06,625 boss_test.py[line:528]INFO - ======================= 我是数据分割线 ========================
2019-10-07 09:37:45,458 boss_test.py[line:528]INFO - ======================= 我是数据分割线 ========================
2019-10-07 09:37:48,450 boss_test.py[line:128]INFO - disable: 未交换信息需要进一步验证
2019-10-07 09:37:48,548 boss_test.py[line:564]INFO - 当前状态-继续判断
2019-10-07 09:38:01,103 boss_test.py[line:576]INFO - 检查状态-已经请求消息,如果回复再进行验证.
2019-10-07 09:38:10,228 boss_test.py[line:379]INFO - 沟通的数据插入详情为:{"error_code":3,"msg":"\u6ca1\u6709\u6570\u636e\u63d2\u5165"}
2019-10-07 09:38:12,392 boss_test.py[line:528]INFO - ======================= 我是数据分割线 ========================
2019-10-07 09:38:15,387 boss_test.py[line:128]INFO - disable: 未交换信息需要进一步验证
2019-10-07 09:38:15,487 boss_test.py[line:564]INFO - 当前状态-继续判断
2019-10-07 09:38:28,320 boss_test.py[line:576]INFO - 检查状态-已经请求消息,如果回复再进行验证.
2019-10-07 09:38:37,869 boss_test.py[line:379]INFO - 沟通的数据插入详情为:{"error_code":3,"msg":"\u6ca1\u6709\u6570\u636e\u63d2\u5165"}
2019-10-07 09:38:40,437 boss_test.py[line:528]INFO - ======================= 我是数据分割线 ========================
2019-10-07 09:38:42,960 boss_test.py[line:128]INFO - disable: 未交换信息需要进一步验证
2019-10-07 09:38:43,040 boss_test.py[line:564]INFO - 当前状态-继续判断
2019-10-07 09:38:57,310 boss_test.py[line:576]INFO - 检查状态-已经请求消息,如果回复再进行验证.
2019-10-07 09:39:07,083 boss_test.py[line:379]INFO - 沟通的数据插入详情为:{"error_code":3,"msg":"\u6ca1\u6709\u6570\u636e\u63d2\u5165"}
2019-10-07 09:39:10,019 boss_test.py[line:528]INFO - ======================= 我是数据分割线 ========================
2019-10-07 09:39:12,660 boss_test.py[line:584]INFO - 检查状态-对方回复了信息,尝试上传简历.
2019-10-07 09:39:41,507 boss_test.py[line:491]ERROR - 图片识别转码网络连接超时...
2019-10-07 09:39:48,863 boss_test.py[line:379]INFO - 沟通的数据插入详情为:{"error_code":3,"msg":"\u6ca1\u6709\u6570\u636e\u63d2\u5165"}
2019-10-07 09:39:51,660 boss_test.py[line:528]INFO - ======================= 我是数据分割线 ========================
2019-10-07 09:39:54,711 boss_test.py[line:584]INFO - 检查状态-对方回复了信息,尝试上传简历.
2019-10-07 09:40:14,274 boss_test.py[line:379]INFO - 沟通的数据插入详情为:{"error_code":3,"msg":"\u6ca1\u6709\u6570\u636e\u63d2\u5165"}
2019-10-07 09:40:17,201 boss_test.py[line:528]INFO - ======================= 我是数据分割线 ========================
2019-10-07 09:40:20,206 boss_test.py[line:131]INFO - changed: 已经互相发送信息尝试进一步验证
2019-10-07 09:40:21,611 boss_test.py[line:584]INFO - 检查状态-对方回复了信息,尝试上传简历.
2019-10-07 09:40:39,902 boss_test.py[line:379]INFO - 沟通的数据插入详情为:{"error_code":3,"msg":"\u6ca1\u6709\u6570\u636e\u63d2\u5165"}
2019-10-07 09:40:47,459 boss_test.py[line:528]INFO - ======================= 我是数据分割线 ========================
2019-10-07 09:40:50,125 boss_test.py[line:128]INFO - disable: 未交换信息需要进一步验证
2019-10-07 09:40:50,200 boss_test.py[line:564]INFO - 当前状态-继续判断
2019-10-07 09:41:04,882 boss_test.py[line:576]INFO - 检查状态-已经请求消息,如果回复再进行验证.
2019-10-07 09:41:14,128 boss_test.py[line:379]INFO - 沟通的数据插入详情为:{"error_code":3,"msg":"\u6ca1\u6709\u6570\u636e\u63d2\u5165"}
2019-10-07 09:41:16,774 boss_test.py[line:528]INFO - ======================= 我是数据分割线 ========================
2019-10-07 09:41:19,798 boss_test.py[line:128]INFO - disable: 未交换信息需要进一步验证
2019-10-07 09:41:19,875 boss_test.py[line:564]INFO - 当前状态-继续判断
2019-10-07 09:41:35,433 boss_test.py[line:576]INFO - 检查状态-已经请求消息,如果回复再进行验证.
2019-10-07 09:41:45,562 boss_test.py[line:379]INFO - 沟通的数据插入详情为:{"error_code":3,"msg":"\u6ca1\u6709\u6570\u636e\u63d2\u5165"}
2019-10-07 09:41:47,606 boss_test.py[line:528]INFO - ======================= 我是数据分割线 ========================
2019-10-07 09:41:50,275 boss_test.py[line:128]INFO - disable: 未交换信息需要进一步验证
2019-10-07 09:41:50,357 boss_test.py[line:564]INFO - 当前状态-继续判断
2019-10-07 09:42:03,426 boss_test.py[line:576]INFO - 检查状态-已经请求消息,如果回复再进行验证.
2019-10-07 09:42:13,593 boss_test.py[line:379]INFO - 沟通的数据插入详情为:{"error_code":3,"msg":"\u6ca1\u6709\u6570\u636e\u63d2\u5165"}
2019-10-07 09:42:15,990 boss_test.py[line:528]INFO - ======================= 我是数据分割线 ========================
2019-10-07 09:42:18,397 boss_test.py[line:128]INFO - disable: 未交换信息需要进一步验证
2019-10-07 09:42:18,477 boss_test.py[line:564]INFO - 当前状态-继续判断
2019-10-07 09:42:32,265 boss_test.py[line:576]INFO - 检查状态-已经请求消息,如果回复再进行验证.
2019-10-07 09:42:42,538 boss_test.py[line:379]INFO - 沟通的数据插入详情为:{"error_code":3,"msg":"\u6ca1\u6709\u6570\u636e\u63d2\u5165"}
2019-10-07 09:42:45,068 boss_test.py[line:528]INFO - ======================= 我是数据分割线 ========================
2019-10-07 09:42:47,904 boss_test.py[line:128]INFO - disable: 未交换信息需要进一步验证
2019-10-07 09:42:47,982 boss_test.py[line:564]INFO - 当前状态-继续判断
2019-10-07 09:43:01,687 boss_test.py[line:576]INFO - 检查状态-已经请求消息,如果回复再进行验证.
2019-10-07 09:43:10,636 boss_test.py[line:379]INFO - 沟通的数据插入详情为:{"error_code":3,"msg":"\u6ca1\u6709\u6570\u636e\u63d2\u5165"}
2019-10-07 09:43:13,000 boss_test.py[line:528]INFO - ======================= 我是数据分割线 ========================
2019-10-07 09:43:15,934 boss_test.py[line:128]INFO - disable: 未交换信息需要进一步验证
2019-10-07 09:43:16,014 boss_test.py[line:564]INFO - 当前状态-继续判断
2019-10-07 09:43:29,777 boss_test.py[line:576]INFO - 检查状态-已经请求消息,如果回复再进行验证.
2019-10-07 09:43:39,687 boss_test.py[line:379]INFO - 沟通的数据插入详情为:{"error_code":3,"msg":"\u6ca1\u6709\u6570\u636e\u63d2\u5165"}
2019-10-07 09:43:42,272 boss_test.py[line:528]INFO - ======================= 我是数据分割线 ========================
2019-10-07 09:43:44,729 boss_test.py[line:128]INFO - disable: 未交换信息需要进一步验证
2019-10-07 09:43:44,810 boss_test.py[line:564]INFO - 当前状态-继续判断
2019-10-07 09:43:57,420 boss_test.py[line:576]INFO - 检查状态-已经请求消息,如果回复再进行验证.
2019-10-07 09:44:07,619 boss_test.py[line:379]INFO - 沟通的数据插入详情为:{"error_code":3,"msg":"\u6ca1\u6709\u6570\u636e\u63d2\u5165"}
2019-10-07 09:44:10,114 boss_test.py[line:528]INFO - ======================= 我是数据分割线 ========================
2019-10-07 09:44:12,496 boss_test.py[line:131]INFO - changed: 已经互相发送信息尝试进一步验证
2019-10-07 09:44:12,598 boss_test.py[line:552]INFO - 当前状态-继续沟通
2019-10-07 09:44:23,898 boss_test.py[line:562]INFO - 检查状态-已经回复问候情况,如果回复再进行验证.
2019-10-07 09:44:42,313 boss_test.py[line:379]INFO - 沟通的数据插入详情为:{"error_code":3,"msg":"\u6ca1\u6709\u6570\u636e\u63d2\u5165"}
2019-10-07 09:44:44,931 boss_test.py[line:528]INFO - ======================= 我是数据分割线 ========================
2019-10-07 09:44:47,722 boss_test.py[line:131]INFO - changed: 已经互相发送信息尝试进一步验证
2019-10-07 09:44:48,888 boss_test.py[line:584]INFO - 检查状态-对方回复了信息,尝试上传简历.
2019-10-07 09:50:35,103 boss_test.py[line:528]INFO - ======================= 我是数据分割线 ========================
2019-10-07 09:50:38,050 boss_test.py[line:131]INFO - changed: 已经互相发送信息尝试进一步验证
2019-10-07 09:50:39,681 boss_test.py[line:564]INFO - 当前状态-继续判断
2019-10-07 09:51:24,658 boss_test.py[line:528]INFO - ======================= 我是数据分割线 ========================
2019-10-07 09:51:27,230 boss_test.py[line:131]INFO - changed: 已经互相发送信息尝试进一步验证
2019-10-07 09:51:27,271 boss_test.py[line:584]INFO - 检查状态-对方回复了信息,尝试上传简历.
2019-10-07 09:51:45,292 boss_test.py[line:379]INFO - 沟通的数据插入详情为:{"error_code":0,"msg":"success"}
2019-10-07 10:33:54,671 boss_test.py[line:534]INFO - ======================= 我是数据分割线 ========================
2019-10-07 10:33:57,099 boss_test.py[line:590]INFO - 检查状态-对方回复了信息,尝试上传简历.
2019-10-07 10:34:15,511 boss_test.py[line:379]INFO - 沟通的数据插入详情为:{"error_code":3,"msg":"\u6ca1\u6709\u6570\u636e\u63d2\u5165"}
2019-10-07 10:34:18,333 boss_test.py[line:534]INFO - ======================= 我是数据分割线 ========================
2019-10-07 10:36:15,353 boss_test.py[line:534]INFO - ======================= 我是数据分割线 ========================
2019-10-07 10:36:18,001 boss_test.py[line:131]INFO - changed: 已经互相发送信息尝试进一步验证
2019-10-07 10:36:18,046 boss_test.py[line:590]INFO - 检查状态-对方回复了信息,尝试上传简历.
2019-10-07 10:36:36,081 boss_test.py[line:379]INFO - 沟通的数据插入详情为:{"error_code":0,"msg":"success"}
2019-10-07 10:40:19,327 boss_test.py[line:535]INFO - ======================= 我是数据分割线 ========================
2019-10-07 10:40:22,314 boss_test.py[line:131]INFO - changed: 已经互相发送信息尝试进一步验证
2019-10-07 10:40:22,362 boss_test.py[line:591]INFO - 检查状态-对方回复了信息,尝试上传简历.
2019-10-07 10:40:51,459 boss_test.py[line:492]ERROR - 图片识别转码网络连接超时...
2019-10-07 10:41:10,258 boss_test.py[line:379]INFO - 沟通的数据插入详情为:{"error_code":3,"msg":"\u6ca1\u6709\u6570\u636e\u63d2\u5165"}
2019-10-07 10:41:12,497 boss_test.py[line:535]INFO - ======================= 我是数据分割线 ========================
2019-10-07 10:41:15,027 boss_test.py[line:591]INFO - 检查状态-对方回复了信息,尝试上传简历.
2019-10-07 10:41:44,006 boss_test.py[line:379]INFO - 沟通的数据插入详情为:{"error_code":3,"msg":"\u6ca1\u6709\u6570\u636e\u63d2\u5165"}
2019-10-07 13:37:51,032 boss_test.py[line:535]INFO - ======================= 我是数据分割线 ========================
2019-10-07 13:37:53,726 boss_test.py[line:131]INFO - changed: 已经互相发送信息尝试进一步验证
2019-10-07 13:37:53,770 boss_test.py[line:591]INFO - 检查状态-对方回复了信息,尝试上传简历.
2019-10-07 13:46:06,731 boss_test.py[line:535]INFO - ======================= 我是数据分割线 ========================
2019-10-07 13:46:09,407 boss_test.py[line:591]INFO - 检查状态-对方回复了信息,尝试上传简历.
2019-10-07 13:46:25,964 boss_test.py[line:379]INFO - 沟通的数据插入详情为:{"error_code":3,"msg":"\u6ca1\u6709\u6570\u636e\u63d2\u5165"}
2019-10-07 13:46:28,944 boss_test.py[line:535]INFO - ======================= 我是数据分割线 ========================
2019-10-07 13:46:31,666 boss_test.py[line:131]INFO - changed: 已经互相发送信息尝试进一步验证
2019-10-07 13:46:31,709 boss_test.py[line:591]INFO - 检查状态-对方回复了信息,尝试上传简历.
2019-10-07 13:47:00,514 boss_test.py[line:492]ERROR - 图片识别转码网络连接超时...
2019-10-07 13:47:06,041 boss_test.py[line:379]INFO - 沟通的数据插入详情为:{"error_code":0,"msg":"success"}
2019-10-07 13:50:26,399 boss_test.py[line:535]INFO - ======================= 我是数据分割线 ========================
2019-10-07 13:50:29,238 boss_test.py[line:591]INFO - 检查状态-对方回复了信息,尝试上传简历.
2019-10-07 13:50:44,841 boss_test.py[line:379]INFO - 沟通的数据插入详情为:{"error_code":3,"msg":"\u6ca1\u6709\u6570\u636e\u63d2\u5165"}
2019-10-07 13:50:47,570 boss_test.py[line:535]INFO - ======================= 我是数据分割线 ========================
2019-10-07 13:50:50,324 boss_test.py[line:131]INFO - changed: 已经互相发送信息尝试进一步验证
2019-10-07 13:50:50,369 boss_test.py[line:591]INFO - 检查状态-对方回复了信息,尝试上传简历.
2019-10-07 13:51:06,568 boss_test.py[line:379]INFO - 沟通的数据插入详情为:{"error_code":0,"msg":"success"}
2019-10-07 14:00:02,929 boss_test.py[line:535]INFO - ======================= 我是数据分割线 ========================
2019-10-07 14:00:05,897 boss_test.py[line:128]INFO - disable: 未交换信息需要进一步验证
2019-10-07 14:00:06,023 boss_test.py[line:571]INFO - 当前状态-继续判断
2019-10-07 14:00:20,104 boss_test.py[line:583]INFO - 检查状态-已经请求消息,如果回复再进行验证.
2019-10-07 14:00:27,938 boss_test.py[line:379]INFO - 沟通的数据插入详情为:{"error_code":0,"msg":"success"}
2019-10-07 14:04:47,583 boss_test.py[line:535]INFO - ======================= 我是数据分割线 ========================
2019-10-07 14:04:50,264 boss_test.py[line:128]INFO - disable: 未交换信息需要进一步验证
2019-10-07 14:04:50,389 boss_test.py[line:571]INFO - 当前状态-继续判断
2019-10-07 14:05:04,385 boss_test.py[line:583]INFO - 检查状态-已经请求消息,如果回复再进行验证.
2019-10-07 14:05:12,182 boss_test.py[line:399]INFO - reject: 对方还未回复关键信息,简历未能上传
2019-10-07 14:05:14,673 boss_test.py[line:535]INFO - ======================= 我是数据分割线 ========================
2019-10-07 14:05:17,455 boss_test.py[line:128]INFO - disable: 未交换信息需要进一步验证
2019-10-07 14:05:17,536 boss_test.py[line:571]INFO - 当前状态-继续判断
2019-10-07 14:05:29,466 boss_test.py[line:583]INFO - 检查状态-已经请求消息,如果回复再进行验证.
2019-10-07 14:05:37,587 boss_test.py[line:399]INFO - reject: 对方还未回复关键信息,简历未能上传
2019-10-07 14:05:40,393 boss_test.py[line:535]INFO - ======================= 我是数据分割线 ========================
2019-10-07 14:05:43,142 boss_test.py[line:591]INFO - 检查状态-对方回复了信息,尝试上传简历.
2019-10-07 14:06:00,418 boss_test.py[line:379]INFO - 沟通的数据插入详情为:{"error_code":0,"msg":"success"}
2019-10-07 14:06:04,843 boss_test.py[line:395]INFO - Reply信息状态:符芳东:18976881598::的回复消息发送成功.
2019-10-07 14:06:10,689 boss_test.py[line:330]INFO - 聊天信息--和符芳东的聊天信息已经存储.
2019-10-07 14:06:10,754 boss_test.py[line:333]INFO - 聊天信息--和符芳东的聊天信息已经存储.
2019-10-07 14:06:13,486 boss_test.py[line:535]INFO - ======================= 我是数据分割线 ========================
2019-10-07 14:11:00,918 boss_test.py[line:535]INFO - ======================= 我是数据分割线 ========================
2019-10-07 14:11:03,984 boss_test.py[line:131]INFO - changed: 已经互相发送信息尝试进一步验证
2019-10-07 14:11:05,322 boss_test.py[line:591]INFO - 检查状态-对方回复了信息,尝试上传简历.
2019-10-07 14:11:20,620 boss_test.py[line:399]INFO - reject: 对方还未回复关键信息,简历未能上传
2019-10-07 14:11:22,921 boss_test.py[line:535]INFO - ======================= 我是数据分割线 ========================
2019-10-07 14:11:55,510 boss_test.py[line:535]INFO - ======================= 我是数据分割线 ========================
2019-10-07 14:11:58,442 boss_test.py[line:131]INFO - changed: 已经互相发送信息尝试进一步验证
2019-10-07 14:11:58,484 boss_test.py[line:591]INFO - 检查状态-对方回复了信息,尝试上传简历.
2019-10-07 14:12:14,806 boss_test.py[line:399]INFO - reject: 对方还未回复关键信息,简历未能上传
2019-10-07 14:24:32,645 boss_test.py[line:535]INFO - ======================= 我是数据分割线 ========================
2019-10-07 14:24:35,805 boss_test.py[line:591]INFO - 检查状态-对方回复了信息,尝试上传简历.
2019-10-07 14:24:52,812 boss_test.py[line:379]INFO - 沟通的数据插入详情为:{"error_code":0,"msg":"success"}
2019-10-07 14:24:58,135 boss_test.py[line:395]INFO - Reply信息状态:文庆华:13432870996::的回复消息发送成功.
2019-10-07 14:25:02,906 boss_test.py[line:333]INFO - 聊天信息--和文庆华的聊天信息存储状态为{"error_code":0,"msg":"success"}.
