2019-11-01 09:00:14,333 Selenium_call_find.py[line:573]INFO - ======================= 我是数据分割线 ========================
2019-11-01 09:00:16,754 Selenium_call_find.py[line:128]INFO - disable: 未交换信息需要进一步验证
2019-11-01 09:00:16,854 Selenium_call_find.py[line:609]INFO - 当前状态-继续判断
2019-11-01 09:00:19,839 Selenium_call_find.py[line:623]INFO - 检查状态-等待他人回复消息后再进行交换.
2019-11-01 09:00:25,732 Selenium_call_find.py[line:573]INFO - ======================= 我是数据分割线 ========================
2019-11-01 09:00:28,483 Selenium_call_find.py[line:128]INFO - disable: 未交换信息需要进一步验证
2019-11-01 09:00:28,566 Selenium_call_find.py[line:609]INFO - 当前状态-继续判断
2019-11-01 09:00:41,987 Selenium_call_find.py[line:621]INFO - 检查状态-已经请求消息,如果回复再进行验证.
2019-11-01 09:00:50,645 Selenium_call_find.py[line:573]INFO - ======================= 我是数据分割线 ========================
2019-11-01 09:00:53,129 Selenium_call_find.py[line:128]INFO - disable: 未交换信息需要进一步验证
2019-11-01 09:00:53,209 Selenium_call_find.py[line:609]INFO - 当前状态-继续判断
2019-11-01 09:01:06,715 Selenium_call_find.py[line:621]INFO - 检查状态-已经请求消息,如果回复再进行验证.
2019-11-01 09:01:11,463 Selenium_call_find.py[line:573]INFO - ======================= 我是数据分割线 ========================
2019-11-01 09:01:13,849 Selenium_call_find.py[line:128]INFO - disable: 未交换信息需要进一步验证
2019-11-01 09:01:13,929 Selenium_call_find.py[line:609]INFO - 当前状态-继续判断
2019-11-01 09:01:27,676 Selenium_call_find.py[line:621]INFO - 检查状态-已经请求消息,如果回复再进行验证.
2019-11-01 09:01:30,737 Selenium_call_find.py[line:573]INFO - ======================= 我是数据分割线 ========================
2019-11-01 09:01:33,171 Selenium_call_find.py[line:128]INFO - disable: 未交换信息需要进一步验证
2019-11-01 09:01:33,253 Selenium_call_find.py[line:609]INFO - 当前状态-继续判断
2019-11-01 09:01:46,833 Selenium_call_find.py[line:621]INFO - 检查状态-已经请求消息,如果回复再进行验证.
2019-11-01 09:01:49,211 Selenium_call_find.py[line:573]INFO - ======================= 我是数据分割线 ========================
2019-11-01 09:01:52,038 Selenium_call_find.py[line:128]INFO - disable: 未交换信息需要进一步验证
2019-11-01 09:01:52,124 Selenium_call_find.py[line:609]INFO - 当前状态-继续判断
2019-11-01 09:02:05,883 Selenium_call_find.py[line:621]INFO - 检查状态-已经请求消息,如果回复再进行验证.
2019-11-01 09:02:08,996 Selenium_call_find.py[line:573]INFO - ======================= 我是数据分割线 ========================
2019-11-01 09:02:11,141 Selenium_call_find.py[line:131]INFO - changed: 已经互相发送信息尝试进一步验证
2019-11-01 09:02:11,187 Selenium_call_find.py[line:629]INFO - 检查状态-对方回复了信息,尝试上传简历.
2019-11-01 09:02:21,821 Selenium_call_find.py[line:573]INFO - ======================= 我是数据分割线 ========================
2019-11-01 09:02:24,045 Selenium_call_find.py[line:131]INFO - changed: 已经互相发送信息尝试进一步验证
2019-11-01 09:02:24,086 Selenium_call_find.py[line:629]INFO - 检查状态-对方回复了信息,尝试上传简历.
2019-11-01 09:30:18,152 Selenium_call_find.py[line:573]INFO - ======================= 我是数据分割线 ========================
2019-11-01 09:30:21,068 Selenium_call_find.py[line:629]INFO - 检查状态-对方回复了信息,尝试上传简历.
2019-11-01 09:30:45,521 Selenium_call_find.py[line:392]INFO - 沟通的数据插入详情为:{"error_code":0,"msg":"success"}
2019-11-01 09:30:59,351 Selenium_call_find.py[line:418]INFO - Reply信息状态:伍静仪:15918857676::的回复消息发送成功.
2019-11-01 09:31:03,275 Selenium_call_find.py[line:340]INFO - 聊天信息--和伍静仪的聊天信息存储状态为{"error_code":0,"msg":"success"}.
2019-11-01 09:31:10,450 Selenium_call_find.py[line:573]INFO - ======================= 我是数据分割线 ========================
2019-11-01 09:31:12,793 Selenium_call_find.py[line:629]INFO - 检查状态-对方回复了信息,尝试上传简历.
2019-11-01 09:31:18,908 Selenium_call_find.py[line:573]INFO - ======================= 我是数据分割线 ========================
2019-11-01 09:31:22,000 Selenium_call_find.py[line:629]INFO - 检查状态-对方回复了信息,尝试上传简历.
2019-11-01 09:31:24,949 Selenium_call_find.py[line:573]INFO - ======================= 我是数据分割线 ========================
2019-11-01 09:31:27,831 Selenium_call_find.py[line:629]INFO - 检查状态-对方回复了信息,尝试上传简历.
2019-11-01 09:31:50,821 Selenium_call_find.py[line:392]INFO - 沟通的数据插入详情为:{"error_code":0,"msg":"success"}
2019-11-01 09:31:59,448 Selenium_call_find.py[line:418]INFO - Reply信息状态:罗燕琴:13428775800::的回复消息发送成功.
2019-11-01 09:32:05,071 Selenium_call_find.py[line:340]INFO - 聊天信息--和罗燕琴的聊天信息存储状态为{"error_code":0,"msg":"success"}.
2019-11-01 10:00:22,049 Selenium_call_find.py[line:573]INFO - ======================= 我是数据分割线 ========================
2019-11-01 10:00:24,604 Selenium_call_find.py[line:128]INFO - disable: 未交换信息需要进一步验证
2019-11-01 10:00:24,702 Selenium_call_find.py[line:609]INFO - 当前状态-继续判断
2019-11-01 10:00:38,757 Selenium_call_find.py[line:621]INFO - 检查状态-已经请求消息,如果回复再进行验证.
2019-11-01 10:00:43,533 Selenium_call_find.py[line:573]INFO - ======================= 我是数据分割线 ========================
2019-11-01 10:00:45,866 Selenium_call_find.py[line:131]INFO - changed: 已经互相发送信息尝试进一步验证
2019-11-01 10:00:45,910 Selenium_call_find.py[line:629]INFO - 检查状态-对方回复了信息,尝试上传简历.
2019-11-01 10:01:15,653 Selenium_call_find.py[line:392]INFO - 沟通的数据插入详情为:{"error_code":3,"msg":"\u6ca1\u6709\u6570\u636e\u63d2\u5165"}
2019-11-01 10:01:39,730 Selenium_call_find.py[line:573]INFO - ======================= 我是数据分割线 ========================
2019-11-01 10:01:42,711 Selenium_call_find.py[line:128]INFO - disable: 未交换信息需要进一步验证
2019-11-01 10:01:42,790 Selenium_call_find.py[line:609]INFO - 当前状态-继续判断
2019-11-01 10:01:55,267 Selenium_call_find.py[line:621]INFO - 检查状态-已经请求消息,如果回复再进行验证.
2019-11-01 10:02:00,684 Selenium_call_find.py[line:573]INFO - ======================= 我是数据分割线 ========================
2019-11-01 10:02:03,653 Selenium_call_find.py[line:128]INFO - disable: 未交换信息需要进一步验证
2019-11-01 10:02:03,736 Selenium_call_find.py[line:609]INFO - 当前状态-继续判断
2019-11-01 10:02:16,073 Selenium_call_find.py[line:621]INFO - 检查状态-已经请求消息,如果回复再进行验证.
2019-11-01 10:30:22,251 Selenium_call_find.py[line:573]INFO - ======================= 我是数据分割线 ========================
2019-11-01 10:30:24,769 Selenium_call_find.py[line:629]INFO - 检查状态-对方回复了信息,尝试上传简历.
2019-11-01 10:30:53,634 Selenium_call_find.py[line:524]ERROR - 图片识别转码网络连接超时...
2019-11-01 10:30:58,881 Selenium_call_find.py[line:392]INFO - 沟通的数据插入详情为:{"error_code":3,"msg":"\u6ca1\u6709\u6570\u636e\u63d2\u5165"}
2019-11-01 11:00:09,058 Selenium_call_find.py[line:573]INFO - ======================= 我是数据分割线 ========================
2019-11-01 11:00:11,641 Selenium_call_find.py[line:128]INFO - disable: 未交换信息需要进一步验证
2019-11-01 11:00:11,732 Selenium_call_find.py[line:609]INFO - 当前状态-继续判断
2019-11-01 11:00:25,919 Selenium_call_find.py[line:621]INFO - 检查状态-已经请求消息,如果回复再进行验证.
2019-11-01 11:00:40,239 Selenium_call_find.py[line:573]INFO - ======================= 我是数据分割线 ========================
2019-11-01 11:00:42,577 Selenium_call_find.py[line:128]INFO - disable: 未交换信息需要进一步验证
2019-11-01 11:00:42,659 Selenium_call_find.py[line:609]INFO - 当前状态-继续判断
2019-11-01 11:00:56,987 Selenium_call_find.py[line:621]INFO - 检查状态-已经请求消息,如果回复再进行验证.
2019-11-01 11:01:04,575 Selenium_call_find.py[line:573]INFO - ======================= 我是数据分割线 ========================
2019-11-01 11:01:06,905 Selenium_call_find.py[line:629]INFO - 检查状态-对方回复了信息,尝试上传简历.
2019-11-01 11:01:13,193 Selenium_call_find.py[line:573]INFO - ======================= 我是数据分割线 ========================
2019-11-01 11:01:15,384 Selenium_call_find.py[line:629]INFO - 检查状态-对方回复了信息,尝试上传简历.
2019-11-01 11:01:38,332 Selenium_call_find.py[line:392]INFO - 沟通的数据插入详情为:{"error_code":0,"msg":"success"}
2019-11-01 11:01:45,309 Selenium_call_find.py[line:418]INFO - Reply信息状态:黄文冠:17620142706::的回复消息发送成功.
2019-11-01 11:01:48,752 Selenium_call_find.py[line:340]INFO - 聊天信息--和黄文冠的聊天信息存储状态为{"error_code":0,"msg":"success"}.
2019-11-01 12:00:24,208 Selenium_call_find.py[line:573]INFO - ======================= 我是数据分割线 ========================
2019-11-01 12:00:27,305 Selenium_call_find.py[line:128]INFO - disable: 未交换信息需要进一步验证
2019-11-01 12:00:27,406 Selenium_call_find.py[line:609]INFO - 当前状态-继续判断
2019-11-01 12:00:41,227 Selenium_call_find.py[line:621]INFO - 检查状态-已经请求消息,如果回复再进行验证.
2019-11-01 12:00:50,667 Selenium_call_find.py[line:573]INFO - ======================= 我是数据分割线 ========================
2019-11-01 12:00:53,545 Selenium_call_find.py[line:128]INFO - disable: 未交换信息需要进一步验证
2019-11-01 12:00:53,620 Selenium_call_find.py[line:609]INFO - 当前状态-继续判断
2019-11-01 12:00:56,358 Selenium_call_find.py[line:623]INFO - 检查状态-等待他人回复消息后再进行交换.
2019-11-01 12:30:25,272 Selenium_call_find.py[line:573]INFO - ======================= 我是数据分割线 ========================
2019-11-01 12:30:28,190 Selenium_call_find.py[line:629]INFO - 检查状态-对方回复了信息,尝试上传简历.
2019-11-01 12:30:52,241 Selenium_call_find.py[line:392]INFO - 沟通的数据插入详情为:{"error_code":0,"msg":"success"}
2019-11-01 12:31:00,774 Selenium_call_find.py[line:418]INFO - Reply信息状态:卓焕杰:13632380091::的回复消息发送成功.
2019-11-01 12:31:04,954 Selenium_call_find.py[line:340]INFO - 聊天信息--和卓焕杰的聊天信息存储状态为{"error_code":0,"msg":"success"}.
2019-11-01 12:31:06,997 Selenium_call_find.py[line:573]INFO - ======================= 我是数据分割线 ========================
2019-11-01 12:31:09,510 Selenium_call_find.py[line:629]INFO - 检查状态-对方回复了信息,尝试上传简历.
2019-11-01 13:00:23,034 Selenium_call_find.py[line:573]INFO - ======================= 我是数据分割线 ========================
2019-11-01 13:00:25,467 Selenium_call_find.py[line:128]INFO - disable: 未交换信息需要进一步验证
2019-11-01 13:00:25,569 Selenium_call_find.py[line:609]INFO - 当前状态-继续判断
2019-11-01 13:00:38,947 Selenium_call_find.py[line:621]INFO - 检查状态-已经请求消息,如果回复再进行验证.
2019-11-01 13:00:44,266 Selenium_call_find.py[line:573]INFO - ======================= 我是数据分割线 ========================
2019-11-01 13:00:46,575 Selenium_call_find.py[line:629]INFO - 检查状态-对方回复了信息,尝试上传简历.
2019-11-01 13:01:09,805 Selenium_call_find.py[line:392]INFO - 沟通的数据插入详情为:{"error_code":3,"msg":"\u6ca1\u6709\u6570\u636e\u63d2\u5165"}
2019-11-01 13:01:22,141 Selenium_call_find.py[line:573]INFO - ======================= 我是数据分割线 ========================
2019-11-01 13:01:25,040 Selenium_call_find.py[line:128]INFO - disable: 未交换信息需要进一步验证
2019-11-01 13:01:25,121 Selenium_call_find.py[line:609]INFO - 当前状态-继续判断
2019-11-01 13:01:39,383 Selenium_call_find.py[line:621]INFO - 检查状态-已经请求消息,如果回复再进行验证.
2019-11-01 13:30:20,444 Selenium_call_find.py[line:573]INFO - ======================= 我是数据分割线 ========================
2019-11-01 13:30:23,555 Selenium_call_find.py[line:629]INFO - 检查状态-对方回复了信息,尝试上传简历.
2019-11-01 13:30:45,451 Selenium_call_find.py[line:392]INFO - 沟通的数据插入详情为:{"error_code":0,"msg":"success"}
2019-11-01 13:30:54,809 Selenium_call_find.py[line:418]INFO - Reply信息状态:樊女士:18220368237::的回复消息发送成功.
2019-11-01 13:30:59,441 Selenium_call_find.py[line:340]INFO - 聊天信息--和樊女士的聊天信息存储状态为{"error_code":0,"msg":"success"}.
2019-11-01 13:31:04,694 Selenium_call_find.py[line:573]INFO - ======================= 我是数据分割线 ========================
2019-11-01 13:31:06,835 Selenium_call_find.py[line:128]INFO - disable: 未交换信息需要进一步验证
2019-11-01 13:31:06,938 Selenium_call_find.py[line:609]INFO - 当前状态-继续判断
2019-11-01 13:31:21,584 Selenium_call_find.py[line:621]INFO - 检查状态-已经请求消息,如果回复再进行验证.
2019-11-01 13:31:31,574 Selenium_call_find.py[line:573]INFO - ======================= 我是数据分割线 ========================
2019-11-01 13:31:34,365 Selenium_call_find.py[line:629]INFO - 检查状态-对方回复了信息,尝试上传简历.
2019-11-01 14:00:24,753 Selenium_call_find.py[line:573]INFO - ======================= 我是数据分割线 ========================
2019-11-01 14:00:27,522 Selenium_call_find.py[line:629]INFO - 检查状态-对方回复了信息,尝试上传简历.
2019-11-01 14:00:51,052 Selenium_call_find.py[line:392]INFO - 沟通的数据插入详情为:{"error_code":3,"msg":"\u6ca1\u6709\u6570\u636e\u63d2\u5165"}
2019-11-01 14:00:59,802 Selenium_call_find.py[line:573]INFO - ======================= 我是数据分割线 ========================
2019-11-01 14:01:02,187 Selenium_call_find.py[line:629]INFO - 检查状态-对方回复了信息,尝试上传简历.
2019-11-01 14:01:24,199 Selenium_call_find.py[line:392]INFO - 沟通的数据插入详情为:{"error_code":3,"msg":"\u6ca1\u6709\u6570\u636e\u63d2\u5165"}
2019-11-01 14:01:38,703 Selenium_call_find.py[line:573]INFO - ======================= 我是数据分割线 ========================
2019-11-01 14:01:41,264 Selenium_call_find.py[line:128]INFO - disable: 未交换信息需要进一步验证
2019-11-01 14:01:41,362 Selenium_call_find.py[line:609]INFO - 当前状态-继续判断
2019-11-01 14:01:53,091 Selenium_call_find.py[line:621]INFO - 检查状态-已经请求消息,如果回复再进行验证.
2019-11-01 14:30:23,313 Selenium_call_find.py[line:573]INFO - ======================= 我是数据分割线 ========================
2019-11-01 14:30:25,895 Selenium_call_find.py[line:128]INFO - disable: 未交换信息需要进一步验证
2019-11-01 14:30:25,992 Selenium_call_find.py[line:609]INFO - 当前状态-继续判断
2019-11-01 14:30:40,376 Selenium_call_find.py[line:621]INFO - 检查状态-已经请求消息,如果回复再进行验证.
2019-11-01 14:30:43,586 Selenium_call_find.py[line:573]INFO - ======================= 我是数据分割线 ========================
2019-11-01 14:30:46,019 Selenium_call_find.py[line:128]INFO - disable: 未交换信息需要进一步验证
2019-11-01 14:30:46,098 Selenium_call_find.py[line:609]INFO - 当前状态-继续判断
2019-11-01 14:31:03,030 Selenium_call_find.py[line:621]INFO - 检查状态-已经请求消息,如果回复再进行验证.
2019-11-01 14:31:05,498 Selenium_call_find.py[line:573]INFO - ======================= 我是数据分割线 ========================
2019-11-01 14:31:08,297 Selenium_call_find.py[line:131]INFO - changed: 已经互相发送信息尝试进一步验证
2019-11-01 14:31:08,341 Selenium_call_find.py[line:629]INFO - 检查状态-对方回复了信息,尝试上传简历.
2019-11-01 14:31:13,342 Selenium_call_find.py[line:573]INFO - ======================= 我是数据分割线 ========================
2019-11-01 14:31:15,866 Selenium_call_find.py[line:128]INFO - disable: 未交换信息需要进一步验证
2019-11-01 14:31:15,946 Selenium_call_find.py[line:609]INFO - 当前状态-继续判断
2019-11-01 14:31:30,333 Selenium_call_find.py[line:621]INFO - 检查状态-已经请求消息,如果回复再进行验证.
2019-11-01 14:31:37,260 Selenium_call_find.py[line:573]INFO - ======================= 我是数据分割线 ========================
2019-11-01 14:31:40,395 Selenium_call_find.py[line:629]INFO - 检查状态-对方回复了信息,尝试上传简历.
2019-11-01 14:32:55,957 Selenium_call_find.py[line:524]ERROR - 图片识别转码网络连接超时...
2019-11-01 14:33:01,612 Selenium_call_find.py[line:392]INFO - 沟通的数据插入详情为:{"error_code":3,"msg":"\u6ca1\u6709\u6570\u636e\u63d2\u5165"}
2019-11-01 15:00:20,480 Selenium_call_find.py[line:573]INFO - ======================= 我是数据分割线 ========================
2019-11-01 15:00:22,679 Selenium_call_find.py[line:128]INFO - disable: 未交换信息需要进一步验证
2019-11-01 15:00:22,777 Selenium_call_find.py[line:609]INFO - 当前状态-继续判断
2019-11-01 15:00:37,683 Selenium_call_find.py[line:621]INFO - 检查状态-已经请求消息,如果回复再进行验证.
2019-11-01 15:00:43,803 Selenium_call_find.py[line:573]INFO - ======================= 我是数据分割线 ========================
2019-11-01 15:00:45,963 Selenium_call_find.py[line:131]INFO - changed: 已经互相发送信息尝试进一步验证
2019-11-01 15:00:46,005 Selenium_call_find.py[line:629]INFO - 检查状态-对方回复了信息,尝试上传简历.
2019-11-01 15:00:52,239 Selenium_call_find.py[line:573]INFO - ======================= 我是数据分割线 ========================
2019-11-01 15:00:54,474 Selenium_call_find.py[line:128]INFO - disable: 未交换信息需要进一步验证
2019-11-01 15:00:54,553 Selenium_call_find.py[line:609]INFO - 当前状态-继续判断
2019-11-01 15:01:09,205 Selenium_call_find.py[line:621]INFO - 检查状态-已经请求消息,如果回复再进行验证.
2019-11-01 15:01:12,500 Selenium_call_find.py[line:573]INFO - ======================= 我是数据分割线 ========================
2019-11-01 15:01:15,287 Selenium_call_find.py[line:131]INFO - changed: 已经互相发送信息尝试进一步验证
2019-11-01 15:01:15,327 Selenium_call_find.py[line:629]INFO - 检查状态-对方回复了信息,尝试上传简历.
2019-11-01 15:01:32,421 Selenium_call_find.py[line:573]INFO - ======================= 我是数据分割线 ========================
2019-11-01 15:01:34,979 Selenium_call_find.py[line:131]INFO - changed: 已经互相发送信息尝试进一步验证
2019-11-01 15:01:35,021 Selenium_call_find.py[line:629]INFO - 检查状态-对方回复了信息,尝试上传简历.
2019-11-01 15:01:56,491 Selenium_call_find.py[line:392]INFO - 沟通的数据插入详情为:{"error_code":3,"msg":"\u6ca1\u6709\u6570\u636e\u63d2\u5165"}
2019-11-01 15:30:20,293 Selenium_call_find.py[line:573]INFO - ======================= 我是数据分割线 ========================
2019-11-01 15:30:22,660 Selenium_call_find.py[line:131]INFO - changed: 已经互相发送信息尝试进一步验证
2019-11-01 15:30:22,705 Selenium_call_find.py[line:629]INFO - 检查状态-对方回复了信息,尝试上传简历.
2019-11-01 15:30:45,175 Selenium_call_find.py[line:392]INFO - 沟通的数据插入详情为:{"error_code":0,"msg":"success"}
2019-11-01 15:30:51,476 Selenium_call_find.py[line:418]INFO - Reply信息状态:苏贞亮:965791713::的回复消息发送成功.
2019-11-01 15:30:56,970 Selenium_call_find.py[line:340]INFO - 聊天信息--和苏贞亮的聊天信息存储状态为{"error_code":0,"msg":"success"}.
2019-11-01 15:31:02,653 Selenium_call_find.py[line:573]INFO - ======================= 我是数据分割线 ========================
2019-11-01 15:31:05,459 Selenium_call_find.py[line:131]INFO - changed: 已经互相发送信息尝试进一步验证
2019-11-01 15:31:06,614 Selenium_call_find.py[line:629]INFO - 检查状态-对方回复了信息,尝试上传简历.
2019-11-01 15:31:09,002 Selenium_call_find.py[line:573]INFO - ======================= 我是数据分割线 ========================
2019-11-01 15:31:12,070 Selenium_call_find.py[line:128]INFO - disable: 未交换信息需要进一步验证
2019-11-01 15:31:12,175 Selenium_call_find.py[line:609]INFO - 当前状态-继续判断
2019-11-01 15:31:25,876 Selenium_call_find.py[line:621]INFO - 检查状态-已经请求消息,如果回复再进行验证.
2019-11-01 15:31:32,325 Selenium_call_find.py[line:573]INFO - ======================= 我是数据分割线 ========================
2019-11-01 15:31:35,445 Selenium_call_find.py[line:629]INFO - 检查状态-对方回复了信息,尝试上传简历.
2019-11-01 15:31:57,793 Selenium_call_find.py[line:392]INFO - 沟通的数据插入详情为:{"error_code":3,"msg":"\u6ca1\u6709\u6570\u636e\u63d2\u5165"}
2019-11-01 15:32:10,461 Selenium_call_find.py[line:573]INFO - ======================= 我是数据分割线 ========================
2019-11-01 15:32:13,258 Selenium_call_find.py[line:128]INFO - disable: 未交换信息需要进一步验证
2019-11-01 15:32:13,336 Selenium_call_find.py[line:609]INFO - 当前状态-继续判断
2019-11-01 15:32:28,024 Selenium_call_find.py[line:621]INFO - 检查状态-已经请求消息,如果回复再进行验证.
2019-11-01 16:00:18,297 Selenium_call_find.py[line:573]INFO - ======================= 我是数据分割线 ========================
2019-11-01 16:00:20,635 Selenium_call_find.py[line:128]INFO - disable: 未交换信息需要进一步验证
2019-11-01 16:00:20,729 Selenium_call_find.py[line:609]INFO - 当前状态-继续判断
2019-11-01 16:00:34,981 Selenium_call_find.py[line:621]INFO - 检查状态-已经请求消息,如果回复再进行验证.
2019-11-01 16:00:42,739 Selenium_call_find.py[line:573]INFO - ======================= 我是数据分割线 ========================
2019-11-01 16:00:45,598 Selenium_call_find.py[line:629]INFO - 检查状态-对方回复了信息,尝试上传简历.
2019-11-01 16:01:09,155 Selenium_call_find.py[line:392]INFO - 沟通的数据插入详情为:{"error_code":0,"msg":"success"}
2019-11-01 16:01:15,905 Selenium_call_find.py[line:418]INFO - Reply信息状态:韩闯:18589228941::的回复消息发送成功.
2019-11-01 16:01:21,692 Selenium_call_find.py[line:340]INFO - 聊天信息--和韩闯的聊天信息存储状态为{"error_code":0,"msg":"success"}.
2019-11-01 16:01:23,717 Selenium_call_find.py[line:573]INFO - ======================= 我是数据分割线 ========================
2019-11-01 16:01:25,909 Selenium_call_find.py[line:629]INFO - 检查状态-对方回复了信息,尝试上传简历.
2019-11-01 16:01:59,379 Selenium_call_find.py[line:524]ERROR - 图片识别转码网络连接超时...
2019-11-01 16:02:05,187 Selenium_call_find.py[line:392]INFO - 沟通的数据插入详情为:{"error_code":0,"msg":"success"}
2019-11-01 16:02:14,248 Selenium_call_find.py[line:418]INFO - Reply信息状态:陈鹏:18229752838::的回复消息发送成功.
2019-11-01 16:02:17,812 Selenium_call_find.py[line:340]INFO - 聊天信息--和陈鹏的聊天信息存储状态为{"error_code":0,"msg":"success"}.
2019-11-01 16:02:28,876 Selenium_call_find.py[line:573]INFO - ======================= 我是数据分割线 ========================
2019-11-01 16:02:31,057 Selenium_call_find.py[line:629]INFO - 检查状态-对方回复了信息,尝试上传简历.
2019-11-01 16:02:51,993 Selenium_call_find.py[line:392]INFO - 沟通的数据插入详情为:{"error_code":0,"msg":"success"}
2019-11-01 16:02:57,610 Selenium_call_find.py[line:418]INFO - Reply信息状态:杜佳旺:18511748454::的回复消息发送成功.
2019-11-01 16:03:01,300 Selenium_call_find.py[line:340]INFO - 聊天信息--和杜佳旺的聊天信息存储状态为{"error_code":0,"msg":"success"}.
2019-11-01 16:30:11,772 Selenium_call_find.py[line:573]INFO - ======================= 我是数据分割线 ========================
2019-11-01 16:30:14,350 Selenium_call_find.py[line:131]INFO - changed: 已经互相发送信息尝试进一步验证
2019-11-01 16:30:14,395 Selenium_call_find.py[line:629]INFO - 检查状态-对方回复了信息,尝试上传简历.
2019-11-01 16:30:25,844 Selenium_call_find.py[line:573]INFO - ======================= 我是数据分割线 ========================
2019-11-01 16:30:28,703 Selenium_call_find.py[line:629]INFO - 检查状态-对方回复了信息,尝试上传简历.
2019-11-01 16:30:51,211 Selenium_call_find.py[line:392]INFO - 沟通的数据插入详情为:{"error_code":0,"msg":"success"}
2019-11-01 16:30:57,976 Selenium_call_find.py[line:418]INFO - Reply信息状态:吴建敏:18613106528::的回复消息发送成功.
2019-11-01 16:31:02,230 Selenium_call_find.py[line:340]INFO - 聊天信息--和吴建敏的聊天信息存储状态为{"error_code":0,"msg":"success"}.
2019-11-01 16:31:07,762 Selenium_call_find.py[line:573]INFO - ======================= 我是数据分割线 ========================
2019-11-01 16:31:10,412 Selenium_call_find.py[line:128]INFO - disable: 未交换信息需要进一步验证
2019-11-01 16:31:10,512 Selenium_call_find.py[line:609]INFO - 当前状态-继续判断
2019-11-01 16:31:23,419 Selenium_call_find.py[line:621]INFO - 检查状态-已经请求消息,如果回复再进行验证.
2019-11-01 16:31:29,714 Selenium_call_find.py[line:573]INFO - ======================= 我是数据分割线 ========================
2019-11-01 16:31:32,746 Selenium_call_find.py[line:128]INFO - disable: 未交换信息需要进一步验证
2019-11-01 16:31:32,824 Selenium_call_find.py[line:609]INFO - 当前状态-继续判断
2019-11-01 16:31:47,946 Selenium_call_find.py[line:621]INFO - 检查状态-已经请求消息,如果回复再进行验证.
2019-11-01 16:31:59,015 Selenium_call_find.py[line:573]INFO - ======================= 我是数据分割线 ========================
2019-11-01 16:32:02,050 Selenium_call_find.py[line:629]INFO - 检查状态-对方回复了信息,尝试上传简历.
2019-11-01 16:32:25,378 Selenium_call_find.py[line:392]INFO - 沟通的数据插入详情为:{"error_code":0,"msg":"success"}
2019-11-01 16:32:33,873 Selenium_call_find.py[line:418]INFO - Reply信息状态:靳文斌:18335239967::的回复消息发送成功.
2019-11-01 16:32:37,645 Selenium_call_find.py[line:340]INFO - 聊天信息--和靳文斌的聊天信息存储状态为{"error_code":0,"msg":"success"}.
2019-11-01 16:32:40,134 Selenium_call_find.py[line:573]INFO - ======================= 我是数据分割线 ========================
2019-11-01 16:32:42,517 Selenium_call_find.py[line:128]INFO - disable: 未交换信息需要进一步验证
2019-11-01 16:32:42,598 Selenium_call_find.py[line:609]INFO - 当前状态-继续判断
2019-11-01 16:32:57,464 Selenium_call_find.py[line:621]INFO - 检查状态-已经请求消息,如果回复再进行验证.
2019-11-01 16:33:00,609 Selenium_call_find.py[line:573]INFO - ======================= 我是数据分割线 ========================
2019-11-01 16:33:02,980 Selenium_call_find.py[line:128]INFO - disable: 未交换信息需要进一步验证
2019-11-01 16:33:03,058 Selenium_call_find.py[line:609]INFO - 当前状态-继续判断
2019-11-01 16:33:17,373 Selenium_call_find.py[line:621]INFO - 检查状态-已经请求消息,如果回复再进行验证.
2019-11-02 09:30:11,919 Selenium_call_find.py[line:573]INFO - ======================= 我是数据分割线 ========================
2019-11-02 09:30:15,036 Selenium_call_find.py[line:128]INFO - disable: 未交换信息需要进一步验证
2019-11-02 09:30:15,131 Selenium_call_find.py[line:609]INFO - 当前状态-继续判断
2019-11-02 09:30:28,676 Selenium_call_find.py[line:621]INFO - 检查状态-已经请求消息,如果回复再进行验证.
2019-11-02 09:30:33,883 Selenium_call_find.py[line:573]INFO - ======================= 我是数据分割线 ========================
2019-11-02 09:30:36,394 Selenium_call_find.py[line:128]INFO - disable: 未交换信息需要进一步验证
2019-11-02 09:30:36,494 Selenium_call_find.py[line:609]INFO - 当前状态-继续判断
2019-11-02 09:30:48,426 Selenium_call_find.py[line:621]INFO - 检查状态-已经请求消息,如果回复再进行验证.
2019-11-02 09:30:58,506 Selenium_call_find.py[line:573]INFO - ======================= 我是数据分割线 ========================
2019-11-02 09:31:01,545 Selenium_call_find.py[line:629]INFO - 检查状态-对方回复了信息,尝试上传简历.
2019-11-02 09:31:24,463 Selenium_call_find.py[line:392]INFO - 沟通的数据插入详情为:{"error_code":3,"msg":"\u6ca1\u6709\u6570\u636e\u63d2\u5165"}
2019-11-02 09:31:32,609 Selenium_call_find.py[line:573]INFO - ======================= 我是数据分割线 ========================
2019-11-02 09:31:35,543 Selenium_call_find.py[line:128]INFO - disable: 未交换信息需要进一步验证
2019-11-02 09:31:35,626 Selenium_call_find.py[line:609]INFO - 当前状态-继续判断
2019-11-02 09:31:48,989 Selenium_call_find.py[line:621]INFO - 检查状态-已经请求消息,如果回复再进行验证.
2019-11-02 09:31:51,755 Selenium_call_find.py[line:573]INFO - ======================= 我是数据分割线 ========================
2019-11-02 09:31:53,994 Selenium_call_find.py[line:128]INFO - disable: 未交换信息需要进一步验证
2019-11-02 09:31:54,074 Selenium_call_find.py[line:609]INFO - 当前状态-继续判断
2019-11-02 09:32:05,783 Selenium_call_find.py[line:621]INFO - 检查状态-已经请求消息,如果回复再进行验证.
2019-11-02 09:32:08,453 Selenium_call_find.py[line:573]INFO - ======================= 我是数据分割线 ========================
2019-11-02 09:32:11,358 Selenium_call_find.py[line:629]INFO - 检查状态-对方回复了信息,尝试上传简历.
2019-11-02 09:32:34,391 Selenium_call_find.py[line:392]INFO - 沟通的数据插入详情为:{"error_code":0,"msg":"success"}
2019-11-02 09:32:42,841 Selenium_call_find.py[line:418]INFO - Reply信息状态:杨香环:18207443785::的回复消息发送成功.
2019-11-02 09:32:47,506 Selenium_call_find.py[line:340]INFO - 聊天信息--和杨香环的聊天信息存储状态为{"error_code":0,"msg":"success"}.
2019-11-02 09:32:53,139 Selenium_call_find.py[line:573]INFO - ======================= 我是数据分割线 ========================
2019-11-02 09:32:55,632 Selenium_call_find.py[line:128]INFO - disable: 未交换信息需要进一步验证
2019-11-02 09:32:55,711 Selenium_call_find.py[line:609]INFO - 当前状态-继续判断
2019-11-02 09:33:07,714 Selenium_call_find.py[line:621]INFO - 检查状态-已经请求消息,如果回复再进行验证.
2019-11-02 09:33:12,788 Selenium_call_find.py[line:573]INFO - ======================= 我是数据分割线 ========================
2019-11-02 09:33:14,968 Selenium_call_find.py[line:128]INFO - disable: 未交换信息需要进一步验证
2019-11-02 09:33:15,053 Selenium_call_find.py[line:609]INFO - 当前状态-继续判断
2019-11-02 09:33:28,818 Selenium_call_find.py[line:621]INFO - 检查状态-已经请求消息,如果回复再进行验证.
2019-11-02 09:33:34,323 Selenium_call_find.py[line:573]INFO - ======================= 我是数据分割线 ========================
2019-11-02 09:33:37,273 Selenium_call_find.py[line:629]INFO - 检查状态-对方回复了信息,尝试上传简历.
2019-11-02 09:33:59,641 Selenium_call_find.py[line:392]INFO - 沟通的数据插入详情为:{"error_code":0,"msg":"success"}
2019-11-02 09:34:09,153 Selenium_call_find.py[line:418]INFO - Reply信息状态:赖成智:15920388002::的回复消息发送成功.
2019-11-02 09:34:13,659 Selenium_call_find.py[line:340]INFO - 聊天信息--和赖成智的聊天信息存储状态为{"error_code":0,"msg":"success"}.
2019-11-02 10:30:29,783 Selenium_call_find.py[line:573]INFO - ======================= 我是数据分割线 ========================
2019-11-02 10:30:32,593 Selenium_call_find.py[line:629]INFO - 检查状态-对方回复了信息,尝试上传简历.
2019-11-02 10:30:37,815 Selenium_call_find.py[line:573]INFO - ======================= 我是数据分割线 ========================
2019-11-02 10:30:40,017 Selenium_call_find.py[line:629]INFO - 检查状态-对方回复了信息,尝试上传简历.
2019-11-02 10:31:03,632 Selenium_call_find.py[line:392]INFO - 沟通的数据插入详情为:{"error_code":3,"msg":"\u6ca1\u6709\u6570\u636e\u63d2\u5165"}
2019-11-02 11:00:18,177 Selenium_call_find.py[line:573]INFO - ======================= 我是数据分割线 ========================
2019-11-02 11:00:21,344 Selenium_call_find.py[line:131]INFO - changed: 已经互相发送信息尝试进一步验证
2019-11-02 11:00:23,191 Selenium_call_find.py[line:629]INFO - 检查状态-对方回复了信息,尝试上传简历.
2019-11-02 11:00:37,866 Selenium_call_find.py[line:573]INFO - ======================= 我是数据分割线 ========================
2019-11-02 11:00:40,604 Selenium_call_find.py[line:128]INFO - disable: 未交换信息需要进一步验证
2019-11-02 11:00:40,694 Selenium_call_find.py[line:609]INFO - 当前状态-继续判断
2019-11-02 11:00:54,202 Selenium_call_find.py[line:621]INFO - 检查状态-已经请求消息,如果回复再进行验证.
2019-11-02 11:30:25,260 Selenium_call_find.py[line:573]INFO - ======================= 我是数据分割线 ========================
2019-11-02 11:30:27,884 Selenium_call_find.py[line:128]INFO - disable: 未交换信息需要进一步验证
2019-11-02 11:30:27,975 Selenium_call_find.py[line:609]INFO - 当前状态-继续判断
2019-11-02 11:30:42,485 Selenium_call_find.py[line:621]INFO - 检查状态-已经请求消息,如果回复再进行验证.
2019-11-02 11:30:47,952 Selenium_call_find.py[line:573]INFO - ======================= 我是数据分割线 ========================
2019-11-02 11:30:50,193 Selenium_call_find.py[line:629]INFO - 检查状态-对方回复了信息,尝试上传简历.
2019-11-02 11:31:11,590 Selenium_call_find.py[line:392]INFO - 沟通的数据插入详情为:{"error_code":0,"msg":"success"}
2019-11-02 11:31:20,824 Selenium_call_find.py[line:418]INFO - Reply信息状态:李想:13357359952::的回复消息发送成功.
2019-11-02 11:31:24,920 Selenium_call_find.py[line:340]INFO - 聊天信息--和李想的聊天信息存储状态为{"error_code":0,"msg":"success"}.
2019-11-02 11:31:33,574 Selenium_call_find.py[line:573]INFO - ======================= 我是数据分割线 ========================
2019-11-02 11:31:36,638 Selenium_call_find.py[line:128]INFO - disable: 未交换信息需要进一步验证
2019-11-02 11:31:36,719 Selenium_call_find.py[line:609]INFO - 当前状态-继续判断
2019-11-02 11:31:50,249 Selenium_call_find.py[line:621]INFO - 检查状态-已经请求消息,如果回复再进行验证.
2019-11-02 11:31:53,327 Selenium_call_find.py[line:573]INFO - ======================= 我是数据分割线 ========================
2019-11-02 11:31:55,996 Selenium_call_find.py[line:629]INFO - 检查状态-对方回复了信息,尝试上传简历.
2019-11-02 11:32:18,226 Selenium_call_find.py[line:392]INFO - 沟通的数据插入详情为:{"error_code":3,"msg":"\u6ca1\u6709\u6570\u636e\u63d2\u5165"}
2019-11-02 12:00:14,850 Selenium_call_find.py[line:573]INFO - ======================= 我是数据分割线 ========================
2019-11-02 12:00:17,516 Selenium_call_find.py[line:629]INFO - 检查状态-对方回复了信息,尝试上传简历.
2019-11-02 12:00:31,147 Selenium_call_find.py[line:573]INFO - ======================= 我是数据分割线 ========================
2019-11-02 12:00:34,011 Selenium_call_find.py[line:128]INFO - disable: 未交换信息需要进一步验证
2019-11-02 12:00:34,102 Selenium_call_find.py[line:609]INFO - 当前状态-继续判断
2019-11-02 12:00:48,621 Selenium_call_find.py[line:621]INFO - 检查状态-已经请求消息,如果回复再进行验证.
2019-11-02 12:00:57,039 Selenium_call_find.py[line:573]INFO - ======================= 我是数据分割线 ========================
2019-11-02 12:01:00,121 Selenium_call_find.py[line:128]INFO - disable: 未交换信息需要进一步验证
2019-11-02 12:01:00,198 Selenium_call_find.py[line:609]INFO - 当前状态-继续判断
2019-11-02 12:01:14,655 Selenium_call_find.py[line:621]INFO - 检查状态-已经请求消息,如果回复再进行验证.
2019-11-02 12:01:20,775 Selenium_call_find.py[line:573]INFO - ======================= 我是数据分割线 ========================
2019-11-02 12:01:23,130 Selenium_call_find.py[line:629]INFO - 检查状态-对方回复了信息,尝试上传简历.
2019-11-02 12:01:44,873 Selenium_call_find.py[line:392]INFO - 沟通的数据插入详情为:{"error_code":3,"msg":"\u6ca1\u6709\u6570\u636e\u63d2\u5165"}
2019-11-02 12:01:52,309 Selenium_call_find.py[line:573]INFO - ======================= 我是数据分割线 ========================
2019-11-02 12:01:54,802 Selenium_call_find.py[line:629]INFO - 检查状态-对方回复了信息,尝试上传简历.
2019-11-02 12:30:25,258 Selenium_call_find.py[line:573]INFO - ======================= 我是数据分割线 ========================
2019-11-02 12:30:27,790 Selenium_call_find.py[line:131]INFO - changed: 已经互相发送信息尝试进一步验证
2019-11-02 12:30:27,835 Selenium_call_find.py[line:629]INFO - 检查状态-对方回复了信息,尝试上传简历.
2019-11-02 12:30:35,722 Selenium_call_find.py[line:573]INFO - ======================= 我是数据分割线 ========================
2019-11-02 12:30:38,089 Selenium_call_find.py[line:131]INFO - changed: 已经互相发送信息尝试进一步验证
2019-11-02 12:30:38,130 Selenium_call_find.py[line:629]INFO - 检查状态-对方回复了信息,尝试上传简历.
2019-11-02 12:30:45,351 Selenium_call_find.py[line:573]INFO - ======================= 我是数据分割线 ========================
2019-11-02 12:30:47,825 Selenium_call_find.py[line:128]INFO - disable: 未交换信息需要进一步验证
2019-11-02 12:30:47,921 Selenium_call_find.py[line:609]INFO - 当前状态-继续判断
2019-11-02 12:31:02,562 Selenium_call_find.py[line:621]INFO - 检查状态-已经请求消息,如果回复再进行验证.
2019-11-02 13:00:24,493 Selenium_call_find.py[line:573]INFO - ======================= 我是数据分割线 ========================
2019-11-02 13:00:27,592 Selenium_call_find.py[line:629]INFO - 检查状态-对方回复了信息,尝试上传简历.
2019-11-02 13:00:52,289 Selenium_call_find.py[line:392]INFO - 沟通的数据插入详情为:{"error_code":0,"msg":"success"}
2019-11-02 13:01:05,097 Selenium_call_find.py[line:418]INFO - Reply信息状态:肖宇:13922217581::的回复消息发送成功.
2019-11-02 13:01:09,449 Selenium_call_find.py[line:340]INFO - 聊天信息--和肖宇的聊天信息存储状态为{"error_code":0,"msg":"success"}.
2019-11-02 13:01:11,498 Selenium_call_find.py[line:573]INFO - ======================= 我是数据分割线 ========================
2019-11-02 13:01:14,266 Selenium_call_find.py[line:128]INFO - disable: 未交换信息需要进一步验证
2019-11-02 13:01:14,362 Selenium_call_find.py[line:609]INFO - 当前状态-继续判断
2019-11-02 13:01:28,325 Selenium_call_find.py[line:621]INFO - 检查状态-已经请求消息,如果回复再进行验证.
2019-11-02 13:30:09,568 Selenium_call_find.py[line:573]INFO - ======================= 我是数据分割线 ========================
2019-11-02 13:30:11,871 Selenium_call_find.py[line:629]INFO - 检查状态-对方回复了信息,尝试上传简历.
2019-11-02 13:30:26,661 Selenium_call_find.py[line:573]INFO - ======================= 我是数据分割线 ========================
2019-11-02 13:30:29,171 Selenium_call_find.py[line:128]INFO - disable: 未交换信息需要进一步验证
2019-11-02 13:30:29,266 Selenium_call_find.py[line:609]INFO - 当前状态-继续判断
2019-11-02 13:30:41,687 Selenium_call_find.py[line:621]INFO - 检查状态-已经请求消息,如果回复再进行验证.
2019-11-02 13:30:44,666 Selenium_call_find.py[line:573]INFO - ======================= 我是数据分割线 ========================
2019-11-02 13:30:47,094 Selenium_call_find.py[line:629]INFO - 检查状态-对方回复了信息,尝试上传简历.
2019-11-02 13:31:08,883 Selenium_call_find.py[line:392]INFO - 沟通的数据插入详情为:{"error_code":3,"msg":"\u6ca1\u6709\u6570\u636e\u63d2\u5165"}
2019-11-02 13:31:14,625 Selenium_call_find.py[line:573]INFO - ======================= 我是数据分割线 ========================
2019-11-02 13:31:16,905 Selenium_call_find.py[line:131]INFO - changed: 已经互相发送信息尝试进一步验证
2019-11-02 13:31:16,946 Selenium_call_find.py[line:629]INFO - 检查状态-对方回复了信息,尝试上传简历.
2019-11-02 14:00:25,264 Selenium_call_find.py[line:573]INFO - ======================= 我是数据分割线 ========================
2019-11-02 14:00:27,814 Selenium_call_find.py[line:629]INFO - 检查状态-对方回复了信息,尝试上传简历.
2019-11-02 15:00:22,351 Selenium_call_find.py[line:573]INFO - ======================= 我是数据分割线 ========================
2019-11-02 15:00:24,892 Selenium_call_find.py[line:128]INFO - disable: 未交换信息需要进一步验证
2019-11-02 15:00:24,988 Selenium_call_find.py[line:609]INFO - 当前状态-继续判断
2019-11-02 15:00:40,358 Selenium_call_find.py[line:621]INFO - 检查状态-已经请求消息,如果回复再进行验证.
2019-11-02 15:30:23,232 Selenium_call_find.py[line:573]INFO - ======================= 我是数据分割线 ========================
2019-11-02 15:30:25,587 Selenium_call_find.py[line:629]INFO - 检查状态-对方回复了信息,尝试上传简历.
2019-11-02 15:30:51,431 Selenium_call_find.py[line:392]INFO - 沟通的数据插入详情为:{"error_code":0,"msg":"success"}
2019-11-02 15:31:04,788 Selenium_call_find.py[line:418]INFO - Reply信息状态:徐路:18671711044::的回复消息发送成功.
2019-11-02 15:31:10,385 Selenium_call_find.py[line:340]INFO - 聊天信息--和徐路的聊天信息存储状态为{"error_code":0,"msg":"success"}.
2019-11-02 16:30:23,628 Selenium_call_find.py[line:573]INFO - ======================= 我是数据分割线 ========================
2019-11-02 16:30:26,755 Selenium_call_find.py[line:131]INFO - changed: 已经互相发送信息尝试进一步验证
2019-11-02 16:30:26,799 Selenium_call_find.py[line:629]INFO - 检查状态-对方回复了信息,尝试上传简历.
2019-11-02 16:30:48,616 Selenium_call_find.py[line:392]INFO - 沟通的数据插入详情为:{"error_code":0,"msg":"success"}
2019-11-02 16:30:54,717 Selenium_call_find.py[line:418]INFO - Reply信息状态:许昌辉:13580551551::的回复消息发送成功.
2019-11-02 16:30:58,972 Selenium_call_find.py[line:340]INFO - 聊天信息--和许昌辉的聊天信息存储状态为{"error_code":0,"msg":"success"}.
2019-11-02 16:31:14,573 Selenium_call_find.py[line:573]INFO - ======================= 我是数据分割线 ========================
2019-11-02 16:31:17,583 Selenium_call_find.py[line:128]INFO - disable: 未交换信息需要进一步验证
2019-11-02 16:31:17,685 Selenium_call_find.py[line:609]INFO - 当前状态-继续判断
2019-11-02 16:31:31,626 Selenium_call_find.py[line:621]INFO - 检查状态-已经请求消息,如果回复再进行验证.
2019-11-03 09:00:12,246 Selenium_call_find.py[line:573]INFO - ======================= 我是数据分割线 ========================
2019-11-03 09:00:14,570 Selenium_call_find.py[line:128]INFO - disable: 未交换信息需要进一步验证
2019-11-03 09:00:14,662 Selenium_call_find.py[line:609]INFO - 当前状态-继续判断
2019-11-03 09:00:29,745 Selenium_call_find.py[line:621]INFO - 检查状态-已经请求消息,如果回复再进行验证.
2019-11-03 09:00:32,621 Selenium_call_find.py[line:573]INFO - ======================= 我是数据分割线 ========================
2019-11-03 09:00:35,452 Selenium_call_find.py[line:128]INFO - disable: 未交换信息需要进一步验证
2019-11-03 09:00:35,529 Selenium_call_find.py[line:609]INFO - 当前状态-继续判断
2019-11-03 09:00:48,207 Selenium_call_find.py[line:621]INFO - 检查状态-已经请求消息,如果回复再进行验证.
2019-11-03 09:00:51,477 Selenium_call_find.py[line:573]INFO - ======================= 我是数据分割线 ========================
2019-11-03 09:00:54,278 Selenium_call_find.py[line:131]INFO - changed: 已经互相发送信息尝试进一步验证
2019-11-03 09:00:54,317 Selenium_call_find.py[line:629]INFO - 检查状态-对方回复了信息,尝试上传简历.
2019-11-03 09:01:16,180 Selenium_call_find.py[line:392]INFO - 沟通的数据插入详情为:{"error_code":0,"msg":"success"}
2019-11-03 09:01:23,907 Selenium_call_find.py[line:418]INFO - Reply信息状态:张涛:13760861008::的回复消息发送成功.
2019-11-03 09:01:28,294 Selenium_call_find.py[line:340]INFO - 聊天信息--和张涛的聊天信息存储状态为{"error_code":0,"msg":"success"}.
2019-11-03 09:01:30,679 Selenium_call_find.py[line:573]INFO - ======================= 我是数据分割线 ========================
2019-11-03 09:01:33,770 Selenium_call_find.py[line:128]INFO - disable: 未交换信息需要进一步验证
2019-11-03 09:01:33,852 Selenium_call_find.py[line:609]INFO - 当前状态-继续判断
2019-11-03 09:01:49,114 Selenium_call_find.py[line:621]INFO - 检查状态-已经请求消息,如果回复再进行验证.
2019-11-03 09:01:51,656 Selenium_call_find.py[line:573]INFO - ======================= 我是数据分割线 ========================
2019-11-03 09:01:54,249 Selenium_call_find.py[line:128]INFO - disable: 未交换信息需要进一步验证
2019-11-03 09:01:54,326 Selenium_call_find.py[line:609]INFO - 当前状态-继续判断
2019-11-03 09:02:06,614 Selenium_call_find.py[line:621]INFO - 检查状态-已经请求消息,如果回复再进行验证.
2019-11-03 09:02:09,705 Selenium_call_find.py[line:573]INFO - ======================= 我是数据分割线 ========================
2019-11-03 09:02:11,841 Selenium_call_find.py[line:131]INFO - changed: 已经互相发送信息尝试进一步验证
2019-11-03 09:02:11,920 Selenium_call_find.py[line:597]INFO - 当前状态-继续沟通
2019-11-03 09:02:22,221 Selenium_call_find.py[line:607]INFO - 检查状态-已经回复问候情况,如果回复再进行验证.
2019-11-03 09:02:26,656 Selenium_call_find.py[line:573]INFO - ======================= 我是数据分割线 ========================
2019-11-03 09:02:29,637 Selenium_call_find.py[line:128]INFO - disable: 未交换信息需要进一步验证
2019-11-03 09:02:29,731 Selenium_call_find.py[line:609]INFO - 当前状态-继续判断
2019-11-03 09:02:43,591 Selenium_call_find.py[line:621]INFO - 检查状态-已经请求消息,如果回复再进行验证.
2019-11-03 09:02:50,881 Selenium_call_find.py[line:573]INFO - ======================= 我是数据分割线 ========================
2019-11-03 09:02:53,150 Selenium_call_find.py[line:128]INFO - disable: 未交换信息需要进一步验证
2019-11-03 09:02:53,228 Selenium_call_find.py[line:609]INFO - 当前状态-继续判断
2019-11-03 09:03:06,851 Selenium_call_find.py[line:621]INFO - 检查状态-已经请求消息,如果回复再进行验证.
2019-11-03 09:03:16,780 Selenium_call_find.py[line:573]INFO - ======================= 我是数据分割线 ========================
2019-11-03 09:03:19,354 Selenium_call_find.py[line:128]INFO - disable: 未交换信息需要进一步验证
2019-11-03 09:03:19,427 Selenium_call_find.py[line:609]INFO - 当前状态-继续判断
2019-11-03 09:03:32,259 Selenium_call_find.py[line:621]INFO - 检查状态-已经请求消息,如果回复再进行验证.
2019-11-03 09:03:39,798 Selenium_call_find.py[line:573]INFO - ======================= 我是数据分割线 ========================
2019-11-03 09:03:42,733 Selenium_call_find.py[line:128]INFO - disable: 未交换信息需要进一步验证
2019-11-03 09:03:42,815 Selenium_call_find.py[line:609]INFO - 当前状态-继续判断
2019-11-03 09:03:57,714 Selenium_call_find.py[line:621]INFO - 检查状态-已经请求消息,如果回复再进行验证.
2019-11-03 09:04:03,849 Selenium_call_find.py[line:573]INFO - ======================= 我是数据分割线 ========================
2019-11-03 09:04:06,649 Selenium_call_find.py[line:128]INFO - disable: 未交换信息需要进一步验证
2019-11-03 09:04:06,724 Selenium_call_find.py[line:609]INFO - 当前状态-继续判断
2019-11-03 09:04:22,782 Selenium_call_find.py[line:621]INFO - 检查状态-已经请求消息,如果回复再进行验证.
2019-11-03 09:04:25,493 Selenium_call_find.py[line:573]INFO - ======================= 我是数据分割线 ========================
2019-11-03 09:04:28,521 Selenium_call_find.py[line:629]INFO - 检查状态-对方回复了信息,尝试上传简历.
2019-11-03 09:30:12,474 Selenium_call_find.py[line:573]INFO - ======================= 我是数据分割线 ========================
2019-11-03 09:30:15,126 Selenium_call_find.py[line:131]INFO - changed: 已经互相发送信息尝试进一步验证
2019-11-03 09:30:15,169 Selenium_call_find.py[line:629]INFO - 检查状态-对方回复了信息,尝试上传简历.
2019-11-03 09:30:35,983 Selenium_call_find.py[line:573]INFO - ======================= 我是数据分割线 ========================
2019-11-03 09:30:38,614 Selenium_call_find.py[line:128]INFO - disable: 未交换信息需要进一步验证
2019-11-03 09:30:38,718 Selenium_call_find.py[line:609]INFO - 当前状态-继续判断
2019-11-03 09:30:52,277 Selenium_call_find.py[line:621]INFO - 检查状态-已经请求消息,如果回复再进行验证.
2019-11-03 09:30:57,905 Selenium_call_find.py[line:573]INFO - ======================= 我是数据分割线 ========================
2019-11-03 09:31:00,412 Selenium_call_find.py[line:131]INFO - changed: 已经互相发送信息尝试进一步验证
2019-11-03 09:31:00,455 Selenium_call_find.py[line:629]INFO - 检查状态-对方回复了信息,尝试上传简历.
2019-11-03 10:00:12,178 Selenium_call_find.py[line:573]INFO - ======================= 我是数据分割线 ========================
2019-11-03 10:00:14,888 Selenium_call_find.py[line:128]INFO - disable: 未交换信息需要进一步验证
2019-11-03 10:00:14,982 Selenium_call_find.py[line:609]INFO - 当前状态-继续判断
2019-11-03 10:00:29,105 Selenium_call_find.py[line:621]INFO - 检查状态-已经请求消息,如果回复再进行验证.
2019-11-03 10:00:31,622 Selenium_call_find.py[line:573]INFO - ======================= 我是数据分割线 ========================
2019-11-03 10:00:33,994 Selenium_call_find.py[line:128]INFO - disable: 未交换信息需要进一步验证
2019-11-03 10:00:34,073 Selenium_call_find.py[line:609]INFO - 当前状态-继续判断
2019-11-03 10:00:48,058 Selenium_call_find.py[line:621]INFO - 检查状态-已经请求消息,如果回复再进行验证.
2019-11-03 10:01:12,664 Selenium_call_find.py[line:573]INFO - ======================= 我是数据分割线 ========================
2019-11-03 10:01:14,861 Selenium_call_find.py[line:629]INFO - 检查状态-对方回复了信息,尝试上传简历.
2019-11-03 10:01:42,810 Selenium_call_find.py[line:392]INFO - 沟通的数据插入详情为:{"error_code":3,"msg":"\u6ca1\u6709\u6570\u636e\u63d2\u5165"}
2019-11-03 10:30:12,777 Selenium_call_find.py[line:573]INFO - ======================= 我是数据分割线 ========================
2019-11-03 10:30:15,390 Selenium_call_find.py[line:128]INFO - disable: 未交换信息需要进一步验证
2019-11-03 10:30:15,493 Selenium_call_find.py[line:609]INFO - 当前状态-继续判断
2019-11-03 10:30:30,790 Selenium_call_find.py[line:621]INFO - 检查状态-已经请求消息,如果回复再进行验证.
2019-11-03 10:30:33,416 Selenium_call_find.py[line:573]INFO - ======================= 我是数据分割线 ========================
2019-11-03 10:30:36,473 Selenium_call_find.py[line:125]INFO - 对方不来的原因是: 不好意思
2019-11-03 10:30:36,514 Selenium_call_find.py[line:626]INFO - 检查状态-对方拒绝前来面试.
2019-11-03 10:30:39,204 Selenium_call_find.py[line:573]INFO - ======================= 我是数据分割线 ========================
2019-11-03 10:30:42,215 Selenium_call_find.py[line:629]INFO - 检查状态-对方回复了信息,尝试上传简历.
2019-11-03 10:31:19,062 Selenium_call_find.py[line:524]ERROR - 图片识别转码网络连接超时...
2019-11-03 10:31:25,082 Selenium_call_find.py[line:392]INFO - 沟通的数据插入详情为:{"error_code":0,"msg":"success"}
2019-11-03 10:31:31,942 Selenium_call_find.py[line:418]INFO - Reply信息状态:何雪玲:15016927471::的回复消息发送成功.
2019-11-03 10:31:36,420 Selenium_call_find.py[line:340]INFO - 聊天信息--和何雪玲的聊天信息存储状态为{"error_code":0,"msg":"success"}.
2019-11-03 10:31:38,469 Selenium_call_find.py[line:573]INFO - ======================= 我是数据分割线 ========================
2019-11-03 10:31:40,921 Selenium_call_find.py[line:629]INFO - 检查状态-对方回复了信息,尝试上传简历.
2019-11-03 10:32:03,192 Selenium_call_find.py[line:392]INFO - 沟通的数据插入详情为:{"error_code":0,"msg":"success"}
2019-11-03 10:32:13,536 Selenium_call_find.py[line:418]INFO - Reply信息状态:阿哼哼:13178851494::的回复消息发送成功.
2019-11-03 10:32:16,417 Selenium_call_find.py[line:340]INFO - 聊天信息--和阿哼哼的聊天信息存储状态为{"error_code":0,"msg":"success"}.
2019-11-03 10:32:26,506 Selenium_call_find.py[line:573]INFO - ======================= 我是数据分割线 ========================
2019-11-03 10:32:28,722 Selenium_call_find.py[line:131]INFO - changed: 已经互相发送信息尝试进一步验证
2019-11-03 10:32:30,689 Selenium_call_find.py[line:629]INFO - 检查状态-对方回复了信息,尝试上传简历.
2019-11-03 11:00:15,227 Selenium_call_find.py[line:573]INFO - ======================= 我是数据分割线 ========================
2019-11-03 11:00:18,043 Selenium_call_find.py[line:131]INFO - changed: 已经互相发送信息尝试进一步验证
2019-11-03 11:00:18,088 Selenium_call_find.py[line:629]INFO - 检查状态-对方回复了信息,尝试上传简历.
2019-11-03 11:00:26,152 Selenium_call_find.py[line:573]INFO - ======================= 我是数据分割线 ========================
2019-11-03 11:00:28,981 Selenium_call_find.py[line:629]INFO - 检查状态-对方回复了信息,尝试上传简历.
2019-11-03 11:01:04,227 Selenium_call_find.py[line:524]ERROR - 图片识别转码网络连接超时...
2019-11-03 11:01:09,471 Selenium_call_find.py[line:392]INFO - 沟通的数据插入详情为:{"error_code":3,"msg":"\u6ca1\u6709\u6570\u636e\u63d2\u5165"}
2019-11-03 11:01:19,520 Selenium_call_find.py[line:573]INFO - ======================= 我是数据分割线 ========================
2019-11-03 11:01:22,531 Selenium_call_find.py[line:629]INFO - 检查状态-对方回复了信息,尝试上传简历.
2019-11-03 11:01:25,241 Selenium_call_find.py[line:573]INFO - ======================= 我是数据分割线 ========================
2019-11-03 11:01:27,623 Selenium_call_find.py[line:131]INFO - changed: 已经互相发送信息尝试进一步验证
2019-11-03 11:01:27,661 Selenium_call_find.py[line:629]INFO - 检查状态-对方回复了信息,尝试上传简历.
2019-11-03 11:30:21,668 Selenium_call_find.py[line:573]INFO - ======================= 我是数据分割线 ========================
2019-11-03 11:30:24,320 Selenium_call_find.py[line:128]INFO - disable: 未交换信息需要进一步验证
2019-11-03 11:30:24,409 Selenium_call_find.py[line:609]INFO - 当前状态-继续判断
2019-11-03 11:30:36,848 Selenium_call_find.py[line:621]INFO - 检查状态-已经请求消息,如果回复再进行验证.
2019-11-03 12:00:22,834 Selenium_call_find.py[line:573]INFO - ======================= 我是数据分割线 ========================
2019-11-03 12:00:25,403 Selenium_call_find.py[line:629]INFO - 检查状态-对方回复了信息,尝试上传简历.
2019-11-03 12:00:30,397 Selenium_call_find.py[line:573]INFO - ======================= 我是数据分割线 ========================
2019-11-03 12:00:32,823 Selenium_call_find.py[line:128]INFO - disable: 未交换信息需要进一步验证
2019-11-03 12:00:32,917 Selenium_call_find.py[line:609]INFO - 当前状态-继续判断
2019-11-03 12:00:46,598 Selenium_call_find.py[line:621]INFO - 检查状态-已经请求消息,如果回复再进行验证.
2019-11-03 12:30:24,784 Selenium_call_find.py[line:573]INFO - ======================= 我是数据分割线 ========================
2019-11-03 12:30:27,178 Selenium_call_find.py[line:131]INFO - changed: 已经互相发送信息尝试进一步验证
2019-11-03 12:30:27,222 Selenium_call_find.py[line:629]INFO - 检查状态-对方回复了信息,尝试上传简历.
2019-11-03 12:30:36,952 Selenium_call_find.py[line:573]INFO - ======================= 我是数据分割线 ========================
2019-11-03 12:30:39,428 Selenium_call_find.py[line:128]INFO - disable: 未交换信息需要进一步验证
2019-11-03 12:30:39,536 Selenium_call_find.py[line:609]INFO - 当前状态-继续判断
2019-11-03 12:30:52,267 Selenium_call_find.py[line:621]INFO - 检查状态-已经请求消息,如果回复再进行验证.
2019-11-03 14:00:23,528 Selenium_call_find.py[line:573]INFO - ======================= 我是数据分割线 ========================
2019-11-03 14:00:26,202 Selenium_call_find.py[line:131]INFO - changed: 已经互相发送信息尝试进一步验证
2019-11-03 14:00:26,247 Selenium_call_find.py[line:629]INFO - 检查状态-对方回复了信息,尝试上传简历.
2019-11-03 14:30:20,678 Selenium_call_find.py[line:573]INFO - ======================= 我是数据分割线 ========================
2019-11-03 14:30:23,407 Selenium_call_find.py[line:128]INFO - disable: 未交换信息需要进一步验证
2019-11-03 14:30:23,501 Selenium_call_find.py[line:609]INFO - 当前状态-继续判断
2019-11-03 14:30:37,906 Selenium_call_find.py[line:621]INFO - 检查状态-已经请求消息,如果回复再进行验证.
2019-11-03 15:00:13,446 Selenium_call_find.py[line:573]INFO - ======================= 我是数据分割线 ========================
2019-11-03 15:00:15,796 Selenium_call_find.py[line:128]INFO - disable: 未交换信息需要进一步验证
2019-11-03 15:00:15,891 Selenium_call_find.py[line:609]INFO - 当前状态-继续判断
2019-11-03 15:00:28,160 Selenium_call_find.py[line:621]INFO - 检查状态-已经请求消息,如果回复再进行验证.
2019-11-03 15:00:35,922 Selenium_call_find.py[line:573]INFO - ======================= 我是数据分割线 ========================
2019-11-03 15:00:38,889 Selenium_call_find.py[line:131]INFO - changed: 已经互相发送信息尝试进一步验证
2019-11-03 15:00:38,929 Selenium_call_find.py[line:629]INFO - 检查状态-对方回复了信息,尝试上传简历.
2019-11-03 15:00:44,081 Selenium_call_find.py[line:573]INFO - ======================= 我是数据分割线 ========================
2019-11-03 15:00:46,766 Selenium_call_find.py[line:128]INFO - disable: 未交换信息需要进一步验证
2019-11-03 15:00:46,870 Selenium_call_find.py[line:609]INFO - 当前状态-继续判断
2019-11-03 15:01:00,339 Selenium_call_find.py[line:621]INFO - 检查状态-已经请求消息,如果回复再进行验证.
2019-11-03 15:01:06,737 Selenium_call_find.py[line:573]INFO - ======================= 我是数据分割线 ========================
2019-11-03 15:01:08,957 Selenium_call_find.py[line:128]INFO - disable: 未交换信息需要进一步验证
2019-11-03 15:01:09,036 Selenium_call_find.py[line:609]INFO - 当前状态-继续判断
2019-11-03 15:01:23,476 Selenium_call_find.py[line:621]INFO - 检查状态-已经请求消息,如果回复再进行验证.
2019-11-03 15:01:29,643 Selenium_call_find.py[line:573]INFO - ======================= 我是数据分割线 ========================
2019-11-03 15:01:32,502 Selenium_call_find.py[line:629]INFO - 检查状态-对方回复了信息,尝试上传简历.
2019-11-03 15:30:15,167 Selenium_call_find.py[line:573]INFO - ======================= 我是数据分割线 ========================
2019-11-03 15:30:17,477 Selenium_call_find.py[line:629]INFO - 检查状态-对方回复了信息,尝试上传简历.
2019-11-03 15:30:26,674 Selenium_call_find.py[line:573]INFO - ======================= 我是数据分割线 ========================
2019-11-03 15:30:29,472 Selenium_call_find.py[line:131]INFO - changed: 已经互相发送信息尝试进一步验证
2019-11-03 15:30:31,437 Selenium_call_find.py[line:629]INFO - 检查状态-对方回复了信息,尝试上传简历.
2019-11-03 15:30:39,227 Selenium_call_find.py[line:573]INFO - ======================= 我是数据分割线 ========================
2019-11-03 15:30:42,244 Selenium_call_find.py[line:629]INFO - 检查状态-对方回复了信息,尝试上传简历.
2019-11-03 15:30:52,981 Selenium_call_find.py[line:573]INFO - ======================= 我是数据分割线 ========================
2019-11-03 15:30:55,194 Selenium_call_find.py[line:629]INFO - 检查状态-对方回复了信息,尝试上传简历.
2019-11-03 15:31:24,202 Selenium_call_find.py[line:392]INFO - 沟通的数据插入详情为:{"error_code":0,"msg":"success"}
2019-11-03 15:31:35,784 Selenium_call_find.py[line:418]INFO - Reply信息状态:吴凡:15603086720::的回复消息发送成功.
2019-11-03 15:31:41,496 Selenium_call_find.py[line:340]INFO - 聊天信息--和吴凡的聊天信息存储状态为{"error_code":0,"msg":"success"}.
2019-11-03 15:31:50,955 Selenium_call_find.py[line:573]INFO - ======================= 我是数据分割线 ========================
2019-11-03 15:31:53,702 Selenium_call_find.py[line:128]INFO - disable: 未交换信息需要进一步验证
2019-11-03 15:31:53,804 Selenium_call_find.py[line:609]INFO - 当前状态-继续判断
2019-11-03 15:32:09,126 Selenium_call_find.py[line:621]INFO - 检查状态-已经请求消息,如果回复再进行验证.
2019-11-03 16:00:24,767 Selenium_call_find.py[line:573]INFO - ======================= 我是数据分割线 ========================
2019-11-03 16:00:27,331 Selenium_call_find.py[line:131]INFO - changed: 已经互相发送信息尝试进一步验证
2019-11-03 16:00:28,833 Selenium_call_find.py[line:629]INFO - 检查状态-对方回复了信息,尝试上传简历.
2019-11-03 16:00:43,449 Selenium_call_find.py[line:573]INFO - ======================= 我是数据分割线 ========================
2019-11-03 16:00:45,859 Selenium_call_find.py[line:128]INFO - disable: 未交换信息需要进一步验证
2019-11-03 16:00:45,949 Selenium_call_find.py[line:609]INFO - 当前状态-继续判断
2019-11-03 16:00:59,092 Selenium_call_find.py[line:621]INFO - 检查状态-已经请求消息,如果回复再进行验证.
2019-11-03 16:01:01,912 Selenium_call_find.py[line:573]INFO - ======================= 我是数据分割线 ========================
2019-11-03 16:01:04,256 Selenium_call_find.py[line:131]INFO - changed: 已经互相发送信息尝试进一步验证
2019-11-03 16:01:05,914 Selenium_call_find.py[line:629]INFO - 检查状态-对方回复了信息,尝试上传简历.
2019-11-03 16:30:23,299 Selenium_call_find.py[line:573]INFO - ======================= 我是数据分割线 ========================
2019-11-03 16:30:26,221 Selenium_call_find.py[line:128]INFO - disable: 未交换信息需要进一步验证
2019-11-03 16:30:26,318 Selenium_call_find.py[line:609]INFO - 当前状态-继续判断
2019-11-03 16:30:40,497 Selenium_call_find.py[line:621]INFO - 检查状态-已经请求消息,如果回复再进行验证.
2019-11-03 16:30:46,204 Selenium_call_find.py[line:573]INFO - ======================= 我是数据分割线 ========================
2019-11-03 16:30:48,642 Selenium_call_find.py[line:629]INFO - 检查状态-对方回复了信息,尝试上传简历.
2019-11-03 16:31:17,700 Selenium_call_find.py[line:392]INFO - 沟通的数据插入详情为:{"error_code":0,"msg":"success"}
2019-11-03 16:31:40,074 Selenium_call_find.py[line:418]INFO - Reply信息状态:吴楚婷:13560216286::的回复消息发送成功.
2019-11-03 16:31:43,718 Selenium_call_find.py[line:340]INFO - 聊天信息--和吴楚婷的聊天信息存储状态为{"error_code":0,"msg":"success"}.
2019-11-03 16:31:51,413 Selenium_call_find.py[line:573]INFO - ======================= 我是数据分割线 ========================
2019-11-03 16:31:54,392 Selenium_call_find.py[line:629]INFO - 检查状态-对方回复了信息,尝试上传简历.
2019-11-03 16:32:16,477 Selenium_call_find.py[line:392]INFO - 沟通的数据插入详情为:{"error_code":3,"msg":"\u6ca1\u6709\u6570\u636e\u63d2\u5165"}
2019-11-03 16:32:29,787 Selenium_call_find.py[line:573]INFO - ======================= 我是数据分割线 ========================
2019-11-03 16:32:31,938 Selenium_call_find.py[line:131]INFO - changed: 已经互相发送信息尝试进一步验证
2019-11-03 16:32:31,978 Selenium_call_find.py[line:629]INFO - 检查状态-对方回复了信息,尝试上传简历.
2019-11-04 09:00:12,398 Selenium_call_find.py[line:573]INFO - ======================= 我是数据分割线 ========================
2019-11-04 09:00:14,692 Selenium_call_find.py[line:131]INFO - changed: 已经互相发送信息尝试进一步验证
2019-11-04 09:00:16,164 Selenium_call_find.py[line:629]INFO - 检查状态-对方回复了信息,尝试上传简历.
2019-11-04 09:00:19,428 Selenium_call_find.py[line:573]INFO - ======================= 我是数据分割线 ========================
2019-11-04 09:00:21,725 Selenium_call_find.py[line:128]INFO - disable: 未交换信息需要进一步验证
2019-11-04 09:00:21,815 Selenium_call_find.py[line:609]INFO - 当前状态-继续判断
2019-11-04 09:00:35,726 Selenium_call_find.py[line:621]INFO - 检查状态-已经请求消息,如果回复再进行验证.
2019-11-04 09:00:38,763 Selenium_call_find.py[line:573]INFO - ======================= 我是数据分割线 ========================
2019-11-04 09:00:41,154 Selenium_call_find.py[line:629]INFO - 检查状态-对方回复了信息,尝试上传简历.
2019-11-04 09:01:08,037 Selenium_call_find.py[line:392]INFO - 沟通的数据插入详情为:{"error_code":0,"msg":"success"}
2019-11-04 09:01:18,903 Selenium_call_find.py[line:418]INFO - Reply信息状态:王金玲:18565023291::的回复消息发送成功.
2019-11-04 09:01:23,036 Selenium_call_find.py[line:340]INFO - 聊天信息--和王金玲的聊天信息存储状态为{"error_code":0,"msg":"success"}.
2019-11-04 09:01:25,454 Selenium_call_find.py[line:573]INFO - ======================= 我是数据分割线 ========================
2019-11-04 09:01:27,841 Selenium_call_find.py[line:629]INFO - 检查状态-对方回复了信息,尝试上传简历.
2019-11-04 09:02:03,408 Selenium_call_find.py[line:524]ERROR - 图片识别转码网络连接超时...
2019-11-04 09:02:08,715 Selenium_call_find.py[line:392]INFO - 沟通的数据插入详情为:{"error_code":3,"msg":"\u6ca1\u6709\u6570\u636e\u63d2\u5165"}
2019-11-04 09:02:31,576 Selenium_call_find.py[line:573]INFO - ======================= 我是数据分割线 ========================
2019-11-04 09:02:33,974 Selenium_call_find.py[line:629]INFO - 检查状态-对方回复了信息,尝试上传简历.
2019-11-04 09:02:55,911 Selenium_call_find.py[line:392]INFO - 沟通的数据插入详情为:{"error_code":3,"msg":"\u6ca1\u6709\u6570\u636e\u63d2\u5165"}
2019-11-04 09:03:04,947 Selenium_call_find.py[line:573]INFO - ======================= 我是数据分割线 ========================
2019-11-04 09:03:07,239 Selenium_call_find.py[line:128]INFO - disable: 未交换信息需要进一步验证
2019-11-04 09:03:07,317 Selenium_call_find.py[line:609]INFO - 当前状态-继续判断
2019-11-04 09:03:21,554 Selenium_call_find.py[line:621]INFO - 检查状态-已经请求消息,如果回复再进行验证.
2019-11-04 09:03:28,997 Selenium_call_find.py[line:573]INFO - ======================= 我是数据分割线 ========================
2019-11-04 09:03:31,604 Selenium_call_find.py[line:128]INFO - disable: 未交换信息需要进一步验证
2019-11-04 09:03:31,684 Selenium_call_find.py[line:609]INFO - 当前状态-继续判断
2019-11-04 09:03:47,099 Selenium_call_find.py[line:621]INFO - 检查状态-已经请求消息,如果回复再进行验证.
2019-11-04 09:03:58,146 Selenium_call_find.py[line:573]INFO - ======================= 我是数据分割线 ========================
2019-11-04 09:04:01,087 Selenium_call_find.py[line:128]INFO - disable: 未交换信息需要进一步验证
2019-11-04 09:04:01,161 Selenium_call_find.py[line:609]INFO - 当前状态-继续判断
2019-11-04 09:04:14,013 Selenium_call_find.py[line:621]INFO - 检查状态-已经请求消息,如果回复再进行验证.
2019-11-04 09:04:19,341 Selenium_call_find.py[line:573]INFO - ======================= 我是数据分割线 ========================
2019-11-04 09:04:22,426 Selenium_call_find.py[line:128]INFO - disable: 未交换信息需要进一步验证
2019-11-04 09:04:22,500 Selenium_call_find.py[line:609]INFO - 当前状态-继续判断
2019-11-04 09:04:37,215 Selenium_call_find.py[line:621]INFO - 检查状态-已经请求消息,如果回复再进行验证.
2019-11-04 09:04:42,375 Selenium_call_find.py[line:573]INFO - ======================= 我是数据分割线 ========================
2019-11-04 09:04:45,011 Selenium_call_find.py[line:128]INFO - disable: 未交换信息需要进一步验证
2019-11-04 09:04:45,089 Selenium_call_find.py[line:609]INFO - 当前状态-继续判断
2019-11-04 09:04:56,158 Selenium_call_find.py[line:621]INFO - 检查状态-已经请求消息,如果回复再进行验证.
2019-11-04 09:04:58,927 Selenium_call_find.py[line:573]INFO - ======================= 我是数据分割线 ========================
2019-11-04 09:05:01,805 Selenium_call_find.py[line:128]INFO - disable: 未交换信息需要进一步验证
2019-11-04 09:05:01,881 Selenium_call_find.py[line:609]INFO - 当前状态-继续判断
2019-11-04 09:05:15,462 Selenium_call_find.py[line:621]INFO - 检查状态-已经请求消息,如果回复再进行验证.
2019-11-04 09:05:18,388 Selenium_call_find.py[line:573]INFO - ======================= 我是数据分割线 ========================
2019-11-04 09:05:21,119 Selenium_call_find.py[line:629]INFO - 检查状态-对方回复了信息,尝试上传简历.
2019-11-04 09:05:46,477 Selenium_call_find.py[line:392]INFO - 沟通的数据插入详情为:{"error_code":3,"msg":"\u6ca1\u6709\u6570\u636e\u63d2\u5165"}
2019-11-04 09:05:55,410 Selenium_call_find.py[line:573]INFO - ======================= 我是数据分割线 ========================
2019-11-04 09:05:57,603 Selenium_call_find.py[line:128]INFO - disable: 未交换信息需要进一步验证
2019-11-04 09:05:57,710 Selenium_call_find.py[line:609]INFO - 当前状态-继续判断
2019-11-04 09:06:12,373 Selenium_call_find.py[line:621]INFO - 检查状态-已经请求消息,如果回复再进行验证.
2019-11-04 09:06:14,959 Selenium_call_find.py[line:573]INFO - ======================= 我是数据分割线 ========================
2019-11-04 09:06:17,767 Selenium_call_find.py[line:128]INFO - disable: 未交换信息需要进一步验证
2019-11-04 09:06:17,843 Selenium_call_find.py[line:609]INFO - 当前状态-继续判断
2019-11-04 09:06:32,645 Selenium_call_find.py[line:621]INFO - 检查状态-已经请求消息,如果回复再进行验证.
2019-11-04 09:06:35,409 Selenium_call_find.py[line:573]INFO - ======================= 我是数据分割线 ========================
2019-11-04 09:06:38,076 Selenium_call_find.py[line:128]INFO - disable: 未交换信息需要进一步验证
2019-11-04 09:06:38,151 Selenium_call_find.py[line:609]INFO - 当前状态-继续判断
2019-11-04 09:06:54,649 Selenium_call_find.py[line:621]INFO - 检查状态-已经请求消息,如果回复再进行验证.
2019-11-04 09:06:57,749 Selenium_call_find.py[line:573]INFO - ======================= 我是数据分割线 ========================
2019-11-04 09:07:00,585 Selenium_call_find.py[line:128]INFO - disable: 未交换信息需要进一步验证
2019-11-04 09:07:00,662 Selenium_call_find.py[line:609]INFO - 当前状态-继续判断
2019-11-04 09:07:17,551 Selenium_call_find.py[line:621]INFO - 检查状态-已经请求消息,如果回复再进行验证.
2019-11-04 09:07:20,081 Selenium_call_find.py[line:573]INFO - ======================= 我是数据分割线 ========================
2019-11-04 09:07:22,302 Selenium_call_find.py[line:128]INFO - disable: 未交换信息需要进一步验证
2019-11-04 09:07:22,382 Selenium_call_find.py[line:609]INFO - 当前状态-继续判断
2019-11-04 09:07:37,037 Selenium_call_find.py[line:621]INFO - 检查状态-已经请求消息,如果回复再进行验证.
2019-11-04 09:30:21,519 Selenium_call_find.py[line:573]INFO - ======================= 我是数据分割线 ========================
2019-11-04 09:30:23,670 Selenium_call_find.py[line:131]INFO - changed: 已经互相发送信息尝试进一步验证
2019-11-04 09:30:23,715 Selenium_call_find.py[line:629]INFO - 检查状态-对方回复了信息,尝试上传简历.
2019-11-04 09:30:33,672 Selenium_call_find.py[line:573]INFO - ======================= 我是数据分割线 ========================
2019-11-04 09:30:36,123 Selenium_call_find.py[line:131]INFO - changed: 已经互相发送信息尝试进一步验证
2019-11-04 09:30:36,160 Selenium_call_find.py[line:629]INFO - 检查状态-对方回复了信息,尝试上传简历.
2019-11-04 09:30:41,733 Selenium_call_find.py[line:573]INFO - ======================= 我是数据分割线 ========================
2019-11-04 09:30:43,933 Selenium_call_find.py[line:629]INFO - 检查状态-对方回复了信息,尝试上传简历.
2019-11-04 09:31:08,131 Selenium_call_find.py[line:392]INFO - 沟通的数据插入详情为:{"error_code":3,"msg":"\u6ca1\u6709\u6570\u636e\u63d2\u5165"}
2019-11-04 09:31:16,959 Selenium_call_find.py[line:573]INFO - ======================= 我是数据分割线 ========================
2019-11-04 09:31:19,498 Selenium_call_find.py[line:629]INFO - 检查状态-对方回复了信息,尝试上传简历.
2019-11-04 09:31:41,551 Selenium_call_find.py[line:392]INFO - 沟通的数据插入详情为:{"error_code":3,"msg":"\u6ca1\u6709\u6570\u636e\u63d2\u5165"}
2019-11-04 09:31:48,310 Selenium_call_find.py[line:573]INFO - ======================= 我是数据分割线 ========================
2019-11-04 09:31:50,879 Selenium_call_find.py[line:131]INFO - changed: 已经互相发送信息尝试进一步验证
2019-11-04 09:31:50,918 Selenium_call_find.py[line:629]INFO - 检查状态-对方回复了信息,尝试上传简历.
