2019-09-03 10:28:36,135 ZhiLian.py[line:227]INFO - 本地的cookies文件已经刷新
2019-09-03 10:29:03,316 ZhiLian.py[line:548]INFO - 数据库准备修改数据>>>>>>>
2019-09-03 10:29:05,664 ZhiLian.py[line:548]INFO - 数据库准备修改数据>>>>>>>
2019-09-03 10:29:08,009 ZhiLian.py[line:548]INFO - 数据库准备修改数据>>>>>>>
2019-09-03 10:29:10,353 ZhiLian.py[line:548]INFO - 数据库准备修改数据>>>>>>>
2019-09-03 10:29:12,703 ZhiLian.py[line:548]INFO - 数据库准备修改数据>>>>>>>
2019-09-03 10:29:15,046 ZhiLian.py[line:548]INFO - 数据库准备修改数据>>>>>>>
2019-09-03 10:29:17,395 ZhiLian.py[line:548]INFO - 数据库准备修改数据>>>>>>>
2019-09-03 10:29:19,740 ZhiLian.py[line:548]INFO - 数据库准备修改数据>>>>>>>
2019-09-03 10:29:22,085 ZhiLian.py[line:548]INFO - 数据库准备修改数据>>>>>>>
2019-09-03 10:29:24,432 ZhiLian.py[line:548]INFO - 数据库准备修改数据>>>>>>>
2019-09-03 10:29:26,775 ZhiLian.py[line:548]INFO - 数据库准备修改数据>>>>>>>
2019-09-03 10:29:29,122 ZhiLian.py[line:548]INFO - 数据库准备修改数据>>>>>>>
2019-09-03 10:29:31,468 ZhiLian.py[line:548]INFO - 数据库准备修改数据>>>>>>>
2019-09-03 10:29:33,810 ZhiLian.py[line:548]INFO - 数据库准备修改数据>>>>>>>
2019-09-03 10:29:36,154 ZhiLian.py[line:548]INFO - 数据库准备修改数据>>>>>>>
2019-09-03 10:29:38,502 ZhiLian.py[line:548]INFO - 数据库准备修改数据>>>>>>>
2019-09-03 10:29:40,850 ZhiLian.py[line:548]INFO - 数据库准备修改数据>>>>>>>
2019-09-03 10:29:43,198 ZhiLian.py[line:548]INFO - 数据库准备修改数据>>>>>>>
2019-09-03 10:29:45,542 ZhiLian.py[line:548]INFO - 数据库准备修改数据>>>>>>>
2019-09-03 10:29:47,888 ZhiLian.py[line:548]INFO - 数据库准备修改数据>>>>>>>
2019-09-03 10:29:48,191 ZhiLian.py[line:522]INFO - 您在广州时时美电子商务有限公司账号的第1页有17条简历信息超过规定天数没有刷新了
2019-09-03 10:29:48,192 ZhiLian.py[line:704]INFO - **************************************************
2019-09-03 10:29:54,280 ZhiLian.py[line:614]INFO - 您在账号的第1页有0个信息超过30天没有 重新发布/上线
2019-09-03 10:29:54,385 ZhiLian.py[line:711]INFO - 在第1页运行成功
2019-09-03 10:30:20,437 ZhiLian.py[line:567]INFO - 数据库准备输入>>>>>>>
2019-09-03 10:30:20,767 ZhiLian.py[line:548]INFO - 数据库准备修改数据>>>>>>>
2019-09-03 10:30:23,143 ZhiLian.py[line:548]INFO - 数据库准备修改数据>>>>>>>
2019-09-03 10:30:25,496 ZhiLian.py[line:548]INFO - 数据库准备修改数据>>>>>>>
2019-09-03 10:30:27,914 ZhiLian.py[line:548]INFO - 数据库准备修改数据>>>>>>>
2019-09-03 10:30:30,261 ZhiLian.py[line:548]INFO - 数据库准备修改数据>>>>>>>
2019-09-03 10:30:32,609 ZhiLian.py[line:548]INFO - 数据库准备修改数据>>>>>>>
2019-09-03 10:30:34,956 ZhiLian.py[line:548]INFO - 数据库准备修改数据>>>>>>>
2019-09-03 10:30:37,307 ZhiLian.py[line:548]INFO - 数据库准备修改数据>>>>>>>
2019-09-03 10:30:39,653 ZhiLian.py[line:548]INFO - 数据库准备修改数据>>>>>>>
2019-09-03 10:30:41,997 ZhiLian.py[line:548]INFO - 数据库准备修改数据>>>>>>>
2019-09-03 10:30:44,346 ZhiLian.py[line:548]INFO - 数据库准备修改数据>>>>>>>
2019-09-03 10:30:46,692 ZhiLian.py[line:548]INFO - 数据库准备修改数据>>>>>>>
2019-09-03 10:30:49,041 ZhiLian.py[line:548]INFO - 数据库准备修改数据>>>>>>>
2019-09-03 10:30:51,389 ZhiLian.py[line:548]INFO - 数据库准备修改数据>>>>>>>
2019-09-03 10:30:53,736 ZhiLian.py[line:548]INFO - 数据库准备修改数据>>>>>>>
2019-09-03 10:30:56,079 ZhiLian.py[line:548]INFO - 数据库准备修改数据>>>>>>>
2019-09-03 10:30:58,424 ZhiLian.py[line:548]INFO - 数据库准备修改数据>>>>>>>
2019-09-03 10:31:00,776 ZhiLian.py[line:548]INFO - 数据库准备修改数据>>>>>>>
2019-09-03 10:31:03,122 ZhiLian.py[line:548]INFO - 数据库准备修改数据>>>>>>>
2019-09-03 10:31:03,457 ZhiLian.py[line:522]INFO - 您在广州时时美电子商务有限公司账号的第2页有19条简历信息超过规定天数没有刷新了
2019-09-03 10:31:03,458 ZhiLian.py[line:704]INFO - **************************************************
2019-09-03 10:31:09,318 ZhiLian.py[line:614]INFO - 您在账号的第2页有1个信息超过30天没有 重新发布/上线
2019-09-03 10:31:09,320 ZhiLian.py[line:672]INFO - 》》》》》系统发送刷新信息成功
2019-09-03 10:31:09,368 ZhiLian.py[line:687]INFO - 》》》》》系统发送发布信息成功
2019-09-03 10:31:44,252 ZhiLian.py[line:262]INFO - 当前位置为第1页！
2019-09-03 10:32:34,439 ZhiLian.py[line:317]INFO - 抢人程序跑完了》》等待接下来的操作
2019-09-03 10:32:41,547 ZhiLian.py[line:262]INFO - 当前位置为第2页！
2019-09-03 10:33:31,262 ZhiLian.py[line:317]INFO - 抢人程序跑完了》》等待接下来的操作
2019-09-03 10:33:39,365 ZhiLian.py[line:262]INFO - 当前位置为第3页！
2019-09-03 10:34:31,030 ZhiLian.py[line:317]INFO - 抢人程序跑完了》》等待接下来的操作
2019-09-03 10:34:38,172 ZhiLian.py[line:262]INFO - 当前位置为第4页！
2019-09-03 10:35:27,490 ZhiLian.py[line:317]INFO - 抢人程序跑完了》》等待接下来的操作
2019-09-03 10:35:35,596 ZhiLian.py[line:262]INFO - 当前位置为第5页！
2019-09-03 10:36:21,353 ZhiLian.py[line:317]INFO - 抢人程序跑完了》》等待接下来的操作
2019-09-03 10:36:21,354 ZhiLian.py[line:280]INFO - 只查询前5页简历信息，现在页码超过5页，退出查询
2019-09-03 10:36:23,595 ZhiLian.py[line:730]INFO - 招聘信息》》》抓取进程结束
2019-09-04 08:46:11,533 ZhiLian.py[line:227]INFO - 本地的cookies文件已经刷新
2019-09-04 08:46:38,697 ZhiLian.py[line:517]WARNING - 没有查找到时间节点
2019-09-04 08:46:38,698 ZhiLian.py[line:548]INFO - 数据库准备修改数据>>>>>>>
2019-09-04 08:46:41,048 ZhiLian.py[line:517]WARNING - 没有查找到时间节点
2019-09-04 08:46:41,048 ZhiLian.py[line:548]INFO - 数据库准备修改数据>>>>>>>
2019-09-04 08:46:43,394 ZhiLian.py[line:517]WARNING - 没有查找到时间节点
2019-09-04 08:46:43,394 ZhiLian.py[line:548]INFO - 数据库准备修改数据>>>>>>>
2019-09-04 08:46:45,742 ZhiLian.py[line:517]WARNING - 没有查找到时间节点
2019-09-04 08:46:45,742 ZhiLian.py[line:548]INFO - 数据库准备修改数据>>>>>>>
2019-09-04 08:46:48,089 ZhiLian.py[line:517]WARNING - 没有查找到时间节点
2019-09-04 08:46:48,089 ZhiLian.py[line:548]INFO - 数据库准备修改数据>>>>>>>
2019-09-04 08:46:50,436 ZhiLian.py[line:517]WARNING - 没有查找到时间节点
2019-09-04 08:46:50,437 ZhiLian.py[line:548]INFO - 数据库准备修改数据>>>>>>>
2019-09-04 08:46:52,785 ZhiLian.py[line:517]WARNING - 没有查找到时间节点
2019-09-04 08:46:52,785 ZhiLian.py[line:548]INFO - 数据库准备修改数据>>>>>>>
2019-09-04 08:46:55,165 ZhiLian.py[line:517]WARNING - 没有查找到时间节点
2019-09-04 08:46:55,166 ZhiLian.py[line:548]INFO - 数据库准备修改数据>>>>>>>
2019-09-04 08:46:57,541 ZhiLian.py[line:517]WARNING - 没有查找到时间节点
2019-09-04 08:46:57,542 ZhiLian.py[line:548]INFO - 数据库准备修改数据>>>>>>>
2019-09-04 08:46:59,890 ZhiLian.py[line:517]WARNING - 没有查找到时间节点
2019-09-04 08:46:59,890 ZhiLian.py[line:548]INFO - 数据库准备修改数据>>>>>>>
2019-09-04 08:47:02,239 ZhiLian.py[line:517]WARNING - 没有查找到时间节点
2019-09-04 08:47:02,240 ZhiLian.py[line:548]INFO - 数据库准备修改数据>>>>>>>
2019-09-04 08:47:04,589 ZhiLian.py[line:517]WARNING - 没有查找到时间节点
2019-09-04 08:47:04,589 ZhiLian.py[line:548]INFO - 数据库准备修改数据>>>>>>>
2019-09-04 08:47:06,963 ZhiLian.py[line:517]WARNING - 没有查找到时间节点
2019-09-04 08:47:06,963 ZhiLian.py[line:548]INFO - 数据库准备修改数据>>>>>>>
2019-09-04 08:47:09,311 ZhiLian.py[line:517]WARNING - 没有查找到时间节点
2019-09-04 08:47:09,312 ZhiLian.py[line:548]INFO - 数据库准备修改数据>>>>>>>
2019-09-04 08:47:11,712 ZhiLian.py[line:548]INFO - 数据库准备修改数据>>>>>>>
2019-09-04 08:47:14,092 ZhiLian.py[line:548]INFO - 数据库准备修改数据>>>>>>>
2019-09-04 08:47:16,441 ZhiLian.py[line:548]INFO - 数据库准备修改数据>>>>>>>
2019-09-04 08:47:18,789 ZhiLian.py[line:548]INFO - 数据库准备修改数据>>>>>>>
2019-09-04 08:47:21,137 ZhiLian.py[line:548]INFO - 数据库准备修改数据>>>>>>>
2019-09-04 08:47:23,483 ZhiLian.py[line:548]INFO - 数据库准备修改数据>>>>>>>
2019-09-04 08:47:23,785 ZhiLian.py[line:522]INFO - 您在广州时时美电子商务有限公司账号的第1页有1条简历信息超过规定天数没有刷新了
2019-09-04 08:47:23,787 ZhiLian.py[line:704]INFO - **************************************************
2019-09-04 08:47:29,823 ZhiLian.py[line:614]INFO - 您在账号的第1页有0个信息超过30天没有 重新发布/上线
2019-09-04 08:47:29,929 ZhiLian.py[line:711]INFO - 在第1页运行成功
2019-09-04 08:47:55,994 ZhiLian.py[line:548]INFO - 数据库准备修改数据>>>>>>>
2019-09-04 08:47:58,342 ZhiLian.py[line:548]INFO - 数据库准备修改数据>>>>>>>
2019-09-04 08:48:00,689 ZhiLian.py[line:548]INFO - 数据库准备修改数据>>>>>>>
2019-09-04 08:48:03,039 ZhiLian.py[line:548]INFO - 数据库准备修改数据>>>>>>>
2019-09-04 08:48:05,387 ZhiLian.py[line:548]INFO - 数据库准备修改数据>>>>>>>
2019-09-04 08:48:07,735 ZhiLian.py[line:548]INFO - 数据库准备修改数据>>>>>>>
2019-09-04 08:48:10,082 ZhiLian.py[line:548]INFO - 数据库准备修改数据>>>>>>>
2019-09-04 08:48:12,428 ZhiLian.py[line:548]INFO - 数据库准备修改数据>>>>>>>
2019-09-04 08:48:14,778 ZhiLian.py[line:548]INFO - 数据库准备修改数据>>>>>>>
2019-09-04 08:48:17,127 ZhiLian.py[line:548]INFO - 数据库准备修改数据>>>>>>>
2019-09-04 08:48:19,478 ZhiLian.py[line:548]INFO - 数据库准备修改数据>>>>>>>
2019-09-04 08:48:21,827 ZhiLian.py[line:548]INFO - 数据库准备修改数据>>>>>>>
2019-09-04 08:48:24,175 ZhiLian.py[line:548]INFO - 数据库准备修改数据>>>>>>>
2019-09-04 08:48:26,570 ZhiLian.py[line:548]INFO - 数据库准备修改数据>>>>>>>
2019-09-04 08:48:28,919 ZhiLian.py[line:548]INFO - 数据库准备修改数据>>>>>>>
2019-09-04 08:48:31,297 ZhiLian.py[line:548]INFO - 数据库准备修改数据>>>>>>>
2019-09-04 08:48:33,667 ZhiLian.py[line:548]INFO - 数据库准备修改数据>>>>>>>
2019-09-04 08:48:36,010 ZhiLian.py[line:548]INFO - 数据库准备修改数据>>>>>>>
2019-09-04 08:48:38,361 ZhiLian.py[line:567]INFO - 数据库准备输入>>>>>>>
2019-09-04 08:48:38,684 ZhiLian.py[line:548]INFO - 数据库准备修改数据>>>>>>>
2019-09-04 08:48:41,052 ZhiLian.py[line:548]INFO - 数据库准备修改数据>>>>>>>
2019-09-04 08:48:41,355 ZhiLian.py[line:522]INFO - 您在广州时时美电子商务有限公司账号的第2页有19条简历信息超过规定天数没有刷新了
2019-09-04 08:48:41,356 ZhiLian.py[line:704]INFO - **************************************************
2019-09-04 08:48:47,361 ZhiLian.py[line:614]INFO - 您在账号的第2页有0个信息超过30天没有 重新发布/上线
2019-09-04 08:48:47,409 ZhiLian.py[line:711]INFO - 在第2页运行成功
2019-09-04 08:49:13,463 ZhiLian.py[line:548]INFO - 数据库准备修改数据>>>>>>>
2019-09-04 08:49:15,842 ZhiLian.py[line:548]INFO - 数据库准备修改数据>>>>>>>
2019-09-04 08:49:18,190 ZhiLian.py[line:548]INFO - 数据库准备修改数据>>>>>>>
2019-09-04 08:49:20,537 ZhiLian.py[line:548]INFO - 数据库准备修改数据>>>>>>>
2019-09-04 08:49:22,882 ZhiLian.py[line:548]INFO - 数据库准备修改数据>>>>>>>
2019-09-04 08:49:25,229 ZhiLian.py[line:548]INFO - 数据库准备修改数据>>>>>>>
2019-09-04 08:49:27,579 ZhiLian.py[line:548]INFO - 数据库准备修改数据>>>>>>>
2019-09-04 08:49:29,957 ZhiLian.py[line:548]INFO - 数据库准备修改数据>>>>>>>
2019-09-04 08:49:32,336 ZhiLian.py[line:548]INFO - 数据库准备修改数据>>>>>>>
2019-09-04 08:49:34,685 ZhiLian.py[line:548]INFO - 数据库准备修改数据>>>>>>>
2019-09-04 08:49:37,032 ZhiLian.py[line:548]INFO - 数据库准备修改数据>>>>>>>
2019-09-04 08:49:39,376 ZhiLian.py[line:548]INFO - 数据库准备修改数据>>>>>>>
2019-09-04 08:49:41,722 ZhiLian.py[line:548]INFO - 数据库准备修改数据>>>>>>>
2019-09-04 08:49:44,069 ZhiLian.py[line:548]INFO - 数据库准备修改数据>>>>>>>
2019-09-04 08:49:44,416 ZhiLian.py[line:522]INFO - 您在广州时时美电子商务有限公司账号的第3页有14条简历信息超过规定天数没有刷新了
2019-09-04 08:49:44,417 ZhiLian.py[line:704]INFO - **************************************************
2019-09-04 08:49:50,202 ZhiLian.py[line:614]INFO - 您在账号的第3页有1个信息超过30天没有 重新发布/上线
2019-09-04 08:49:50,204 ZhiLian.py[line:672]INFO - 》》》》》系统发送刷新信息成功
2019-09-04 08:49:50,247 ZhiLian.py[line:687]INFO - 》》》》》系统发送发布信息成功
2019-09-04 08:50:27,667 ZhiLian.py[line:262]INFO - 当前位置为第1页！
2019-09-04 11:01:44,594 ZhiLian.py[line:227]INFO - 本地的cookies文件已经刷新
