2019-10-15 14:22:05,330 requests_91job.py[line:240]INFO - 数据的插入详情为:{"error_code":0,"msg":"success"}
2019-10-15 14:58:16,668 requests_91job.py[line:245]INFO - 数据的插入详情为:{"error_code":0,"msg":"success"}
2019-10-15 16:11:17,351 requests_91job.py[line:263]INFO - 数据的插入详情为:{"error_code":3,"msg":"\u6ca1\u6709\u6570\u636e\u63d2\u5165"}
2019-10-15 16:11:19,023 requests_91job.py[line:263]INFO - 数据的插入详情为:{"error_code":3,"msg":"\u6ca1\u6709\u6570\u636e\u63d2\u5165"}
2019-10-15 16:13:33,654 requests_91job.py[line:267]INFO - 数据的插入详情为:{"error_code":3,"msg":"\u6ca1\u6709\u6570\u636e\u63d2\u5165"}
2019-10-15 16:13:35,687 requests_91job.py[line:267]INFO - 数据的插入详情为:{"error_code":3,"msg":"\u6ca1\u6709\u6570\u636e\u63d2\u5165"}
2019-10-15 16:41:05,711 requests_91job.py[line:268]INFO - 数据的插入详情为:{"error_code":0,"msg":"success"}
2019-10-15 16:41:07,298 requests_91job.py[line:268]INFO - 数据的插入详情为:{"error_code":0,"msg":"success"}
2019-10-15 16:41:12,801 requests_91job.py[line:268]INFO - 数据的插入详情为:{"error_code":0,"msg":"success"}
2019-10-15 16:41:14,484 requests_91job.py[line:268]INFO - 数据的插入详情为:{"error_code":0,"msg":"success"}
2019-10-15 16:42:53,600 requests_91job.py[line:268]INFO - 数据的插入详情为:{"error_code":3,"msg":"\u6ca1\u6709\u6570\u636e\u63d2\u5165"}
2019-10-15 16:42:55,323 requests_91job.py[line:268]INFO - 数据的插入详情为:{"error_code":3,"msg":"\u6ca1\u6709\u6570\u636e\u63d2\u5165"}
2019-10-15 16:43:00,978 requests_91job.py[line:268]INFO - 数据的插入详情为:{"error_code":3,"msg":"\u6ca1\u6709\u6570\u636e\u63d2\u5165"}
2019-10-15 16:43:03,252 requests_91job.py[line:268]INFO - 数据的插入详情为:{"error_code":3,"msg":"\u6ca1\u6709\u6570\u636e\u63d2\u5165"}
2019-10-15 16:44:35,613 requests_91job.py[line:268]INFO - 数据的插入详情为:{"error_code":0,"msg":"success"}
2019-10-15 16:44:37,105 requests_91job.py[line:268]INFO - 数据的插入详情为:{"error_code":3,"msg":"\u6ca1\u6709\u6570\u636e\u63d2\u5165"}
2019-10-15 16:44:38,626 requests_91job.py[line:268]INFO - 数据的插入详情为:{"error_code":3,"msg":"\u6ca1\u6709\u6570\u636e\u63d2\u5165"}
2019-10-15 16:44:44,148 requests_91job.py[line:268]INFO - 数据的插入详情为:{"error_code":3,"msg":"\u6ca1\u6709\u6570\u636e\u63d2\u5165"}
2019-10-15 16:44:45,727 requests_91job.py[line:268]INFO - 数据的插入详情为:{"error_code":3,"msg":"\u6ca1\u6709\u6570\u636e\u63d2\u5165"}
2019-10-15 16:57:09,682 requests_91job.py[line:268]INFO - 数据的插入详情为:{"error_code":3,"msg":"\u6ca1\u6709\u6570\u636e\u63d2\u5165"}
2019-10-15 16:57:11,896 requests_91job.py[line:268]INFO - 数据的插入详情为:{"error_code":3,"msg":"\u6ca1\u6709\u6570\u636e\u63d2\u5165"}
2019-10-15 16:57:13,694 requests_91job.py[line:268]INFO - 数据的插入详情为:{"error_code":3,"msg":"\u6ca1\u6709\u6570\u636e\u63d2\u5165"}
2019-10-15 16:57:19,575 requests_91job.py[line:268]INFO - 数据的插入详情为:{"error_code":3,"msg":"\u6ca1\u6709\u6570\u636e\u63d2\u5165"}
2019-10-15 16:57:21,581 requests_91job.py[line:268]INFO - 数据的插入详情为:{"error_code":3,"msg":"\u6ca1\u6709\u6570\u636e\u63d2\u5165"}
2019-10-15 17:01:18,552 requests_91job.py[line:268]INFO - 数据的插入详情为:{"error_code":3,"msg":"\u6ca1\u6709\u6570\u636e\u63d2\u5165"}
2019-10-15 17:01:20,186 requests_91job.py[line:268]INFO - 数据的插入详情为:{"error_code":3,"msg":"\u6ca1\u6709\u6570\u636e\u63d2\u5165"}
2019-10-15 17:01:22,593 requests_91job.py[line:268]INFO - 数据的插入详情为:{"error_code":3,"msg":"\u6ca1\u6709\u6570\u636e\u63d2\u5165"}
2019-10-15 17:01:28,061 requests_91job.py[line:268]INFO - 数据的插入详情为:{"error_code":3,"msg":"\u6ca1\u6709\u6570\u636e\u63d2\u5165"}
2019-10-15 17:01:29,701 requests_91job.py[line:268]INFO - 数据的插入详情为:{"error_code":3,"msg":"\u6ca1\u6709\u6570\u636e\u63d2\u5165"}
2019-10-15 17:01:48,197 requests_91job.py[line:268]INFO - 数据的插入详情为:{"error_code":0,"msg":"success"}
2019-10-16 13:47:42,208 requests_91job.py[line:428]INFO - 简历外部号为:91_1229888,内部简历号为:174的简历下载成功...
2019-10-16 13:47:44,572 requests_91job.py[line:268]INFO - 数据的插入详情为:{"error_code":0,"msg":"success"}
2019-10-17 11:30:02,684 requests_91job.py[line:81]INFO - 即将刷新职位信息,总共有19条职位信息需要刷新
2019-10-17 11:30:17,855 requests_91job.py[line:295]INFO - 数据的插入详情为:{"error_code":0,"msg":"success"}
2019-10-17 11:30:20,248 requests_91job.py[line:295]INFO - 数据的插入详情为:{"error_code":0,"msg":"success"}
2019-10-17 11:30:22,072 requests_91job.py[line:295]INFO - 数据的插入详情为:{"error_code":0,"msg":"success"}
2019-10-17 11:30:23,971 requests_91job.py[line:295]INFO - 数据的插入详情为:{"error_code":0,"msg":"success"}
2019-10-17 11:30:25,705 requests_91job.py[line:295]INFO - 数据的插入详情为:{"error_code":0,"msg":"success"}
2019-10-17 11:30:28,070 requests_91job.py[line:295]INFO - 数据的插入详情为:{"error_code":0,"msg":"success"}
2019-10-17 11:30:29,884 requests_91job.py[line:295]INFO - 数据的插入详情为:{"error_code":0,"msg":"success"}
2019-10-17 11:30:32,319 requests_91job.py[line:295]INFO - 数据的插入详情为:{"error_code":0,"msg":"success"}
2019-10-17 11:30:34,486 requests_91job.py[line:295]INFO - 数据的插入详情为:{"error_code":0,"msg":"success"}
2019-10-17 11:30:36,838 requests_91job.py[line:295]INFO - 数据的插入详情为:{"error_code":0,"msg":"success"}
2019-10-17 11:30:44,150 requests_91job.py[line:278]INFO - 数据的插入详情为:{"error_code":0,"msg":"success"}
2019-10-17 11:30:47,807 requests_91job.py[line:278]INFO - 数据的插入详情为:{"error_code":2,"msg":"\u6210\u529f\u66f4\u65b0\u7528\u6237\u6570\u636e\uff01"}
2019-10-17 11:30:49,931 requests_91job.py[line:278]INFO - 数据的插入详情为:{"error_code":0,"msg":"success"}
2019-10-17 11:30:51,516 requests_91job.py[line:278]INFO - 数据的插入详情为:{"error_code":2,"msg":"\u6210\u529f\u66f4\u65b0\u7528\u6237\u6570\u636e\uff01"}
2019-10-17 11:30:53,347 requests_91job.py[line:278]INFO - 数据的插入详情为:{"error_code":0,"msg":"success"}
2019-10-17 11:30:55,543 requests_91job.py[line:278]INFO - 数据的插入详情为:{"error_code":2,"msg":"\u6210\u529f\u66f4\u65b0\u7528\u6237\u6570\u636e\uff01"}
2019-10-17 11:30:57,596 requests_91job.py[line:278]INFO - 数据的插入详情为:{"error_code":2,"msg":"\u6210\u529f\u66f4\u65b0\u7528\u6237\u6570\u636e\uff01"}
2019-10-17 11:30:58,947 requests_91job.py[line:278]INFO - 数据的插入详情为:{"error_code":2,"msg":"\u6210\u529f\u66f4\u65b0\u7528\u6237\u6570\u636e\uff01"}
2019-10-17 11:31:00,878 requests_91job.py[line:278]INFO - 数据的插入详情为:{"error_code":2,"msg":"\u6210\u529f\u66f4\u65b0\u7528\u6237\u6570\u636e\uff01"}
2019-10-17 11:31:15,942 requests_91job.py[line:295]INFO - 数据的插入详情为:{"error_code":3,"msg":"\u6ca1\u6709\u6570\u636e\u63d2\u5165"}
2019-10-17 11:41:03,907 requests_91job.py[line:287]INFO - 数据的插入详情为:{"error_code":3,"msg":"\u6ca1\u6709\u6570\u636e\u63d2\u51650"}
2019-10-17 11:44:27,383 requests_91job.py[line:290]INFO - 数据的插入详情为:{"error_code":3,"msg":"\u6ca1\u6709\u6570\u636e\u63d2\u51650"}
2019-10-17 11:52:42,571 requests_91job.py[line:290]INFO - 数据的插入详情为:{"error_code":3,"msg":"\u6ca1\u6709\u6570\u636e\u63d2\u51650"}
2019-10-17 11:52:45,618 requests_91job.py[line:290]INFO - 数据的插入详情为:{"error_code":3,"msg":"\u6ca1\u6709\u6570\u636e\u63d2\u51650"}
2019-10-17 11:52:48,528 requests_91job.py[line:290]INFO - 数据的插入详情为:{"error_code":3,"msg":"\u6ca1\u6709\u6570\u636e\u63d2\u51650"}
2019-10-17 11:52:49,536 requests_91job.py[line:290]INFO - 数据的插入详情为:{"error_code":3,"msg":"\u6ca1\u6709\u6570\u636e\u63d2\u51650"}
2019-10-17 11:58:00,776 requests_91job.py[line:292]INFO - 数据的插入详情为:{"error_code":3,"msg":"\u6ca1\u6709\u6570\u636e\u63d2\u51650"}
2019-10-17 11:58:06,828 requests_91job.py[line:292]INFO - 数据的插入详情为:{"error_code":3,"msg":"\u6ca1\u6709\u6570\u636e\u63d2\u51650"}
2019-10-17 11:58:11,015 requests_91job.py[line:292]INFO - 数据的插入详情为:{"error_code":3,"msg":"\u6ca1\u6709\u6570\u636e\u63d2\u51650"}
2019-10-17 11:58:14,360 requests_91job.py[line:292]INFO - 数据的插入详情为:{"error_code":3,"msg":"\u6ca1\u6709\u6570\u636e\u63d2\u51650"}
2019-10-17 12:03:07,347 requests_91job.py[line:295]INFO - 数据的插入详情为:{"error_code":6,"msg":"\u8fc7\u6ee4\u638940\u5c81\u4ee5\u4e0a\u7684\u4eba\u5458"}
2019-10-17 12:03:08,684 requests_91job.py[line:295]INFO - 数据的插入详情为:{"error_code":3,"msg":"\u6ca1\u6709\u6570\u636e\u63d2\u51650"}
2019-10-17 12:03:09,098 requests_91job.py[line:295]INFO - 数据的插入详情为:{"error_code":3,"msg":"\u6ca1\u6709\u6570\u636e\u63d2\u51650"}
2019-10-17 12:03:10,361 requests_91job.py[line:295]INFO - 数据的插入详情为:{"error_code":3,"msg":"\u6ca1\u6709\u6570\u636e\u63d2\u51650"}
2019-10-17 12:03:11,382 requests_91job.py[line:295]INFO - 数据的插入详情为:{"error_code":3,"msg":"\u6ca1\u6709\u6570\u636e\u63d2\u51650"}
2019-10-17 12:03:12,382 requests_91job.py[line:295]INFO - 数据的插入详情为:{"error_code":3,"msg":"\u6ca1\u6709\u6570\u636e\u63d2\u51650"}
2019-10-17 12:03:14,174 requests_91job.py[line:295]INFO - 数据的插入详情为:{"error_code":3,"msg":"\u6ca1\u6709\u6570\u636e\u63d2\u51650"}
2019-10-17 12:03:14,859 requests_91job.py[line:295]INFO - 数据的插入详情为:{"error_code":6,"msg":"\u8fc7\u6ee4\u638940\u5c81\u4ee5\u4e0a\u7684\u4eba\u5458"}
2019-10-17 12:03:15,904 requests_91job.py[line:295]INFO - 数据的插入详情为:{"error_code":3,"msg":"\u6ca1\u6709\u6570\u636e\u63d2\u51650"}
2019-10-17 12:03:16,708 requests_91job.py[line:295]INFO - 数据的插入详情为:{"error_code":3,"msg":"\u6ca1\u6709\u6570\u636e\u63d2\u51650"}
2019-10-17 12:03:17,491 requests_91job.py[line:295]INFO - 数据的插入详情为:{"error_code":3,"msg":"\u6ca1\u6709\u6570\u636e\u63d2\u51650"}
2019-10-17 12:03:18,115 requests_91job.py[line:295]INFO - 数据的插入详情为:{"error_code":3,"msg":"\u6ca1\u6709\u6570\u636e\u63d2\u51650"}
2019-10-17 12:03:18,830 requests_91job.py[line:295]INFO - 数据的插入详情为:{"error_code":6,"msg":"\u8fc7\u6ee4\u638940\u5c81\u4ee5\u4e0a\u7684\u4eba\u5458"}
2019-10-17 12:03:19,878 requests_91job.py[line:295]INFO - 数据的插入详情为:{"error_code":3,"msg":"\u6ca1\u6709\u6570\u636e\u63d2\u51650"}
2019-10-17 12:03:20,470 requests_91job.py[line:295]INFO - 数据的插入详情为:{"error_code":3,"msg":"\u6ca1\u6709\u6570\u636e\u63d2\u51650"}
2019-10-17 12:03:21,223 requests_91job.py[line:295]INFO - 数据的插入详情为:{"error_code":3,"msg":"\u6ca1\u6709\u6570\u636e\u63d2\u51650"}
2019-10-17 12:03:22,387 requests_91job.py[line:295]INFO - 数据的插入详情为:{"error_code":3,"msg":"\u6ca1\u6709\u6570\u636e\u63d2\u51650"}
2019-10-17 12:03:23,360 requests_91job.py[line:295]INFO - 数据的插入详情为:{"error_code":3,"msg":"\u6ca1\u6709\u6570\u636e\u63d2\u51650"}
2019-10-17 12:03:24,244 requests_91job.py[line:295]INFO - 数据的插入详情为:{"error_code":3,"msg":"\u6ca1\u6709\u6570\u636e\u63d2\u51650"}
2019-10-17 12:03:26,532 requests_91job.py[line:295]INFO - 数据的插入详情为:{"error_code":3,"msg":"\u6ca1\u6709\u6570\u636e\u63d2\u51650"}
2019-10-17 12:03:27,606 requests_91job.py[line:295]INFO - 数据的插入详情为:{"error_code":3,"msg":"\u6ca1\u6709\u6570\u636e\u63d2\u51650"}
2019-10-17 12:03:28,116 requests_91job.py[line:295]INFO - 数据的插入详情为:{"error_code":3,"msg":"\u6ca1\u6709\u6570\u636e\u63d2\u51650"}
2019-10-17 12:03:29,029 requests_91job.py[line:295]INFO - 数据的插入详情为:{"error_code":3,"msg":"\u6ca1\u6709\u6570\u636e\u63d2\u51650"}
2019-10-17 12:03:29,616 requests_91job.py[line:295]INFO - 数据的插入详情为:{"error_code":3,"msg":"\u6ca1\u6709\u6570\u636e\u63d2\u51650"}
2019-10-17 12:03:30,206 requests_91job.py[line:295]INFO - 数据的插入详情为:{"error_code":3,"msg":"\u6ca1\u6709\u6570\u636e\u63d2\u51650"}
2019-10-17 12:03:30,654 requests_91job.py[line:295]INFO - 数据的插入详情为:{"error_code":3,"msg":"\u6ca1\u6709\u6570\u636e\u63d2\u51650"}
2019-10-17 12:03:31,047 requests_91job.py[line:295]INFO - 数据的插入详情为:{"error_code":3,"msg":"\u6ca1\u6709\u6570\u636e\u63d2\u51650"}
2019-10-17 12:03:31,556 requests_91job.py[line:295]INFO - 数据的插入详情为:{"error_code":6,"msg":"\u8fc7\u6ee4\u638940\u5c81\u4ee5\u4e0a\u7684\u4eba\u5458"}
2019-10-17 12:03:32,183 requests_91job.py[line:295]INFO - 数据的插入详情为:{"error_code":3,"msg":"\u6ca1\u6709\u6570\u636e\u63d2\u51650"}
2019-10-17 12:03:32,695 requests_91job.py[line:295]INFO - 数据的插入详情为:{"error_code":3,"msg":"\u6ca1\u6709\u6570\u636e\u63d2\u51650"}
2019-10-17 12:03:33,207 requests_91job.py[line:295]INFO - 数据的插入详情为:{"error_code":3,"msg":"\u6ca1\u6709\u6570\u636e\u63d2\u51650"}
2019-10-17 12:03:34,049 requests_91job.py[line:295]INFO - 数据的插入详情为:{"error_code":3,"msg":"\u6ca1\u6709\u6570\u636e\u63d2\u51650"}
2019-10-17 12:03:34,921 requests_91job.py[line:295]INFO - 数据的插入详情为:{"error_code":3,"msg":"\u6ca1\u6709\u6570\u636e\u63d2\u51650"}
2019-10-17 12:03:36,063 requests_91job.py[line:295]INFO - 数据的插入详情为:{"error_code":3,"msg":"\u6ca1\u6709\u6570\u636e\u63d2\u51650"}
2019-10-17 12:03:36,836 requests_91job.py[line:295]INFO - 数据的插入详情为:{"error_code":3,"msg":"\u6ca1\u6709\u6570\u636e\u63d2\u51650"}
2019-10-17 12:03:37,187 requests_91job.py[line:295]INFO - 数据的插入详情为:{"error_code":3,"msg":"\u6ca1\u6709\u6570\u636e\u63d2\u51650"}
2019-10-17 12:03:38,083 requests_91job.py[line:295]INFO - 数据的插入详情为:{"error_code":3,"msg":"\u6ca1\u6709\u6570\u636e\u63d2\u51650"}
2019-10-17 12:03:38,467 requests_91job.py[line:295]INFO - 数据的插入详情为:{"error_code":3,"msg":"\u6ca1\u6709\u6570\u636e\u63d2\u51650"}
2019-10-17 16:45:30,719 requests_send_msg.py[line:337]INFO - 开始处理发送短信...
2019-10-17 16:46:00,606 requests_send_msg.py[line:337]INFO - 开始处理发送短信...
2019-10-17 16:46:30,713 requests_send_msg.py[line:337]INFO - 开始处理发送短信...
2019-10-17 16:47:00,631 requests_send_msg.py[line:337]INFO - 开始处理发送短信...
2019-10-17 16:47:30,702 requests_send_msg.py[line:337]INFO - 开始处理发送短信...
2019-10-17 16:48:00,735 requests_send_msg.py[line:337]INFO - 开始处理发送短信...
2019-10-17 16:48:30,600 requests_send_msg.py[line:337]INFO - 开始处理发送短信...
2019-10-17 16:49:00,643 requests_send_msg.py[line:337]INFO - 开始处理发送短信...
2019-10-17 16:49:30,707 requests_send_msg.py[line:337]INFO - 开始处理发送短信...
2019-10-17 16:50:00,707 requests_send_msg.py[line:337]INFO - 开始处理发送短信...
2019-10-17 16:50:30,711 requests_send_msg.py[line:337]INFO - 开始处理发送短信...
2019-10-17 16:51:00,598 requests_send_msg.py[line:337]INFO - 开始处理发送短信...
2019-10-17 16:51:30,735 requests_send_msg.py[line:337]INFO - 开始处理发送短信...
2019-10-17 16:52:00,724 requests_send_msg.py[line:337]INFO - 开始处理发送短信...
2019-10-17 16:52:30,607 requests_send_msg.py[line:337]INFO - 开始处理发送短信...
2019-10-17 16:53:00,763 requests_send_msg.py[line:337]INFO - 开始处理发送短信...
2019-10-18 09:37:17,140 requests_91job.py[line:306]INFO - 主动投递数据的插入详情为:{"error_code":3,"msg":"\u6ca1\u6709\u6570\u636e\u63d2\u5165"}
2019-10-18 09:37:18,821 requests_91job.py[line:306]INFO - 主动投递数据的插入详情为:{"error_code":3,"msg":"\u6ca1\u6709\u6570\u636e\u63d2\u5165"}
2019-10-18 09:37:21,032 requests_91job.py[line:306]INFO - 主动投递数据的插入详情为:{"error_code":3,"msg":"\u6ca1\u6709\u6570\u636e\u63d2\u5165"}
2019-10-18 09:43:35,806 requests_search.py[line:252]INFO - 主动搜索数据的插入详情为:{"error_code":3,"msg":"\u6ca1\u6709\u6570\u636e\u63d2\u51650"}
2019-10-18 09:43:36,845 requests_search.py[line:252]INFO - 主动搜索数据的插入详情为:{"error_code":3,"msg":"\u6ca1\u6709\u6570\u636e\u63d2\u51650"}
2019-10-18 09:43:38,007 requests_search.py[line:252]INFO - 主动搜索数据的插入详情为:{"error_code":3,"msg":"\u6ca1\u6709\u6570\u636e\u63d2\u51650"}
2019-10-18 09:43:39,190 requests_search.py[line:252]INFO - 主动搜索数据的插入详情为:{"error_code":3,"msg":"\u6ca1\u6709\u6570\u636e\u63d2\u51650"}
2019-10-18 09:43:39,780 requests_search.py[line:252]INFO - 主动搜索数据的插入详情为:{"error_code":3,"msg":"\u6ca1\u6709\u6570\u636e\u63d2\u51650"}
2019-10-18 09:43:40,265 requests_search.py[line:252]INFO - 主动搜索数据的插入详情为:{"error_code":3,"msg":"\u6ca1\u6709\u6570\u636e\u63d2\u51650"}
2019-10-18 09:43:41,217 requests_search.py[line:252]INFO - 主动搜索数据的插入详情为:{"error_code":6,"msg":"\u8fc7\u6ee4\u638940\u5c81\u4ee5\u4e0a\u7684\u4eba\u5458"}
2019-10-18 09:43:41,512 requests_search.py[line:252]INFO - 主动搜索数据的插入详情为:{"error_code":3,"msg":"\u6ca1\u6709\u6570\u636e\u63d2\u51650"}
2019-10-18 09:43:42,391 requests_search.py[line:252]INFO - 主动搜索数据的插入详情为:{"error_code":3,"msg":"\u6ca1\u6709\u6570\u636e\u63d2\u51650"}
2019-10-18 09:43:43,441 requests_search.py[line:252]INFO - 主动搜索数据的插入详情为:{"error_code":3,"msg":"\u6ca1\u6709\u6570\u636e\u63d2\u51650"}
2019-10-18 09:43:43,871 requests_search.py[line:252]INFO - 主动搜索数据的插入详情为:{"error_code":3,"msg":"\u6ca1\u6709\u6570\u636e\u63d2\u51650"}
2019-10-18 09:43:44,427 requests_search.py[line:252]INFO - 主动搜索数据的插入详情为:{"error_code":3,"msg":"\u6ca1\u6709\u6570\u636e\u63d2\u51650"}
2019-10-18 09:43:44,816 requests_search.py[line:252]INFO - 主动搜索数据的插入详情为:{"error_code":3,"msg":"\u6ca1\u6709\u6570\u636e\u63d2\u51650"}
2019-10-18 09:43:45,312 requests_search.py[line:252]INFO - 主动搜索数据的插入详情为:{"error_code":3,"msg":"\u6ca1\u6709\u6570\u636e\u63d2\u51650"}
2019-10-18 09:43:45,961 requests_search.py[line:252]INFO - 主动搜索数据的插入详情为:{"error_code":3,"msg":"\u6ca1\u6709\u6570\u636e\u63d2\u51650"}
2019-10-18 09:43:47,409 requests_search.py[line:252]INFO - 主动搜索数据的插入详情为:{"error_code":3,"msg":"\u6ca1\u6709\u6570\u636e\u63d2\u51650"}
2019-10-18 09:43:47,928 requests_search.py[line:252]INFO - 主动搜索数据的插入详情为:{"error_code":3,"msg":"\u6ca1\u6709\u6570\u636e\u63d2\u51650"}
2019-10-18 09:43:48,705 requests_search.py[line:252]INFO - 主动搜索数据的插入详情为:{"error_code":3,"msg":"\u6ca1\u6709\u6570\u636e\u63d2\u51650"}
2019-10-18 09:43:49,079 requests_search.py[line:252]INFO - 主动搜索数据的插入详情为:{"error_code":3,"msg":"\u6ca1\u6709\u6570\u636e\u63d2\u51650"}
2019-10-18 09:43:50,269 requests_search.py[line:252]INFO - 主动搜索数据的插入详情为:{"error_code":3,"msg":"\u6ca1\u6709\u6570\u636e\u63d2\u51650"}
2019-10-18 09:43:51,481 requests_search.py[line:252]INFO - 主动搜索数据的插入详情为:{"error_code":3,"msg":"\u6ca1\u6709\u6570\u636e\u63d2\u51650"}
2019-10-18 09:43:52,271 requests_search.py[line:252]INFO - 主动搜索数据的插入详情为:{"error_code":3,"msg":"\u6ca1\u6709\u6570\u636e\u63d2\u51650"}
2019-10-18 09:43:53,520 requests_search.py[line:252]INFO - 主动搜索数据的插入详情为:{"error_code":3,"msg":"\u6ca1\u6709\u6570\u636e\u63d2\u51650"}
2019-10-18 09:43:54,742 requests_search.py[line:252]INFO - 主动搜索数据的插入详情为:{"error_code":3,"msg":"\u6ca1\u6709\u6570\u636e\u63d2\u51650"}
2019-10-18 09:43:55,522 requests_search.py[line:252]INFO - 主动搜索数据的插入详情为:{"error_code":3,"msg":"\u6ca1\u6709\u6570\u636e\u63d2\u51650"}
2019-10-18 09:43:56,127 requests_search.py[line:252]INFO - 主动搜索数据的插入详情为:{"error_code":3,"msg":"\u6ca1\u6709\u6570\u636e\u63d2\u51650"}
2019-10-18 09:43:56,815 requests_search.py[line:252]INFO - 主动搜索数据的插入详情为:{"error_code":3,"msg":"\u6ca1\u6709\u6570\u636e\u63d2\u51650"}
2019-10-18 09:43:57,585 requests_search.py[line:252]INFO - 主动搜索数据的插入详情为:{"error_code":3,"msg":"\u6ca1\u6709\u6570\u636e\u63d2\u51650"}
2019-10-18 09:43:58,356 requests_search.py[line:252]INFO - 主动搜索数据的插入详情为:{"error_code":3,"msg":"\u6ca1\u6709\u6570\u636e\u63d2\u51650"}
2019-10-18 09:43:58,794 requests_search.py[line:252]INFO - 主动搜索数据的插入详情为:{"error_code":3,"msg":"\u6ca1\u6709\u6570\u636e\u63d2\u51650"}
2019-10-18 09:43:59,550 requests_search.py[line:252]INFO - 主动搜索数据的插入详情为:{"error_code":3,"msg":"\u6ca1\u6709\u6570\u636e\u63d2\u51650"}
2019-10-18 09:43:59,842 requests_search.py[line:252]INFO - 主动搜索数据的插入详情为:{"error_code":3,"msg":"\u6ca1\u6709\u6570\u636e\u63d2\u51650"}
2019-10-18 09:44:00,377 requests_search.py[line:252]INFO - 主动搜索数据的插入详情为:{"error_code":3,"msg":"\u6ca1\u6709\u6570\u636e\u63d2\u51650"}
2019-10-18 09:44:00,877 requests_search.py[line:252]INFO - 主动搜索数据的插入详情为:{"error_code":3,"msg":"\u6ca1\u6709\u6570\u636e\u63d2\u51650"}
2019-10-18 09:44:01,457 requests_search.py[line:252]INFO - 主动搜索数据的插入详情为:{"error_code":3,"msg":"\u6ca1\u6709\u6570\u636e\u63d2\u51650"}
2019-10-18 09:44:01,837 requests_search.py[line:252]INFO - 主动搜索数据的插入详情为:{"error_code":3,"msg":"\u6ca1\u6709\u6570\u636e\u63d2\u51650"}
2019-10-18 09:44:02,299 requests_search.py[line:252]INFO - 主动搜索数据的插入详情为:{"error_code":3,"msg":"\u6ca1\u6709\u6570\u636e\u63d2\u51650"}
2019-10-18 09:44:03,488 requests_search.py[line:252]INFO - 主动搜索数据的插入详情为:{"error_code":3,"msg":"\u6ca1\u6709\u6570\u636e\u63d2\u51650"}
2019-10-18 09:44:04,186 requests_search.py[line:252]INFO - 主动搜索数据的插入详情为:{"error_code":3,"msg":"\u6ca1\u6709\u6570\u636e\u63d2\u51650"}
2019-10-18 09:44:05,035 requests_search.py[line:252]INFO - 主动搜索数据的插入详情为:{"error_code":3,"msg":"\u6ca1\u6709\u6570\u636e\u63d2\u51650"}
2019-10-18 09:44:06,757 requests_search.py[line:252]INFO - 主动搜索数据的插入详情为:{"error_code":3,"msg":"\u6ca1\u6709\u6570\u636e\u63d2\u51650"}
2019-10-18 09:44:07,681 requests_search.py[line:252]INFO - 主动搜索数据的插入详情为:{"error_code":3,"msg":"\u6ca1\u6709\u6570\u636e\u63d2\u51650"}
2019-10-18 09:44:08,530 requests_search.py[line:252]INFO - 主动搜索数据的插入详情为:{"error_code":3,"msg":"\u6ca1\u6709\u6570\u636e\u63d2\u51650"}
2019-10-18 09:44:08,870 requests_search.py[line:252]INFO - 主动搜索数据的插入详情为:{"error_code":3,"msg":"\u6ca1\u6709\u6570\u636e\u63d2\u51650"}
2019-10-18 09:44:10,061 requests_search.py[line:252]INFO - 主动搜索数据的插入详情为:{"error_code":3,"msg":"\u6ca1\u6709\u6570\u636e\u63d2\u51650"}
2019-10-18 09:44:10,678 requests_search.py[line:252]INFO - 主动搜索数据的插入详情为:{"error_code":3,"msg":"\u6ca1\u6709\u6570\u636e\u63d2\u51650"}
2019-10-18 09:44:11,271 requests_search.py[line:252]INFO - 主动搜索数据的插入详情为:{"error_code":3,"msg":"\u6ca1\u6709\u6570\u636e\u63d2\u51650"}
2019-10-18 09:44:11,527 requests_search.py[line:252]INFO - 主动搜索数据的插入详情为:{"error_code":3,"msg":"\u6ca1\u6709\u6570\u636e\u63d2\u51650"}
2019-10-18 09:44:14,300 requests_search.py[line:252]INFO - 主动搜索数据的插入详情为:{"error_code":3,"msg":"\u6ca1\u6709\u6570\u636e\u63d2\u51650"}
2019-10-18 09:44:15,092 requests_search.py[line:252]INFO - 主动搜索数据的插入详情为:{"error_code":3,"msg":"\u6ca1\u6709\u6570\u636e\u63d2\u51650"}
2019-10-18 09:44:16,293 requests_search.py[line:252]INFO - 主动搜索数据的插入详情为:{"error_code":3,"msg":"\u6ca1\u6709\u6570\u636e\u63d2\u51650"}
2019-10-18 09:44:16,669 requests_search.py[line:252]INFO - 主动搜索数据的插入详情为:{"error_code":3,"msg":"\u6ca1\u6709\u6570\u636e\u63d2\u51650"}
2019-10-18 09:44:17,550 requests_search.py[line:252]INFO - 主动搜索数据的插入详情为:{"error_code":3,"msg":"\u6ca1\u6709\u6570\u636e\u63d2\u51650"}
2019-10-18 09:44:18,172 requests_search.py[line:252]INFO - 主动搜索数据的插入详情为:{"error_code":3,"msg":"\u6ca1\u6709\u6570\u636e\u63d2\u51650"}
2019-10-18 09:44:18,659 requests_search.py[line:252]INFO - 主动搜索数据的插入详情为:{"error_code":3,"msg":"\u6ca1\u6709\u6570\u636e\u63d2\u51650"}
2019-10-18 09:44:19,120 requests_search.py[line:252]INFO - 主动搜索数据的插入详情为:{"error_code":3,"msg":"\u6ca1\u6709\u6570\u636e\u63d2\u51650"}
2019-10-18 09:44:20,286 requests_search.py[line:252]INFO - 主动搜索数据的插入详情为:{"error_code":3,"msg":"\u6ca1\u6709\u6570\u636e\u63d2\u51650"}
2019-10-18 09:44:21,260 requests_search.py[line:252]INFO - 主动搜索数据的插入详情为:{"error_code":3,"msg":"\u6ca1\u6709\u6570\u636e\u63d2\u51650"}
2019-10-18 09:44:22,231 requests_search.py[line:252]INFO - 主动搜索数据的插入详情为:{"error_code":3,"msg":"\u6ca1\u6709\u6570\u636e\u63d2\u51650"}
2019-10-18 09:44:23,748 requests_search.py[line:252]INFO - 主动搜索数据的插入详情为:{"error_code":3,"msg":"\u6ca1\u6709\u6570\u636e\u63d2\u51650"}
2019-10-18 09:44:24,042 requests_search.py[line:252]INFO - 主动搜索数据的插入详情为:{"error_code":3,"msg":"\u6ca1\u6709\u6570\u636e\u63d2\u51650"}
2019-10-18 09:44:24,496 requests_search.py[line:252]INFO - 主动搜索数据的插入详情为:{"error_code":3,"msg":"\u6ca1\u6709\u6570\u636e\u63d2\u51650"}
2019-10-18 09:44:25,768 requests_search.py[line:252]INFO - 主动搜索数据的插入详情为:{"error_code":3,"msg":"\u6ca1\u6709\u6570\u636e\u63d2\u51650"}
2019-10-18 09:44:26,291 requests_search.py[line:252]INFO - 主动搜索数据的插入详情为:{"error_code":3,"msg":"\u6ca1\u6709\u6570\u636e\u63d2\u51650"}
2019-10-18 09:44:26,629 requests_search.py[line:252]INFO - 主动搜索数据的插入详情为:{"error_code":3,"msg":"\u6ca1\u6709\u6570\u636e\u63d2\u51650"}
2019-10-18 09:44:27,501 requests_search.py[line:252]INFO - 主动搜索数据的插入详情为:{"error_code":3,"msg":"\u6ca1\u6709\u6570\u636e\u63d2\u51650"}
2019-10-18 09:44:28,681 requests_search.py[line:252]INFO - 主动搜索数据的插入详情为:{"error_code":3,"msg":"\u6ca1\u6709\u6570\u636e\u63d2\u51650"}
2019-10-18 09:44:29,157 requests_search.py[line:252]INFO - 主动搜索数据的插入详情为:{"error_code":3,"msg":"\u6ca1\u6709\u6570\u636e\u63d2\u51650"}
2019-10-18 09:44:29,446 requests_search.py[line:252]INFO - 主动搜索数据的插入详情为:{"error_code":3,"msg":"\u6ca1\u6709\u6570\u636e\u63d2\u51650"}
2019-10-18 09:44:30,038 requests_search.py[line:252]INFO - 主动搜索数据的插入详情为:{"error_code":3,"msg":"\u6ca1\u6709\u6570\u636e\u63d2\u51650"}
2019-10-18 09:44:30,612 requests_search.py[line:252]INFO - 主动搜索数据的插入详情为:{"error_code":3,"msg":"\u6ca1\u6709\u6570\u636e\u63d2\u51650"}
2019-10-18 09:44:31,632 requests_search.py[line:252]INFO - 主动搜索数据的插入详情为:{"error_code":3,"msg":"\u6ca1\u6709\u6570\u636e\u63d2\u51650"}
2019-10-18 09:44:32,395 requests_search.py[line:252]INFO - 主动搜索数据的插入详情为:{"error_code":3,"msg":"\u6ca1\u6709\u6570\u636e\u63d2\u51650"}
2019-10-18 09:44:32,914 requests_search.py[line:252]INFO - 主动搜索数据的插入详情为:{"error_code":3,"msg":"\u6ca1\u6709\u6570\u636e\u63d2\u51650"}
2019-10-18 09:44:33,499 requests_search.py[line:252]INFO - 主动搜索数据的插入详情为:{"error_code":3,"msg":"\u6ca1\u6709\u6570\u636e\u63d2\u51650"}
2019-10-18 09:44:34,709 requests_search.py[line:252]INFO - 主动搜索数据的插入详情为:{"error_code":3,"msg":"\u6ca1\u6709\u6570\u636e\u63d2\u51650"}
2019-10-18 09:44:35,147 requests_search.py[line:252]INFO - 主动搜索数据的插入详情为:{"error_code":3,"msg":"\u6ca1\u6709\u6570\u636e\u63d2\u51650"}
2019-10-18 09:44:35,717 requests_search.py[line:252]INFO - 主动搜索数据的插入详情为:{"error_code":3,"msg":"\u6ca1\u6709\u6570\u636e\u63d2\u51650"}
2019-10-18 09:44:36,445 requests_search.py[line:252]INFO - 主动搜索数据的插入详情为:{"error_code":3,"msg":"\u6ca1\u6709\u6570\u636e\u63d2\u51650"}
2019-10-18 09:44:37,169 requests_search.py[line:252]INFO - 主动搜索数据的插入详情为:{"error_code":3,"msg":"\u6ca1\u6709\u6570\u636e\u63d2\u51650"}
2019-10-18 09:44:37,658 requests_search.py[line:252]INFO - 主动搜索数据的插入详情为:{"error_code":3,"msg":"\u6ca1\u6709\u6570\u636e\u63d2\u51650"}
2019-10-18 09:44:38,051 requests_search.py[line:252]INFO - 主动搜索数据的插入详情为:{"error_code":6,"msg":"\u8fc7\u6ee4\u638940\u5c81\u4ee5\u4e0a\u7684\u4eba\u5458"}
2019-10-18 09:44:38,385 requests_search.py[line:252]INFO - 主动搜索数据的插入详情为:{"error_code":3,"msg":"\u6ca1\u6709\u6570\u636e\u63d2\u51650"}
2019-10-18 09:44:38,840 requests_search.py[line:252]INFO - 主动搜索数据的插入详情为:{"error_code":3,"msg":"\u6ca1\u6709\u6570\u636e\u63d2\u51650"}
2019-10-18 09:44:39,266 requests_search.py[line:252]INFO - 主动搜索数据的插入详情为:{"error_code":3,"msg":"\u6ca1\u6709\u6570\u636e\u63d2\u51650"}
2019-10-18 09:44:39,784 requests_search.py[line:252]INFO - 主动搜索数据的插入详情为:{"error_code":3,"msg":"\u6ca1\u6709\u6570\u636e\u63d2\u51650"}
2019-10-18 09:44:40,302 requests_search.py[line:252]INFO - 主动搜索数据的插入详情为:{"error_code":3,"msg":"\u6ca1\u6709\u6570\u636e\u63d2\u51650"}
2019-10-18 09:44:41,528 requests_search.py[line:252]INFO - 主动搜索数据的插入详情为:{"error_code":3,"msg":"\u6ca1\u6709\u6570\u636e\u63d2\u51650"}
2019-10-18 09:44:42,043 requests_search.py[line:252]INFO - 主动搜索数据的插入详情为:{"error_code":3,"msg":"\u6ca1\u6709\u6570\u636e\u63d2\u51650"}
2019-10-18 09:44:42,923 requests_search.py[line:252]INFO - 主动搜索数据的插入详情为:{"error_code":3,"msg":"\u6ca1\u6709\u6570\u636e\u63d2\u51650"}
2019-10-18 09:44:43,406 requests_search.py[line:252]INFO - 主动搜索数据的插入详情为:{"error_code":3,"msg":"\u6ca1\u6709\u6570\u636e\u63d2\u51650"}
2019-10-18 09:44:44,408 requests_search.py[line:252]INFO - 主动搜索数据的插入详情为:{"error_code":3,"msg":"\u6ca1\u6709\u6570\u636e\u63d2\u51650"}
2019-10-18 09:44:44,846 requests_search.py[line:252]INFO - 主动搜索数据的插入详情为:{"error_code":3,"msg":"\u6ca1\u6709\u6570\u636e\u63d2\u51650"}
2019-10-18 09:44:45,593 requests_search.py[line:252]INFO - 主动搜索数据的插入详情为:{"error_code":3,"msg":"\u6ca1\u6709\u6570\u636e\u63d2\u51650"}
2019-10-18 09:44:46,191 requests_search.py[line:252]INFO - 主动搜索数据的插入详情为:{"error_code":3,"msg":"\u6ca1\u6709\u6570\u636e\u63d2\u51650"}
2019-10-18 09:44:48,537 requests_search.py[line:252]INFO - 主动搜索数据的插入详情为:{"error_code":6,"msg":"\u8fc7\u6ee4\u638940\u5c81\u4ee5\u4e0a\u7684\u4eba\u5458"}
2019-10-18 09:44:49,280 requests_search.py[line:252]INFO - 主动搜索数据的插入详情为:{"error_code":3,"msg":"\u6ca1\u6709\u6570\u636e\u63d2\u51650"}
2019-10-18 09:44:49,686 requests_search.py[line:252]INFO - 主动搜索数据的插入详情为:{"error_code":6,"msg":"\u8fc7\u6ee4\u638940\u5c81\u4ee5\u4e0a\u7684\u4eba\u5458"}
2019-10-18 09:44:50,290 requests_search.py[line:252]INFO - 主动搜索数据的插入详情为:{"error_code":3,"msg":"\u6ca1\u6709\u6570\u636e\u63d2\u51650"}
2019-10-18 09:44:50,859 requests_search.py[line:252]INFO - 主动搜索数据的插入详情为:{"error_code":3,"msg":"\u6ca1\u6709\u6570\u636e\u63d2\u51650"}
2019-10-18 09:44:51,317 requests_search.py[line:252]INFO - 主动搜索数据的插入详情为:{"error_code":3,"msg":"\u6ca1\u6709\u6570\u636e\u63d2\u51650"}
2019-10-18 09:44:51,621 requests_search.py[line:252]INFO - 主动搜索数据的插入详情为:{"error_code":3,"msg":"\u6ca1\u6709\u6570\u636e\u63d2\u51650"}
2019-10-18 09:58:27,266 requests_search.py[line:259]INFO - 主动搜索数据的插入详情为:{"error_code":3,"msg":"\u6ca1\u6709\u6570\u636e\u63d2\u51650"}
2019-10-18 09:58:27,655 requests_search.py[line:259]INFO - 主动搜索数据的插入详情为:{"error_code":3,"msg":"\u6ca1\u6709\u6570\u636e\u63d2\u51650"}
2019-10-18 09:58:28,049 requests_search.py[line:259]INFO - 主动搜索数据的插入详情为:{"error_code":3,"msg":"\u6ca1\u6709\u6570\u636e\u63d2\u51650"}
2019-10-18 09:58:28,765 requests_search.py[line:259]INFO - 主动搜索数据的插入详情为:{"error_code":3,"msg":"\u6ca1\u6709\u6570\u636e\u63d2\u51650"}
2019-10-18 09:58:29,575 requests_search.py[line:259]INFO - 主动搜索数据的插入详情为:{"error_code":3,"msg":"\u6ca1\u6709\u6570\u636e\u63d2\u51650"}
2019-10-18 09:58:30,639 requests_search.py[line:259]INFO - 主动搜索数据的插入详情为:{"error_code":3,"msg":"\u6ca1\u6709\u6570\u636e\u63d2\u51650"}
2019-10-18 09:58:31,197 requests_search.py[line:259]INFO - 主动搜索数据的插入详情为:{"error_code":3,"msg":"\u6ca1\u6709\u6570\u636e\u63d2\u51650"}
2019-10-18 09:58:32,311 requests_search.py[line:259]INFO - 主动搜索数据的插入详情为:{"error_code":3,"msg":"\u6ca1\u6709\u6570\u636e\u63d2\u51650"}
2019-10-18 09:58:33,217 requests_search.py[line:259]INFO - 主动搜索数据的插入详情为:{"error_code":3,"msg":"\u6ca1\u6709\u6570\u636e\u63d2\u51650"}
2019-10-18 09:58:33,840 requests_search.py[line:259]INFO - 主动搜索数据的插入详情为:{"error_code":3,"msg":"\u6ca1\u6709\u6570\u636e\u63d2\u51650"}
2019-10-18 09:58:34,353 requests_search.py[line:259]INFO - 主动搜索数据的插入详情为:{"error_code":3,"msg":"\u6ca1\u6709\u6570\u636e\u63d2\u51650"}
2019-10-18 09:58:35,127 requests_search.py[line:259]INFO - 主动搜索数据的插入详情为:{"error_code":3,"msg":"\u6ca1\u6709\u6570\u636e\u63d2\u51650"}
2019-10-18 10:01:30,242 requests_search.py[line:259]INFO - 主动搜索数据的插入详情为:{"error_code":3,"msg":"\u6ca1\u6709\u6570\u636e\u63d2\u51650"}
2019-10-18 10:01:30,906 requests_search.py[line:259]INFO - 主动搜索数据的插入详情为:{"error_code":3,"msg":"\u6ca1\u6709\u6570\u636e\u63d2\u51650"}
2019-10-18 10:01:31,574 requests_search.py[line:259]INFO - 主动搜索数据的插入详情为:{"error_code":3,"msg":"\u6ca1\u6709\u6570\u636e\u63d2\u51650"}
2019-10-18 10:01:32,474 requests_search.py[line:259]INFO - 主动搜索数据的插入详情为:{"error_code":3,"msg":"\u6ca1\u6709\u6570\u636e\u63d2\u51650"}
2019-10-18 10:01:32,971 requests_search.py[line:259]INFO - 主动搜索数据的插入详情为:{"error_code":3,"msg":"\u6ca1\u6709\u6570\u636e\u63d2\u51650"}
2019-10-18 10:53:08,734 requests_91job.py[line:308]INFO - 主动投递数据的插入详情为:{"error_code":3,"msg":"\u6ca1\u6709\u6570\u636e\u63d2\u5165"}
2019-10-18 10:53:11,191 requests_91job.py[line:308]INFO - 主动投递数据的插入详情为:{"error_code":3,"msg":"\u6ca1\u6709\u6570\u636e\u63d2\u5165"}
2019-10-18 10:53:58,212 requests_91job.py[line:308]INFO - 主动投递数据的插入详情为:{"error_code":3,"msg":"\u6ca1\u6709\u6570\u636e\u63d2\u5165"}
2019-10-18 10:53:59,829 requests_91job.py[line:308]INFO - 主动投递数据的插入详情为:{"error_code":3,"msg":"\u6ca1\u6709\u6570\u636e\u63d2\u5165"}
2019-10-18 11:00:11,593 requests_91job.py[line:308]INFO - 主动投递数据的插入详情为:{"error_code":3,"msg":"\u6ca1\u6709\u6570\u636e\u63d2\u5165"}
2019-10-18 11:00:13,390 requests_91job.py[line:308]INFO - 主动投递数据的插入详情为:{"error_code":3,"msg":"\u6ca1\u6709\u6570\u636e\u63d2\u5165"}
2019-10-18 14:57:30,661 requests_send_msg.py[line:351]INFO - 开始处理发送短信...
2019-10-18 14:57:33,316 requests_send_msg.py[line:126]INFO - 外部简历为:91_1156177_(15092729113,内部简历为:65076的简历短信邀约成功...
