2019-08-08 18:39:45,981 ZhiLian.py[line:112]ERROR - *=*=*=* 没有找到元素，可能是页面元素信息变更 *=*=*=*=*
2019-08-08 18:39:45,981 ZhiLian.py[line:113]ERROR - *=*=*=* 现在需要管理员重新登录页面来刷新cookie *=*=*=*
2019-08-08 18:46:52,346 ZhiLian.py[line:141]INFO - 本地的cookies文件已经刷新
2019-08-08 18:47:19,446 ZhiLian.py[line:490]INFO - 数据库准备输入>>>>>>>
2019-08-08 18:47:19,771 ZhiLian.py[line:440]WARNING - 没有查找到时间节点
2019-08-08 18:47:19,771 ZhiLian.py[line:471]INFO - 数据库准备修改数据>>>>>>>
2019-08-08 18:47:22,133 ZhiLian.py[line:490]INFO - 数据库准备输入>>>>>>>
2019-08-08 18:47:22,461 ZhiLian.py[line:471]INFO - 数据库准备修改数据>>>>>>>
2019-08-08 18:47:24,825 ZhiLian.py[line:490]INFO - 数据库准备输入>>>>>>>
2019-08-08 18:47:25,149 ZhiLian.py[line:471]INFO - 数据库准备修改数据>>>>>>>
2019-08-08 18:47:27,523 ZhiLian.py[line:490]INFO - 数据库准备输入>>>>>>>
2019-08-08 18:47:27,842 ZhiLian.py[line:471]INFO - 数据库准备修改数据>>>>>>>
2019-08-08 18:47:30,206 ZhiLian.py[line:490]INFO - 数据库准备输入>>>>>>>
2019-08-08 18:47:30,530 ZhiLian.py[line:471]INFO - 数据库准备修改数据>>>>>>>
2019-08-08 18:47:32,897 ZhiLian.py[line:490]INFO - 数据库准备输入>>>>>>>
2019-08-08 18:47:33,220 ZhiLian.py[line:471]INFO - 数据库准备修改数据>>>>>>>
2019-08-08 18:47:35,587 ZhiLian.py[line:490]INFO - 数据库准备输入>>>>>>>
2019-08-08 18:47:36,020 ZhiLian.py[line:471]INFO - 数据库准备修改数据>>>>>>>
2019-08-08 18:47:38,389 ZhiLian.py[line:490]INFO - 数据库准备输入>>>>>>>
2019-08-08 18:47:38,713 ZhiLian.py[line:471]INFO - 数据库准备修改数据>>>>>>>
2019-08-08 18:47:41,071 ZhiLian.py[line:490]INFO - 数据库准备输入>>>>>>>
2019-08-08 18:47:41,423 ZhiLian.py[line:471]INFO - 数据库准备修改数据>>>>>>>
2019-08-08 18:47:43,785 ZhiLian.py[line:490]INFO - 数据库准备输入>>>>>>>
2019-08-08 18:47:44,116 ZhiLian.py[line:471]INFO - 数据库准备修改数据>>>>>>>
2019-08-08 18:47:46,479 ZhiLian.py[line:490]INFO - 数据库准备输入>>>>>>>
2019-08-08 18:47:46,800 ZhiLian.py[line:471]INFO - 数据库准备修改数据>>>>>>>
2019-08-08 18:47:49,164 ZhiLian.py[line:490]INFO - 数据库准备输入>>>>>>>
2019-08-08 18:47:49,488 ZhiLian.py[line:471]INFO - 数据库准备修改数据>>>>>>>
2019-08-08 18:47:51,861 ZhiLian.py[line:490]INFO - 数据库准备输入>>>>>>>
2019-08-08 18:47:52,191 ZhiLian.py[line:471]INFO - 数据库准备修改数据>>>>>>>
2019-08-08 18:47:54,564 ZhiLian.py[line:490]INFO - 数据库准备输入>>>>>>>
2019-08-08 18:47:54,943 ZhiLian.py[line:471]INFO - 数据库准备修改数据>>>>>>>
2019-08-08 18:47:57,303 ZhiLian.py[line:490]INFO - 数据库准备输入>>>>>>>
2019-08-08 18:47:57,636 ZhiLian.py[line:471]INFO - 数据库准备修改数据>>>>>>>
2019-08-08 18:48:00,006 ZhiLian.py[line:490]INFO - 数据库准备输入>>>>>>>
2019-08-08 18:48:00,336 ZhiLian.py[line:471]INFO - 数据库准备修改数据>>>>>>>
2019-08-08 18:48:02,703 ZhiLian.py[line:490]INFO - 数据库准备输入>>>>>>>
2019-08-08 18:48:03,033 ZhiLian.py[line:471]INFO - 数据库准备修改数据>>>>>>>
2019-08-08 18:48:05,398 ZhiLian.py[line:490]INFO - 数据库准备输入>>>>>>>
2019-08-08 18:48:05,722 ZhiLian.py[line:471]INFO - 数据库准备修改数据>>>>>>>
2019-08-08 18:48:08,085 ZhiLian.py[line:490]INFO - 数据库准备输入>>>>>>>
2019-08-08 18:48:08,408 ZhiLian.py[line:471]INFO - 数据库准备修改数据>>>>>>>
2019-08-08 18:48:10,779 ZhiLian.py[line:490]INFO - 数据库准备输入>>>>>>>
2019-08-08 18:48:11,112 ZhiLian.py[line:471]INFO - 数据库准备修改数据>>>>>>>
2019-08-08 18:48:11,435 ZhiLian.py[line:445]INFO - 您在广州外宝电子商务有限公司账号的第1页有14条简历信息超过规定天数没有刷新了
2019-08-08 18:48:11,436 ZhiLian.py[line:628]INFO - **************************************************
2019-08-08 18:48:17,268 ZhiLian.py[line:537]INFO - 您在账号的第1页有0个信息超过30天没有 重新发布/上线
2019-08-08 18:48:17,333 ZhiLian.py[line:635]INFO - 在第1页运行成功
2019-08-08 18:48:43,340 ZhiLian.py[line:490]INFO - 数据库准备输入>>>>>>>
2019-08-08 18:48:43,666 ZhiLian.py[line:471]INFO - 数据库准备修改数据>>>>>>>
2019-08-08 18:48:46,174 ZhiLian.py[line:490]INFO - 数据库准备输入>>>>>>>
2019-08-08 18:48:46,506 ZhiLian.py[line:471]INFO - 数据库准备修改数据>>>>>>>
2019-08-08 18:48:48,876 ZhiLian.py[line:490]INFO - 数据库准备输入>>>>>>>
2019-08-08 18:48:49,203 ZhiLian.py[line:471]INFO - 数据库准备修改数据>>>>>>>
2019-08-08 18:48:51,577 ZhiLian.py[line:490]INFO - 数据库准备输入>>>>>>>
2019-08-08 18:48:51,940 ZhiLian.py[line:471]INFO - 数据库准备修改数据>>>>>>>
2019-08-08 18:48:54,312 ZhiLian.py[line:490]INFO - 数据库准备输入>>>>>>>
2019-08-08 18:48:54,650 ZhiLian.py[line:471]INFO - 数据库准备修改数据>>>>>>>
2019-08-08 18:48:57,019 ZhiLian.py[line:490]INFO - 数据库准备输入>>>>>>>
2019-08-08 18:48:57,354 ZhiLian.py[line:471]INFO - 数据库准备修改数据>>>>>>>
2019-08-08 18:48:59,723 ZhiLian.py[line:490]INFO - 数据库准备输入>>>>>>>
2019-08-08 18:49:00,063 ZhiLian.py[line:471]INFO - 数据库准备修改数据>>>>>>>
2019-08-08 18:49:02,427 ZhiLian.py[line:490]INFO - 数据库准备输入>>>>>>>
2019-08-08 18:49:02,768 ZhiLian.py[line:471]INFO - 数据库准备修改数据>>>>>>>
2019-08-08 18:49:05,129 ZhiLian.py[line:490]INFO - 数据库准备输入>>>>>>>
2019-08-08 18:49:05,448 ZhiLian.py[line:471]INFO - 数据库准备修改数据>>>>>>>
2019-08-08 18:49:07,815 ZhiLian.py[line:490]INFO - 数据库准备输入>>>>>>>
2019-08-08 18:49:08,142 ZhiLian.py[line:471]INFO - 数据库准备修改数据>>>>>>>
2019-08-08 18:49:10,513 ZhiLian.py[line:490]INFO - 数据库准备输入>>>>>>>
2019-08-08 18:49:10,844 ZhiLian.py[line:471]INFO - 数据库准备修改数据>>>>>>>
2019-08-08 18:49:13,209 ZhiLian.py[line:490]INFO - 数据库准备输入>>>>>>>
2019-08-08 18:49:13,535 ZhiLian.py[line:471]INFO - 数据库准备修改数据>>>>>>>
2019-08-08 18:49:15,897 ZhiLian.py[line:490]INFO - 数据库准备输入>>>>>>>
2019-08-08 18:49:16,226 ZhiLian.py[line:471]INFO - 数据库准备修改数据>>>>>>>
2019-08-08 18:49:18,595 ZhiLian.py[line:490]INFO - 数据库准备输入>>>>>>>
2019-08-08 18:49:18,925 ZhiLian.py[line:471]INFO - 数据库准备修改数据>>>>>>>
2019-08-08 18:49:21,295 ZhiLian.py[line:490]INFO - 数据库准备输入>>>>>>>
2019-08-08 18:49:21,631 ZhiLian.py[line:471]INFO - 数据库准备修改数据>>>>>>>
2019-08-08 18:49:21,958 ZhiLian.py[line:445]INFO - 您在广州外宝电子商务有限公司账号的第2页有14条简历信息超过规定天数没有刷新了
2019-08-08 18:49:21,958 ZhiLian.py[line:628]INFO - **************************************************
2019-08-08 18:49:27,674 ZhiLian.py[line:537]INFO - 您在账号的第2页有0个信息超过30天没有 重新发布/上线
2019-08-08 18:49:27,676 ZhiLian.py[line:596]INFO - 》》》》》系统发送刷新信息成功
2019-08-08 18:49:27,718 ZhiLian.py[line:614]INFO - >>>>>>>>>没有需要发送的<发布>信息
2019-08-08 18:49:56,816 ZhiLian.py[line:176]INFO - 当前位置为第1页！
2019-08-08 18:50:48,054 ZhiLian.py[line:231]INFO - 抢人程序跑完了》》等待接下来的操作
2019-08-08 18:50:55,141 ZhiLian.py[line:176]INFO - 当前位置为第2页！
2019-08-08 18:51:41,609 ZhiLian.py[line:231]INFO - 抢人程序跑完了》》等待接下来的操作
2019-08-08 18:51:49,678 ZhiLian.py[line:176]INFO - 当前位置为第3页！
2019-08-08 18:52:35,417 ZhiLian.py[line:231]INFO - 抢人程序跑完了》》等待接下来的操作
2019-08-08 18:52:43,504 ZhiLian.py[line:176]INFO - 当前位置为第4页！
2019-08-08 18:53:31,777 ZhiLian.py[line:231]INFO - 抢人程序跑完了》》等待接下来的操作
2019-08-08 18:53:38,870 ZhiLian.py[line:176]INFO - 当前位置为第5页！
2019-08-08 18:54:34,890 ZhiLian.py[line:231]INFO - 抢人程序跑完了》》等待接下来的操作
2019-08-08 18:54:34,890 ZhiLian.py[line:194]INFO - 只查询前5页简历信息，现在页码超过5页，退出查询
2019-08-08 18:54:37,096 ZhiLian.py[line:663]INFO - 招聘信息》》》抓取进程开启成功
