2019-11-01 08:40:50,922 detail_and_down.py[line:181]INFO - 当前在第1页，页面数据有0条,全部数据有4531条
2019-11-01 08:41:02,411 detail_and_down.py[line:596]INFO - 数据的插入详情为:{"error_code":0,"msg":"success"}
2019-11-01 08:41:13,406 detail_and_down.py[line:596]INFO - 数据的插入详情为:{"error_code":0,"msg":"success"}
2019-11-01 08:41:24,025 detail_and_down.py[line:596]INFO - 数据的插入详情为:{"error_code":3,"msg":"\u6ca1\u6709\u6570\u636e\u63d2\u5165"}
2019-11-01 08:41:35,693 detail_and_down.py[line:596]INFO - 数据的插入详情为:{"error_code":0,"msg":"success"}
2019-11-01 08:41:55,811 detail_and_down.py[line:596]INFO - 数据的插入详情为:{"error_code":0,"msg":"success"}
2019-11-01 08:42:06,609 detail_and_down.py[line:596]INFO - 数据的插入详情为:{"error_code":3,"msg":"\u6ca1\u6709\u6570\u636e\u63d2\u5165"}
2019-11-01 08:42:17,571 detail_and_down.py[line:596]INFO - 数据的插入详情为:{"error_code":0,"msg":"success"}
2019-11-01 08:42:29,236 detail_and_down.py[line:596]INFO - 数据的插入详情为:{"error_code":0,"msg":"success"}
2019-11-01 08:42:39,461 detail_and_down.py[line:596]INFO - 数据的插入详情为:{"error_code":0,"msg":"success"}
2019-11-01 08:42:51,022 detail_and_down.py[line:596]INFO - 数据的插入详情为:{"error_code":0,"msg":"success"}
2019-11-01 08:43:02,400 detail_and_down.py[line:596]INFO - 数据的插入详情为:{"error_code":0,"msg":"success"}
2019-11-01 08:43:12,891 detail_and_down.py[line:596]INFO - 数据的插入详情为:{"error_code":3,"msg":"\u6ca1\u6709\u6570\u636e\u63d2\u5165"}
2019-11-01 08:43:23,097 detail_and_down.py[line:596]INFO - 数据的插入详情为:{"error_code":3,"msg":"\u6ca1\u6709\u6570\u636e\u63d2\u5165"}
2019-11-01 08:43:34,218 detail_and_down.py[line:596]INFO - 数据的插入详情为:{"error_code":0,"msg":"success"}
2019-11-01 08:43:44,598 detail_and_down.py[line:596]INFO - 数据的插入详情为:{"error_code":3,"msg":"\u6ca1\u6709\u6570\u636e\u63d2\u5165"}
2019-11-01 08:43:56,924 detail_and_down.py[line:596]INFO - 数据的插入详情为:{"error_code":6,"msg":"\u8fc7\u6ee4\u638940\u5c81\u4ee5\u4e0a\u7684\u4eba\u5458"}
2019-11-01 08:44:09,515 detail_and_down.py[line:596]INFO - 数据的插入详情为:{"error_code":0,"msg":"success"}
2019-11-01 08:44:21,526 detail_and_down.py[line:596]INFO - 数据的插入详情为:{"error_code":3,"msg":"\u6ca1\u6709\u6570\u636e\u63d2\u5165"}
2019-11-01 08:44:31,779 detail_and_down.py[line:596]INFO - 数据的插入详情为:{"error_code":3,"msg":"\u6ca1\u6709\u6570\u636e\u63d2\u5165"}
2019-11-01 08:44:42,673 detail_and_down.py[line:596]INFO - 数据的插入详情为:{"error_code":3,"msg":"\u6ca1\u6709\u6570\u636e\u63d2\u5165"}
2019-11-01 08:44:54,025 detail_and_down.py[line:596]INFO - 数据的插入详情为:{"error_code":0,"msg":"success"}
2019-11-01 08:45:04,636 detail_and_down.py[line:596]INFO - 数据的插入详情为:{"error_code":0,"msg":"success"}
2019-11-01 08:45:15,642 detail_and_down.py[line:596]INFO - 数据的插入详情为:{"error_code":0,"msg":"success"}
2019-11-01 08:45:28,228 detail_and_down.py[line:596]INFO - 数据的插入详情为:{"error_code":3,"msg":"\u6ca1\u6709\u6570\u636e\u63d2\u5165"}
2019-11-01 08:45:40,433 detail_and_down.py[line:596]INFO - 数据的插入详情为:{"error_code":3,"msg":"\u6ca1\u6709\u6570\u636e\u63d2\u5165"}
2019-11-01 08:45:53,227 detail_and_down.py[line:596]INFO - 数据的插入详情为:{"error_code":3,"msg":"\u6ca1\u6709\u6570\u636e\u63d2\u5165"}
2019-11-01 08:46:04,574 detail_and_down.py[line:596]INFO - 数据的插入详情为:{"error_code":3,"msg":"\u6ca1\u6709\u6570\u636e\u63d2\u5165"}
2019-11-01 08:46:16,102 detail_and_down.py[line:596]INFO - 数据的插入详情为:{"error_code":3,"msg":"\u6ca1\u6709\u6570\u636e\u63d2\u5165"}
2019-11-01 08:46:27,504 detail_and_down.py[line:596]INFO - 数据的插入详情为:{"error_code":0,"msg":"success"}
2019-11-01 08:46:38,721 detail_and_down.py[line:596]INFO - 数据的插入详情为:{"error_code":3,"msg":"\u6ca1\u6709\u6570\u636e\u63d2\u5165"}
2019-11-01 08:46:49,930 detail_and_down.py[line:596]INFO - 数据的插入详情为:{"error_code":0,"msg":"success"}
2019-11-01 08:47:01,013 detail_and_down.py[line:596]INFO - 数据的插入详情为:{"error_code":0,"msg":"success"}
2019-11-01 08:47:12,554 detail_and_down.py[line:596]INFO - 数据的插入详情为:{"error_code":0,"msg":"success"}
2019-11-01 08:47:23,038 detail_and_down.py[line:596]INFO - 数据的插入详情为:{"error_code":0,"msg":"success"}
2019-11-01 08:47:43,283 detail_and_down.py[line:596]INFO - 数据的插入详情为:{"error_code":0,"msg":"success"}
2019-11-01 08:47:55,094 detail_and_down.py[line:596]INFO - 数据的插入详情为:{"error_code":0,"msg":"success"}
2019-11-01 08:48:06,594 detail_and_down.py[line:596]INFO - 数据的插入详情为:{"error_code":6,"msg":"\u8fc7\u6ee4\u638940\u5c81\u4ee5\u4e0a\u7684\u4eba\u5458"}
2019-11-01 08:48:17,397 detail_and_down.py[line:596]INFO - 数据的插入详情为:{"error_code":0,"msg":"success"}
2019-11-01 08:48:29,203 detail_and_down.py[line:596]INFO - 数据的插入详情为:{"error_code":0,"msg":"success"}
2019-11-01 08:48:40,275 detail_and_down.py[line:596]INFO - 数据的插入详情为:{"error_code":6,"msg":"\u8fc7\u6ee4\u638940\u5c81\u4ee5\u4e0a\u7684\u4eba\u5458"}
2019-11-01 08:48:50,945 detail_and_down.py[line:596]INFO - 数据的插入详情为:{"error_code":0,"msg":"success"}
2019-11-01 08:49:02,345 detail_and_down.py[line:596]INFO - 数据的插入详情为:{"error_code":0,"msg":"success"}
2019-11-01 08:49:12,439 detail_and_down.py[line:596]INFO - 数据的插入详情为:{"error_code":3,"msg":"\u6ca1\u6709\u6570\u636e\u63d2\u5165"}
2019-11-01 08:49:24,009 detail_and_down.py[line:596]INFO - 数据的插入详情为:{"error_code":3,"msg":"\u6ca1\u6709\u6570\u636e\u63d2\u5165"}
2019-11-01 08:49:35,923 detail_and_down.py[line:596]INFO - 数据的插入详情为:{"error_code":3,"msg":"\u6ca1\u6709\u6570\u636e\u63d2\u5165"}
2019-11-01 08:49:46,291 detail_and_down.py[line:596]INFO - 数据的插入详情为:{"error_code":0,"msg":"success"}
2019-11-01 08:49:59,010 detail_and_down.py[line:596]INFO - 数据的插入详情为:{"error_code":6,"msg":"\u8fc7\u6ee4\u638940\u5c81\u4ee5\u4e0a\u7684\u4eba\u5458"}
2019-11-01 08:50:10,525 detail_and_down.py[line:596]INFO - 数据的插入详情为:{"error_code":0,"msg":"success"}
2019-11-01 08:50:23,469 detail_and_down.py[line:596]INFO - 数据的插入详情为:{"error_code":0,"msg":"success"}
2019-11-01 08:50:34,084 detail_and_down.py[line:596]INFO - 数据的插入详情为:{"error_code":3,"msg":"\u6ca1\u6709\u6570\u636e\u63d2\u5165"}
2019-11-01 08:50:42,660 detail_and_down.py[line:609]INFO - 每日例行推出界面启动...
2019-11-01 18:23:24,401 detail_and_down.py[line:181]INFO - 当前在第1页，页面数据有0条,全部数据有4562条
2019-11-01 18:23:34,758 detail_and_down.py[line:596]INFO - 数据的插入详情为:{"error_code":0,"msg":"success"}
2019-11-01 18:23:45,501 detail_and_down.py[line:596]INFO - 数据的插入详情为:{"error_code":3,"msg":"\u6ca1\u6709\u6570\u636e\u63d2\u5165"}
2019-11-01 18:23:57,409 detail_and_down.py[line:596]INFO - 数据的插入详情为:{"error_code":0,"msg":"success"}
2019-11-01 18:24:08,422 detail_and_down.py[line:596]INFO - 数据的插入详情为:{"error_code":0,"msg":"success"}
2019-11-01 18:24:19,215 detail_and_down.py[line:596]INFO - 数据的插入详情为:{"error_code":0,"msg":"success"}
2019-11-01 18:24:40,194 detail_and_down.py[line:596]INFO - 数据的插入详情为:{"error_code":3,"msg":"\u6ca1\u6709\u6570\u636e\u63d2\u5165"}
2019-11-01 18:24:50,772 detail_and_down.py[line:596]INFO - 数据的插入详情为:{"error_code":0,"msg":"success"}
2019-11-01 18:25:01,957 detail_and_down.py[line:596]INFO - 数据的插入详情为:{"error_code":3,"msg":"\u6ca1\u6709\u6570\u636e\u63d2\u5165"}
2019-11-01 18:25:13,437 detail_and_down.py[line:596]INFO - 数据的插入详情为:{"error_code":3,"msg":"\u6ca1\u6709\u6570\u636e\u63d2\u5165"}
2019-11-01 18:25:25,730 detail_and_down.py[line:596]INFO - 数据的插入详情为:{"error_code":0,"msg":"success"}
2019-11-01 18:25:37,390 detail_and_down.py[line:596]INFO - 数据的插入详情为:{"error_code":3,"msg":"\u6ca1\u6709\u6570\u636e\u63d2\u5165"}
2019-11-01 18:25:48,325 detail_and_down.py[line:596]INFO - 数据的插入详情为:{"error_code":0,"msg":"success"}
2019-11-01 18:25:59,024 detail_and_down.py[line:596]INFO - 数据的插入详情为:{"error_code":0,"msg":"success"}
2019-11-01 18:26:10,058 detail_and_down.py[line:596]INFO - 数据的插入详情为:{"error_code":0,"msg":"success"}
2019-11-01 18:26:21,253 detail_and_down.py[line:596]INFO - 数据的插入详情为:{"error_code":3,"msg":"\u6ca1\u6709\u6570\u636e\u63d2\u5165"}
2019-11-01 18:26:32,477 detail_and_down.py[line:596]INFO - 数据的插入详情为:{"error_code":0,"msg":"success"}
2019-11-01 18:26:43,381 detail_and_down.py[line:596]INFO - 数据的插入详情为:{"error_code":0,"msg":"success"}
2019-11-01 18:26:54,585 detail_and_down.py[line:596]INFO - 数据的插入详情为:{"error_code":0,"msg":"success"}
2019-11-01 18:27:05,648 detail_and_down.py[line:596]INFO - 数据的插入详情为:{"error_code":3,"msg":"\u6ca1\u6709\u6570\u636e\u63d2\u5165"}
2019-11-01 18:27:17,133 detail_and_down.py[line:596]INFO - 数据的插入详情为:{"error_code":0,"msg":"success"}
2019-11-01 18:27:29,379 detail_and_down.py[line:596]INFO - 数据的插入详情为:{"error_code":6,"msg":"\u8fc7\u6ee4\u638940\u5c81\u4ee5\u4e0a\u7684\u4eba\u5458"}
2019-11-01 18:27:40,595 detail_and_down.py[line:596]INFO - 数据的插入详情为:{"error_code":0,"msg":"success"}
2019-11-01 18:27:51,973 detail_and_down.py[line:596]INFO - 数据的插入详情为:{"error_code":3,"msg":"\u6ca1\u6709\u6570\u636e\u63d2\u5165"}
2019-11-01 18:28:03,492 detail_and_down.py[line:596]INFO - 数据的插入详情为:{"error_code":3,"msg":"\u6ca1\u6709\u6570\u636e\u63d2\u5165"}
2019-11-01 18:28:13,186 detail_and_down.py[line:596]INFO - 数据的插入详情为:{"error_code":0,"msg":"success"}
2019-11-01 18:28:24,766 detail_and_down.py[line:596]INFO - 数据的插入详情为:{"error_code":3,"msg":"\u6ca1\u6709\u6570\u636e\u63d2\u5165"}
2019-11-01 18:28:36,066 detail_and_down.py[line:596]INFO - 数据的插入详情为:{"error_code":3,"msg":"\u6ca1\u6709\u6570\u636e\u63d2\u5165"}
2019-11-01 18:28:47,575 detail_and_down.py[line:596]INFO - 数据的插入详情为:{"error_code":3,"msg":"\u6ca1\u6709\u6570\u636e\u63d2\u5165"}
2019-11-01 18:28:58,773 detail_and_down.py[line:596]INFO - 数据的插入详情为:{"error_code":3,"msg":"\u6ca1\u6709\u6570\u636e\u63d2\u5165"}
2019-11-01 18:29:10,659 detail_and_down.py[line:596]INFO - 数据的插入详情为:{"error_code":3,"msg":"\u6ca1\u6709\u6570\u636e\u63d2\u5165"}
2019-11-01 18:29:21,450 detail_and_down.py[line:596]INFO - 数据的插入详情为:{"error_code":3,"msg":"\u6ca1\u6709\u6570\u636e\u63d2\u5165"}
2019-11-01 18:29:32,267 detail_and_down.py[line:596]INFO - 数据的插入详情为:{"error_code":3,"msg":"\u6ca1\u6709\u6570\u636e\u63d2\u5165"}
2019-11-01 18:29:41,927 detail_and_down.py[line:596]INFO - 数据的插入详情为:{"error_code":3,"msg":"\u6ca1\u6709\u6570\u636e\u63d2\u5165"}
2019-11-01 18:29:52,105 detail_and_down.py[line:596]INFO - 数据的插入详情为:{"error_code":3,"msg":"\u6ca1\u6709\u6570\u636e\u63d2\u5165"}
2019-11-01 18:30:03,761 detail_and_down.py[line:596]INFO - 数据的插入详情为:{"error_code":3,"msg":"\u6ca1\u6709\u6570\u636e\u63d2\u5165"}
2019-11-01 18:30:13,734 detail_and_down.py[line:596]INFO - 数据的插入详情为:{"error_code":3,"msg":"\u6ca1\u6709\u6570\u636e\u63d2\u5165"}
2019-11-01 18:30:24,054 detail_and_down.py[line:596]INFO - 数据的插入详情为:{"error_code":3,"msg":"\u6ca1\u6709\u6570\u636e\u63d2\u5165"}
2019-11-01 18:30:34,088 detail_and_down.py[line:596]INFO - 数据的插入详情为:{"error_code":3,"msg":"\u6ca1\u6709\u6570\u636e\u63d2\u5165"}
2019-11-01 18:30:43,680 detail_and_down.py[line:596]INFO - 数据的插入详情为:{"error_code":3,"msg":"\u6ca1\u6709\u6570\u636e\u63d2\u5165"}
2019-11-01 18:30:53,788 detail_and_down.py[line:596]INFO - 数据的插入详情为:{"error_code":3,"msg":"\u6ca1\u6709\u6570\u636e\u63d2\u5165"}
2019-11-01 18:31:04,661 detail_and_down.py[line:596]INFO - 数据的插入详情为:{"error_code":3,"msg":"\u6ca1\u6709\u6570\u636e\u63d2\u5165"}
2019-11-01 18:31:16,744 detail_and_down.py[line:596]INFO - 数据的插入详情为:{"error_code":3,"msg":"\u6ca1\u6709\u6570\u636e\u63d2\u5165"}
2019-11-01 18:31:25,788 detail_and_down.py[line:609]INFO - 每日例行推出界面启动...
2019-11-02 09:00:09,540 detail_and_down.py[line:181]INFO - 当前在第1页，页面数据有0条,全部数据有4545条
2019-11-02 09:00:20,954 detail_and_down.py[line:596]INFO - 数据的插入详情为:{"error_code":6,"msg":"\u8fc7\u6ee4\u638940\u5c81\u4ee5\u4e0a\u7684\u4eba\u5458"}
2019-11-02 09:00:31,867 detail_and_down.py[line:596]INFO - 数据的插入详情为:{"error_code":0,"msg":"success"}
2019-11-02 09:00:43,648 detail_and_down.py[line:596]INFO - 数据的插入详情为:{"error_code":3,"msg":"\u6ca1\u6709\u6570\u636e\u63d2\u5165"}
2019-11-02 09:00:54,663 detail_and_down.py[line:596]INFO - 数据的插入详情为:{"error_code":0,"msg":"success"}
2019-11-02 09:01:05,557 detail_and_down.py[line:596]INFO - 数据的插入详情为:{"error_code":0,"msg":"success"}
2019-11-02 09:01:16,840 detail_and_down.py[line:596]INFO - 数据的插入详情为:{"error_code":3,"msg":"\u6ca1\u6709\u6570\u636e\u63d2\u5165"}
2019-11-02 09:01:26,403 detail_and_down.py[line:596]INFO - 数据的插入详情为:{"error_code":3,"msg":"\u6ca1\u6709\u6570\u636e\u63d2\u5165"}
2019-11-02 09:01:36,678 detail_and_down.py[line:596]INFO - 数据的插入详情为:{"error_code":3,"msg":"\u6ca1\u6709\u6570\u636e\u63d2\u5165"}
2019-11-02 09:01:47,564 detail_and_down.py[line:596]INFO - 数据的插入详情为:{"error_code":3,"msg":"\u6ca1\u6709\u6570\u636e\u63d2\u5165"}
2019-11-02 09:02:00,242 detail_and_down.py[line:596]INFO - 数据的插入详情为:{"error_code":3,"msg":"\u6ca1\u6709\u6570\u636e\u63d2\u5165"}
2019-11-02 09:02:11,737 detail_and_down.py[line:596]INFO - 数据的插入详情为:{"error_code":3,"msg":"\u6ca1\u6709\u6570\u636e\u63d2\u5165"}
2019-11-02 09:02:21,677 detail_and_down.py[line:596]INFO - 数据的插入详情为:{"error_code":3,"msg":"\u6ca1\u6709\u6570\u636e\u63d2\u5165"}
2019-11-02 09:02:33,452 detail_and_down.py[line:596]INFO - 数据的插入详情为:{"error_code":3,"msg":"\u6ca1\u6709\u6570\u636e\u63d2\u5165"}
2019-11-02 09:02:43,371 detail_and_down.py[line:596]INFO - 数据的插入详情为:{"error_code":3,"msg":"\u6ca1\u6709\u6570\u636e\u63d2\u5165"}
2019-11-02 09:03:00,214 detail_and_down.py[line:596]INFO - 数据的插入详情为:{"error_code":3,"msg":"\u6ca1\u6709\u6570\u636e\u63d2\u5165"}
2019-11-02 09:03:10,170 detail_and_down.py[line:596]INFO - 数据的插入详情为:{"error_code":0,"msg":"success"}
2019-11-02 09:03:20,078 detail_and_down.py[line:596]INFO - 数据的插入详情为:{"error_code":3,"msg":"\u6ca1\u6709\u6570\u636e\u63d2\u5165"}
2019-11-02 09:03:31,405 detail_and_down.py[line:596]INFO - 数据的插入详情为:{"error_code":0,"msg":"success"}
2019-11-02 09:03:42,711 detail_and_down.py[line:596]INFO - 数据的插入详情为:{"error_code":0,"msg":"success"}
2019-11-02 09:03:55,191 detail_and_down.py[line:596]INFO - 数据的插入详情为:{"error_code":3,"msg":"\u6ca1\u6709\u6570\u636e\u63d2\u5165"}
2019-11-02 09:04:05,564 detail_and_down.py[line:596]INFO - 数据的插入详情为:{"error_code":3,"msg":"\u6ca1\u6709\u6570\u636e\u63d2\u5165"}
2019-11-02 09:04:16,579 detail_and_down.py[line:596]INFO - 数据的插入详情为:{"error_code":0,"msg":"success"}
2019-11-02 09:04:27,020 detail_and_down.py[line:596]INFO - 数据的插入详情为:{"error_code":3,"msg":"\u6ca1\u6709\u6570\u636e\u63d2\u5165"}
2019-11-02 09:04:38,663 detail_and_down.py[line:596]INFO - 数据的插入详情为:{"error_code":3,"msg":"\u6ca1\u6709\u6570\u636e\u63d2\u5165"}
2019-11-02 09:04:49,999 detail_and_down.py[line:596]INFO - 数据的插入详情为:{"error_code":3,"msg":"\u6ca1\u6709\u6570\u636e\u63d2\u5165"}
2019-11-02 09:05:01,597 detail_and_down.py[line:596]INFO - 数据的插入详情为:{"error_code":3,"msg":"\u6ca1\u6709\u6570\u636e\u63d2\u5165"}
2019-11-02 09:05:13,155 detail_and_down.py[line:596]INFO - 数据的插入详情为:{"error_code":3,"msg":"\u6ca1\u6709\u6570\u636e\u63d2\u5165"}
2019-11-02 09:05:24,305 detail_and_down.py[line:596]INFO - 数据的插入详情为:{"error_code":3,"msg":"\u6ca1\u6709\u6570\u636e\u63d2\u5165"}
2019-11-02 09:05:35,098 detail_and_down.py[line:596]INFO - 数据的插入详情为:{"error_code":3,"msg":"\u6ca1\u6709\u6570\u636e\u63d2\u5165"}
2019-11-02 09:05:47,045 detail_and_down.py[line:596]INFO - 数据的插入详情为:{"error_code":3,"msg":"\u6ca1\u6709\u6570\u636e\u63d2\u5165"}
2019-11-02 09:05:57,398 detail_and_down.py[line:596]INFO - 数据的插入详情为:{"error_code":3,"msg":"\u6ca1\u6709\u6570\u636e\u63d2\u5165"}
2019-11-02 09:06:07,825 detail_and_down.py[line:596]INFO - 数据的插入详情为:{"error_code":3,"msg":"\u6ca1\u6709\u6570\u636e\u63d2\u5165"}
2019-11-02 09:06:18,788 detail_and_down.py[line:596]INFO - 数据的插入详情为:{"error_code":3,"msg":"\u6ca1\u6709\u6570\u636e\u63d2\u5165"}
2019-11-02 09:06:31,617 detail_and_down.py[line:596]INFO - 数据的插入详情为:{"error_code":3,"msg":"\u6ca1\u6709\u6570\u636e\u63d2\u5165"}
2019-11-02 09:06:42,052 detail_and_down.py[line:596]INFO - 数据的插入详情为:{"error_code":3,"msg":"\u6ca1\u6709\u6570\u636e\u63d2\u5165"}
2019-11-02 09:06:53,930 detail_and_down.py[line:596]INFO - 数据的插入详情为:{"error_code":3,"msg":"\u6ca1\u6709\u6570\u636e\u63d2\u5165"}
2019-11-02 09:07:05,740 detail_and_down.py[line:596]INFO - 数据的插入详情为:{"error_code":3,"msg":"\u6ca1\u6709\u6570\u636e\u63d2\u5165"}
2019-11-02 09:07:16,530 detail_and_down.py[line:596]INFO - 数据的插入详情为:{"error_code":3,"msg":"\u6ca1\u6709\u6570\u636e\u63d2\u5165"}
2019-11-02 09:07:28,630 detail_and_down.py[line:596]INFO - 数据的插入详情为:{"error_code":6,"msg":"\u8fc7\u6ee4\u638940\u5c81\u4ee5\u4e0a\u7684\u4eba\u5458"}
2019-11-02 09:07:38,408 detail_and_down.py[line:596]INFO - 数据的插入详情为:{"error_code":3,"msg":"\u6ca1\u6709\u6570\u636e\u63d2\u5165"}
2019-11-02 09:07:49,681 detail_and_down.py[line:596]INFO - 数据的插入详情为:{"error_code":3,"msg":"\u6ca1\u6709\u6570\u636e\u63d2\u5165"}
2019-11-02 09:08:01,370 detail_and_down.py[line:596]INFO - 数据的插入详情为:{"error_code":3,"msg":"\u6ca1\u6709\u6570\u636e\u63d2\u5165"}
2019-11-02 09:08:11,793 detail_and_down.py[line:596]INFO - 数据的插入详情为:{"error_code":3,"msg":"\u6ca1\u6709\u6570\u636e\u63d2\u5165"}
2019-11-02 09:08:22,818 detail_and_down.py[line:596]INFO - 数据的插入详情为:{"error_code":3,"msg":"\u6ca1\u6709\u6570\u636e\u63d2\u5165"}
2019-11-02 09:08:33,191 detail_and_down.py[line:596]INFO - 数据的插入详情为:{"error_code":3,"msg":"\u6ca1\u6709\u6570\u636e\u63d2\u5165"}
2019-11-02 09:08:43,665 detail_and_down.py[line:596]INFO - 数据的插入详情为:{"error_code":3,"msg":"\u6ca1\u6709\u6570\u636e\u63d2\u5165"}
2019-11-02 09:08:55,294 detail_and_down.py[line:596]INFO - 数据的插入详情为:{"error_code":3,"msg":"\u6ca1\u6709\u6570\u636e\u63d2\u5165"}
2019-11-02 09:09:07,758 detail_and_down.py[line:596]INFO - 数据的插入详情为:{"error_code":3,"msg":"\u6ca1\u6709\u6570\u636e\u63d2\u5165"}
2019-11-02 09:09:19,435 detail_and_down.py[line:596]INFO - 数据的插入详情为:{"error_code":3,"msg":"\u6ca1\u6709\u6570\u636e\u63d2\u5165"}
2019-11-02 09:09:30,598 detail_and_down.py[line:596]INFO - 数据的插入详情为:{"error_code":3,"msg":"\u6ca1\u6709\u6570\u636e\u63d2\u5165"}
2019-11-02 09:09:40,486 detail_and_down.py[line:609]INFO - 每日例行推出界面启动...
2019-11-03 20:19:33,774 detail_and_down.py[line:181]INFO - 当前在第1页，页面数据有0条,全部数据有4568条
2019-11-03 20:19:44,585 detail_and_down.py[line:596]INFO - 数据的插入详情为:{"error_code":0,"msg":"success"}
2019-11-03 20:19:55,044 detail_and_down.py[line:596]INFO - 数据的插入详情为:{"error_code":3,"msg":"\u6ca1\u6709\u6570\u636e\u63d2\u5165"}
2019-11-03 20:20:06,094 detail_and_down.py[line:596]INFO - 数据的插入详情为:{"error_code":0,"msg":"success"}
2019-11-03 20:20:16,596 detail_and_down.py[line:596]INFO - 数据的插入详情为:{"error_code":3,"msg":"\u6ca1\u6709\u6570\u636e\u63d2\u5165"}
2019-11-03 20:20:29,203 detail_and_down.py[line:596]INFO - 数据的插入详情为:{"error_code":0,"msg":"success"}
2019-11-03 20:20:49,538 detail_and_down.py[line:596]INFO - 数据的插入详情为:{"error_code":0,"msg":"success"}
2019-11-03 20:21:00,874 detail_and_down.py[line:596]INFO - 数据的插入详情为:{"error_code":0,"msg":"success"}
2019-11-03 20:21:10,924 detail_and_down.py[line:596]INFO - 数据的插入详情为:{"error_code":0,"msg":"success"}
2019-11-03 20:21:20,826 detail_and_down.py[line:596]INFO - 数据的插入详情为:{"error_code":3,"msg":"\u6ca1\u6709\u6570\u636e\u63d2\u5165"}
2019-11-03 20:21:30,610 detail_and_down.py[line:596]INFO - 数据的插入详情为:{"error_code":0,"msg":"success"}
2019-11-03 20:21:41,694 detail_and_down.py[line:596]INFO - 数据的插入详情为:{"error_code":0,"msg":"success"}
2019-11-03 20:21:52,176 detail_and_down.py[line:596]INFO - 数据的插入详情为:{"error_code":0,"msg":"success"}
2019-11-03 20:22:04,164 detail_and_down.py[line:596]INFO - 数据的插入详情为:{"error_code":0,"msg":"success"}
2019-11-03 20:22:16,424 detail_and_down.py[line:596]INFO - 数据的插入详情为:{"error_code":3,"msg":"\u6ca1\u6709\u6570\u636e\u63d2\u5165"}
2019-11-03 20:22:27,299 detail_and_down.py[line:596]INFO - 数据的插入详情为:{"error_code":3,"msg":"\u6ca1\u6709\u6570\u636e\u63d2\u5165"}
2019-11-03 20:22:39,205 detail_and_down.py[line:596]INFO - 数据的插入详情为:{"error_code":3,"msg":"\u6ca1\u6709\u6570\u636e\u63d2\u5165"}
2019-11-03 20:22:50,264 detail_and_down.py[line:596]INFO - 数据的插入详情为:{"error_code":0,"msg":"success"}
2019-11-03 20:23:01,769 detail_and_down.py[line:596]INFO - 数据的插入详情为:{"error_code":0,"msg":"success"}
2019-11-03 20:23:13,069 detail_and_down.py[line:596]INFO - 数据的插入详情为:{"error_code":3,"msg":"\u6ca1\u6709\u6570\u636e\u63d2\u5165"}
2019-11-03 20:23:23,823 detail_and_down.py[line:596]INFO - 数据的插入详情为:{"error_code":3,"msg":"\u6ca1\u6709\u6570\u636e\u63d2\u5165"}
2019-11-03 20:23:34,641 detail_and_down.py[line:596]INFO - 数据的插入详情为:{"error_code":3,"msg":"\u6ca1\u6709\u6570\u636e\u63d2\u5165"}
2019-11-03 20:23:45,877 detail_and_down.py[line:596]INFO - 数据的插入详情为:{"error_code":6,"msg":"\u8fc7\u6ee4\u638940\u5c81\u4ee5\u4e0a\u7684\u4eba\u5458"}
2019-11-03 20:23:56,795 detail_and_down.py[line:596]INFO - 数据的插入详情为:{"error_code":3,"msg":"\u6ca1\u6709\u6570\u636e\u63d2\u5165"}
2019-11-03 20:24:09,098 detail_and_down.py[line:596]INFO - 数据的插入详情为:{"error_code":3,"msg":"\u6ca1\u6709\u6570\u636e\u63d2\u5165"}
2019-11-03 20:24:19,130 detail_and_down.py[line:596]INFO - 数据的插入详情为:{"error_code":0,"msg":"success"}
2019-11-03 20:24:31,268 detail_and_down.py[line:596]INFO - 数据的插入详情为:{"error_code":6,"msg":"\u8fc7\u6ee4\u638940\u5c81\u4ee5\u4e0a\u7684\u4eba\u5458"}
2019-11-03 20:24:42,602 detail_and_down.py[line:596]INFO - 数据的插入详情为:{"error_code":3,"msg":"\u6ca1\u6709\u6570\u636e\u63d2\u5165"}
2019-11-03 20:24:52,553 detail_and_down.py[line:596]INFO - 数据的插入详情为:{"error_code":0,"msg":"success"}
2019-11-03 20:25:03,316 detail_and_down.py[line:596]INFO - 数据的插入详情为:{"error_code":0,"msg":"success"}
2019-11-03 20:25:13,892 detail_and_down.py[line:596]INFO - 数据的插入详情为:{"error_code":3,"msg":"\u6ca1\u6709\u6570\u636e\u63d2\u5165"}
2019-11-03 20:25:25,206 detail_and_down.py[line:596]INFO - 数据的插入详情为:{"error_code":6,"msg":"\u8fc7\u6ee4\u638940\u5c81\u4ee5\u4e0a\u7684\u4eba\u5458"}
2019-11-03 20:25:36,679 detail_and_down.py[line:596]INFO - 数据的插入详情为:{"error_code":0,"msg":"success"}
2019-11-03 20:25:46,989 detail_and_down.py[line:596]INFO - 数据的插入详情为:{"error_code":3,"msg":"\u6ca1\u6709\u6570\u636e\u63d2\u5165"}
2019-11-03 20:25:58,678 detail_and_down.py[line:596]INFO - 数据的插入详情为:{"error_code":0,"msg":"success"}
2019-11-03 20:26:10,476 detail_and_down.py[line:596]INFO - 数据的插入详情为:{"error_code":6,"msg":"\u8fc7\u6ee4\u638940\u5c81\u4ee5\u4e0a\u7684\u4eba\u5458"}
2019-11-03 20:26:21,495 detail_and_down.py[line:596]INFO - 数据的插入详情为:{"error_code":3,"msg":"\u6ca1\u6709\u6570\u636e\u63d2\u5165"}
2019-11-03 20:26:33,072 detail_and_down.py[line:596]INFO - 数据的插入详情为:{"error_code":3,"msg":"\u6ca1\u6709\u6570\u636e\u63d2\u5165"}
2019-11-03 20:26:44,283 detail_and_down.py[line:596]INFO - 数据的插入详情为:{"error_code":3,"msg":"\u6ca1\u6709\u6570\u636e\u63d2\u5165"}
2019-11-03 20:26:55,687 detail_and_down.py[line:596]INFO - 数据的插入详情为:{"error_code":3,"msg":"\u6ca1\u6709\u6570\u636e\u63d2\u5165"}
2019-11-03 20:27:07,243 detail_and_down.py[line:596]INFO - 数据的插入详情为:{"error_code":3,"msg":"\u6ca1\u6709\u6570\u636e\u63d2\u5165"}
2019-11-03 20:27:17,595 detail_and_down.py[line:596]INFO - 数据的插入详情为:{"error_code":3,"msg":"\u6ca1\u6709\u6570\u636e\u63d2\u5165"}
2019-11-03 20:27:28,005 detail_and_down.py[line:596]INFO - 数据的插入详情为:{"error_code":3,"msg":"\u6ca1\u6709\u6570\u636e\u63d2\u5165"}
2019-11-03 20:27:37,298 detail_and_down.py[line:609]INFO - 每日例行推出界面启动...
2019-11-04 09:00:08,004 detail_and_down.py[line:181]INFO - 当前在第1页，页面数据有0条,全部数据有4561条
2019-11-04 09:00:19,214 detail_and_down.py[line:596]INFO - 数据的插入详情为:{"error_code":0,"msg":"success"}
2019-11-04 09:00:29,499 detail_and_down.py[line:596]INFO - 数据的插入详情为:{"error_code":0,"msg":"success"}
2019-11-04 09:00:40,067 detail_and_down.py[line:596]INFO - 数据的插入详情为:{"error_code":0,"msg":"success"}
2019-11-04 09:00:51,064 detail_and_down.py[line:596]INFO - 数据的插入详情为:{"error_code":3,"msg":"\u6ca1\u6709\u6570\u636e\u63d2\u5165"}
2019-11-04 09:01:01,593 detail_and_down.py[line:596]INFO - 数据的插入详情为:{"error_code":0,"msg":"success"}
2019-11-04 09:01:14,117 detail_and_down.py[line:596]INFO - 数据的插入详情为:{"error_code":3,"msg":"\u6ca1\u6709\u6570\u636e\u63d2\u5165"}
2019-11-04 09:01:26,057 detail_and_down.py[line:596]INFO - 数据的插入详情为:{"error_code":3,"msg":"\u6ca1\u6709\u6570\u636e\u63d2\u5165"}
2019-11-04 09:01:36,184 detail_and_down.py[line:596]INFO - 数据的插入详情为:{"error_code":3,"msg":"\u6ca1\u6709\u6570\u636e\u63d2\u5165"}
2019-11-04 09:01:46,399 detail_and_down.py[line:596]INFO - 数据的插入详情为:{"error_code":6,"msg":"\u8fc7\u6ee4\u638940\u5c81\u4ee5\u4e0a\u7684\u4eba\u5458"}
2019-11-04 09:01:59,151 detail_and_down.py[line:596]INFO - 数据的插入详情为:{"error_code":0,"msg":"success"}
2019-11-04 09:02:11,337 detail_and_down.py[line:596]INFO - 数据的插入详情为:{"error_code":6,"msg":"\u8fc7\u6ee4\u638940\u5c81\u4ee5\u4e0a\u7684\u4eba\u5458"}
2019-11-04 09:02:26,804 detail_and_down.py[line:596]INFO - 数据的插入详情为:{"error_code":3,"msg":"\u6ca1\u6709\u6570\u636e\u63d2\u5165"}
2019-11-04 09:02:38,604 detail_and_down.py[line:596]INFO - 数据的插入详情为:{"error_code":3,"msg":"\u6ca1\u6709\u6570\u636e\u63d2\u5165"}
2019-11-04 09:02:50,249 detail_and_down.py[line:596]INFO - 数据的插入详情为:{"error_code":3,"msg":"\u6ca1\u6709\u6570\u636e\u63d2\u5165"}
2019-11-04 09:03:02,565 detail_and_down.py[line:596]INFO - 数据的插入详情为:{"error_code":3,"msg":"\u6ca1\u6709\u6570\u636e\u63d2\u5165"}
2019-11-04 09:03:13,741 detail_and_down.py[line:596]INFO - 数据的插入详情为:{"error_code":3,"msg":"\u6ca1\u6709\u6570\u636e\u63d2\u5165"}
2019-11-04 09:03:25,588 detail_and_down.py[line:596]INFO - 数据的插入详情为:{"error_code":3,"msg":"\u6ca1\u6709\u6570\u636e\u63d2\u5165"}
2019-11-04 09:03:36,320 detail_and_down.py[line:596]INFO - 数据的插入详情为:{"error_code":0,"msg":"success"}
2019-11-04 09:03:49,514 detail_and_down.py[line:596]INFO - 数据的插入详情为:{"error_code":3,"msg":"\u6ca1\u6709\u6570\u636e\u63d2\u5165"}
2019-11-04 09:04:00,755 detail_and_down.py[line:596]INFO - 数据的插入详情为:{"error_code":3,"msg":"\u6ca1\u6709\u6570\u636e\u63d2\u5165"}
2019-11-04 09:04:12,469 detail_and_down.py[line:596]INFO - 数据的插入详情为:{"error_code":3,"msg":"\u6ca1\u6709\u6570\u636e\u63d2\u5165"}
2019-11-04 09:04:23,267 detail_and_down.py[line:596]INFO - 数据的插入详情为:{"error_code":3,"msg":"\u6ca1\u6709\u6570\u636e\u63d2\u5165"}
2019-11-04 09:04:34,543 detail_and_down.py[line:596]INFO - 数据的插入详情为:{"error_code":3,"msg":"\u6ca1\u6709\u6570\u636e\u63d2\u5165"}
2019-11-04 09:04:45,233 detail_and_down.py[line:596]INFO - 数据的插入详情为:{"error_code":3,"msg":"\u6ca1\u6709\u6570\u636e\u63d2\u5165"}
2019-11-04 09:04:57,870 detail_and_down.py[line:596]INFO - 数据的插入详情为:{"error_code":3,"msg":"\u6ca1\u6709\u6570\u636e\u63d2\u5165"}
2019-11-04 09:05:09,177 detail_and_down.py[line:596]INFO - 数据的插入详情为:{"error_code":3,"msg":"\u6ca1\u6709\u6570\u636e\u63d2\u5165"}
2019-11-04 09:05:19,261 detail_and_down.py[line:596]INFO - 数据的插入详情为:{"error_code":3,"msg":"\u6ca1\u6709\u6570\u636e\u63d2\u5165"}
2019-11-04 09:05:30,716 detail_and_down.py[line:596]INFO - 数据的插入详情为:{"error_code":3,"msg":"\u6ca1\u6709\u6570\u636e\u63d2\u5165"}
2019-11-04 09:05:42,906 detail_and_down.py[line:596]INFO - 数据的插入详情为:{"error_code":3,"msg":"\u6ca1\u6709\u6570\u636e\u63d2\u5165"}
2019-11-04 09:05:53,505 detail_and_down.py[line:596]INFO - 数据的插入详情为:{"error_code":3,"msg":"\u6ca1\u6709\u6570\u636e\u63d2\u5165"}
2019-11-04 09:06:10,307 detail_and_down.py[line:596]INFO - 数据的插入详情为:{"error_code":3,"msg":"\u6ca1\u6709\u6570\u636e\u63d2\u5165"}
2019-11-04 09:06:21,896 detail_and_down.py[line:596]INFO - 数据的插入详情为:{"error_code":3,"msg":"\u6ca1\u6709\u6570\u636e\u63d2\u5165"}
2019-11-04 09:06:32,655 detail_and_down.py[line:596]INFO - 数据的插入详情为:{"error_code":3,"msg":"\u6ca1\u6709\u6570\u636e\u63d2\u5165"}
2019-11-04 09:06:45,192 detail_and_down.py[line:596]INFO - 数据的插入详情为:{"error_code":3,"msg":"\u6ca1\u6709\u6570\u636e\u63d2\u5165"}
2019-11-04 09:06:57,451 detail_and_down.py[line:596]INFO - 数据的插入详情为:{"error_code":3,"msg":"\u6ca1\u6709\u6570\u636e\u63d2\u5165"}
2019-11-04 09:07:08,614 detail_and_down.py[line:596]INFO - 数据的插入详情为:{"error_code":3,"msg":"\u6ca1\u6709\u6570\u636e\u63d2\u5165"}
2019-11-04 09:07:21,094 detail_and_down.py[line:596]INFO - 数据的插入详情为:{"error_code":3,"msg":"\u6ca1\u6709\u6570\u636e\u63d2\u5165"}
2019-11-04 09:07:32,103 detail_and_down.py[line:596]INFO - 数据的插入详情为:{"error_code":3,"msg":"\u6ca1\u6709\u6570\u636e\u63d2\u5165"}
2019-11-04 09:07:43,956 detail_and_down.py[line:596]INFO - 数据的插入详情为:{"error_code":3,"msg":"\u6ca1\u6709\u6570\u636e\u63d2\u5165"}
2019-11-04 09:07:56,018 detail_and_down.py[line:596]INFO - 数据的插入详情为:{"error_code":3,"msg":"\u6ca1\u6709\u6570\u636e\u63d2\u5165"}
2019-11-04 09:08:07,017 detail_and_down.py[line:596]INFO - 数据的插入详情为:{"error_code":3,"msg":"\u6ca1\u6709\u6570\u636e\u63d2\u5165"}
2019-11-04 09:08:19,728 detail_and_down.py[line:596]INFO - 数据的插入详情为:{"error_code":6,"msg":"\u8fc7\u6ee4\u638940\u5c81\u4ee5\u4e0a\u7684\u4eba\u5458"}
2019-11-04 09:08:30,657 detail_and_down.py[line:596]INFO - 数据的插入详情为:{"error_code":3,"msg":"\u6ca1\u6709\u6570\u636e\u63d2\u5165"}
2019-11-04 09:08:42,075 detail_and_down.py[line:596]INFO - 数据的插入详情为:{"error_code":3,"msg":"\u6ca1\u6709\u6570\u636e\u63d2\u5165"}
2019-11-04 09:08:53,405 detail_and_down.py[line:596]INFO - 数据的插入详情为:{"error_code":3,"msg":"\u6ca1\u6709\u6570\u636e\u63d2\u5165"}
2019-11-04 09:09:04,330 detail_and_down.py[line:596]INFO - 数据的插入详情为:{"error_code":6,"msg":"\u8fc7\u6ee4\u638940\u5c81\u4ee5\u4e0a\u7684\u4eba\u5458"}
2019-11-04 09:09:16,487 detail_and_down.py[line:596]INFO - 数据的插入详情为:{"error_code":3,"msg":"\u6ca1\u6709\u6570\u636e\u63d2\u5165"}
2019-11-04 09:09:27,693 detail_and_down.py[line:596]INFO - 数据的插入详情为:{"error_code":3,"msg":"\u6ca1\u6709\u6570\u636e\u63d2\u5165"}
2019-11-04 09:09:39,843 detail_and_down.py[line:596]INFO - 数据的插入详情为:{"error_code":3,"msg":"\u6ca1\u6709\u6570\u636e\u63d2\u5165"}
2019-11-04 09:09:51,771 detail_and_down.py[line:596]INFO - 数据的插入详情为:{"error_code":3,"msg":"\u6ca1\u6709\u6570\u636e\u63d2\u5165"}
2019-11-04 09:10:00,335 detail_and_down.py[line:609]INFO - 每日例行推出界面启动...
