2019-08-02 15:45:16,987 ZhiLian.py[line:713]INFO - 页面信息》》》抓取进程开启成功
2019-08-02 15:45:17,266 ZhiLian.py[line:661]INFO - ！！！>>> python 职位已经放入队列 >>>>>
2019-08-02 15:45:17,266 ZhiLian.py[line:670]INFO - #####存职位》》的线程0已经启动#####
2019-08-02 15:45:17,266 ZhiLian.py[line:661]INFO - ！！！>>> 外贸业务员 职位已经放入队列 >>>>>
2019-08-02 15:45:17,266 ZhiLian.py[line:661]INFO - ！！！>>> python 职位已经放入队列 >>>>>
2019-08-02 15:45:17,266 ZhiLian.py[line:670]INFO - #####存职位》》的线程1已经启动#####
2019-08-02 15:45:17,266 ZhiLian.py[line:661]INFO - ！！！>>> 采购专员 买手 供应商开发专员（服饰类） 职位已经放入队列 >>>>>
2019-08-02 15:45:17,266 ZhiLian.py[line:661]INFO - ！！！>>> 外贸业务员 职位已经放入队列 >>>>>
2019-08-02 15:45:17,267 ZhiLian.py[line:661]INFO - ！！！>>> 速卖通 职位已经放入队列 >>>>>
2019-08-02 15:45:17,267 ZhiLian.py[line:661]INFO - ！！！>>> 采购专员 买手 供应商开发专员（服饰类） 职位已经放入队列 >>>>>
2019-08-02 15:45:17,267 ZhiLian.py[line:661]INFO - ！！！>>> PHP 职位已经放入队列 >>>>>
2019-08-02 15:45:17,267 ZhiLian.py[line:661]INFO - ！！！>>> 速卖通 职位已经放入队列 >>>>>
2019-08-02 15:45:17,267 ZhiLian.py[line:661]INFO - ！！！>>> 外贸销售业务员 职位已经放入队列 >>>>>
2019-08-02 15:45:17,267 ZhiLian.py[line:661]INFO - ！！！>>> PHP 职位已经放入队列 >>>>>
2019-08-02 15:45:17,267 ZhiLian.py[line:661]INFO - ！！！>>> Ebay ebay 职位已经放入队列 >>>>>
2019-08-02 15:45:17,267 ZhiLian.py[line:661]INFO - ！！！>>> 外贸销售业务员 职位已经放入队列 >>>>>
2019-08-02 15:45:17,268 ZhiLian.py[line:661]INFO - ！！！>>> 跨境电商财务 职位已经放入队列 >>>>>
2019-08-02 15:45:17,268 ZhiLian.py[line:661]INFO - ！！！>>> Ebay ebay 职位已经放入队列 >>>>>
2019-08-02 15:45:17,268 ZhiLian.py[line:661]INFO - ！！！>>> 跨境电商财务 职位已经放入队列 >>>>>
2019-08-02 15:45:17,268 ZhiLian.py[line:661]INFO - ！！！>>> 采购 职位已经放入队列 >>>>>
2019-08-02 15:45:17,268 ZhiLian.py[line:661]INFO - ！！！>>> 采购 职位已经放入队列 >>>>>
2019-08-02 15:45:17,268 ZhiLian.py[line:661]INFO - ！！！>>> 跟单文员 职位已经放入队列 >>>>>
2019-08-02 15:45:17,268 ZhiLian.py[line:661]INFO - ！！！>>> 跟单文员 职位已经放入队列 >>>>>
2019-08-02 15:45:17,269 ZhiLian.py[line:661]INFO - ！！！>>> 高级PHP开发工程师（后台） 职位已经放入队列 >>>>>
2019-08-02 15:45:17,269 ZhiLian.py[line:661]INFO - ！！！>>> 高级PHP开发工程师（后台） 职位已经放入队列 >>>>>
2019-08-02 15:45:17,269 ZhiLian.py[line:661]INFO - ！！！>>> B2C 职位已经放入队列 >>>>>
2019-08-02 15:45:17,269 ZhiLian.py[line:661]INFO - ！！！>>> AliExpress 职位已经放入队列 >>>>>
2019-08-02 15:45:17,269 ZhiLian.py[line:661]INFO - ！！！>>> B2C 职位已经放入队列 >>>>>
2019-08-02 15:45:17,270 ZhiLian.py[line:661]INFO - ！！！>>> AliExpress 职位已经放入队列 >>>>>
2019-08-02 15:45:17,270 ZhiLian.py[line:661]INFO - ！！！>>> wish 职位已经放入队列 >>>>>
2019-08-02 15:45:17,270 ZhiLian.py[line:661]INFO - ！！！>>> 会计主管 职位已经放入队列 >>>>>
2019-08-02 15:45:17,269 ZhiLian.py[line:661]INFO - ！！！>>> wish 职位已经放入队列 >>>>>
2019-08-02 15:45:17,270 ZhiLian.py[line:661]INFO - ！！！>>> 出纳 职位已经放入队列 >>>>>
2019-08-02 15:45:17,270 ZhiLian.py[line:661]INFO - ！！！>>> 会计主管 职位已经放入队列 >>>>>
2019-08-02 15:45:17,270 ZhiLian.py[line:661]INFO - ！！！>>> 阿里 职位已经放入队列 >>>>>
2019-08-02 15:45:17,271 ZhiLian.py[line:661]INFO - ！！！>>> 出纳 职位已经放入队列 >>>>>
2019-08-02 15:45:17,271 ZhiLian.py[line:661]INFO - ！！！>>> 助理/文员 职位已经放入队列 >>>>>
2019-08-02 15:45:17,271 ZhiLian.py[line:661]INFO - ！！！>>> 阿里 职位已经放入队列 >>>>>
2019-08-02 15:45:17,271 ZhiLian.py[line:661]INFO - ！！！>>> QC质检员 职位已经放入队列 >>>>>
2019-08-02 15:45:17,271 ZhiLian.py[line:661]INFO - ！！！>>> 助理/文员 职位已经放入队列 >>>>>
2019-08-02 15:45:17,271 ZhiLian.py[line:661]INFO - ！！！>>> Amazon 职位已经放入队列 >>>>>
2019-08-02 15:45:17,271 ZhiLian.py[line:661]INFO - ！！！>>> QC质检员 职位已经放入队列 >>>>>
2019-08-02 15:45:17,271 ZhiLian.py[line:661]INFO - ！！！>>> 亚马逊客服 职位已经放入队列 >>>>>
2019-08-02 15:45:17,271 ZhiLian.py[line:661]INFO - ！！！>>> Amazon 职位已经放入队列 >>>>>
2019-08-02 15:45:17,272 ZhiLian.py[line:661]INFO - ！！！>>> 质检员 职位已经放入队列 >>>>>
2019-08-02 15:45:17,272 ZhiLian.py[line:661]INFO - ！！！>>> 亚马逊客服 职位已经放入队列 >>>>>
2019-08-02 15:45:17,272 ZhiLian.py[line:661]INFO - ！！！>>> shopify运营经理/主管 职位已经放入队列 >>>>>
2019-08-02 15:45:17,272 ZhiLian.py[line:661]INFO - ！！！>>> 质检员 职位已经放入队列 >>>>>
2019-08-02 15:45:17,272 ZhiLian.py[line:661]INFO - ！！！>>> 招聘专员/招聘主管/HRBP 职位已经放入队列 >>>>>
2019-08-02 15:45:17,272 ZhiLian.py[line:661]INFO - ！！！>>> shopify运营经理/主管 职位已经放入队列 >>>>>
2019-08-02 15:45:17,272 ZhiLian.py[line:661]INFO - ！！！>>> 人事专员 职位已经放入队列 >>>>>
2019-08-02 15:45:17,272 ZhiLian.py[line:661]INFO - ！！！>>> 招聘专员/招聘主管/HRBP 职位已经放入队列 >>>>>
2019-08-02 15:45:17,273 ZhiLian.py[line:661]INFO - ！！！>>> 人事专员 职位已经放入队列 >>>>>
2019-08-02 15:45:17,272 ZhiLian.py[line:661]INFO - ！！！>>> 亚马逊运营主管 职位已经放入队列 >>>>>
2019-08-02 15:45:17,274 ZhiLian.py[line:661]INFO - ！！！>>> 亚马逊运营主管 职位已经放入队列 >>>>>
2019-08-02 15:45:17,274 ZhiLian.py[line:661]INFO - ！！！>>> 供应商开发 职位已经放入队列 >>>>>
2019-08-02 15:45:17,274 ZhiLian.py[line:661]INFO - ！！！>>> 供应商开发 职位已经放入队列 >>>>>
2019-08-02 15:45:22,266 ZhiLian.py[line:678]INFO - #####搜信息》》的线程0已经启动#####
2019-08-02 15:45:22,266 ZhiLian.py[line:678]INFO - #####搜信息》》的线程1已经启动#####
2019-08-02 15:45:24,266 ZhiLian.py[line:685]INFO - #####存职位》》的线程已经回收#####
2019-08-02 15:45:38,016 ZhiLian.py[line:633]INFO - python这个岗位总共有1000个发布信息
2019-08-02 15:45:38,145 ZhiLian.py[line:633]INFO - 外贸业务员这个岗位总共有1000个发布信息
2019-08-02 15:45:39,016 ZhiLian.py[line:646]INFO - python职位的第1页内容已经写入成功》》》》》》
2019-08-02 15:45:39,016 ZhiLian.py[line:649]INFO - ##### 在第1页的<<python>>职位查到公司信息
2019-08-02 15:45:39,145 ZhiLian.py[line:646]INFO - 外贸业务员职位的第1页内容已经写入成功》》》》》》
2019-08-02 15:45:50,134 ZhiLian.py[line:633]INFO - 外贸业务员这个岗位总共有1000个发布信息
2019-08-02 15:45:51,134 ZhiLian.py[line:646]INFO - 外贸业务员职位的第2页内容已经写入成功》》》》》》
2019-08-02 15:45:54,783 ZhiLian.py[line:633]INFO - python这个岗位总共有1000个发布信息
2019-08-02 15:45:55,783 ZhiLian.py[line:646]INFO - python职位的第1页内容已经写入成功》》》》》》
2019-08-02 15:45:55,783 ZhiLian.py[line:649]INFO - ##### 在第1页的<<python>>职位查到公司信息
2019-08-02 15:46:02,022 ZhiLian.py[line:633]INFO - 外贸业务员这个岗位总共有1000个发布信息
2019-08-02 15:46:03,022 ZhiLian.py[line:646]INFO - 外贸业务员职位的第3页内容已经写入成功》》》》》》
2019-08-02 15:46:03,022 ZhiLian.py[line:649]INFO - ##### 在第3页的<<外贸业务员>>职位查到公司信息
2019-08-02 15:47:19,170 ZhiLian.py[line:713]INFO - 页面信息》》》抓取进程开启成功
2019-08-02 15:47:19,409 ZhiLian.py[line:661]INFO - ！！！>>> python 职位已经放入队列 >>>>>
2019-08-02 15:47:19,409 ZhiLian.py[line:670]INFO - #####存职位》》的线程0已经启动#####
2019-08-02 15:47:19,410 ZhiLian.py[line:661]INFO - ！！！>>> python 职位已经放入队列 >>>>>
2019-08-02 15:47:19,410 ZhiLian.py[line:661]INFO - ！！！>>> 外贸业务员 职位已经放入队列 >>>>>
2019-08-02 15:47:19,410 ZhiLian.py[line:670]INFO - #####存职位》》的线程1已经启动#####
2019-08-02 15:47:19,410 ZhiLian.py[line:661]INFO - ！！！>>> 外贸业务员 职位已经放入队列 >>>>>
2019-08-02 15:47:19,410 ZhiLian.py[line:661]INFO - ！！！>>> 采购专员 买手 供应商开发专员（服饰类） 职位已经放入队列 >>>>>
2019-08-02 15:47:19,410 ZhiLian.py[line:661]INFO - ！！！>>> 采购专员 买手 供应商开发专员（服饰类） 职位已经放入队列 >>>>>
2019-08-02 15:47:19,410 ZhiLian.py[line:661]INFO - ！！！>>> 速卖通 职位已经放入队列 >>>>>
2019-08-02 15:47:19,411 ZhiLian.py[line:661]INFO - ！！！>>> 速卖通 职位已经放入队列 >>>>>
2019-08-02 15:47:19,411 ZhiLian.py[line:661]INFO - ！！！>>> PHP 职位已经放入队列 >>>>>
2019-08-02 15:47:19,411 ZhiLian.py[line:661]INFO - ！！！>>> PHP 职位已经放入队列 >>>>>
2019-08-02 15:47:19,411 ZhiLian.py[line:661]INFO - ！！！>>> 外贸销售业务员 职位已经放入队列 >>>>>
2019-08-02 15:47:19,411 ZhiLian.py[line:661]INFO - ！！！>>> 外贸销售业务员 职位已经放入队列 >>>>>
2019-08-02 15:47:19,411 ZhiLian.py[line:661]INFO - ！！！>>> Ebay ebay 职位已经放入队列 >>>>>
2019-08-02 15:47:19,411 ZhiLian.py[line:661]INFO - ！！！>>> Ebay ebay 职位已经放入队列 >>>>>
2019-08-02 15:47:19,411 ZhiLian.py[line:661]INFO - ！！！>>> 跨境电商财务 职位已经放入队列 >>>>>
2019-08-02 15:47:19,412 ZhiLian.py[line:661]INFO - ！！！>>> 采购 职位已经放入队列 >>>>>
2019-08-02 15:47:19,412 ZhiLian.py[line:661]INFO - ！！！>>> 跟单文员 职位已经放入队列 >>>>>
2019-08-02 15:47:19,412 ZhiLian.py[line:661]INFO - ！！！>>> 高级PHP开发工程师（后台） 职位已经放入队列 >>>>>
2019-08-02 15:47:19,412 ZhiLian.py[line:661]INFO - ！！！>>> B2C 职位已经放入队列 >>>>>
2019-08-02 15:47:19,412 ZhiLian.py[line:661]INFO - ！！！>>> AliExpress 职位已经放入队列 >>>>>
2019-08-02 15:47:19,412 ZhiLian.py[line:661]INFO - ！！！>>> wish 职位已经放入队列 >>>>>
2019-08-02 15:47:19,412 ZhiLian.py[line:661]INFO - ！！！>>> 会计主管 职位已经放入队列 >>>>>
2019-08-02 15:47:19,412 ZhiLian.py[line:661]INFO - ！！！>>> 出纳 职位已经放入队列 >>>>>
2019-08-02 15:47:19,412 ZhiLian.py[line:661]INFO - ！！！>>> 阿里 职位已经放入队列 >>>>>
2019-08-02 15:47:19,412 ZhiLian.py[line:661]INFO - ！！！>>> 助理/文员 职位已经放入队列 >>>>>
2019-08-02 15:47:19,412 ZhiLian.py[line:661]INFO - ！！！>>> QC质检员 职位已经放入队列 >>>>>
2019-08-02 15:47:19,412 ZhiLian.py[line:661]INFO - ！！！>>> Amazon 职位已经放入队列 >>>>>
2019-08-02 15:47:19,412 ZhiLian.py[line:661]INFO - ！！！>>> 亚马逊客服 职位已经放入队列 >>>>>
2019-08-02 15:47:19,412 ZhiLian.py[line:661]INFO - ！！！>>> 质检员 职位已经放入队列 >>>>>
2019-08-02 15:47:19,412 ZhiLian.py[line:661]INFO - ！！！>>> shopify运营经理/主管 职位已经放入队列 >>>>>
2019-08-02 15:47:19,412 ZhiLian.py[line:661]INFO - ！！！>>> 招聘专员/招聘主管/HRBP 职位已经放入队列 >>>>>
2019-08-02 15:47:19,412 ZhiLian.py[line:661]INFO - ！！！>>> 人事专员 职位已经放入队列 >>>>>
2019-08-02 15:47:19,413 ZhiLian.py[line:661]INFO - ！！！>>> 亚马逊运营主管 职位已经放入队列 >>>>>
2019-08-02 15:47:19,413 ZhiLian.py[line:661]INFO - ！！！>>> 供应商开发 职位已经放入队列 >>>>>
2019-08-02 15:47:19,411 ZhiLian.py[line:661]INFO - ！！！>>> 跨境电商财务 职位已经放入队列 >>>>>
2019-08-02 15:47:19,413 ZhiLian.py[line:661]INFO - ！！！>>> 采购 职位已经放入队列 >>>>>
2019-08-02 15:47:19,413 ZhiLian.py[line:661]INFO - ！！！>>> 跟单文员 职位已经放入队列 >>>>>
2019-08-02 15:47:19,413 ZhiLian.py[line:661]INFO - ！！！>>> 高级PHP开发工程师（后台） 职位已经放入队列 >>>>>
2019-08-02 15:47:19,413 ZhiLian.py[line:661]INFO - ！！！>>> B2C 职位已经放入队列 >>>>>
2019-08-02 15:47:19,413 ZhiLian.py[line:661]INFO - ！！！>>> AliExpress 职位已经放入队列 >>>>>
2019-08-02 15:47:19,413 ZhiLian.py[line:661]INFO - ！！！>>> wish 职位已经放入队列 >>>>>
2019-08-02 15:47:19,413 ZhiLian.py[line:661]INFO - ！！！>>> 会计主管 职位已经放入队列 >>>>>
2019-08-02 15:47:19,413 ZhiLian.py[line:661]INFO - ！！！>>> 出纳 职位已经放入队列 >>>>>
2019-08-02 15:47:19,413 ZhiLian.py[line:661]INFO - ！！！>>> 阿里 职位已经放入队列 >>>>>
2019-08-02 15:47:19,413 ZhiLian.py[line:661]INFO - ！！！>>> 助理/文员 职位已经放入队列 >>>>>
2019-08-02 15:47:19,414 ZhiLian.py[line:661]INFO - ！！！>>> QC质检员 职位已经放入队列 >>>>>
2019-08-02 15:47:19,414 ZhiLian.py[line:661]INFO - ！！！>>> Amazon 职位已经放入队列 >>>>>
2019-08-02 15:47:19,414 ZhiLian.py[line:661]INFO - ！！！>>> 亚马逊客服 职位已经放入队列 >>>>>
2019-08-02 15:47:19,414 ZhiLian.py[line:661]INFO - ！！！>>> 质检员 职位已经放入队列 >>>>>
2019-08-02 15:47:19,414 ZhiLian.py[line:661]INFO - ！！！>>> shopify运营经理/主管 职位已经放入队列 >>>>>
2019-08-02 15:47:19,414 ZhiLian.py[line:661]INFO - ！！！>>> 招聘专员/招聘主管/HRBP 职位已经放入队列 >>>>>
2019-08-02 15:47:19,414 ZhiLian.py[line:661]INFO - ！！！>>> 人事专员 职位已经放入队列 >>>>>
2019-08-02 15:47:19,414 ZhiLian.py[line:661]INFO - ！！！>>> 亚马逊运营主管 职位已经放入队列 >>>>>
2019-08-02 15:47:19,414 ZhiLian.py[line:661]INFO - ！！！>>> 供应商开发 职位已经放入队列 >>>>>
2019-08-02 15:47:24,410 ZhiLian.py[line:678]INFO - #####搜信息》》的线程0已经启动#####
2019-08-02 15:47:24,410 ZhiLian.py[line:678]INFO - #####搜信息》》的线程1已经启动#####
2019-08-02 15:47:26,411 ZhiLian.py[line:685]INFO - #####存职位》》的线程已经回收#####
2019-08-02 15:47:40,132 ZhiLian.py[line:633]INFO - python这个岗位总共有1000个发布信息
2019-08-02 15:47:40,330 ZhiLian.py[line:633]INFO - python这个岗位总共有1000个发布信息
2019-08-02 15:47:41,134 ZhiLian.py[line:646]INFO - python职位的第1页内容已经写入成功》》》》》》
2019-08-02 15:47:41,134 ZhiLian.py[line:649]INFO - ##### 在第1页的<<python>>职位查到公司信息
2019-08-02 15:47:41,330 ZhiLian.py[line:646]INFO - python职位的第1页内容已经写入成功》》》》》》
2019-08-02 15:47:41,330 ZhiLian.py[line:649]INFO - ##### 在第1页的<<python>>职位查到公司信息
2019-08-02 15:47:57,016 ZhiLian.py[line:633]INFO - 外贸业务员这个岗位总共有1000个发布信息
2019-08-02 15:47:57,031 ZhiLian.py[line:633]INFO - 外贸业务员这个岗位总共有1000个发布信息
2019-08-02 15:47:58,016 ZhiLian.py[line:646]INFO - 外贸业务员职位的第1页内容已经写入成功》》》》》》
2019-08-02 15:47:58,032 ZhiLian.py[line:646]INFO - 外贸业务员职位的第1页内容已经写入成功》》》》》》
2019-08-02 15:48:08,789 ZhiLian.py[line:633]INFO - 外贸业务员这个岗位总共有1000个发布信息
2019-08-02 15:48:08,811 ZhiLian.py[line:633]INFO - 外贸业务员这个岗位总共有1000个发布信息
2019-08-02 15:48:09,790 ZhiLian.py[line:646]INFO - 外贸业务员职位的第2页内容已经写入成功》》》》》》
2019-08-02 15:48:09,811 ZhiLian.py[line:646]INFO - 外贸业务员职位的第2页内容已经写入成功》》》》》》
2019-08-02 15:48:20,791 ZhiLian.py[line:633]INFO - 外贸业务员这个岗位总共有1000个发布信息
2019-08-02 15:48:20,862 ZhiLian.py[line:633]INFO - 外贸业务员这个岗位总共有1000个发布信息
2019-08-02 15:48:21,792 ZhiLian.py[line:646]INFO - 外贸业务员职位的第3页内容已经写入成功》》》》》》
2019-08-02 15:48:21,792 ZhiLian.py[line:649]INFO - ##### 在第3页的<<外贸业务员>>职位查到公司信息
2019-08-02 15:48:21,863 ZhiLian.py[line:646]INFO - 外贸业务员职位的第3页内容已经写入成功》》》》》》
2019-08-02 15:48:21,863 ZhiLian.py[line:649]INFO - ##### 在第3页的<<外贸业务员>>职位查到公司信息
2019-08-02 15:48:37,210 ZhiLian.py[line:633]INFO - 采购专员 买手 供应商开发专员（服饰类）这个岗位总共有8个发布信息
2019-08-02 15:48:37,302 ZhiLian.py[line:633]INFO - 采购专员 买手 供应商开发专员（服饰类）这个岗位总共有8个发布信息
2019-08-02 15:48:38,210 ZhiLian.py[line:646]INFO - 采购专员 买手 供应商开发专员（服饰类）职位的第1页内容已经写入成功》》》》》》
2019-08-02 15:48:38,210 ZhiLian.py[line:649]INFO - ##### 在第1页的<<采购专员 买手 供应商开发专员（服饰类）>>职位查到公司信息
2019-08-02 15:48:38,303 ZhiLian.py[line:646]INFO - 采购专员 买手 供应商开发专员（服饰类）职位的第1页内容已经写入成功》》》》》》
2019-08-02 15:48:38,303 ZhiLian.py[line:649]INFO - ##### 在第1页的<<采购专员 买手 供应商开发专员（服饰类）>>职位查到公司信息
2019-08-02 15:48:54,003 ZhiLian.py[line:633]INFO - 速卖通这个岗位总共有1000个发布信息
2019-08-02 15:48:54,025 ZhiLian.py[line:633]INFO - 速卖通这个岗位总共有1000个发布信息
2019-08-02 15:48:55,003 ZhiLian.py[line:646]INFO - 速卖通职位的第1页内容已经写入成功》》》》》》
2019-08-02 15:48:55,003 ZhiLian.py[line:649]INFO - ##### 在第1页的<<速卖通>>职位查到公司信息
2019-08-02 15:48:55,026 ZhiLian.py[line:646]INFO - 速卖通职位的第1页内容已经写入成功》》》》》》
2019-08-02 15:48:55,026 ZhiLian.py[line:649]INFO - ##### 在第1页的<<速卖通>>职位查到公司信息
2019-08-02 15:49:10,691 ZhiLian.py[line:633]INFO - PHP这个岗位总共有1000个发布信息
2019-08-02 15:49:11,157 ZhiLian.py[line:633]INFO - PHP这个岗位总共有1000个发布信息
2019-08-02 15:49:11,691 ZhiLian.py[line:646]INFO - PHP职位的第1页内容已经写入成功》》》》》》
2019-08-02 15:49:11,691 ZhiLian.py[line:649]INFO - ##### 在第1页的<<PHP>>职位查到公司信息
2019-08-02 15:49:12,157 ZhiLian.py[line:646]INFO - PHP职位的第1页内容已经写入成功》》》》》》
2019-08-02 15:49:12,157 ZhiLian.py[line:649]INFO - ##### 在第1页的<<PHP>>职位查到公司信息
2019-08-02 15:49:27,427 ZhiLian.py[line:633]INFO - 外贸销售业务员这个岗位总共有154个发布信息
2019-08-02 15:49:27,946 ZhiLian.py[line:633]INFO - 外贸销售业务员这个岗位总共有153个发布信息
2019-08-02 15:49:28,427 ZhiLian.py[line:646]INFO - 外贸销售业务员职位的第1页内容已经写入成功》》》》》》
2019-08-02 15:49:28,427 ZhiLian.py[line:649]INFO - ##### 在第1页的<<外贸销售业务员>>职位查到公司信息
2019-08-02 15:49:28,946 ZhiLian.py[line:646]INFO - 外贸销售业务员职位的第1页内容已经写入成功》》》》》》
2019-08-02 15:49:28,946 ZhiLian.py[line:649]INFO - ##### 在第1页的<<外贸销售业务员>>职位查到公司信息
2019-08-02 15:49:44,090 ZhiLian.py[line:633]INFO - Ebay ebay这个岗位总共有428个发布信息
2019-08-02 15:49:44,668 ZhiLian.py[line:633]INFO - Ebay ebay这个岗位总共有425个发布信息
2019-08-02 15:49:45,091 ZhiLian.py[line:646]INFO - Ebay ebay职位的第1页内容已经写入成功》》》》》》
2019-08-02 15:49:45,091 ZhiLian.py[line:649]INFO - ##### 在第1页的<<Ebay ebay>>职位查到公司信息
2019-08-02 15:49:45,668 ZhiLian.py[line:646]INFO - Ebay ebay职位的第1页内容已经写入成功》》》》》》
2019-08-02 15:49:45,668 ZhiLian.py[line:649]INFO - ##### 在第1页的<<Ebay ebay>>职位查到公司信息
2019-08-02 15:50:00,566 ZhiLian.py[line:633]INFO - 跨境电商财务这个岗位总共有22个发布信息
2019-08-02 15:50:01,391 ZhiLian.py[line:633]INFO - 采购这个岗位总共有1000个发布信息
2019-08-02 15:50:01,567 ZhiLian.py[line:646]INFO - 跨境电商财务职位的第1页内容已经写入成功》》》》》》
2019-08-02 15:50:01,567 ZhiLian.py[line:649]INFO - ##### 在第1页的<<跨境电商财务>>职位查到公司信息
2019-08-02 15:50:02,392 ZhiLian.py[line:646]INFO - 采购职位的第1页内容已经写入成功》》》》》》
2019-08-02 15:50:13,124 ZhiLian.py[line:633]INFO - 采购这个岗位总共有1000个发布信息
2019-08-02 15:50:14,124 ZhiLian.py[line:646]INFO - 采购职位的第2页内容已经写入成功》》》》》》
2019-08-02 15:50:14,124 ZhiLian.py[line:649]INFO - ##### 在第2页的<<采购>>职位查到公司信息
2019-08-02 15:50:17,238 ZhiLian.py[line:633]INFO - 跟单文员这个岗位总共有1000个发布信息
2019-08-02 15:50:18,238 ZhiLian.py[line:646]INFO - 跟单文员职位的第1页内容已经写入成功》》》》》》
2019-08-02 15:50:28,985 ZhiLian.py[line:633]INFO - 跟单文员这个岗位总共有1000个发布信息
2019-08-02 15:50:29,985 ZhiLian.py[line:646]INFO - 跟单文员职位的第2页内容已经写入成功》》》》》》
2019-08-02 15:50:30,134 ZhiLian.py[line:633]INFO - 高级PHP开发工程师（后台）这个岗位总共有2个发布信息
2019-08-02 15:50:31,135 ZhiLian.py[line:646]INFO - 高级PHP开发工程师（后台）职位的第1页内容已经写入成功》》》》》》
2019-08-02 15:50:31,135 ZhiLian.py[line:649]INFO - ##### 在第1页的<<高级PHP开发工程师（后台）>>职位查到公司信息
2019-08-02 15:50:40,688 ZhiLian.py[line:633]INFO - 跟单文员这个岗位总共有1000个发布信息
2019-08-02 15:50:41,689 ZhiLian.py[line:646]INFO - 跟单文员职位的第3页内容已经写入成功》》》》》》
2019-08-02 15:50:46,844 ZhiLian.py[line:633]INFO - B2C这个岗位总共有862个发布信息
2019-08-02 15:50:47,844 ZhiLian.py[line:646]INFO - B2C职位的第1页内容已经写入成功》》》》》》
2019-08-02 15:50:47,844 ZhiLian.py[line:649]INFO - ##### 在第1页的<<B2C>>职位查到公司信息
2019-08-02 15:50:52,416 ZhiLian.py[line:633]INFO - 跟单文员这个岗位总共有1000个发布信息
2019-08-02 15:50:53,416 ZhiLian.py[line:646]INFO - 跟单文员职位的第4页内容已经写入成功》》》》》》
2019-08-02 15:51:03,503 ZhiLian.py[line:633]INFO - AliExpress这个岗位总共有159个发布信息
2019-08-02 15:51:04,161 ZhiLian.py[line:633]INFO - 跟单文员这个岗位总共有1000个发布信息
2019-08-02 15:51:04,504 ZhiLian.py[line:646]INFO - AliExpress职位的第1页内容已经写入成功》》》》》》
2019-08-02 15:51:04,504 ZhiLian.py[line:649]INFO - ##### 在第1页的<<AliExpress>>职位查到公司信息
2019-08-02 15:51:05,162 ZhiLian.py[line:646]INFO - 跟单文员职位的第5页内容已经写入成功》》》》》》
2019-08-02 15:51:15,947 ZhiLian.py[line:633]INFO - 跟单文员这个岗位总共有1000个发布信息
2019-08-02 15:51:16,948 ZhiLian.py[line:646]INFO - 跟单文员职位的第6页内容已经写入成功》》》》》》
2019-08-02 15:51:20,289 ZhiLian.py[line:633]INFO - wish这个岗位总共有434个发布信息
2019-08-02 15:51:21,290 ZhiLian.py[line:646]INFO - wish职位的第1页内容已经写入成功》》》》》》
2019-08-02 15:51:21,290 ZhiLian.py[line:649]INFO - ##### 在第1页的<<wish>>职位查到公司信息
2019-08-02 15:51:32,677 ZhiLian.py[line:633]INFO - 会计主管这个岗位总共有1000个发布信息
2019-08-02 15:51:33,677 ZhiLian.py[line:646]INFO - 会计主管职位的第1页内容已经写入成功》》》》》》
2019-08-02 15:51:33,677 ZhiLian.py[line:649]INFO - ##### 在第1页的<<会计主管>>职位查到公司信息
2019-08-02 15:51:36,973 ZhiLian.py[line:633]INFO - 出纳这个岗位总共有1000个发布信息
2019-08-02 15:51:37,974 ZhiLian.py[line:646]INFO - 出纳职位的第1页内容已经写入成功》》》》》》
2019-08-02 15:51:48,763 ZhiLian.py[line:633]INFO - 出纳这个岗位总共有1000个发布信息
2019-08-02 15:51:49,436 ZhiLian.py[line:633]INFO - 阿里这个岗位总共有1000个发布信息
2019-08-02 15:51:49,763 ZhiLian.py[line:646]INFO - 出纳职位的第2页内容已经写入成功》》》》》》
2019-08-02 15:51:49,763 ZhiLian.py[line:649]INFO - ##### 在第2页的<<出纳>>职位查到公司信息
2019-08-02 15:51:50,437 ZhiLian.py[line:646]INFO - 阿里职位的第1页内容已经写入成功》》》》》》
2019-08-02 15:51:50,437 ZhiLian.py[line:649]INFO - ##### 在第1页的<<阿里>>职位查到公司信息
2019-08-02 15:52:05,705 ZhiLian.py[line:633]INFO - 助理/文员这个岗位总共有1000个发布信息
2019-08-02 15:52:06,133 ZhiLian.py[line:633]INFO - QC质检员这个岗位总共有122个发布信息
2019-08-02 15:52:06,705 ZhiLian.py[line:646]INFO - 助理/文员职位的第1页内容已经写入成功》》》》》》
2019-08-02 15:52:07,134 ZhiLian.py[line:646]INFO - QC质检员职位的第1页内容已经写入成功》》》》》》
2019-08-02 15:52:07,134 ZhiLian.py[line:649]INFO - ##### 在第1页的<<QC质检员>>职位查到公司信息
2019-08-02 15:52:17,776 ZhiLian.py[line:633]INFO - 助理/文员这个岗位总共有1000个发布信息
2019-08-02 15:52:18,777 ZhiLian.py[line:646]INFO - 助理/文员职位的第2页内容已经写入成功》》》》》》
2019-08-02 15:52:22,930 ZhiLian.py[line:633]INFO - Amazon这个岗位总共有1000个发布信息
2019-08-02 15:52:23,931 ZhiLian.py[line:646]INFO - Amazon职位的第1页内容已经写入成功》》》》》》
2019-08-02 15:52:23,931 ZhiLian.py[line:649]INFO - ##### 在第1页的<<Amazon>>职位查到公司信息
2019-08-02 15:52:29,500 ZhiLian.py[line:633]INFO - 助理/文员这个岗位总共有1000个发布信息
2019-08-02 15:52:30,500 ZhiLian.py[line:646]INFO - 助理/文员职位的第3页内容已经写入成功》》》》》》
2019-08-02 15:52:39,753 ZhiLian.py[line:633]INFO - 亚马逊客服这个岗位总共有114个发布信息
2019-08-02 15:52:40,754 ZhiLian.py[line:646]INFO - 亚马逊客服职位的第1页内容已经写入成功》》》》》》
2019-08-02 15:52:40,754 ZhiLian.py[line:649]INFO - ##### 在第1页的<<亚马逊客服>>职位查到公司信息
2019-08-02 15:52:41,676 ZhiLian.py[line:633]INFO - 助理/文员这个岗位总共有1000个发布信息
2019-08-02 15:52:42,676 ZhiLian.py[line:646]INFO - 助理/文员职位的第4页内容已经写入成功》》》》》》
2019-08-02 15:52:53,954 ZhiLian.py[line:633]INFO - 助理/文员这个岗位总共有1000个发布信息
2019-08-02 15:52:54,954 ZhiLian.py[line:646]INFO - 助理/文员职位的第5页内容已经写入成功》》》》》》
2019-08-02 15:52:56,433 ZhiLian.py[line:633]INFO - 质检员这个岗位总共有921个发布信息
2019-08-02 15:52:57,434 ZhiLian.py[line:646]INFO - 质检员职位的第1页内容已经写入成功》》》》》》
2019-08-02 15:52:57,434 ZhiLian.py[line:649]INFO - ##### 在第1页的<<质检员>>职位查到公司信息
2019-08-02 15:53:05,894 ZhiLian.py[line:633]INFO - 助理/文员这个岗位总共有1000个发布信息
2019-08-02 15:53:06,896 ZhiLian.py[line:646]INFO - 助理/文员职位的第6页内容已经写入成功》》》》》》
2019-08-02 15:53:12,756 ZhiLian.py[line:633]INFO - shopify运营经理/主管这个岗位总共有3个发布信息
2019-08-02 15:53:13,757 ZhiLian.py[line:646]INFO - shopify运营经理/主管职位的第1页内容已经写入成功》》》》》》
2019-08-02 15:53:13,757 ZhiLian.py[line:649]INFO - ##### 在第1页的<<shopify运营经理/主管>>职位查到公司信息
2019-08-02 15:53:22,285 ZhiLian.py[line:633]INFO - 招聘专员/招聘主管/HRBP这个岗位总共有2个发布信息
2019-08-02 15:53:23,285 ZhiLian.py[line:646]INFO - 招聘专员/招聘主管/HRBP职位的第1页内容已经写入成功》》》》》》
2019-08-02 15:53:23,285 ZhiLian.py[line:653]WARNING - 2))))招聘专员/招聘主管/HRBP>>职位没有在规定页码内，需要处理
2019-08-02 15:53:29,543 ZhiLian.py[line:633]INFO - 人事专员这个岗位总共有1000个发布信息
2019-08-02 15:53:30,543 ZhiLian.py[line:646]INFO - 人事专员职位的第1页内容已经写入成功》》》》》》
2019-08-02 15:53:30,543 ZhiLian.py[line:649]INFO - ##### 在第1页的<<人事专员>>职位查到公司信息
2019-08-02 15:53:39,044 ZhiLian.py[line:633]INFO - 亚马逊运营主管这个岗位总共有187个发布信息
2019-08-02 15:53:40,044 ZhiLian.py[line:646]INFO - 亚马逊运营主管职位的第1页内容已经写入成功》》》》》》
2019-08-02 15:53:40,044 ZhiLian.py[line:649]INFO - ##### 在第1页的<<亚马逊运营主管>>职位查到公司信息
2019-08-02 15:53:46,289 ZhiLian.py[line:633]INFO - 供应商开发这个岗位总共有1000个发布信息
2019-08-02 15:53:47,290 ZhiLian.py[line:646]INFO - 供应商开发职位的第1页内容已经写入成功》》》》》》
2019-08-02 15:53:47,290 ZhiLian.py[line:649]INFO - ##### 在第1页的<<供应商开发>>职位查到公司信息
2019-08-02 15:53:55,554 ZhiLian.py[line:633]INFO - 跨境电商财务这个岗位总共有22个发布信息
2019-08-02 15:53:56,554 ZhiLian.py[line:646]INFO - 跨境电商财务职位的第1页内容已经写入成功》》》》》》
2019-08-02 15:53:56,554 ZhiLian.py[line:649]INFO - ##### 在第1页的<<跨境电商财务>>职位查到公司信息
2019-08-02 15:54:03,087 ZhiLian.py[line:633]INFO - 采购这个岗位总共有1000个发布信息
2019-08-02 15:54:04,087 ZhiLian.py[line:646]INFO - 采购职位的第1页内容已经写入成功》》》》》》
2019-08-02 15:54:04,087 ZhiLian.py[line:649]INFO - ##### 在第1页的<<采购>>职位查到公司信息
2019-08-02 15:54:12,409 ZhiLian.py[line:633]INFO - 跟单文员这个岗位总共有1000个发布信息
2019-08-02 15:54:13,409 ZhiLian.py[line:646]INFO - 跟单文员职位的第1页内容已经写入成功》》》》》》
2019-08-02 15:54:19,417 ZhiLian.py[line:633]INFO - 高级PHP开发工程师（后台）这个岗位总共有2个发布信息
2019-08-02 15:54:20,417 ZhiLian.py[line:646]INFO - 高级PHP开发工程师（后台）职位的第1页内容已经写入成功》》》》》》
2019-08-02 15:54:20,417 ZhiLian.py[line:649]INFO - ##### 在第1页的<<高级PHP开发工程师（后台）>>职位查到公司信息
2019-08-02 15:54:24,240 ZhiLian.py[line:633]INFO - 跟单文员这个岗位总共有1000个发布信息
2019-08-02 15:54:25,241 ZhiLian.py[line:646]INFO - 跟单文员职位的第2页内容已经写入成功》》》》》》
2019-08-02 15:54:35,914 ZhiLian.py[line:633]INFO - 跟单文员这个岗位总共有1000个发布信息
2019-08-02 15:54:36,044 ZhiLian.py[line:633]INFO - B2C这个岗位总共有862个发布信息
2019-08-02 15:54:36,915 ZhiLian.py[line:646]INFO - 跟单文员职位的第3页内容已经写入成功》》》》》》
2019-08-02 15:54:37,044 ZhiLian.py[line:646]INFO - B2C职位的第1页内容已经写入成功》》》》》》
2019-08-02 15:54:37,044 ZhiLian.py[line:649]INFO - ##### 在第1页的<<B2C>>职位查到公司信息
2019-08-02 15:54:48,237 ZhiLian.py[line:633]INFO - 跟单文员这个岗位总共有1000个发布信息
2019-08-02 15:54:49,238 ZhiLian.py[line:646]INFO - 跟单文员职位的第4页内容已经写入成功》》》》》》
2019-08-02 15:54:52,873 ZhiLian.py[line:633]INFO - AliExpress这个岗位总共有159个发布信息
2019-08-02 15:54:53,873 ZhiLian.py[line:646]INFO - AliExpress职位的第1页内容已经写入成功》》》》》》
2019-08-02 15:54:53,873 ZhiLian.py[line:649]INFO - ##### 在第1页的<<AliExpress>>职位查到公司信息
2019-08-02 15:54:59,940 ZhiLian.py[line:633]INFO - 跟单文员这个岗位总共有1000个发布信息
2019-08-02 15:55:00,941 ZhiLian.py[line:646]INFO - 跟单文员职位的第5页内容已经写入成功》》》》》》
2019-08-02 15:55:09,580 ZhiLian.py[line:633]INFO - wish这个岗位总共有429个发布信息
2019-08-02 15:55:10,580 ZhiLian.py[line:646]INFO - wish职位的第1页内容已经写入成功》》》》》》
2019-08-02 15:55:10,580 ZhiLian.py[line:649]INFO - ##### 在第1页的<<wish>>职位查到公司信息
2019-08-02 15:55:11,614 ZhiLian.py[line:633]INFO - 跟单文员这个岗位总共有1000个发布信息
2019-08-02 15:55:12,615 ZhiLian.py[line:646]INFO - 跟单文员职位的第6页内容已经写入成功》》》》》》
2019-08-02 15:55:26,578 ZhiLian.py[line:633]INFO - 会计主管这个岗位总共有1000个发布信息
2019-08-02 15:55:27,578 ZhiLian.py[line:646]INFO - 会计主管职位的第1页内容已经写入成功》》》》》》
2019-08-02 15:55:27,578 ZhiLian.py[line:649]INFO - ##### 在第1页的<<会计主管>>职位查到公司信息
2019-08-02 15:55:28,602 ZhiLian.py[line:633]INFO - 出纳这个岗位总共有1000个发布信息
2019-08-02 15:55:29,603 ZhiLian.py[line:646]INFO - 出纳职位的第1页内容已经写入成功》》》》》》
2019-08-02 15:55:40,267 ZhiLian.py[line:633]INFO - 出纳这个岗位总共有1000个发布信息
2019-08-02 15:55:41,268 ZhiLian.py[line:646]INFO - 出纳职位的第2页内容已经写入成功》》》》》》
2019-08-02 15:55:41,268 ZhiLian.py[line:649]INFO - ##### 在第2页的<<出纳>>职位查到公司信息
2019-08-02 15:55:43,687 ZhiLian.py[line:633]INFO - 阿里这个岗位总共有1000个发布信息
2019-08-02 15:55:44,687 ZhiLian.py[line:646]INFO - 阿里职位的第1页内容已经写入成功》》》》》》
2019-08-02 15:55:44,687 ZhiLian.py[line:649]INFO - ##### 在第1页的<<阿里>>职位查到公司信息
2019-08-02 15:55:57,621 ZhiLian.py[line:633]INFO - 助理/文员这个岗位总共有1000个发布信息
2019-08-02 15:55:58,622 ZhiLian.py[line:646]INFO - 助理/文员职位的第1页内容已经写入成功》》》》》》
2019-08-02 15:56:00,399 ZhiLian.py[line:633]INFO - QC质检员这个岗位总共有122个发布信息
2019-08-02 15:56:01,400 ZhiLian.py[line:646]INFO - QC质检员职位的第1页内容已经写入成功》》》》》》
2019-08-02 15:56:01,400 ZhiLian.py[line:649]INFO - ##### 在第1页的<<QC质检员>>职位查到公司信息
2019-08-02 15:56:09,393 ZhiLian.py[line:633]INFO - 助理/文员这个岗位总共有1000个发布信息
2019-08-02 15:56:10,393 ZhiLian.py[line:646]INFO - 助理/文员职位的第2页内容已经写入成功》》》》》》
2019-08-02 15:56:17,365 ZhiLian.py[line:633]INFO - Amazon这个岗位总共有1000个发布信息
2019-08-02 15:56:18,365 ZhiLian.py[line:646]INFO - Amazon职位的第1页内容已经写入成功》》》》》》
2019-08-02 15:56:18,365 ZhiLian.py[line:649]INFO - ##### 在第1页的<<Amazon>>职位查到公司信息
2019-08-02 15:56:21,142 ZhiLian.py[line:633]INFO - 助理/文员这个岗位总共有1000个发布信息
2019-08-02 15:56:22,142 ZhiLian.py[line:646]INFO - 助理/文员职位的第3页内容已经写入成功》》》》》》
2019-08-02 15:56:32,820 ZhiLian.py[line:633]INFO - 助理/文员这个岗位总共有1000个发布信息
2019-08-02 15:56:33,820 ZhiLian.py[line:646]INFO - 助理/文员职位的第4页内容已经写入成功》》》》》》
2019-08-02 15:56:33,988 ZhiLian.py[line:633]INFO - 亚马逊客服这个岗位总共有115个发布信息
2019-08-02 15:56:34,989 ZhiLian.py[line:646]INFO - 亚马逊客服职位的第1页内容已经写入成功》》》》》》
2019-08-02 15:56:34,989 ZhiLian.py[line:649]INFO - ##### 在第1页的<<亚马逊客服>>职位查到公司信息
2019-08-02 15:56:44,565 ZhiLian.py[line:633]INFO - 助理/文员这个岗位总共有1000个发布信息
2019-08-02 15:56:45,565 ZhiLian.py[line:646]INFO - 助理/文员职位的第5页内容已经写入成功》》》》》》
2019-08-02 15:56:50,814 ZhiLian.py[line:633]INFO - 质检员这个岗位总共有923个发布信息
2019-08-02 15:56:51,815 ZhiLian.py[line:646]INFO - 质检员职位的第1页内容已经写入成功》》》》》》
2019-08-02 15:56:51,815 ZhiLian.py[line:649]INFO - ##### 在第1页的<<质检员>>职位查到公司信息
2019-08-02 15:56:56,490 ZhiLian.py[line:633]INFO - 助理/文员这个岗位总共有1000个发布信息
2019-08-02 15:56:57,490 ZhiLian.py[line:646]INFO - 助理/文员职位的第6页内容已经写入成功》》》》》》
2019-08-02 15:57:07,119 ZhiLian.py[line:633]INFO - shopify运营经理/主管这个岗位总共有3个发布信息
2019-08-02 15:57:08,120 ZhiLian.py[line:646]INFO - shopify运营经理/主管职位的第1页内容已经写入成功》》》》》》
2019-08-02 15:57:08,120 ZhiLian.py[line:649]INFO - ##### 在第1页的<<shopify运营经理/主管>>职位查到公司信息
2019-08-02 15:57:12,842 ZhiLian.py[line:633]INFO - 招聘专员/招聘主管/HRBP这个岗位总共有2个发布信息
2019-08-02 15:57:13,843 ZhiLian.py[line:646]INFO - 招聘专员/招聘主管/HRBP职位的第1页内容已经写入成功》》》》》》
2019-08-02 15:57:13,843 ZhiLian.py[line:653]WARNING - 2))))招聘专员/招聘主管/HRBP>>职位没有在规定页码内，需要处理
2019-08-02 15:57:24,031 ZhiLian.py[line:633]INFO - 人事专员这个岗位总共有1000个发布信息
2019-08-02 15:57:25,031 ZhiLian.py[line:646]INFO - 人事专员职位的第1页内容已经写入成功》》》》》》
2019-08-02 15:57:25,031 ZhiLian.py[line:649]INFO - ##### 在第1页的<<人事专员>>职位查到公司信息
2019-08-02 15:57:29,652 ZhiLian.py[line:633]INFO - 亚马逊运营主管这个岗位总共有186个发布信息
2019-08-02 15:57:30,652 ZhiLian.py[line:646]INFO - 亚马逊运营主管职位的第1页内容已经写入成功》》》》》》
2019-08-02 15:57:30,653 ZhiLian.py[line:649]INFO - ##### 在第1页的<<亚马逊运营主管>>职位查到公司信息
2019-08-02 15:57:40,973 ZhiLian.py[line:633]INFO - 供应商开发这个岗位总共有1000个发布信息
2019-08-02 15:57:41,973 ZhiLian.py[line:646]INFO - 供应商开发职位的第1页内容已经写入成功》》》》》》
2019-08-02 15:57:41,973 ZhiLian.py[line:649]INFO - ##### 在第1页的<<供应商开发>>职位查到公司信息
2019-08-02 15:57:41,973 ZhiLian.py[line:688]INFO - #####搜信息》》的线程已经回收#####
2019-08-02 15:57:58,520 ZhiLian.py[line:116]INFO - 》》》刷新本地的Cookies，保持高可用《《《
2019-08-02 15:57:58,526 ZhiLian.py[line:126]INFO - 本地的cookies文件已经刷新
2019-08-02 15:58:10,854 ZhiLian.py[line:277]INFO - 您在广州市银河在线饰品有限公司账号的第1页有16条简历信息超过2天没有刷新了
2019-08-02 15:58:10,855 ZhiLian.py[line:427]INFO - **************************************************
2019-08-02 15:58:16,191 ZhiLian.py[line:337]INFO - 您在广州市银河在线饰品有限公司账号的第1页有0个信息超过30天没有 重新发布/上线
2019-08-02 15:58:16,219 ZhiLian.py[line:435]INFO - 在第1页运行成功
2019-08-02 15:58:26,524 ZhiLian.py[line:277]INFO - 您在广州市银河在线饰品有限公司账号的第2页有13条简历信息超过2天没有刷新了
2019-08-02 15:58:26,524 ZhiLian.py[line:427]INFO - **************************************************
2019-08-02 15:58:31,826 ZhiLian.py[line:337]INFO - 您在广州市银河在线饰品有限公司账号的第2页有0个信息超过30天没有 重新发布/上线
2019-08-02 15:58:31,840 ZhiLian.py[line:435]INFO - 在第2页运行成功
2019-08-02 15:58:42,109 ZhiLian.py[line:277]INFO - 您在广州市银河在线饰品有限公司账号的第3页有5条简历信息超过2天没有刷新了
2019-08-02 15:58:42,109 ZhiLian.py[line:427]INFO - **************************************************
2019-08-02 15:58:47,389 ZhiLian.py[line:337]INFO - 您在广州市银河在线饰品有限公司账号的第3页有0个信息超过30天没有 重新发布/上线
2019-08-02 15:58:47,389 ZhiLian.py[line:395]INFO - 》》》》》系统发送刷新信息成功
2019-08-02 15:58:47,458 ZhiLian.py[line:413]INFO - >>>>>>>>>没有需要发送的<发布>信息
